Load A2A queries...
Load A2A queries finished.
eps = 0.500
Run algorithm 4: LQT-oracle
base graph |V| = 7666098
quad tree level = 5
Leaf maximum side length: 306.500
V = 404084 | LQT-Leaf = 71939
maximum leaf node boundary vertices = 228
level 1 has 3 nodes
max cover set size: 36796 min cover set size: 4044
level 2 has 11 nodes
max cover set size: 18268 min cover set size: 1
level 3 has 36 nodes
max cover set size: 5433 min cover set size: 1
level 4 has 124 nodes
max cover set size: 1487 min cover set size: 1
level 5 has 447 nodes
max cover set size: 413 min cover set size: 1
level 6 has 1592 nodes
max cover set size: 128 min cover set size: 1
level 7 has 3983 nodes
max cover set size: 50 min cover set size: 1
level 8 has 8766 nodes
max cover set size: 24 min cover set size: 1
level 9 has 17204 nodes
max cover set size: 8 min cover set size: 1
level 10 has 71932 nodes
max cover set size: 2 min cover set size: 1
level 11 has 71939 nodes
max cover set size: 1 min cover set size: 1
[Partition Tree] totally 176038 nodes 
Node pair set size: 5728390
Node pair percentage: 0.00
Index memory usage: 229757 MB
10% queries finished.
20% queries finished.
30% queries finished.
40% queries finished.
50% queries finished.
60% queries finished.
70% queries finished.
80% queries finished.
90% queries finished.
Quad query distribution: same/diff = 0.002 / 0.998
Query results begin: 
6427.186
2856.990
2719.368
4777.291
6747.016
1077.785
3021.354
6234.257
5422.912
2688.534
3384.957
6143.081
2899.868
5223.406
7201.568
2848.907
4407.669
4803.527
2313.587
5265.887
961.658
2822.449
5278.114
2696.175
2119.227
2471.872
1749.426
2802.620
4648.228
3927.267
2489.581
3527.338
3868.795
2314.433
4105.767
1503.861
1364.180
6544.053
2297.034
6895.610
1292.986
4284.744
8180.704
1826.833
5295.083
4422.582
3541.112
8093.614
2693.979
5168.519
1912.011
4198.498
4805.892
1534.250
2007.081
1585.982
5313.038
4409.195
819.121
6124.255
4198.743
4669.605
2403.542
161.319
3034.417
2644.146
2509.811
2097.016
6644.252
1877.448
3865.949
2546.090
4818.196
5194.841
3507.125
6531.382
2906.673
6405.281
6994.242
203.337
1225.491
2932.503
5219.585
4231.239
1766.734
5372.681
7763.817
3146.699
2862.758
1623.244
481.851
4504.823
4928.042
1692.946
4568.858
1519.354
6200.914
6002.067
4229.090
2058.506
5356.301
2728.088
5448.639
1678.033
4462.179
3879.873
3768.866
2978.695
3283.325
5468.179
2471.867
2495.671
4166.366
3678.281
2697.454
2445.121
5133.755
1037.102
4356.973
3434.522
5150.195
900.519
4676.326
3939.088
2860.343
1814.962
7867.464
4205.222
1159.503
2170.332
7084.800
4152.477
7078.486
3626.006
4567.541
3590.324
1838.475
1922.510
2201.561
2936.452
3405.581
1081.573
5572.708
1425.038
5066.911
2983.237
2652.977
5649.590
427.502
4212.264
3465.984
3028.715
3356.617
5367.065
6058.092
1993.274
6378.103
2777.718
1638.577
307.408
2649.525
4091.702
2012.597
6824.387
1964.168
8102.254
4225.320
5898.527
3295.526
5365.736
3744.358
3960.773
4206.239
3947.611
2951.284
6482.083
1903.545
1429.958
2762.541
4832.547
1426.096
1166.374
3620.212
6528.577
4645.989
2163.065
5695.239
2585.299
2491.821
4040.031
3591.782
5815.130
2462.178
2254.723
5267.190
898.146
4413.383
2030.140
5777.646
1523.693
1766.306
3614.935
3514.361
7108.800
5294.088
4230.515
4684.987
3234.855
2703.076
668.619
555.864
4844.939
589.385
2932.791
3880.300
4740.247
6063.907
1655.964
3537.587
5976.323
2213.632
511.139
323.889
6219.555
3305.510
3713.912
7254.415
1783.917
3336.944
1478.065
1646.895
4771.199
875.052
4342.004
3877.627
3427.904
3455.437
3252.949
3994.301
3240.405
5302.160
3006.377
4747.406
3143.579
6764.282
4149.439
3475.962
1840.499
5953.460
2278.893
654.075
800.370
7210.500
3403.315
2232.392
6309.765
4894.955
1828.087
1289.683
7621.499
1829.381
5373.187
3568.834
3650.435
5230.046
3543.106
4516.773
5594.102
3924.916
2521.952
6173.919
2736.496
4396.650
4104.900
5443.433
4184.243
3810.056
2045.592
5880.573
5701.152
3956.013
3302.416
5180.526
4362.394
6256.916
1385.632
3970.053
1877.548
1852.313
4185.177
4189.002
1732.057
1514.400
186.416
1121.642
1651.161
3001.529
2335.259
3315.896
3263.351
3168.622
2837.439
4170.310
2903.518
2240.335
5515.019
6390.172
5047.904
5024.250
620.294
2984.795
2968.045
6831.766
1626.684
1187.764
3740.203
4285.886
6656.448
3321.557
2327.489
2908.809
2428.367
6114.694
1208.083
1953.545
2499.499
2952.879
2910.793
3454.608
3718.054
6739.191
3521.305
5902.428
2081.993
3930.207
4233.850
5787.530
1562.339
2287.194
5816.945
2422.492
5541.256
1874.056
4088.286
4228.008
5297.961
4938.114
3964.821
2835.597
536.105
5285.932
6194.124
5555.371
1386.929
792.999
3479.432
2715.815
3662.115
5030.556
1657.790
5079.030
2136.857
6579.320
3211.473
5015.670
1059.229
2765.292
6740.746
4326.080
1379.025
5614.462
5167.005
1118.364
3464.583
7179.731
2750.979
2824.126
1895.114
2922.198
3943.391
7788.101
911.857
6260.232
4706.468
2339.274
3132.283
1827.567
2653.190
3988.751
1810.267
4263.030
4453.446
5476.604
1216.710
7159.178
6212.502
2191.632
4396.979
3493.170
4179.959
3271.379
1967.508
3642.186
1424.012
4080.604
6562.607
4889.050
4292.140
6587.651
6996.953
3601.121
5116.488
5576.753
5186.865
1213.700
488.002
5547.646
5416.275
5073.419
6659.444
1307.027
4547.382
5340.107
3784.928
3253.702
2624.991
4544.651
3748.260
2491.522
2941.068
800.715
5249.142
5570.643
1410.945
5287.175
2907.320
7778.471
3212.455
6901.265
3446.545
5875.810
2615.588
6842.991
3037.008
1834.276
638.621
6555.643
4585.094
5734.858
1278.708
3462.237
2084.588
2578.663
3316.104
4071.886
4345.339
1433.129
4857.426
3848.695
570.989
4411.924
8610.975
6170.395
4772.091
4520.396
6141.451
4056.303
4376.573
5774.795
2323.168
3287.572
5805.260
4587.187
2901.809
4148.178
4085.301
6754.751
5328.787
3637.911
3522.010
3577.936
1436.646
5264.806
665.768
5415.583
3413.787
5236.913
5471.368
552.441
2661.686
2562.540
6296.145
5498.912
5319.860
4757.314
4210.464
3020.857
3855.888
5067.088
5596.569
6802.290
3705.396
2351.356
5920.558
381.556
8317.301
1524.151
2974.820
3875.349
2115.230
5489.913
1899.108
5438.193
3215.484
3069.439
1211.896
2688.589
4528.230
5794.165
1101.320
5847.414
4978.731
2658.020
1978.409
5011.369
3590.521
1319.949
6491.790
3639.873
5186.070
826.610
4136.492
3807.041
6174.688
1703.045
6384.647
1905.789
2788.265
844.409
5943.301
1410.929
3840.310
2711.103
5540.319
3471.279
6053.019
2922.139
3355.344
6158.505
2412.266
3632.686
2972.356
4884.338
4171.496
5281.406
3152.868
1874.522
1492.640
1855.954
3848.522
1869.827
3946.358
7384.330
1494.794
3435.401
4037.160
3585.453
819.734
5323.146
6071.590
2388.138
4264.909
4157.078
2619.293
26.948
2323.725
7299.607
2831.741
2998.113
3613.192
3090.990
3640.897
3138.348
5849.094
391.690
709.479
5658.093
1701.903
2812.309
5821.582
1760.355
4727.416
3845.740
1292.700
3964.613
6288.308
4882.874
2392.509
3703.097
7550.280
1659.023
5414.007
5852.167
3114.252
1707.133
4033.004
3091.676
4759.417
6317.202
4153.605
2086.464
4633.407
5335.581
8354.189
1935.067
2334.703
5961.129
4276.000
2389.336
6803.458
4099.567
5572.698
531.967
2551.340
5202.488
450.153
1840.532
3877.645
3064.733
1631.463
1297.497
537.436
986.471
8296.141
5312.292
1081.905
3372.430
955.354
2329.245
5412.978
5203.030
706.108
5313.739
3373.273
5299.398
1859.179
4050.094
1930.073
6182.030
5214.429
1204.623
4047.668
1278.737
3772.818
5512.826
1734.207
3281.425
4072.248
2681.624
2174.612
452.854
4419.517
3028.397
4010.136
6459.534
3563.818
4475.202
6894.743
1694.699
2036.750
3536.618
6834.819
4442.533
6022.302
2385.661
3879.836
5041.933
4663.004
1769.040
3129.770
2245.384
6832.380
4643.867
4334.918
6227.312
2205.252
6552.238
2837.388
2865.229
1424.716
5129.367
861.532
7805.676
2622.474
6037.246
385.680
6900.087
4087.275
2639.837
4647.639
4970.284
2023.991
2264.813
3050.306
2648.953
336.682
2975.804
1844.669
4409.391
5624.093
4272.672
2339.556
2676.232
3337.017
2426.566
6936.227
5318.127
8032.939
2497.815
2720.750
3996.681
4133.133
2927.951
2183.327
4319.401
2862.404
5009.277
3570.566
924.793
6786.502
3677.938
3367.621
4150.293
4349.730
4611.233
481.526
1604.849
502.079
4000.366
2218.721
1938.354
3339.827
3984.664
662.676
4172.064
5883.517
3455.208
2750.782
3430.796
1650.437
3016.245
811.360
773.503
6865.354
4128.838
3813.346
1987.802
2982.082
3228.547
1192.473
3710.646
1591.053
4112.143
2604.425
8172.374
2748.135
3503.412
3482.958
2243.476
621.484
6127.714
1729.087
3827.371
7689.712
3018.778
6883.866
586.626
3461.045
3672.540
1344.178
5484.690
6963.067
5348.480
1820.582
1879.004
3936.272
4264.086
1186.905
3496.117
2943.510
1100.194
2286.439
4294.010
4722.419
373.599
4106.103
5048.270
2985.376
4405.353
942.896
3465.257
4304.547
1191.857
2358.908
5895.092
2886.183
5367.143
5513.319
6519.887
3943.736
1836.847
5304.520
6641.881
2775.806
3855.097
4108.763
3430.021
2235.129
1123.070
1897.657
3314.922
4105.228
6006.343
2099.686
4997.168
5909.002
6181.166
5129.799
4201.604
5227.193
6390.227
4678.878
3820.722
4421.842
2826.515
1539.126
3861.100
5808.621
4770.814
2735.469
1618.879
1545.925
1857.055
3273.663
4633.335
2765.178
5961.132
1026.481
5352.453
4878.721
1934.655
5273.870
4411.678
2837.828
860.436
2047.402
6336.668
4005.013
2447.479
3467.606
4236.576
3203.043
1883.080
6199.744
4876.913
2258.919
3336.224
2240.471
1774.924
2116.380
4106.878
2974.330
1403.656
3400.657
1395.850
767.824
245.169
2380.213
2451.206
3368.396
2627.034
3051.870
852.980
2829.177
6711.695
3040.360
5260.610
3301.032
2738.890
2749.387
539.210
4108.882
3767.906
1747.589
1243.415
2540.911
4166.058
7222.058
6683.155
5655.387
5847.538
2075.697
2767.146
3465.631
1502.458
2521.560
1820.991
2171.021
5833.257
6935.689
6238.283
7046.627
6667.347
3426.555
4734.417
3149.417
2080.469
2880.447
632.260
1659.766
5332.799
2040.244
2714.876
6828.888
4323.803
5071.612
2800.893
4104.793
5220.609
1408.623
2660.066
3302.290
795.490
2578.844
3310.645
2902.198
2025.746
3327.636
3239.143
3611.892
2072.783
1858.180
5390.868
2648.051
2504.612
269.077
1300.133
3416.102
3166.809
7245.741
1924.702
4804.518
5595.091
3898.784
3453.118
5380.435
2540.063
6018.604
4667.531
5370.824
911.476
2739.536
3845.353
3158.501
1675.584
5296.549
982.400
5128.140
4319.912
999.714
2359.058
1373.016
6893.438
2371.214
3971.705
8654.406
2205.053
5040.436
4612.511
5500.302
2658.097
5265.483
4451.178
2594.750
4290.504
3381.906
2993.093
4433.031
282.725
4540.506
4280.718
5985.331
1025.505
583.511
6593.071
4186.229
1696.059
3817.446
3977.220
2335.820 372251000
Query results end...
[Index Time] LQT-oracle: 48731680.000 ms
[Running Time] LQT-oracle: 372251.000 ms
