Load A2A queries...
Load A2A queries finished.
eps = 0.500
Run algorithm 4: LQT-oracle
base graph |V| = 5714791
quad tree level = 5
Leaf maximum side length: 306.500
V = 301307 | LQT-Leaf = 57359
maximum leaf node boundary vertices = 219
level 1 has 4 nodes
max cover set size: 34056 min cover set size: 1
level 2 has 7 nodes
max cover set size: 19109 min cover set size: 2
level 3 has 24 nodes
max cover set size: 7313 min cover set size: 1
level 4 has 83 nodes
max cover set size: 1894 min cover set size: 1
level 5 has 295 nodes
max cover set size: 494 min cover set size: 1
level 6 has 1135 nodes
max cover set size: 149 min cover set size: 1
level 7 has 2869 nodes
max cover set size: 56 min cover set size: 1
level 8 has 6266 nodes
max cover set size: 24 min cover set size: 1
level 9 has 13442 nodes
max cover set size: 9 min cover set size: 1
level 10 has 56414 nodes
max cover set size: 3 min cover set size: 1
level 11 has 57359 nodes
max cover set size: 1 min cover set size: 1
[Partition Tree] totally 137899 nodes 
Node pair set size: 5108864
Node pair percentage: 0.00
Index memory usage: 165563 MB
10% queries finished.
20% queries finished.
30% queries finished.
40% queries finished.
50% queries finished.
60% queries finished.
70% queries finished.
80% queries finished.
90% queries finished.
Quad query distribution: same/diff = 0.004 / 0.996
Query results begin: 
1526.365
2589.088
1443.199
3688.493
4779.702
2522.546
3157.208
774.102
5618.743
1020.424
5152.048
1713.315
6051.180
2549.114
2049.543
4126.091
3767.138
7248.792
208.550
2341.101
3737.613
3539.990
486.481
2932.396
5304.462
6432.554
3490.566
3378.977
877.190
942.744
2810.892
92.716
3254.298
2486.715
1468.699
2875.068
1271.981
3269.550
2490.014
2362.152
3800.661
1354.401
4971.117
2881.619
3086.169
3013.714
1823.949
3702.388
3472.527
5975.523
1866.511
4140.829
4336.376
5541.850
1217.804
63.003
4452.655
2298.080
3997.240
431.286
5925.140
4702.380
2213.553
2415.324
2163.908
922.775
2703.708
3337.954
604.167
2271.507
3994.459
4274.260
1797.677
870.137
5150.978
5425.152
4145.559
647.748
2734.117
5030.843
3914.642
4602.724
1552.705
5953.664
2858.079
2778.161
2330.801
3467.479
3840.876
3319.946
4036.098
1885.679
1254.548
6498.592
6357.786
4507.442
1715.126
1741.542
4314.482
3545.166
2965.233
4511.841
547.671
1135.659
4978.857
3628.151
5317.145
2801.763
4284.262
2444.762
1501.244
3477.460
3258.117
5472.606
2373.698
3066.092
1062.718
4276.579
384.897
4574.417
3542.683
3830.787
2401.539
1439.294
3569.202
5623.500
5373.233
4469.488
5911.547
3228.201
4568.571
3900.509
4069.417
3839.980
4850.281
3693.971
3070.821
793.276
5581.973
2979.873
3343.658
3322.800
3773.778
527.178
4309.419
5590.934
4034.322
3782.897
4027.540
1011.077
2780.436
3168.576
5032.965
3096.584
6491.385
3011.941
113.816
3772.687
6063.956
2650.183
1485.485
4422.734
1889.678
7387.387
1415.822
3817.751
2845.307
2825.711
2674.430
1651.520
6236.564
1457.550
3694.823
6466.081
5621.107
3377.610
1668.045
3196.365
1485.920
2793.436
1988.746
2891.883
1378.582
4257.316
932.013
3658.212
3665.612
4417.393
3910.868
5806.905
3135.673
896.382
1918.042
3853.715
5009.229
2237.886
1576.413
3906.064
5081.216
6283.169
2216.834
1641.445
1501.024
3769.846
4128.034
2058.291
7298.971
3363.248
1074.803
4399.625
943.176
2330.236
4193.438
2449.462
2690.187
626.251
394.677
6828.473
1390.695
3554.420
1482.304
3687.576
5160.394
5591.356
2715.866
4883.247
3764.258
4489.088
1742.457
4282.344
5886.110
2552.314
1507.478
3656.331
4136.613
2145.926
4220.070
2316.218
503.128
1203.062
2413.541
3758.114
4745.492
2352.356
4200.855
1417.469
977.062
6668.662
1287.330
4188.201
899.037
773.812
4161.548
1917.682
1604.520
6086.583
4894.910
232.537
4762.606
2742.101
4418.241
4311.126
1274.275
1482.558
898.320
2424.775
970.505
3792.288
1690.108
1905.766
5032.825
1328.148
6404.653
4333.792
2649.877
374.363
2887.676
6663.535
3392.012
4063.397
1451.217
6567.786
3144.688
4628.771
6195.317
1381.723
1045.621
457.037
2495.704
1037.263
5816.309
4998.398
5105.149
2719.219
3669.055
3963.309
5547.862
4360.613
5128.590
752.208
7286.867
1597.149
6488.931
4013.751
4892.699
1572.722
1576.823
3335.897
1634.942
3063.085
5144.405
2109.495
3335.193
1026.442
1524.209
1120.994
6128.616
5458.933
5874.034
1518.172
1392.395
3053.021
3486.122
2757.548
1136.021
4199.839
2048.907
5667.788
3465.384
2088.295
4475.404
3482.351
2405.708
3909.890
2167.708
5119.663
4974.044
3879.848
6792.318
413.049
4429.303
3556.127
1020.601
5316.623
1470.151
3163.572
3981.087
2508.930
1269.397
2077.295
991.318
3949.623
2229.091
3175.139
1158.000
3000.554
7245.122
6113.798
781.615
1532.172
3179.545
4038.633
2789.108
576.726
5916.550
785.931
3899.181
1410.035
2400.929
2016.427
852.827
3738.944
2211.319
2015.209
2193.271
4034.419
1716.810
1595.210
512.625
3641.638
4830.373
4272.029
5318.277
4294.687
2079.143
2286.355
4093.551
467.611
6396.431
1925.984
2059.269
4612.372
1823.678
1253.771
1551.269
3070.381
2600.875
3481.990
3992.159
4872.758
2183.699
2771.122
3133.689
3620.168
4693.962
3888.381
3442.060
2984.985
2596.943
3121.550
4266.218
2909.586
3344.185
6978.236
3448.027
7124.110
938.001
4708.063
2092.299
4371.511
5083.569
3673.981
3493.185
2492.805
4224.300
5351.537
3587.438
2258.213
2943.493
1557.374
4971.350
853.508
1895.746
1079.416
810.792
3523.838
348.764
3660.334
3909.182
3219.185
5244.088
4367.226
6392.527
3602.077
1479.913
5646.578
1136.033
3592.279
4766.943
1601.184
2350.402
3413.743
2669.264
1003.020
1106.954
4012.612
3737.755
4453.042
4357.267
2357.924
4795.675
3521.703
4086.841
5097.504
2630.949
4563.614
1950.109
4675.930
3788.903
2724.190
3433.785
2241.946
4403.016
3842.536
4372.447
4642.762
4788.696
2725.926
1146.966
3857.087
5822.606
6778.054
4860.755
1636.177
1037.851
1418.059
4060.528
2901.149
4087.496
1473.442
1510.932
1906.665
1646.944
5310.404
3958.378
3321.860
5152.019
4338.708
3492.552
4666.234
6786.994
6529.315
5446.698
2292.054
5361.470
5049.591
7052.055
5058.087
4375.205
1703.408
2950.914
3526.572
5173.722
1903.957
4344.596
4651.417
3318.929
5628.543
3273.825
3383.893
4094.957
4123.262
505.518
6374.368
543.403
1256.397
5926.443
1337.830
3150.075
3087.393
3798.874
3621.781
6207.914
3510.677
3247.255
3662.287
1743.692
4010.719
2815.305
4628.923
825.164
1970.032
1940.051
4717.459
1316.922
2415.001
1398.972
1777.693
5174.278
2503.274
722.777
2793.424
1138.631
3033.548
1255.660
2967.707
1429.273
2496.596
2127.068
3858.550
1609.951
2357.697
3267.194
892.560
5127.128
4607.812
2608.894
6175.340
764.695
3551.363
4833.232
2810.017
4841.858
5399.976
2259.622
6192.496
1943.224
3097.234
3913.645
809.246
1188.480
1501.256
3301.434
2976.750
4946.239
4331.107
4271.199
3099.926
4046.752
2118.287
3929.914
1548.226
6570.950
2402.428
467.154
310.334
5568.157
2950.188
538.833
1231.595
1695.964
2081.556
1931.155
5929.516
4012.069
3543.549
1895.059
3212.578
4072.378
5534.813
5303.726
1346.274
2465.339
3837.377
3920.250
4423.707
2047.418
4788.682
4709.500
5036.595
2219.209
1946.000
7275.595
577.916
5198.575
1902.566
4388.786
1480.856
1521.812
1628.964
1684.651
3607.691
4933.501
6377.547
3948.881
3253.261
2177.337
704.702
4155.723
4807.578
909.542
2547.260
3346.838
2049.248
2307.131
3159.049
922.086
4975.756
786.353
4525.996
967.803
3448.656
3660.442
6043.949
4888.611
2725.890
2601.242
2495.081
2008.158
3545.522
1992.711
3049.191
2652.052
5037.572
3159.507
663.862
579.164
3484.949
2249.187
3830.229
2074.662
4549.151
3918.416
716.692
4250.456
3914.505
4165.705
3778.684
5947.928
3437.899
3720.963
1150.283
2807.814
2771.920
2685.760
4010.255
2321.611
1215.758
1737.791
2884.088
3799.905
6525.914
5070.752
1949.276
3365.716
6045.403
4492.872
3876.044
4254.513
3885.849
6997.095
4682.586
2699.288
2273.523
1492.797
2818.373
1154.263
754.206
1717.151
3485.268
4032.197
4178.645
3723.701
3737.173
769.185
732.067
2400.175
2151.148
4450.444
1451.834
1045.386
4512.474
2835.938
4585.645
2317.522
5391.980
6060.762
4266.644
4708.369
4753.106
3797.467
3269.822
5350.761
3587.186
3421.237
1946.073
2925.396
4201.790
4406.823
2944.792
4557.343
5737.335
5009.543
5079.000
3468.118
6420.288
3177.689
3960.223
3377.093
5055.624
3627.898
7696.766
1484.180
5291.333
5182.654
1787.267
4183.424
2936.384
4104.229
2303.488
1163.149
3135.844
2744.726
5471.656
3315.966
1169.837
2506.001
1192.056
5113.872
5058.070
1875.895
2907.712
427.745
2820.937
3277.415
2710.772
3809.807
918.260
4221.911
1857.372
5840.944
4298.012
2505.022
4317.419
1279.573
6772.523
2974.828
1348.919
2645.554
1642.995
1833.234
2309.041
4076.060
3490.038
4716.136
3262.887
2473.287
2963.999
6993.474
1386.054
1444.120
1915.557
1188.862
3667.836
6013.223
4278.048
2292.746
655.036
2595.711
1973.717
5550.779
6550.117
2759.972
3572.730
3087.629
3917.652
2639.568
1604.676
4836.751
3350.219
2452.103
2798.393
2701.410
3962.629
1767.382
3502.168
1190.129
4180.780
2058.085
2249.783
2267.689
2003.547
3638.421
5418.009
1151.008
4166.300
1319.673
5352.908
1643.741
5963.937
3567.117
3004.084
4076.212
2752.730
3717.252
3733.720
2065.130
2637.085
2877.746
7537.380
596.909
2279.772
1528.358
5886.796
7523.623
997.024
4458.396
4479.587
2398.405
1827.079
1212.129
3306.432
3767.143
586.721
3055.044
746.012
4066.593
1234.071
3257.572
5248.412
5228.999
2516.474
4579.671
1324.316
4951.445
3047.857
2723.575
1436.708
3821.926
1711.794
4762.542
1023.513
3715.786
879.875
3860.887
3855.612
2214.364
441.162
5428.077
5299.485
2700.500
3955.614
823.388
2690.211
779.783
5252.450
279.956
4836.139
4453.972
406.174
2256.580
2639.414
901.030
2376.261
1859.257
4455.224
2278.333
3950.614
2248.588
1058.918
3045.772
4468.371
5992.375
2860.521
1354.823
3017.329
4081.582
2843.360
5703.668
840.110
2496.261
4696.476
2019.651
582.212
859.023
1967.967
5653.560
3498.081
4019.878
471.348
2389.104
2983.873
2623.060
2152.637
913.264
1602.204
2309.258
491.181
1112.883
2287.154
431.678
1513.637
3605.563
780.963
5181.378
4030.960
2903.199
3223.513
4244.909
5436.465
5663.991
1961.631
2646.476
1248.755
2620.050
3520.911
3173.560
1554.537
1695.955
1253.918
3538.626
1831.171
4183.465
2255.440
2049.200
4091.161
2983.553
5503.194
5421.511
5812.871
2946.050
1442.510
4345.690
1871.797
2904.433
3154.696
1266.746
6502.214
2622.326
4851.736
5236.601
2320.071
3526.556
2116.898
2917.377
5064.794
2432.013
4869.271
1959.838
3613.623
2031.497
3199.663
3531.074
6491.831
4883.343
2454.590
6405.075
3866.465
4724.460
4104.622 248806000
Query results end...
[Index Time] LQT-oracle: 32588330.000 ms
[Running Time] LQT-oracle: 248806.000 ms
