Load A2A queries...
Load A2A queries finished.
eps = 0.500
Run algorithm 4: LQT-oracle
base graph |V| = 1923037
quad tree level = 5
Leaf maximum side length: 306.500
V = 101531 | LQT-Leaf = 28176
maximum leaf node boundary vertices = 203
level 1 has 3 nodes
max cover set size: 28109 min cover set size: 3
level 2 has 7 nodes
max cover set size: 14883 min cover set size: 1
level 3 has 19 nodes
max cover set size: 6013 min cover set size: 1
level 4 has 53 nodes
max cover set size: 1508 min cover set size: 1
level 5 has 174 nodes
max cover set size: 432 min cover set size: 1
level 6 has 633 nodes
max cover set size: 126 min cover set size: 1
level 7 has 1888 nodes
max cover set size: 44 min cover set size: 1
level 8 has 4130 nodes
max cover set size: 16 min cover set size: 1
level 9 has 10391 nodes
max cover set size: 8 min cover set size: 1
level 10 has 28176 nodes
max cover set size: 1 min cover set size: 1
[Partition Tree] totally 45475 nodes 
Node pair set size: 2522844
Node pair percentage: 0.00
Index memory usage: 51239 MB
10% queries finished.
20% queries finished.
30% queries finished.
40% queries finished.
50% queries finished.
60% queries finished.
70% queries finished.
80% queries finished.
90% queries finished.
Quad query distribution: same/diff = 0.004 / 0.996
Query results begin: 
2222.309
1924.556
1604.868
1952.642
2196.705
2942.629
1452.702
3077.838
1056.719
2472.975
2783.204
2113.473
914.296
1537.998
4310.744
3160.088
761.361
1995.349
1842.741
1951.706
1595.572
665.967
3518.203
2475.308
943.134
1290.765
662.884
1556.754
1040.857
1661.639
1538.876
1535.336
3462.248
1902.436
1201.179
3725.689
1203.035
1199.236
740.889
1298.953
1695.949
3873.649
1637.971
173.398
3381.081
1183.463
2320.810
3346.363
832.384
670.331
1931.621
1191.015
1360.806
3059.668
1786.775
1970.737
274.806
1656.530
1463.245
1976.763
1780.946
2778.527
549.299
1214.281
791.805
779.051
746.689
3685.921
2192.354
469.132
1378.611
1708.309
2111.538
1597.548
1330.039
2767.142
1736.351
4100.735
2739.107
4125.546
2305.269
3185.021
2486.669
439.191
879.019
3468.308
1513.753
1795.135
809.445
581.978
876.553
1049.703
2412.229
3148.557
2112.833
2945.705
3057.932
1118.211
590.231
2879.958
1452.691
3495.619
1715.798
2688.577
3242.480
2299.958
2889.415
706.575
2340.929
1197.571
4013.677
396.430
1225.270
2407.306
907.314
1892.252
2313.938
2004.013
1777.492
2154.220
1559.893
2542.967
2925.635
2468.717
1348.638
1501.955
3526.044
1308.512
710.389
585.325
288.285
1151.035
2256.079
3801.086
2130.029
823.634
1159.388
797.845
1162.486
2536.436
4087.089
1279.752
1123.922
1150.192
1162.244
2526.725
1781.391
2904.193
2896.002
1448.614
2510.100
2772.130
2193.050
1140.926
1936.077
4068.229
2760.483
535.128
2825.307
1787.187
1129.446
2461.286
338.995
1205.981
1706.221
3326.305
883.068
2016.317
2680.546
2060.596
1055.439
2632.022
2244.819
3000.618
1470.626
2259.997
1116.655
1081.534
1373.603
2227.798
1932.956
1513.976
1334.900
2298.424
1785.989
1600.657
624.902
2245.938
409.805
450.064
1678.338
1579.990
1906.192
2470.920
1753.113
662.284
1518.829
3501.814
1836.689
919.854
757.668
691.431
1457.865
1379.611
1729.202
2030.280
2222.094
4789.066
2824.947
1666.268
3133.538
3322.226
2103.163
3999.967
2228.609
1107.187
487.329
3102.240
2961.398
723.508
2102.105
3938.335
3636.785
1425.924
2358.372
1612.680
1575.823
1459.872
2170.155
906.896
3701.605
2741.268
2088.118
1827.542
612.100
1782.633
2084.411
2557.620
1269.217
1521.224
1319.185
2725.635
2824.378
1333.955
1874.601
1096.347
2316.377
1281.833
1436.265
1627.474
3705.204
1079.235
2382.834
748.850
1086.273
1076.101
2903.189
1910.206
475.713
952.388
1365.771
2104.813
1645.673
2240.864
3494.712
1002.858
1796.491
389.643
2084.438
806.938
1654.833
450.436
3026.943
1547.818
1968.303
1498.880
1884.649
420.045
1836.259
2367.438
1203.380
1104.540
1050.484
2018.847
680.387
1293.405
2935.838
1878.410
3518.928
2739.256
1632.491
2678.360
2420.702
858.454
2796.170
2277.941
739.880
1312.448
2008.785
2450.080
2032.197
1608.796
2928.558
1215.897
1213.528
1369.277
1797.292
1225.618
1395.322
1797.307
1873.525
1398.379
1621.080
1195.349
29.494
2500.274
3386.266
1436.251
2596.311
2776.329
2216.106
1516.150
1802.684
2069.900
2833.363
2456.538
2341.051
2751.028
1980.687
2543.363
2499.905
1555.291
2098.706
1291.746
3660.351
1497.256
392.303
1866.824
970.400
832.940
2325.512
3327.895
2240.766
2209.833
328.568
2235.791
3005.290
919.982
2146.009
2042.520
1049.270
1117.845
2498.845
2565.780
2380.906
1738.964
1746.842
2528.214
318.810
2584.616
3570.209
1917.677
1367.589
2490.641
1179.722
1850.059
3083.356
2423.901
2262.079
379.995
1227.051
2301.865
2556.135
1163.936
848.070
3647.633
677.230
1296.597
638.440
815.776
1918.619
1022.195
3136.875
2116.984
1354.242
1725.464
1691.811
521.378
2129.394
2558.849
2595.095
1922.633
3080.967
2148.590
1348.956
531.412
3505.858
1538.135
477.111
1095.833
2567.495
3029.243
2970.149
1539.900
1929.684
2306.043
2794.756
479.056
433.401
2260.685
2370.343
2414.418
1184.779
4056.323
812.899
3037.724
2449.583
2126.022
185.416
2858.064
1596.861
1127.096
2273.010
1304.084
371.941
1451.239
1815.540
1481.646
2114.419
2305.799
1844.495
947.568
2138.946
1888.715
3917.365
628.163
1335.299
2235.094
2428.425
902.253
1754.894
3290.915
1171.519
502.310
2191.354
2452.183
1990.321
1586.227
2338.081
2419.816
787.453
1637.718
2519.852
1106.437
1723.507
1284.936
327.280
1620.629
342.114
1945.885
924.826
1440.664
1821.960
734.600
3727.128
1880.702
1100.308
1020.418
2499.615
614.043
3532.117
2098.429
1332.401
4159.614
4174.095
925.921
1845.158
1886.692
1279.229
2908.832
555.927
3728.605
3694.292
927.417
669.775
2474.735
1817.068
2233.065
1567.929
2949.419
1439.004
4449.231
1332.919
2536.160
1118.874
2577.561
767.201
2580.836
2322.808
1813.610
669.943
1914.833
3883.707
3718.869
2566.883
534.665
539.671
1250.675
3770.641
2498.079
2807.592
2242.805
1809.863
2510.515
1121.990
3158.737
3361.760
4034.688
1719.250
884.098
2991.615
1099.185
791.115
651.978
2970.675
937.939
1154.900
2186.747
800.315
1231.167
1569.163
3045.976
3116.771
1025.466
557.585
2707.617
1146.068
2373.176
3616.693
1576.826
2372.594
1573.139
3410.731
1817.703
1005.907
2583.646
2010.355
2439.018
3949.749
1084.001
2122.826
1140.384
1958.020
1610.475
1639.384
2237.971
1398.475
2012.293
874.419
2222.035
2031.483
366.723
1759.778
1108.585
1502.818
665.288
1532.569
2382.610
2246.500
1721.138
2540.477
804.651
2716.924
823.958
2083.388
1997.947
1552.007
1020.262
2968.731
1669.746
4087.188
2454.098
2477.459
1642.410
972.827
3079.834
3028.242
1308.350
1669.736
1718.455
1768.443
1888.055
1628.307
1758.591
3446.621
1117.422
2289.984
1888.488
2134.403
1521.689
2221.068
380.896
1134.722
1661.271
1112.497
3675.079
1055.157
2510.927
1566.273
2535.625
3414.085
1951.213
3841.824
2942.737
1321.141
1465.988
1603.688
2462.901
2933.785
2134.439
1160.602
304.328
2050.958
2520.211
2988.178
694.546
1417.596
2288.414
1335.957
3333.621
2148.280
2692.874
2952.750
3862.573
2583.330
1407.775
1579.840
1143.549
3075.072
912.590
1451.810
1409.840
3044.374
2182.805
580.583
2474.531
2160.490
2293.544
2834.229
3053.502
2332.060
1628.470
2453.258
3620.647
3621.013
1488.317
1586.201
2733.649
1800.402
3625.151
1293.773
2338.153
2269.459
594.042
1327.746
483.574
4038.562
555.566
2452.320
2906.413
954.713
1604.544
1338.896
2401.865
2160.299
3505.078
1190.380
655.508
2729.316
689.909
2792.618
2204.403
1140.826
3425.243
1475.370
2766.214
1892.718
1158.866
2147.527
280.035
2563.753
2331.955
850.572
1315.774
997.418
274.532
2600.326
2363.922
1048.270
2465.138
3101.280
2660.934
2218.823
2013.312
2930.552
1954.908
1854.052
3059.636
1948.052
1176.533
1831.254
3367.032
3034.955
1910.150
2289.560
2138.700
1043.613
2120.352
1801.574
1174.709
3095.760
2269.021
1626.491
2006.150
2773.551
1360.027
2719.607
2619.788
2237.331
365.780
1574.201
2082.506
2710.980
2071.245
2411.192
2502.123
517.631
2868.981
1720.731
2111.258
432.990
1911.793
3853.769
1223.917
1281.984
2217.332
1951.557
2275.231
1171.299
33.521
721.920
2931.068
871.883
2324.249
1467.197
1808.002
658.693
680.901
3235.118
799.005
945.396
1007.906
1132.278
730.598
2921.055
887.978
1778.198
854.782
692.009
487.805
515.828
3044.918
1903.595
1075.073
1552.675
1031.067
1047.062
271.033
2910.525
3059.054
2005.128
1450.171
1593.021
2304.944
2804.627
2254.661
682.560
2289.701
1233.376
1509.676
1075.509
567.671
1693.260
1856.384
2996.540
3280.755
2474.506
890.098
2273.084
3761.000
2870.395
1009.506
1130.541
2033.333
2049.128
957.086
823.365
460.362
973.233
1962.050
1128.995
1756.938
1845.656
1550.788
2408.388
3761.519
2772.789
1612.945
471.019
657.014
1152.612
1112.319
2059.215
743.845
1664.360
2388.330
2474.343
3402.728
888.063
1259.912
1599.192
1968.169
4019.500
2831.278
2375.333
770.319
372.464
530.660
2250.119
2310.885
2102.786
1965.164
2783.387
1874.507
1116.422
688.363
822.820
1266.047
1404.556
1018.180
267.168
2289.877
1874.795
2616.487
1372.625
1512.596
1963.674
536.651
574.608
1391.172
1657.210
3065.190
2179.344
1154.602
1786.570
376.784
633.497
1896.451
787.792
1113.761
1617.530
2006.641
3222.827
2970.354
2408.847
2023.558
3112.362
1779.474
2137.268
1748.177
2966.947
193.280
180.157
1559.505
664.368
1953.011
2996.945
2049.378
1306.662
1890.643
201.175
3056.566
2493.135
1098.236
2313.020
3552.230
1776.959
2091.802
2029.546
986.153
552.572
3170.126
2599.275
1546.989
1014.917
1437.841
3617.648
2585.723
2259.169
1473.130
1292.506
886.363
944.266
1929.461
988.463
1152.289
2301.345
3282.900
487.839
1384.614
2960.500
2308.680
3129.989
1966.223
1047.896
2428.589
1361.238
2162.829
1070.796
3436.887
2619.081
3616.633
3040.344
1507.363
104.533
1185.803
777.514
729.530
2374.012
1695.849
1919.988
650.118
1319.801
2551.656
2150.867
1415.446
1130.757
1104.439
2014.143
2902.979
1550.758
2007.259
1931.011
662.247
3328.443
1702.558
2134.040
2276.521
3116.596
2811.835
2435.146
2107.105
2945.604
1137.596
2479.678
2013.298
1380.676
2106.316
4085.430
540.859
2706.747
2915.131
2775.429
714.452
1455.697
1183.542
1839.630
4005.120
1131.786
2193.510
1760.104
3119.708
2218.722
669.174
1529.761
1237.740
246.042
2453.206
2051.703
2559.916
2449.932
3533.447
1634.893
1776.173
1712.181
2798.601
3341.418
2543.449
2038.374
452.710 110376000
Query results end...
[Index Time] LQT-oracle: 8401046.000 ms
[Running Time] LQT-oracle: 110376.000 ms
