Load A2A queries...
Load A2A queries finished.
eps = 0.500
Run algorithm 4: LQT-oracle
base graph |V| = 3812298
quad tree level = 5
Leaf maximum side length: 306.500
V = 201094 | LQT-Leaf = 42743
maximum leaf node boundary vertices = 204
level 1 has 3 nodes
max cover set size: 42736 min cover set size: 3
level 2 has 8 nodes
max cover set size: 19865 min cover set size: 3
level 3 has 23 nodes
max cover set size: 6410 min cover set size: 1
level 4 has 74 nodes
max cover set size: 1591 min cover set size: 1
level 5 has 266 nodes
max cover set size: 425 min cover set size: 1
level 6 has 1021 nodes
max cover set size: 127 min cover set size: 1
level 7 has 2500 nodes
max cover set size: 48 min cover set size: 1
level 8 has 5585 nodes
max cover set size: 22 min cover set size: 1
level 9 has 10660 nodes
max cover set size: 9 min cover set size: 1
level 10 has 42742 nodes
max cover set size: 2 min cover set size: 1
level 11 has 42743 nodes
max cover set size: 1 min cover set size: 1
[Partition Tree] totally 105626 nodes 
Node pair set size: 3481941
Node pair percentage: 0.00
Index memory usage: 107551 MB
10% queries finished.
20% queries finished.
30% queries finished.
40% queries finished.
50% queries finished.
60% queries finished.
70% queries finished.
80% queries finished.
90% queries finished.
Quad query distribution: same/diff = 0.002 / 0.998
Query results begin: 
1042.651
2338.239
3435.610
746.032
895.032
5115.880
3683.433
876.135
2971.947
978.362
1751.436
5634.751
3946.622
2308.372
1130.369
3745.295
3170.288
1723.910
4810.792
4863.478
2887.766
3029.082
1808.465
2116.807
2355.335
2258.154
3038.574
202.001
4613.144
541.160
6084.795
1675.408
5670.556
1488.355
5191.677
1289.663
4565.125
2570.306
3166.044
2322.031
2168.987
3504.677
2040.569
1608.723
3655.928
2024.655
4115.625
523.143
1636.144
237.540
3345.224
3774.414
1275.458
2235.929
2263.870
4014.601
6517.302
2687.426
4322.432
1907.321
3057.684
3888.903
1051.608
2104.496
1211.721
1263.486
862.199
2410.133
1712.808
5072.173
2306.613
3159.323
1879.422
3608.273
2631.025
2583.029
4315.514
2590.620
2410.697
3464.779
954.763
3858.361
5429.955
1340.725
3315.339
3793.622
106.888
837.560
1557.010
833.554
4938.825
2598.965
1848.867
4621.700
813.862
1786.974
2829.682
1682.027
5666.746
3669.563
4978.920
1869.788
2849.935
3256.035
2790.355
624.042
3881.197
3292.263
147.831
2716.078
3460.339
2234.221
1328.983
3636.673
2038.220
2541.678
2829.268
2928.708
3939.058
2273.375
2832.353
2343.260
2009.659
1547.490
1055.325
5581.246
5113.885
4491.616
5071.981
1852.860
2714.856
2426.025
5399.422
683.790
4733.066
1012.586
319.900
888.318
2700.595
1785.681
1723.586
2537.011
1681.342
452.495
1950.360
2878.498
2427.853
1472.491
2122.416
2870.199
1944.955
1295.440
4796.432
4455.556
1134.423
3553.281
1319.300
3360.280
2276.895
2336.250
3860.773
2409.544
5081.646
3868.382
833.236
3159.038
1653.875
411.864
2328.026
2048.810
1691.385
2122.439
1617.811
673.454
2847.464
831.983
1780.957
5334.200
1592.974
494.939
548.598
1592.623
434.560
1479.533
1675.287
1794.929
2294.477
3524.953
1964.209
2511.961
1306.136
2874.411
2870.783
5281.312
684.788
3976.211
1949.463
1035.150
778.327
2834.599
2306.712
4258.637
688.867
3641.226
4111.597
2405.646
2821.935
309.978
4971.283
4526.919
2827.046
2042.629
4587.067
4140.395
4060.069
2451.674
2217.259
5100.379
1550.843
2244.089
2087.281
1591.240
3047.115
1955.981
5204.374
2328.407
2125.648
497.068
1304.576
2477.038
2923.777
1567.841
1904.394
2349.036
2992.929
1722.870
4094.332
4167.090
5606.890
222.172
1027.947
3020.065
3922.827
1771.431
2703.424
1249.496
1269.034
4396.917
4441.031
1997.578
3637.744
4008.533
3536.240
4723.687
3542.771
3695.468
3160.827
2882.256
1969.143
4862.141
2948.829
3121.599
3916.282
3811.703
3714.444
3283.073
3433.743
808.561
3262.333
5804.626
331.724
4802.706
2491.256
4507.178
1201.322
3901.855
4252.424
1075.973
2347.018
3051.530
5367.819
2307.531
3785.631
1499.390
2853.562
661.738
3646.588
4713.240
1432.116
3286.740
1784.279
2703.395
3579.122
2641.147
4769.766
2514.287
1746.325
1364.231
2578.321
860.276
5204.807
3532.110
1223.732
2052.373
5318.685
157.960
2101.777
2739.560
2356.586
3582.329
2889.379
3185.830
1074.681
2669.315
3121.355
827.164
1886.842
4807.497
4120.933
5800.117
1926.975
5794.722
3407.908
2596.646
1569.034
1711.181
2562.301
3039.233
1003.766
4028.010
3600.231
4578.896
2436.167
3380.128
2583.088
1537.880
1767.850
641.010
3762.925
2409.477
1155.330
1962.481
3731.715
1797.646
4653.539
2496.152
1888.149
2569.137
1613.723
2731.500
1651.582
1092.735
3661.122
999.068
4378.681
3254.509
2298.703
2103.884
3759.780
2563.101
1319.559
996.518
450.951
2829.567
2775.065
2261.992
1293.777
684.318
1846.180
2808.527
2227.714
3452.084
3648.301
1672.934
538.540
919.720
3055.802
2925.501
3818.863
487.587
3356.221
3128.265
3270.588
3064.243
2165.397
3827.286
4815.302
3475.613
4125.740
4146.479
3438.852
3407.307
3482.755
1379.559
3627.161
1867.865
1055.760
1582.474
2097.812
4174.486
2439.383
4615.168
725.524
4019.062
3697.442
1550.532
2348.756
4513.220
503.937
3461.302
3724.017
3712.814
4063.254
3416.860
734.697
3284.247
2071.520
1960.826
557.006
1112.976
2330.606
2626.168
1025.550
1066.105
3302.963
643.079
649.727
1039.650
1257.083
6375.545
2979.548
3713.688
1657.040
3027.623
3004.009
3728.405
2834.964
3080.085
830.030
2740.424
1329.260
2528.608
2575.547
1539.973
683.662
2327.245
4188.227
3857.359
2101.917
2572.862
4256.207
2096.048
3624.733
1118.129
5178.633
1770.304
4135.044
526.678
2101.835
1206.174
757.447
420.358
1930.442
3380.898
3317.221
1757.881
2146.774
1160.440
5480.668
1152.200
2498.947
2117.649
2409.361
1403.639
596.165
4069.208
1260.622
4457.268
1460.060
3955.946
3428.355
1683.344
4255.262
971.964
976.355
5231.770
2958.325
3375.692
1628.112
2917.435
4078.752
287.216
1698.589
2258.982
5949.915
3881.011
2674.251
1254.263
4072.647
1760.739
2665.339
2457.625
324.980
1357.407
1842.427
4012.483
2814.575
741.550
2806.018
2201.768
3569.790
1752.292
5225.266
2065.021
2979.229
3617.657
3544.151
1550.071
1002.445
3464.211
2334.395
3947.839
3824.179
2471.408
3523.129
4238.398
2217.351
3544.366
2459.448
3503.861
3238.978
3091.822
923.036
4088.238
1840.133
3597.588
5034.836
1310.485
1225.084
3817.013
432.901
1104.017
2967.465
2769.167
3913.205
4847.721
3146.816
138.888
2615.822
1953.786
1674.890
2294.698
1949.704
3545.765
3434.687
3338.632
3911.800
2619.812
3516.573
3796.848
1005.031
4297.247
2481.336
866.963
2464.867
2114.393
1460.223
1692.807
2301.917
2263.723
4301.255
2372.168
3725.512
4020.788
1933.199
4707.344
1263.137
1619.889
296.629
1771.937
1436.024
3824.817
2911.646
3037.357
1373.560
1346.470
1147.317
2739.517
3743.854
1389.396
3864.053
2037.007
1050.306
2497.782
3135.464
357.245
1510.385
2308.014
3011.412
2098.246
2015.729
1897.227
998.100
2895.243
4316.374
642.301
1522.891
3715.582
2380.877
2984.285
1917.923
1376.624
1807.562
4481.111
2828.302
5194.075
4722.698
4623.442
2505.253
561.279
950.180
4650.015
2078.563
1087.863
4119.879
553.704
2916.483
2187.981
316.928
3437.440
6195.856
4682.914
3967.185
896.662
873.966
1198.786
2066.808
1362.474
4372.941
5661.747
3990.044
3221.567
3088.325
3305.902
1023.558
2361.474
2986.341
4724.940
1441.024
3942.629
1166.681
2509.585
1058.818
2303.982
1862.948
3000.047
2593.975
3474.290
4198.615
3589.976
1275.740
1639.765
3534.844
2778.161
4167.949
2878.870
1150.662
2056.639
2854.389
2522.143
2130.727
2242.604
1072.341
1409.332
3427.605
1965.240
4140.129
2344.727
2089.941
1079.160
2575.595
3494.508
1843.762
1936.770
1453.042
2688.058
4402.071
4431.065
1257.119
3062.232
2956.661
4390.415
4137.545
1266.603
150.573
2488.319
3396.073
2118.645
4071.307
2236.385
4041.370
1795.210
658.973
2417.162
1999.117
2677.954
4064.254
1814.833
2869.193
3530.536
1485.418
2114.762
2839.920
3919.353
4004.574
1073.340
5298.783
873.848
1505.230
2047.175
2341.685
711.788
2873.961
4059.455
3370.613
2690.026
2330.112
3727.414
1823.276
4765.747
1117.369
2289.370
2907.119
2714.750
4339.504
2552.045
3886.792
1156.594
3627.432
2451.888
239.822
2751.914
3104.225
2244.451
3477.163
1474.263
3184.803
1796.881
3708.834
5134.034
2117.174
2398.625
4409.954
4095.135
2241.710
2407.588
2235.680
3728.082
5696.999
5006.354
2290.163
1888.437
3332.357
4347.179
4984.821
2216.692
2545.357
4411.073
2819.469
3008.269
1245.649
2185.425
3380.089
194.962
3389.518
2114.031
376.877
3354.737
2343.785
1252.543
1381.416
2271.829
3279.151
2195.806
935.238
1020.574
3052.405
2904.375
2612.155
3127.413
5079.874
3253.756
2579.022
4786.993
1066.424
2299.715
2709.873
1586.797
1473.105
2758.134
3072.005
1612.260
1910.554
2965.982
3058.815
3730.638
1465.963
796.280
210.781
3174.379
3768.656
5153.937
2719.246
2631.258
1996.793
4284.526
3049.225
1874.445
674.955
5703.806
546.557
2660.221
1198.312
3955.121
4070.182
3159.735
3350.115
791.452
2804.554
3780.324
4750.768
2362.325
850.256
6291.117
2229.921
3291.462
661.860
1311.103
914.718
2225.934
2882.683
4135.490
1708.001
3607.609
2431.843
3020.065
171.006
2647.725
4319.921
3809.885
2344.323
2599.170
3261.765
2096.854
2790.191
2063.184
2271.417
2523.788
4355.936
4032.948
3098.738
1753.544
3613.646
2605.053
3021.483
1652.497
2701.333
2388.945
5215.075
1581.226
4226.937
3218.640
5228.705
3683.235
362.960
3155.009
3538.018
1173.021
1795.996
2833.240
4571.848
3837.282
2418.749
5597.371
2499.304
2416.839
3867.648
2140.106
1578.750
2378.702
3186.279
2984.136
3790.084
366.879
3244.961
1858.439
4868.973
4849.233
1759.290
1495.860
2541.363
3518.332
2517.002
2734.568
2258.893
4055.864
4156.733
1872.314
3206.422
1187.997
1264.942
858.438
2486.253
3392.401
4160.514
1734.772
3970.199
1721.211
3067.642
2194.374
991.151
2905.380
2045.699
1110.672
291.292
1469.245
4532.598
2621.047
1031.747
2702.777
1825.596
1624.524
689.197
1881.638
2307.187
1990.295
5419.961
305.060
1480.974
4608.746
3687.634
623.189
2744.760
1559.048
5304.010
4016.664
2174.594
3277.502
1676.225
2518.556
1300.102
1071.840
1887.086
3096.598
2834.966
2942.612
3920.055
3888.802
5341.561
1520.460
3604.363
4352.568
3226.506
2663.882
3569.176
1378.222
1083.452
1688.631
272.477
3534.740
3128.287
4196.713
2957.576
1632.121
1831.857
2656.407
1560.448
4569.434
3227.301
2621.902
2882.202
3744.827
4446.386
4380.145
2401.159
1891.205
1064.146
367.818
540.368
1447.610
4128.617
2729.401
5316.934
2153.967
2045.252
1552.342
2609.426
1515.042
556.310
1795.169 162493000
Query results end...
[Index Time] LQT-oracle: 19483956.000 ms
[Running Time] LQT-oracle: 162493.000 ms
