Load A2A queries finished.
Load face weight finished.
100 random queries, inner ratio = 0.010, inter ratio = 0.990
Run Algorithm 4: EAR-oracle
base graph |V| = 43407
quad tree level = 1
Leaf maximum side length: 3600.000
V = 1440 | EAR-Leaf = 186
maximum leaf node boundary vertices = 108
level 1 has 5 nodes
max cover set size: 119 min cover set size: 1
level 2 has 11 nodes
max cover set size: 39 min cover set size: 2
level 3 has 22 nodes
max cover set size: 25 min cover set size: 1
level 4 has 46 nodes
max cover set size: 14 min cover set size: 1
level 5 has 98 nodes
max cover set size: 6 min cover set size: 1
level 6 has 176 nodes
max cover set size: 2 min cover set size: 1
level 7 has 186 nodes
max cover set size: 1 min cover set size: 1
[Partition Tree] totally 545 nodes 
Node pair set size: 15696
Node pair percentage: 0.00
[Index Time] EAR-oracle: 21976.000000 ms
Index memory usage: 772 MB
977.043274 2291.000000
572.168945 622.000000
645.227295 742.000000
128.341904 62.000000
956.127930 207.000000
142.109619 60.000000
630.919861 595.000000
728.428955 1245.000000
806.624390 856.000000
734.617065 489.000000
492.521912 215.000000
484.029572 127.000000
782.742188 721.000000
571.826904 348.000000
1521.864868 2354.000000
1491.339111 2480.000000
440.642456 215.000000
1105.517090 1555.000000
191.519440 67.000000
698.903015 252.000000
416.606476 217.000000
625.130493 266.000000
788.791138 974.000000
125.354889 32.000000
196.713318 77.000000
313.632385 107.000000
1669.046631 3736.000000
659.437012 832.000000
232.514984 36.000000
775.670288 653.000000
798.852905 906.000000
1141.419189 1469.000000
359.664062 178.000000
347.863800 245.000000
240.541367 110.000000
617.503601 426.000000
1051.992676 1328.000000
953.711670 545.000000
114.872559 49.000000
379.971832 77.000000
399.502106 88.000000
1547.393799 4692.000000
380.795624 324.000000
61.219391 19.000000
1133.146729 600.000000
295.037231 104.000000
1102.857422 831.000000
730.636230 96.000000
185.401566 77.000000
193.387527 52.000000
741.288574 970.000000
829.423401 916.000000
288.957703 36.000000
358.409088 195.000000
1424.968506 2210.000000
135.609238 45.000000
499.480225 437.000000
1405.968506 3585.000000
861.048279 791.000000
906.207336 1110.000000
479.348022 429.000000
382.247742 33.000000
246.066147 145.000000
232.785568 33.000000
190.921722 14.000000
1164.579712 989.000000
1215.407349 1651.000000
1100.024048 1046.000000
243.710770 53.000000
821.236877 949.000000
58.452969 14.000000
804.999268 662.000000
275.738739 95.000000
186.702591 40.000000
1056.596069 1928.000000
833.439819 788.000000
297.783112 121.000000
119.583694 30.000000
1324.359131 2192.000000
789.380127 756.000000
1484.083984 1820.000000
1433.027344 1801.000000
433.341492 81.000000
237.215897 73.000000
362.256439 108.000000
790.039001 93.000000
574.056335 763.000000
75.962357 24.000000
652.992126 114.000000
481.075684 399.000000
1347.437744 2691.000000
1643.589600 5467.000000
416.804291 84.000000
1592.615112 3272.000000
406.440125 57.000000
475.297882 123.000000
2327.221680 5355.000000
320.362030 187.000000
189.779633 74.000000
652.733459 714.000000
4178.238770 1171.000000
2947.847412 757.000000
4408.007812 758.000000
6104.039062 718.000000
3676.567871 682.000000
3956.203613 503.000000
3891.511475 820.000000
2462.260742 705.000000
5510.643066 703.000000
1946.173340 861.000000
2878.237549 675.000000
4316.275879 583.000000
5740.560059 841.000000
4224.416016 889.000000
2189.956055 974.000000
4137.351562 791.000000
4162.869629 590.000000
4407.014648 760.000000
5867.734375 646.000000
2119.589600 4272.000000
3169.554688 578.000000
3001.736816 600.000000
4773.843750 977.000000
6104.191406 1077.000000
2762.953125 1057.000000
1868.236328 8068.000000
4102.098633 1146.000000
5931.989258 2605.000000
6316.088867 1033.000000
4799.204590 1037.000000
3814.929199 620.000000
2475.489746 634.000000
4150.776367 745.000000
3535.561035 689.000000
3714.375244 709.000000
3820.064453 979.000000
2444.384277 483.000000
2525.303467 512.000000
2810.405762 913.000000
2506.060059 10803.000000
3315.785156 869.000000
1960.658203 442.000000
6144.726562 789.000000
3870.680176 722.000000
3764.646240 662.000000
4025.788086 907.000000
6089.758301 673.000000
4538.373047 953.000000
3721.874268 11384.000000
4307.958008 1023.000000
2065.275391 7604.000000
2712.602295 15331.000000
4119.540039 733.000000
5860.342773 848.000000
3529.344238 860.000000
4188.447754 972.000000
5778.303711 1138.000000
4615.284668 908.000000
2161.971191 607.000000
6078.692871 652.000000
5985.334961 732.000000
6561.748047 707.000000
4051.381348 665.000000
6417.951172 977.000000
2351.757324 791.000000
3093.685059 730.000000
6929.596191 717.000000
2139.055664 1011.000000
2044.036133 477.000000
3183.231445 778.000000
3001.066406 584.000000
2991.784668 585.000000
2194.704834 6265.000000
3195.317871 444.000000
1757.899658 6032.000000
3384.556152 665.000000
7373.285156 833.000000
5990.452148 919.000000
3625.086426 608.000000
2909.434082 573.000000
3565.942139 582.000000
1875.742065 433.000000
5917.027344 919.000000
1910.840454 792.000000
2791.445801 566.000000
2117.511230 958.000000
2046.969849 2533.000000
6156.202148 947.000000
1374.875244 2989.000000
3045.820068 6888.000000
6961.578125 903.000000
6974.928711 783.000000
5752.234375 852.000000
4432.543945 702.000000
5871.554688 808.000000
3820.523438 646.000000
4043.631836 772.000000
2688.120117 13077.000000
3766.177246 835.000000
5782.513184 623.000000
4271.437012 658.000000
3975.055664 876.000000
5557.094727 729.000000
4031.812256 567.000000
1971.474121 8003.000000
5189.689941 864.000000
5553.588867 764.000000
3886.127930 485.000000
4778.911621 638.000000
6288.131348 780.000000
2536.990967 832.000000
2392.704102 6591.000000
2681.624268 13597.000000
4190.579102 910.000000
3286.829102 695.000000
1178.389404 2026.000000
679.389587 733.000000
2499.612793 732.000000
2236.690186 7487.000000
4400.492676 813.000000
2166.889160 5182.000000
3778.114258 924.000000
4086.014404 622.000000
6605.023438 805.000000
2128.991211 7726.000000
1601.333862 3837.000000
4511.314453 598.000000
2361.372070 4741.000000
3900.290039 798.000000
1127.479614 501.000000
3001.630859 539.000000
4053.954834 704.000000
4827.170410 856.000000
2437.312012 510.000000
5637.567383 698.000000
4815.270508 663.000000
3526.979980 568.000000
4092.894775 483.000000
4007.771484 600.000000
5056.469727 776.000000
5249.380859 892.000000
2180.782715 5473.000000
68.433273 29.000000
3059.599121 15837.000000
6118.899414 977.000000
2699.503418 9111.000000
1928.618774 485.000000
3308.896973 7057.000000
4081.388672 845.000000
6821.851074 710.000000
1100.370361 1384.000000
533.356323 138.000000
3791.967285 708.000000
2038.850586 6069.000000
6183.552734 1074.000000
5653.036621 895.000000
3914.557617 568.000000
6127.550781 861.000000
2233.307617 3848.000000
2495.251465 618.000000
3755.195801 959.000000
6204.321289 836.000000
7154.834473 816.000000
7813.087891 688.000000
4740.492188 537.000000
6372.603516 541.000000
1875.479248 386.000000
599.027161 757.000000
6497.788086 721.000000
6849.120117 874.000000
3472.987305 635.000000
4624.741211 694.000000
4026.431641 593.000000
4882.332520 718.000000
8422.226562 724.000000
5954.950195 925.000000
2397.146973 6954.000000
3974.839600 1005.000000
2271.377930 5997.000000
5756.639160 914.000000
5136.002441 759.000000
4427.815918 672.000000
4374.798828 489.000000
1949.154419 700.000000
3957.928711 20411.000000
2403.808105 6331.000000
841.145569 1092.000000
170.541641 49.000000
5968.955566 937.000000
1418.037964 1277.000000
5715.392578 608.000000
1960.915649 4198.000000
5574.905762 794.000000
3797.946777 850.000000
3639.159424 753.000000
5988.756836 596.000000
2993.477051 614.000000
447.247498 431.000000
1415.202026 515.000000
3102.035400 558.000000
Breakdown_construction: 452075.000000 ms
Breakdown_dijkstra: 277.000000 ms
