Load A2A queries finished.
Load face weight finished.
100 random queries, inner ratio = 0.000, inter ratio = 1.000
Run Algorithm 3: SE-Oracle
base graph |V| = 43402
Begin to build partition tree...
level 1 has 6 nodes
max cover set size: 22119 min cover set size: 1090
level 2 has 24 nodes
max cover set size: 6200 min cover set size: 1
level 3 has 95 nodes
max cover set size: 1794 min cover set size: 1
level 4 has 379 nodes
max cover set size: 591 min cover set size: 1
level 5 has 1698 nodes
max cover set size: 202 min cover set size: 1
level 6 has 6204 nodes
max cover set size: 60 min cover set size: 1
level 7 has 17278 nodes
max cover set size: 21 min cover set size: 1
level 8 has 32464 nodes
max cover set size: 11 min cover set size: 1
level 9 has 40291 nodes
max cover set size: 8 min cover set size: 1
level 10 has 42407 nodes
max cover set size: 3 min cover set size: 1
level 11 has 43129 nodes
max cover set size: 3 min cover set size: 1
level 12 has 43345 nodes
max cover set size: 3 min cover set size: 1
level 13 has 43387 nodes
max cover set size: 3 min cover set size: 1
level 14 has 43400 nodes
max cover set size: 2 min cover set size: 1
level 15 has 43400 nodes
max cover set size: 2 min cover set size: 1
level 16 has 43401 nodes
max cover set size: 2 min cover set size: 1
level 17 has 43401 nodes
max cover set size: 2 min cover set size: 1
level 18 has 43401 nodes
max cover set size: 2 min cover set size: 1
level 19 has 43401 nodes
max cover set size: 2 min cover set size: 1
level 20 has 43402 nodes
max cover set size: 1 min cover set size: 1
[Partition Tree] totally 574514 nodes 
Partition tree finished.
Node pair set size: 39918255
Node pair percentage: 0.021
[Index Time] SE-oracle: 1915040.000000 ms
Index memory usage: 47484 MB
2901.392578 4776.000000
6446.057129 4914.000000
3886.130859 5017.000000
1979.671997 4603.000000
1908.292236 4472.000000
2510.932861 4830.000000
988.683716 4502.000000
399.590637 4891.000000
5861.039551 4125.000000
6032.876953 4968.000000
5761.169434 4315.000000
2599.935059 4614.000000
3571.105469 4485.000000
5627.738281 4384.000000
3369.604736 4238.000000
4779.653320 4121.000000
2204.388428 4664.000000
4644.962891 4222.000000
1776.903198 4379.000000
2322.870117 4364.000000
2175.440186 4295.000000
8465.304688 4568.000000
2388.877930 4605.000000
4697.644531 4312.000000
2701.050293 4246.000000
3305.227783 4371.000000
4173.751953 4122.000000
2098.987793 4371.000000
7004.248535 4272.000000
5272.163086 3969.000000
2636.032959 4719.000000
3902.791016 4562.000000
342.634521 4284.000000
2083.795654 4561.000000
1868.502563 4441.000000
5358.518555 4487.000000
5773.185547 4618.000000
2068.319336 4718.000000
3845.764648 4427.000000
4180.551758 4478.000000
2762.213867 4512.000000
4964.033203 4761.000000
5247.581055 4667.000000
6925.022949 4409.000000
3288.313477 4244.000000
2736.573486 4099.000000
5975.142090 4226.000000
142.193985 4424.000000
540.370300 4509.000000
2087.394531 4193.000000
1819.457397 4110.000000
2572.145996 4117.000000
5839.280762 4043.000000
8395.441406 4134.000000
1968.403564 4608.000000
1874.586182 4121.000000
3525.963135 4161.000000
1102.174072 4427.000000
3556.908936 4189.000000
6730.182129 4419.000000
4071.468994 4277.000000
7864.205566 4485.000000
5692.550781 4585.000000
2236.055420 4490.000000
4063.237061 3851.000000
2000.749268 4106.000000
7087.083984 4381.000000
4917.940430 4152.000000
332.072998 4179.000000
2183.703125 4439.000000
3890.424316 4269.000000
3712.691406 4311.000000
3077.714111 3995.000000
2576.498535 4174.000000
1097.358643 4250.000000
5401.974121 4186.000000
4043.841553 4396.000000
4958.987305 4199.000000
5217.403320 3946.000000
4644.540039 4587.000000
3881.811035 4317.000000
5149.050781 4334.000000
4746.463379 4400.000000
929.918823 4357.000000
891.213379 4136.000000
703.428833 4474.000000
2210.691162 4350.000000
2307.274658 4127.000000
3761.128662 3982.000000
6477.480469 3994.000000
5961.787598 4271.000000
3738.578857 4284.000000
1400.184570 4351.000000
4898.000000 4375.000000
4097.478027 4031.000000
4849.723633 4638.000000
2165.010986 4360.000000
6870.772949 4254.000000
3899.341309 4105.000000
2388.296875 4175.000000
Query results begin: 
2901.392578 4776.000000
6446.057129 4914.000000
3886.130859 5017.000000
1979.671997 4603.000000
1908.292236 4472.000000
2510.932861 4830.000000
988.683716 4502.000000
399.590637 4891.000000
5861.039551 4125.000000
6032.876953 4968.000000
5761.169434 4315.000000
2599.935059 4614.000000
3571.105469 4485.000000
5627.738281 4384.000000
3369.604736 4238.000000
4779.653320 4121.000000
2204.388428 4664.000000
4644.962891 4222.000000
1776.903198 4379.000000
2322.870117 4364.000000
2175.440186 4295.000000
8465.304688 4568.000000
2388.877930 4605.000000
4697.644531 4312.000000
2701.050293 4246.000000
3305.227783 4371.000000
4173.751953 4122.000000
2098.987793 4371.000000
7004.248535 4272.000000
5272.163086 3969.000000
2636.032959 4719.000000
3902.791016 4562.000000
342.634521 4284.000000
2083.795654 4561.000000
1868.502563 4441.000000
5358.518555 4487.000000
5773.185547 4618.000000
2068.319336 4718.000000
3845.764648 4427.000000
4180.551758 4478.000000
2762.213867 4512.000000
4964.033203 4761.000000
5247.581055 4667.000000
6925.022949 4409.000000
3288.313477 4244.000000
2736.573486 4099.000000
5975.142090 4226.000000
142.193985 4424.000000
540.370300 4509.000000
2087.394531 4193.000000
1819.457397 4110.000000
2572.145996 4117.000000
5839.280762 4043.000000
8395.441406 4134.000000
1968.403564 4608.000000
1874.586182 4121.000000
3525.963135 4161.000000
1102.174072 4427.000000
3556.908936 4189.000000
6730.182129 4419.000000
4071.468994 4277.000000
7864.205566 4485.000000
5692.550781 4585.000000
2236.055420 4490.000000
4063.237061 3851.000000
2000.749268 4106.000000
7087.083984 4381.000000
4917.940430 4152.000000
332.072998 4179.000000
2183.703125 4439.000000
3890.424316 4269.000000
3712.691406 4311.000000
3077.714111 3995.000000
2576.498535 4174.000000
1097.358643 4250.000000
5401.974121 4186.000000
4043.841553 4396.000000
4958.987305 4199.000000
5217.403320 3946.000000
4644.540039 4587.000000
3881.811035 4317.000000
5149.050781 4334.000000
4746.463379 4400.000000
929.918823 4357.000000
891.213379 4136.000000
703.428833 4474.000000
2210.691162 4350.000000
2307.274658 4127.000000
3761.128662 3982.000000
6477.480469 3994.000000
5961.787598 4271.000000
3738.578857 4284.000000
1400.184570 4351.000000
4898.000000 4375.000000
4097.478027 4031.000000
4849.723633 4638.000000
2165.010986 4360.000000
6870.772949 4254.000000
3899.341309 4105.000000
2388.296875 4175.000000
Query results end.
