Load A2A queries finished.
Load face weight finished.
100 random queries, inner ratio = 0.000, inter ratio = 1.000
Run Algorithm 2: K-Algo
theta_m = 6.921
Query results begin: 
2998.358643 3848364.000000
6458.042969 10333256.000000
3987.093018 7974963.000000
2059.492676 2333788.000000
1917.841064 848890.000000
2549.726562 4300537.000000
985.804016 626247.000000
399.590637 212.000000
5963.286133 9480073.000000
6164.695801 11422753.000000
5548.080078 9837567.000000
2636.952881 4365404.000000
3707.814453 3538128.000000
5734.430664 8350341.000000
3217.615723 6273397.000000
4844.519531 5283510.000000
2170.310791 2632684.000000
4493.637695 10827661.000000
1734.587524 1242634.000000
2343.361816 2873803.000000
2240.250244 2518948.000000
8388.454102 11984761.000000
2395.627930 1141231.000000
4872.386230 10249789.000000
2768.574707 3951367.000000
3243.689209 7566466.000000
4199.088867 5042746.000000
2159.712402 3001472.000000
7035.456055 10903770.000000
5736.237305 8195666.000000
2817.458252 3678374.000000
3984.029053 10878057.000000
405.666809 3124.000000
2162.346436 3018682.000000
1893.224609 1428305.000000
5374.638184 11591008.000000
5685.533203 11784057.000000
2159.213379 3570504.000000
3836.437744 3866769.000000
4174.683105 6640133.000000
2759.903809 5280370.000000
5000.996582 11037208.000000
5417.151367 7917809.000000
6900.833496 10838465.000000
3219.790283 3773692.000000
2721.695557 4637332.000000
6011.129883 11614210.000000
142.193985 238.000000
520.590088 87498.000000
2052.164551 1926341.000000
1887.229736 1920191.000000
2659.992432 1745849.000000
6004.114258 8086134.000000
8093.290039 11580561.000000
1966.400269 1703041.000000
1954.837036 2151922.000000
3516.928955 3886787.000000
1336.662109 368269.000000
3736.356445 5224029.000000
7061.230957 11667743.000000
3895.898926 6555440.000000
7947.812500 11633833.000000
5785.925781 8913112.000000
2180.309570 3705161.000000
4089.453125 4323500.000000
1998.733154 2180931.000000
6981.438477 11868519.000000
4981.708496 10904974.000000
353.332703 10659.000000
2188.461182 2285482.000000
3847.990479 9147429.000000
3719.272705 5866733.000000
2774.868408 3788804.000000
2760.776611 4479277.000000
1067.618408 628553.000000
5625.321289 9217225.000000
4160.258301 8090077.000000
5021.489746 7582999.000000
5255.501465 6098311.000000
4682.280762 9535831.000000
3811.800049 4610046.000000
5223.393066 9620856.000000
5015.112305 11380783.000000
947.547363 218372.000000
824.780640 307572.000000
717.122925 280012.000000
2215.439697 2942492.000000
2299.683350 4016708.000000
3796.762939 4627810.000000
6465.265625 9153968.000000
6159.885254 11460089.000000
3571.844727 7851453.000000
1460.062866 979995.000000
4939.662109 11539976.000000
3921.995361 6285679.000000
5136.599609 10597125.000000
2166.224609 3064373.000000
6739.435059 11425881.000000
3864.713867 6447659.000000
2451.303711 3916587.000000
Query results end.
