Load A2A queries finished.
Load face weight finished.
100 random queries, inner ratio = 0.000, inter ratio = 1.000
Run Algorithm 5: MMP-Algorithm
Query results begin: 
4944.799805 17911.000000
3926.847656 15150.000000
3296.853271 13375.000000
1510.904175 15710.000000
2258.020264 16817.000000
4662.960938 16131.000000
3152.380615 14131.000000
1970.233032 11754.000000
3972.941162 11621.000000
2426.500000 14967.000000
4011.457275 13144.000000
2732.590088 16027.000000
7281.418945 16890.000000
5577.208008 17037.000000
5672.961426 15253.000000
4802.470215 15428.000000
803.556824 13729.000000
3964.426758 14008.000000
3027.909668 13347.000000
3801.078125 12798.000000
3718.586914 11887.000000
5055.995117 12670.000000
1155.380127 13064.000000
1631.241699 12195.000000
847.705933 11285.000000
3615.992188 12716.000000
4505.270996 14334.000000
1750.813110 13826.000000
994.756775 12718.000000
6422.583984 14872.000000
2839.649658 13070.000000
4664.645996 11139.000000
4971.898438 12226.000000
5308.270996 14432.000000
4997.854980 14515.000000
2679.563232 11864.000000
5030.927246 13133.000000
2206.000244 12111.000000
1005.419189 12212.000000
3576.772217 12519.000000
748.940430 13737.000000
2406.895508 12044.000000
2439.733398 12308.000000
6704.670410 13160.000000
2333.178711 13584.000000
5097.570801 11735.000000
2564.675293 12667.000000
342.147400 11379.000000
2855.857666 12367.000000
6743.139648 11680.000000
4117.585938 11733.000000
5091.779297 12743.000000
5405.927734 13664.000000
5418.781250 13667.000000
3725.990723 13545.000000
3430.084473 13559.000000
2544.237305 12659.000000
4008.609863 12652.000000
5372.659668 13886.000000
3726.862061 12114.000000
103.412590 11179.000000
2084.191650 12195.000000
4436.009766 11927.000000
2535.967041 12098.000000
2470.790771 11447.000000
2719.301758 11057.000000
5763.585938 11721.000000
2352.328125 11488.000000
7149.650391 12301.000000
2179.031494 11945.000000
1850.293945 11131.000000
5097.005859 10655.000000
1928.751587 11204.000000
4605.212402 12449.000000
3662.009521 12844.000000
2414.184082 12957.000000
3406.800781 11812.000000
2538.039062 12496.000000
2637.311768 11820.000000
6431.089844 13209.000000
4006.273926 13307.000000
3161.617188 12176.000000
606.696533 11874.000000
3916.610840 11054.000000
2884.045898 11438.000000
3839.357178 12663.000000
5360.474609 13731.000000
1581.131592 11693.000000
3917.763672 11608.000000
6805.047852 12215.000000
1417.085083 12559.000000
2823.951904 12307.000000
1971.674683 11340.000000
1257.127075 14809.000000
6015.207031 13796.000000
7284.804199 13307.000000
3172.423096 13751.000000
1723.658447 14504.000000
4298.133789 12127.000000
2306.208496 12843.000000
Query results end.
