Load A2A queries finished.
Load face weight finished.
100 random queries, inner ratio = 0.000, inter ratio = 1.000
Run Algorithm 1: Bisector-Unfixed-Scheme
Query results begin: 
3062.873779 9631013.000000
6504.268066 25837960.000000
4008.000732 19746792.000000
2052.198730 6531054.000000
1914.132080 2028246.000000
2624.940430 12506614.000000
1008.750977 2175438.000000
399.590637 45274.000000
6089.530762 24172392.000000
6276.459473 28567104.000000
5673.977539 23924272.000000
2689.188721 12085823.000000
3794.332520 8134357.000000
5864.321289 19518524.000000
3275.591553 16790554.000000
4966.943359 13091268.000000
2215.188477 7281544.000000
4565.462891 28024516.000000
1782.634155 3840373.000000
2347.385498 7683154.000000
2252.958496 6527818.000000
8577.916992 29844076.000000
2397.297119 2886093.000000
4924.406738 25696996.000000
2854.661621 10624566.000000
3317.264893 19213400.000000
4294.137207 12828752.000000
2157.806396 8290327.000000
7148.763672 26934792.000000
5648.745605 18313474.000000
2829.224365 9187380.000000
4072.345215 27609628.000000
332.018616 62228.000000
2183.159424 8752291.000000
1970.536621 4327756.000000
5396.400391 29345028.000000
5814.600098 29516144.000000
2186.192383 9146377.000000
3868.659424 9064623.000000
4301.059082 17606818.000000
2857.658203 14968518.000000
5027.361328 27214804.000000
5795.789062 19828092.000000
7030.893066 26991332.000000
3304.025879 8904602.000000
2800.962646 12784939.000000
6141.332520 28811362.000000
142.193985 29468.000000
532.571533 395826.000000
2075.954102 4884131.000000
1889.483887 5038247.000000
2750.432373 4422532.000000
6017.607422 18652674.000000
8258.544922 29250332.000000
1917.672119 3989591.000000
1974.447266 5597212.000000
3611.550049 9415461.000000
1103.036377 857732.000000
3819.387939 13285645.000000
7147.322754 29051372.000000
4054.605469 17214608.000000
8088.331543 28944732.000000
5972.711914 21572570.000000
2215.319824 9425510.000000
4128.852539 10881697.000000
2009.802368 5873178.000000
7120.926270 29753752.000000
5115.466309 27639410.000000
329.823303 170535.000000
2138.031250 5718286.000000
3937.382812 23624128.000000
3761.856201 15682458.000000
2874.687988 9850900.000000
2693.515869 10549503.000000
1071.443604 2133116.000000
5817.464844 22910796.000000
4123.424316 19323132.000000
5112.782715 17550752.000000
5315.613770 15740106.000000
4782.755371 23900724.000000
3849.196777 11413865.000000
5287.631836 23677352.000000
5090.377930 28107552.000000
913.044556 656232.000000
877.695068 1226412.000000
703.690735 1039304.000000
2251.517578 7780150.000000
2356.740723 10275763.000000
3863.187256 11466364.000000
6581.893066 21913684.000000
6282.147461 28517200.000000
3637.922607 18971484.000000
1469.166870 2803834.000000
4946.205566 29328336.000000
3973.165039 16658003.000000
5210.205566 26312764.000000
2226.718994 8776811.000000
6872.866699 28312440.000000
3949.874512 16916728.000000
2504.862061 9850827.000000
Query results end.
