Load A2A queries finished.
Load face weight finished.
100 random queries, inner ratio = 0.010, inter ratio = 0.990
Run Algorithm 4: EAR-oracle
base graph |V| = 43407
quad tree level = 2
Leaf maximum side length: 1800.000
V = 1440 | EAR-Leaf = 455
maximum leaf node boundary vertices = 100
level 1 has 5 nodes
max cover set size: 255 min cover set size: 45
level 2 has 21 nodes
max cover set size: 59 min cover set size: 1
level 3 has 52 nodes
max cover set size: 31 min cover set size: 1
level 4 has 132 nodes
max cover set size: 13 min cover set size: 1
level 5 has 283 nodes
max cover set size: 5 min cover set size: 1
level 6 has 450 nodes
max cover set size: 2 min cover set size: 1
level 7 has 455 nodes
max cover set size: 1 min cover set size: 1
[Partition Tree] totally 1399 nodes 
Node pair set size: 84406
Node pair percentage: 0.00
[Index Time] EAR-oracle: 36320.000000 ms
Index memory usage: 684 MB
Breakdown_construction: 375912.000000 ms
Breakdown_dijkstra: 186.000000 ms
Query results begin: 
886.121887 1845.000000
256.182861 50.000000
211.805847 92.000000
420.651520 155.000000
1848.336182 3612.000000
62.630608 32.000000
1201.913086 2883.000000
67.926018 21.000000
330.420654 154.000000
580.223511 336.000000
234.431122 67.000000
251.262772 75.000000
1984.839478 7231.000000
237.673996 130.000000
79.638847 16.000000
1189.612671 1174.000000
1622.413696 4747.000000
434.550415 169.000000
451.326447 302.000000
741.543457 657.000000
812.534668 1520.000000
505.148376 381.000000
73.278442 19.000000
1140.809204 308.000000
1308.823364 2248.000000
739.145508 576.000000
577.919312 379.000000
932.937500 1830.000000
1211.150635 1474.000000
215.896408 52.000000
246.288849 43.000000
1270.678101 2992.000000
304.973877 112.000000
765.351379 412.000000
245.444977 95.000000
308.250061 141.000000
333.918854 201.000000
220.401855 159.000000
690.430481 320.000000
198.700562 81.000000
846.576233 1476.000000
653.994751 419.000000
795.095398 1278.000000
876.757141 1447.000000
1117.830444 1917.000000
194.950790 59.000000
594.635864 356.000000
424.280334 88.000000
1189.312988 3361.000000
1264.679077 2114.000000
220.422180 109.000000
1159.428467 2691.000000
1028.827637 195.000000
176.902008 41.000000
596.885986 542.000000
363.408905 81.000000
232.960358 72.000000
544.342285 647.000000
886.246826 758.000000
1281.146606 2873.000000
1812.214966 1361.000000
924.779663 929.000000
170.279282 54.000000
887.744751 1051.000000
139.588531 62.000000
1031.602051 1393.000000
65.591461 22.000000
2504.506348 9069.000000
51.422955 32.000000
628.779297 843.000000
365.126953 224.000000
1217.358398 1713.000000
123.138290 19.000000
743.037231 962.000000
1308.389526 2083.000000
300.035461 50.000000
174.981003 77.000000
380.339172 241.000000
661.562317 594.000000
220.744263 47.000000
92.282860 35.000000
1007.231567 1631.000000
1216.176147 3482.000000
1262.749268 3437.000000
507.638977 499.000000
560.102539 400.000000
1055.262573 1106.000000
2028.031982 8420.000000
409.171936 193.000000
160.534515 76.000000
556.018494 544.000000
489.296234 414.000000
1477.177734 2937.000000
877.670288 1066.000000
498.700836 320.000000
216.963013 104.000000
2280.506836 7676.000000
796.734253 707.000000
621.520874 342.000000
185.859650 140.000000
1784.995850 1508.000000
7132.030762 1717.000000
6170.968750 1424.000000
1868.897949 642.000000
3895.439209 861.000000
4006.309570 1114.000000
6893.063477 1690.000000
2036.834473 609.000000
4988.175781 1096.000000
4592.083008 1733.000000
5909.997070 1643.000000
4525.992188 1150.000000
5705.440430 1743.000000
6123.437500 1486.000000
7534.455566 1681.000000
4078.697266 1296.000000
3260.732422 831.000000
2131.138428 655.000000
5259.648438 1372.000000
3766.720703 1202.000000
6868.306641 1472.000000
4018.002441 796.000000
2390.205322 704.000000
2410.387939 959.000000
1549.620117 695.000000
6047.975586 1810.000000
341.502045 316.000000
4987.549316 1858.000000
5016.791016 1363.000000
5718.333496 1757.000000
4682.876953 1234.000000
2883.691650 730.000000
3931.535645 918.000000
4211.530273 1527.000000
3768.226807 1866.000000
7935.200195 1995.000000
1941.358887 576.000000
2052.423340 690.000000
3227.912842 960.000000
2181.238281 934.000000
1946.478516 582.000000
5973.010254 1638.000000
8003.780273 2364.000000
2951.493408 1414.000000
6235.593262 1750.000000
2253.508301 854.000000
4407.851562 1779.000000
4001.426758 1266.000000
2502.386230 706.000000
4221.726074 1531.000000
2443.414551 525.000000
5770.314941 2079.000000
3781.096680 1702.000000
2881.461914 1003.000000
2117.419434 437.000000
3940.187744 1135.000000
4309.810547 1689.000000
3912.581787 1287.000000
6108.497559 1669.000000
2733.430664 1166.000000
4114.289551 1336.000000
5117.362793 1863.000000
3473.980225 1202.000000
4957.657715 1144.000000
6300.320312 1671.000000
6561.895996 1827.000000
5585.976562 1142.000000
2946.725098 1359.000000
367.484924 402.000000
6790.595703 1771.000000
5731.705078 1403.000000
4794.688477 1391.000000
2572.996582 1277.000000
6412.432617 1781.000000
3470.224609 725.000000
6949.232910 1863.000000
2206.091797 739.000000
4317.387695 1757.000000
3942.883057 1254.000000
4835.810547 1791.000000
5804.482910 1553.000000
2872.597168 760.000000
3707.204834 1046.000000
5357.958008 1341.000000
1995.967896 825.000000
6006.679688 1781.000000
6120.486328 1972.000000
3959.772217 1624.000000
4836.007812 1083.000000
2421.928223 1026.000000
5553.572754 1557.000000
2066.515869 532.000000
5911.556641 1414.000000
5855.162109 1615.000000
6046.368164 2167.000000
4508.100098 1226.000000
3759.984375 1486.000000
3025.284180 1307.000000
4103.369629 1703.000000
2676.610352 1236.000000
2035.258545 958.000000
1624.694336 447.000000
6252.177246 1359.000000
982.869080 1722.000000
788.861023 1381.000000
5807.333496 1905.000000
3006.384277 696.000000
577.036499 691.000000
4830.552246 1184.000000
290.340332 129.000000
2734.113037 1201.000000
3186.314453 1057.000000
1909.979980 733.000000
5753.543457 1680.000000
4083.238525 1339.000000
2338.376953 1231.000000
4293.138672 1734.000000
4138.524414 1403.000000
2827.661377 1256.000000
4055.447021 1438.000000
534.313599 291.000000
3866.294189 699.000000
3099.649658 1039.000000
504.007935 525.000000
1182.267944 3288.000000
6166.101074 2908.000000
4918.672852 1337.000000
2436.741699 878.000000
3867.162354 1762.000000
7336.381348 1878.000000
5124.500977 1272.000000
4340.111816 1249.000000
3398.788330 757.000000
4862.017578 1605.000000
7428.762207 1502.000000
3016.811768 853.000000
5646.042969 1651.000000
2231.413330 861.000000
3854.114502 1743.000000
2235.339111 1027.000000
7311.144043 1930.000000
1454.232544 530.000000
4481.807617 1564.000000
1954.581543 427.000000
2378.141602 953.000000
5299.368164 1610.000000
2465.902344 938.000000
1318.649414 2806.000000
3498.132568 1036.000000
6720.130371 1869.000000
5357.015137 1739.000000
6774.240723 1884.000000
1848.245361 598.000000
3484.895020 709.000000
4609.014160 909.000000
3225.699707 1248.000000
3507.730957 1170.000000
3990.251709 1163.000000
4330.685059 1564.000000
5910.544434 1930.000000
3034.711426 1641.000000
1653.651733 5498.000000
6190.545898 2413.000000
5816.838867 1716.000000
3310.555176 1157.000000
7988.211914 1624.000000
147.105545 47.000000
3942.842285 899.000000
2254.977051 821.000000
6186.342285 1645.000000
4027.509766 1059.000000
61.023148 23.000000
4349.366211 1312.000000
3810.003906 1286.000000
1313.062744 1037.000000
4013.178467 1973.000000
5287.104004 2091.000000
4892.949707 1181.000000
5943.166504 2138.000000
3940.246338 1025.000000
2566.174805 1544.000000
2187.021729 672.000000
2132.167969 812.000000
801.583496 519.000000
5148.983398 2088.000000
4272.744629 1287.000000
4917.094727 1225.000000
5276.935059 1529.000000
2197.014648 576.000000
3004.864258 2138.000000
4011.370117 1809.000000
2612.797852 889.000000
2322.645752 988.000000
3851.900391 862.000000
1505.907349 458.000000
6406.275391 1759.000000
847.463684 309.000000
3816.100586 1536.000000
1403.568604 672.000000
1389.693970 4483.000000
Query results end.
