Load A2A queries finished.
Load face weight finished.
100 random queries, inner ratio = 0.000, inter ratio = 1.000
Run Algorithm 0: Bisector-Fixed-Scheme
base graph |V| = 43407
Query results begin: 
5161.349609 19353.000000
4073.492676 8434.000000
3374.740234 14480.000000
1572.558472 3324.000000
2330.400391 8516.000000
4783.140625 13315.000000
3356.566650 23489.000000
2078.361816 9307.000000
4118.688477 23596.000000
2586.635254 11575.000000
4213.577637 15105.000000
2843.104492 5942.000000
7433.331055 26793.000000
5764.838867 23269.000000
5796.314941 21182.000000
4933.446289 26131.000000
911.630127 2256.000000
4117.223145 18939.000000
3099.645996 18079.000000
3971.629150 15339.000000
3907.557129 19874.000000
5239.030762 25277.000000
1232.937134 1980.000000
1699.254639 6715.000000
897.530029 1877.000000
3733.020752 13071.000000
4673.176270 9107.000000
1858.745117 2315.000000
1043.252197 2275.000000
6645.423340 23975.000000
2878.550781 13936.000000
4728.370605 25781.000000
5174.395996 24820.000000
5469.441406 23082.000000
5250.174316 22154.000000
2878.747070 15217.000000
5232.313965 24109.000000
2342.359375 10976.000000
1021.250854 2733.000000
3713.314209 15603.000000
786.257019 518.000000
2508.796875 11792.000000
2485.021973 9449.000000
6828.087891 23147.000000
2479.590332 5426.000000
5280.064941 28703.000000
2696.532227 6152.000000
391.066681 468.000000
2981.099365 8144.000000
7020.117188 30421.000000
4288.785156 21110.000000
5306.966797 28516.000000
5661.821777 20004.000000
5575.864258 27462.000000
3857.090332 18968.000000
3467.366455 11840.000000
2645.513672 14575.000000
4190.199219 17671.000000
5533.871094 17185.000000
3892.674316 15209.000000
179.656921 37.000000
2169.928223 6547.000000
4588.772461 26374.000000
2661.189697 9460.000000
2578.345947 9253.000000
2848.780029 18814.000000
5914.178223 33720.000000
2452.656494 7818.000000
7374.325684 31851.000000
2280.560303 10134.000000
1930.977783 5920.000000
5316.858398 28005.000000
2008.426270 7804.000000
4813.535156 20697.000000
3820.342285 13813.000000
2521.868896 7947.000000
3482.196777 13496.000000
2674.124023 12004.000000
2741.639648 10261.000000
6561.325195 22495.000000
4250.125488 13557.000000
3272.437500 16729.000000
642.060913 658.000000
4044.694580 30412.000000
3067.919434 11635.000000
4071.293701 14799.000000
5578.118164 20965.000000
1640.185547 6618.000000
4052.470215 21675.000000
7016.370117 32113.000000
1462.756470 3303.000000
2927.375244 8098.000000
2090.934082 7671.000000
1316.051514 3239.000000
6232.931641 22164.000000
7434.664551 29219.000000
3340.218506 6973.000000
1903.423828 5510.000000
4427.164062 34918.000000
2417.238037 6746.000000
Query results end.
