Load A2A queries finished.
Load face weight finished.
100 random queries, inner ratio = 0.000, inter ratio = 1.000
Run Algorithm 4: EAR-oracle
base graph |V| = 74562
quad tree level = 2
Leaf maximum side length: 2304.000
V = 2470 | EAR-Leaf = 587
maximum leaf node boundary vertices = 127
level 1 has 5 nodes
max cover set size: 287 min cover set size: 11
level 2 has 17 nodes
max cover set size: 124 min cover set size: 1
level 3 has 40 nodes
max cover set size: 52 min cover set size: 1
level 4 has 90 nodes
max cover set size: 21 min cover set size: 1
level 5 has 231 nodes
max cover set size: 10 min cover set size: 1
level 6 has 457 nodes
max cover set size: 5 min cover set size: 1
level 7 has 585 nodes
max cover set size: 2 min cover set size: 1
level 8 has 587 nodes
max cover set size: 1 min cover set size: 1
[Partition Tree] totally 2013 nodes 
Node pair set size: 106713
Node pair percentage: 0.00
[Index Time] EAR-oracle: 75541.000000 ms
Index memory usage: 1299 MB
Breakdown_construction: 40866.000000 ms
Breakdown_dijkstra: 132073.000000 ms
Query results begin: 
4514.212891 3195.000000
1192.409546 777.000000
2557.137451 802.000000
6022.468750 1567.000000
7986.740723 2096.000000
4731.184570 1138.000000
351.202271 361.000000
6483.806641 1581.000000
4208.189941 1977.000000
2375.123535 437.000000
4495.764648 976.000000
5296.692871 1897.000000
6108.629883 1780.000000
881.043518 1821.000000
6352.611816 1790.000000
5807.960449 1542.000000
3334.348633 1470.000000
6728.202637 1615.000000
3828.707764 1727.000000
4808.311035 1534.000000
6160.503418 1668.000000
4196.220703 1728.000000
9269.052734 2099.000000
2987.806641 1412.000000
3518.261963 1529.000000
2590.311523 1058.000000
4276.522461 1689.000000
6908.975586 2042.000000
5620.453125 1348.000000
6837.443848 1508.000000
2904.143311 811.000000
6425.185547 2270.000000
3624.164551 1822.000000
8978.215820 2432.000000
5350.453125 2293.000000
4545.393066 1696.000000
7448.890625 2157.000000
4735.830566 3015.000000
7017.637207 2380.000000
4767.876953 1596.000000
3772.526367 1963.000000
6981.172363 2043.000000
3246.110352 1004.000000
3995.758545 973.000000
6749.895508 2517.000000
4134.949219 1265.000000
2116.940918 1352.000000
5089.551758 2116.000000
4996.978516 2045.000000
4773.568359 1683.000000
3955.636230 1565.000000
5134.136719 1585.000000
2523.844727 2169.000000
5757.639648 2540.000000
5842.282715 2259.000000
9149.664062 2064.000000
6830.471680 2559.000000
6618.599609 1927.000000
6599.703613 2025.000000
6772.860840 1628.000000
9318.257812 1983.000000
7313.527832 2074.000000
3313.895020 1401.000000
1911.652588 918.000000
3042.708252 1150.000000
4955.788086 2010.000000
1319.471069 3934.000000
3624.723633 2562.000000
4276.674805 1256.000000
5089.971680 2401.000000
5483.903320 1871.000000
8106.285156 1906.000000
3942.238281 1288.000000
5721.483398 2981.000000
4612.268066 2547.000000
4944.190430 1525.000000
4312.867676 1912.000000
4238.937012 2164.000000
3162.087158 1013.000000
3560.149414 1497.000000
5320.735352 2269.000000
5159.302734 2344.000000
5448.902344 1631.000000
3250.103027 1113.000000
10709.592773 2239.000000
2720.556152 737.000000
7866.187500 2056.000000
2427.379639 894.000000
2512.850586 1457.000000
3354.401855 937.000000
4659.215332 1408.000000
7843.027344 2501.000000
3081.165527 1565.000000
584.524292 304.000000
1482.506104 757.000000
2599.467529 1543.000000
4689.401367 1481.000000
5266.521973 2071.000000
7029.054688 2417.000000
2258.128906 904.000000
Query results end.
