Load A2A queries finished.
Load face weight finished.
100 random queries, inner ratio = 0.000, inter ratio = 1.000
Run Algorithm 3: SE-Oracle
base graph |V| = 74560
Begin to build partition tree...
level 1 has 4 nodes
max cover set size: 41872 min cover set size: 1176
level 2 has 14 nodes
max cover set size: 15488 min cover set size: 54
level 3 has 48 nodes
max cover set size: 6637 min cover set size: 1
level 4 has 180 nodes
max cover set size: 1869 min cover set size: 1
level 5 has 782 nodes
max cover set size: 659 min cover set size: 1
level 6 has 3479 nodes
max cover set size: 205 min cover set size: 1
level 7 has 12196 nodes
max cover set size: 65 min cover set size: 1
level 8 has 32393 nodes
max cover set size: 28 min cover set size: 1
level 9 has 57047 nodes
max cover set size: 12 min cover set size: 1
level 10 has 69436 nodes
max cover set size: 7 min cover set size: 1
level 11 has 72934 nodes
max cover set size: 4 min cover set size: 1
level 12 has 74117 nodes
max cover set size: 3 min cover set size: 1
level 13 has 74446 nodes
max cover set size: 3 min cover set size: 1
level 14 has 74534 nodes
max cover set size: 3 min cover set size: 1
level 15 has 74549 nodes
max cover set size: 3 min cover set size: 1
level 16 has 74550 nodes
max cover set size: 3 min cover set size: 1
level 17 has 74555 nodes
max cover set size: 2 min cover set size: 1
level 18 has 74557 nodes
max cover set size: 2 min cover set size: 1
level 19 has 74560 nodes
max cover set size: 1 min cover set size: 1
[Partition Tree] totally 844382 nodes 
Partition tree finished.
Node pair set size: 69471867
Node pair percentage: 0.012
[Index Time] SE-oracle: 4854138.000000 ms
Index memory usage: 104672 MB
5190.642578 6829.000000
2247.471191 6850.000000
4879.828125 6079.000000
10218.531250 6006.000000
7640.900879 5903.000000
5827.880371 6191.000000
3848.685791 6220.000000
5580.221191 5763.000000
9391.907227 5724.000000
4078.247559 5503.000000
7213.312500 5640.000000
6805.232910 5606.000000
3095.891846 6014.000000
8160.701660 5568.000000
6980.835938 6017.000000
8674.463867 5453.000000
5084.369629 5220.000000
7442.189941 5342.000000
4188.315430 6026.000000
7443.335449 5602.000000
2454.071289 5826.000000
2797.564941 5599.000000
2815.332520 5372.000000
6049.025879 5495.000000
6653.255859 5476.000000
7084.611328 5913.000000
6044.342285 5539.000000
5219.010254 5854.000000
4732.904785 5584.000000
4542.359863 5459.000000
1121.671143 5557.000000
6051.909668 5311.000000
6710.247070 5855.000000
5727.149414 5730.000000
3103.582764 5520.000000
1141.132324 7804.000000
4695.659668 5320.000000
4595.173340 5392.000000
3304.929688 5731.000000
6318.477539 5681.000000
7946.209961 5642.000000
6244.478516 5621.000000
920.161865 6430.000000
5215.508301 5669.000000
2001.943970 5379.000000
7122.644531 5408.000000
3030.578125 5745.000000
7810.894043 4984.000000
2738.458008 5457.000000
8667.434570 5456.000000
2191.330322 4883.000000
4592.611328 5539.000000
3716.740967 5739.000000
5515.531738 5283.000000
4870.678223 7375.000000
5394.449219 5069.000000
4830.528320 5689.000000
2876.868896 5744.000000
2888.030273 5174.000000
4522.383301 5770.000000
1655.859009 5413.000000
7472.321777 5281.000000
5669.323730 5101.000000
2789.415283 5648.000000
5211.305664 5219.000000
7405.288574 5280.000000
2742.730225 5520.000000
4916.860352 5548.000000
6888.083984 5669.000000
8277.455078 4802.000000
4900.923340 5162.000000
7360.606934 4880.000000
4432.018555 5284.000000
8433.251953 5539.000000
7213.929688 6597.000000
8804.960938 5441.000000
7582.079102 5086.000000
7346.501465 5317.000000
8919.827148 4998.000000
2502.275635 5117.000000
7085.559082 5256.000000
1835.031738 5582.000000
8025.859375 5137.000000
5523.146973 5329.000000
5741.802734 5313.000000
6226.753906 5064.000000
4166.611816 5082.000000
1156.708984 5650.000000
2554.276611 5579.000000
5490.363770 4543.000000
1722.489014 5440.000000
2764.168701 5398.000000
9225.625000 4978.000000
599.367615 5537.000000
4658.127441 7610.000000
5891.986816 5206.000000
4431.656250 5271.000000
5283.584473 5140.000000
6887.108398 5554.000000
4938.519043 4832.000000
Query results begin: 
5190.642578 6829.000000
2247.471191 6850.000000
4879.828125 6079.000000
10218.531250 6006.000000
7640.900879 5903.000000
5827.880371 6191.000000
3848.685791 6220.000000
5580.221191 5763.000000
9391.907227 5724.000000
4078.247559 5503.000000
7213.312500 5640.000000
6805.232910 5606.000000
3095.891846 6014.000000
8160.701660 5568.000000
6980.835938 6017.000000
8674.463867 5453.000000
5084.369629 5220.000000
7442.189941 5342.000000
4188.315430 6026.000000
7443.335449 5602.000000
2454.071289 5826.000000
2797.564941 5599.000000
2815.332520 5372.000000
6049.025879 5495.000000
6653.255859 5476.000000
7084.611328 5913.000000
6044.342285 5539.000000
5219.010254 5854.000000
4732.904785 5584.000000
4542.359863 5459.000000
1121.671143 5557.000000
6051.909668 5311.000000
6710.247070 5855.000000
5727.149414 5730.000000
3103.582764 5520.000000
1141.132324 7804.000000
4695.659668 5320.000000
4595.173340 5392.000000
3304.929688 5731.000000
6318.477539 5681.000000
7946.209961 5642.000000
6244.478516 5621.000000
920.161865 6430.000000
5215.508301 5669.000000
2001.943970 5379.000000
7122.644531 5408.000000
3030.578125 5745.000000
7810.894043 4984.000000
2738.458008 5457.000000
8667.434570 5456.000000
2191.330322 4883.000000
4592.611328 5539.000000
3716.740967 5739.000000
5515.531738 5283.000000
4870.678223 7375.000000
5394.449219 5069.000000
4830.528320 5689.000000
2876.868896 5744.000000
2888.030273 5174.000000
4522.383301 5770.000000
1655.859009 5413.000000
7472.321777 5281.000000
5669.323730 5101.000000
2789.415283 5648.000000
5211.305664 5219.000000
7405.288574 5280.000000
2742.730225 5520.000000
4916.860352 5548.000000
6888.083984 5669.000000
8277.455078 4802.000000
4900.923340 5162.000000
7360.606934 4880.000000
4432.018555 5284.000000
8433.251953 5539.000000
7213.929688 6597.000000
8804.960938 5441.000000
7582.079102 5086.000000
7346.501465 5317.000000
8919.827148 4998.000000
2502.275635 5117.000000
7085.559082 5256.000000
1835.031738 5582.000000
8025.859375 5137.000000
5523.146973 5329.000000
5741.802734 5313.000000
6226.753906 5064.000000
4166.611816 5082.000000
1156.708984 5650.000000
2554.276611 5579.000000
5490.363770 4543.000000
1722.489014 5440.000000
2764.168701 5398.000000
9225.625000 4978.000000
599.367615 5537.000000
4658.127441 7610.000000
5891.986816 5206.000000
4431.656250 5271.000000
5283.584473 5140.000000
6887.108398 5554.000000
4938.519043 4832.000000
Query results end.
