Load A2A queries finished.
Load face weight finished.
100 random queries, inner ratio = 0.000, inter ratio = 1.000
Run Algorithm 0: Bisector-Fixed-Scheme
base graph |V| = 74562
Query results begin: 
4517.663086 46617.000000
1192.409546 3427.000000
2558.052246 12790.000000
6035.907227 32684.000000
7993.721680 47950.000000
4732.501953 22124.000000
351.202271 262.000000
6484.047363 30699.000000
4210.000488 36489.000000
2375.885010 2350.000000
4497.187012 16824.000000
5298.546387 45150.000000
6110.741699 36600.000000
881.043518 1832.000000
6316.753906 33865.000000
5811.826660 28617.000000
3307.459717 26967.000000
6730.147949 44963.000000
3809.645996 33721.000000
4811.568359 29481.000000
6151.795410 33939.000000
4196.540039 39954.000000
9261.154297 53871.000000
2992.097656 22157.000000
3524.416504 26958.000000
2585.620361 13115.000000
4275.244141 35443.000000
6911.375977 59148.000000
5621.375000 27696.000000
6833.736328 31260.000000
2908.513428 11396.000000
6422.537598 52465.000000
3611.256836 23170.000000
8979.968750 50939.000000
5352.831543 39918.000000
4545.106445 25119.000000
7455.625000 36459.000000
4729.591797 40157.000000
7017.984375 47033.000000
4770.294434 22299.000000
3772.596680 27452.000000
6983.724609 36635.000000
3248.113770 15509.000000
3989.209229 15033.000000
6759.941895 41476.000000
4138.497559 19038.000000
2115.710938 10593.000000
5095.078613 35203.000000
5002.500977 25817.000000
4778.005371 30363.000000
3958.339355 25979.000000
5135.706543 33709.000000
2526.357666 16334.000000
5759.228027 29569.000000
5842.103027 38976.000000
9166.249023 56258.000000
6838.856934 41646.000000
6621.462402 36763.000000
6600.919434 44180.000000
6790.583008 34385.000000
9322.676758 55383.000000
7314.682617 58670.000000
3314.918945 21965.000000
1905.748413 6438.000000
3044.124023 10642.000000
4954.882812 21078.000000
1319.471069 3665.000000
3624.300781 27630.000000
4276.930664 16768.000000
5094.514648 26012.000000
5487.573242 35513.000000
8112.997559 41419.000000
3943.061523 22935.000000
5724.744629 44279.000000
4612.400879 28458.000000
4945.165039 20784.000000
4323.742188 35693.000000
4240.587891 33844.000000
3165.053711 13768.000000
3562.561768 17538.000000
5309.314453 56626.000000
5165.042480 32624.000000
5445.547363 28123.000000
3264.732910 21790.000000
10719.254883 50567.000000
2723.517578 6567.000000
7872.830078 45134.000000
2428.710205 7325.000000
2508.218262 15302.000000
3354.820312 15586.000000
4661.421387 22513.000000
7843.833008 53496.000000
3086.443359 17942.000000
584.524292 256.000000
1484.526245 4081.000000
2599.467529 15392.000000
4692.251465 17460.000000
5268.675781 32598.000000
7034.285156 53599.000000
2258.128662 7399.000000
Query results end.
