Load A2A queries finished.
Load face weight finished.
100 random queries, inner ratio = 0.000, inter ratio = 1.000
Run Algorithm 5: MMP-Algorithm
Query results begin: 
4451.411133 27803.000000
1168.072754 27562.000000
2453.556641 28209.000000
5857.215332 30721.000000
7854.421875 30208.000000
4633.604004 29250.000000
346.618591 30491.000000
6338.553711 33374.000000
4072.768555 30353.000000
2258.192383 34466.000000
4361.194824 30143.000000
5145.408691 28137.000000
5960.636719 29741.000000
824.040161 28728.000000
5958.579102 31195.000000
5646.897949 36832.000000
3225.447021 32420.000000
6486.402832 32696.000000
3712.754639 29240.000000
4642.849121 29101.000000
5919.336914 31683.000000
3884.099365 28483.000000
9021.552734 29805.000000
2815.576172 28020.000000
3328.830322 28723.000000
2438.909424 28407.000000
4026.874512 27935.000000
6751.313965 27537.000000
5470.930176 28978.000000
6569.079102 30964.000000
2842.853760 33739.000000
6266.933594 30405.000000
3544.693848 26844.000000
8772.445312 26589.000000
5181.078613 27804.000000
4363.407715 30518.000000
7261.165527 31408.000000
4603.190430 28832.000000
6773.916016 30445.000000
4630.682617 29574.000000
3561.272949 29992.000000
6787.341797 33003.000000
3203.881592 33010.000000
3811.347168 29618.000000
6536.856445 27953.000000
3985.523682 28936.000000
2055.774658 30894.000000
4921.744629 30410.000000
4878.099609 31110.000000
4548.971680 31401.000000
3767.684570 29722.000000
4924.368652 29739.000000
2468.181641 28413.000000
5516.980469 32974.000000
5660.762207 28751.000000
8792.890625 32372.000000
6558.025879 32499.000000
6369.700195 31558.000000
6366.864258 33322.000000
6603.036621 30797.000000
9103.693359 30994.000000
7098.923828 28601.000000
3257.877197 27259.000000
1808.373535 28599.000000
2858.978516 30542.000000
4841.458496 29665.000000
1199.737061 27405.000000
3506.909180 27575.000000
4220.444824 30851.000000
4976.885254 29620.000000
5353.551758 28770.000000
7803.303711 28193.000000
3834.588623 29587.000000
5573.557617 29368.000000
4366.163574 28462.000000
4832.819824 30488.000000
4144.436523 29394.000000
4093.942871 27981.000000
3089.422363 28007.000000
3497.806152 28103.000000
5181.997070 29301.000000
4932.393555 29143.000000
5264.529297 31789.000000
3050.141113 35073.000000
10399.621094 34138.000000
2614.214111 30870.000000
7664.213867 30261.000000
2280.949219 29854.000000
2465.564209 28377.000000
3228.270996 30016.000000
4553.829590 30393.000000
7635.208008 28191.000000
2963.957275 27610.000000
555.052124 31400.000000
1354.624268 29348.000000
2492.936035 29988.000000
4496.854492 29775.000000
5043.923340 33854.000000
6724.979980 29851.000000
2091.772949 31422.000000
Query results end.
