Load A2A queries finished.
Load face weight finished.
100 random queries, inner ratio = 0.000, inter ratio = 1.000
Run Algorithm 2: K-Algo
theta_m = 5.923
Query results begin: 
5186.045410 13356433.000000
2401.049072 4965216.000000
4882.832031 10092108.000000
10520.184570 21943342.000000
7038.581543 15147937.000000
5957.139648 10984544.000000
3769.038330 10896531.000000
5577.030273 16555305.000000
9505.311523 21264624.000000
4271.925293 5533293.000000
7457.788086 16294975.000000
6917.892090 17142210.000000
3264.791504 6705453.000000
8102.964844 21836768.000000
7140.593750 20623832.000000
8080.175781 16466917.000000
4958.642090 14602855.000000
7432.909668 17939240.000000
4249.040039 15108893.000000
7453.202148 18038676.000000
2336.385010 4231608.000000
2855.129639 7121654.000000
2746.647461 4621721.000000
6167.647461 15956005.000000
6419.625000 18256696.000000
7079.683594 17440496.000000
5813.133301 11711320.000000
5436.985840 13375721.000000
4734.187988 10192495.000000
4503.195801 8681345.000000
1154.955322 730785.000000
6028.414551 14237395.000000
6534.712891 15369824.000000
5693.035156 14082447.000000
3106.208740 4345864.000000
1151.380005 1217284.000000
4971.333496 7870729.000000
4694.647949 10843292.000000
3176.303711 6842809.000000
6383.144043 14371932.000000
8294.427734 21687112.000000
6079.917969 19502992.000000
923.421265 476426.000000
4978.161133 9516639.000000
2014.312744 3364936.000000
7107.512207 18497728.000000
3075.982178 7994974.000000
7319.043945 17590586.000000
2814.302979 4741329.000000
8125.668457 20100836.000000
2255.355469 1166934.000000
4878.492188 15368275.000000
3709.337646 8644433.000000
5416.072754 13834791.000000
4836.395996 17720550.000000
5166.047852 16482663.000000
4715.769531 10565589.000000
2939.535645 7716095.000000
3101.793701 5482792.000000
4777.227051 14315586.000000
1711.326172 1779817.000000
7520.072266 20252948.000000
5687.895020 14124620.000000
2596.697510 6406540.000000
5141.214355 5382600.000000
7036.164551 15978037.000000
2728.077881 7038449.000000
4767.496582 8966835.000000
6864.688965 17053326.000000
7982.437012 20602470.000000
5159.807617 14553524.000000
7333.873535 18977396.000000
4420.894531 8495919.000000
8323.268555 20782512.000000
7454.829590 20437900.000000
8930.357422 19820640.000000
7611.854492 19181714.000000
7504.613770 16673214.000000
8432.394531 21184002.000000
2618.740234 3375159.000000
7210.573242 17601294.000000
1801.125000 3715599.000000
7853.380859 13959049.000000
5675.748535 17885870.000000
5838.714844 16172570.000000
6422.244141 21794880.000000
4205.286621 13724951.000000
1197.671753 834730.000000
2561.310303 4740410.000000
5458.876465 15090907.000000
1747.688232 1518583.000000
2680.667969 6769442.000000
9154.904297 21304816.000000
613.512756 370100.000000
4766.561035 8591248.000000
5972.855469 16702628.000000
4654.371582 6532801.000000
5429.389160 14396810.000000
7029.856934 16734698.000000
4877.670410 10248788.000000
Query results end.
