Load A2A queries finished.
Load face weight finished.
100 random queries, inner ratio = 0.000, inter ratio = 1.000
Run Algorithm 1: Bisector-Unfixed-Scheme
Query results begin: 
5275.163086 30715620.000000
2433.629883 13529779.000000
4965.102539 25352580.000000
10709.872070 51925540.000000
7151.918945 32670416.000000
6082.480469 26460130.000000
3871.509521 28586584.000000
5628.094238 34976896.000000
9686.385742 50399704.000000
4304.794434 14063766.000000
7435.168945 36040984.000000
6988.392090 39866080.000000
3280.540039 16364861.000000
8269.172852 52068312.000000
7237.075195 48821616.000000
8220.377930 36748916.000000
4993.722168 32021364.000000
7501.636230 40334560.000000
4428.107910 36129192.000000
7561.775879 41807936.000000
2390.020752 10701281.000000
2899.709229 17607366.000000
2772.338623 12145072.000000
6305.179688 36351040.000000
6503.987305 41973084.000000
7180.834961 40700972.000000
5895.675781 28537248.000000
5500.240234 28621100.000000
4866.264648 25858588.000000
4606.686523 20506232.000000
1174.684448 2164116.000000
6108.187500 30829272.000000
6672.509766 34392560.000000
5854.327637 31251784.000000
3151.549561 10623876.000000
1190.662109 4078852.000000
5108.048828 18701948.000000
4776.042480 27328142.000000
3280.070312 15847167.000000
6504.546387 32064972.000000
8455.181641 51401960.000000
6195.410156 45783072.000000
924.571289 1502094.000000
5117.404785 23442768.000000
2050.830078 8959872.000000
7218.308105 43137760.000000
3093.902344 19290732.000000
7491.023926 41292424.000000
2838.187256 11602749.000000
8368.672852 47779896.000000
2264.041748 2943492.000000
4911.391113 34921352.000000
3760.834717 20526124.000000
5543.751465 31127768.000000
4924.934082 42262816.000000
5249.235840 38083236.000000
4819.801758 26533218.000000
2983.836914 19051364.000000
3103.179932 14617119.000000
4863.942871 31845536.000000
1724.916992 4977162.000000
7671.558105 47901552.000000
5801.843262 31450332.000000
2719.473145 16193714.000000
5253.959473 13135492.000000
7229.194824 35281584.000000
2802.631348 17537796.000000
4894.371094 21585696.000000
7029.079590 39277096.000000
8095.777344 48398664.000000
5197.025391 32156766.000000
7420.226562 43605824.000000
4490.463867 20727424.000000
8498.698242 49235076.000000
7569.093262 47616296.000000
9132.021484 46994168.000000
7731.656250 44574812.000000
7583.822754 37637424.000000
8556.262695 49358236.000000
2612.345215 7528863.000000
7275.467285 40586580.000000
1845.903564 9795767.000000
7956.794922 30540032.000000
5745.189453 41124996.000000
5876.639648 36208732.000000
6558.312500 52601376.000000
4264.666016 31172816.000000
1188.362915 2176783.000000
2567.942383 12621596.000000
5596.288574 35810192.000000
1764.056274 4068741.000000
2733.048584 16723164.000000
9337.063477 50517744.000000
596.945679 1197149.000000
4857.383301 21068148.000000
6067.735840 38433516.000000
4684.632812 14495125.000000
5514.490723 31604784.000000
7127.407715 38065464.000000
4971.395996 24164932.000000
Query results end.
