Load A2A queries finished.
Load face weight finished.
100 random queries, inner ratio = 0.000, inter ratio = 1.000
Run Algorithm 2: K-Algo
theta_m = 9.464
Query results begin: 
2025.245605 1836466.000000
2570.604492 4267878.000000
2445.326416 2597856.000000
2520.209473 2038917.000000
3543.220459 4928559.000000
2765.871582 2988377.000000
1273.500854 651790.000000
792.370056 307194.000000
4010.166260 5174773.000000
772.048157 253580.000000
3582.738281 4656804.000000
111.615204 150.000000
3175.509521 2532704.000000
5424.187988 6138846.000000
2064.919678 2500108.000000
2198.046143 2174581.000000
5502.516602 5825523.000000
1918.017212 1246309.000000
3680.268066 4968540.000000
1010.600098 587805.000000
1874.416016 2483880.000000
2272.803711 3847797.000000
5409.476074 6187389.000000
1970.960083 1971450.000000
1966.350830 2225541.000000
5373.591797 5101448.000000
1775.689453 338078.000000
4687.030762 5842495.000000
1062.525635 494548.000000
3183.480957 2313280.000000
838.139954 399391.000000
1769.840454 1970710.000000
1826.734741 1498828.000000
3670.776611 5243941.000000
3658.198975 5637035.000000
3553.678467 5952218.000000
2001.117920 1453048.000000
3532.717041 5933539.000000
1733.379395 2250225.000000
2575.942383 2844474.000000
2599.847168 4332869.000000
3743.918213 5695551.000000
1955.825195 2531521.000000
3139.289551 2429873.000000
4289.912109 6175505.000000
5039.969727 5778965.000000
1856.099731 1150173.000000
1948.559570 2337267.000000
1895.168213 2448101.000000
5422.655273 5964592.000000
1511.015869 404152.000000
3862.430908 6162808.000000
5304.143066 5161341.000000
2165.799072 3058690.000000
272.321655 17593.000000
5456.721680 4900106.000000
1907.979248 2339055.000000
280.269104 105.000000
1825.401855 696504.000000
5398.311035 6340688.000000
6053.615723 5919984.000000
3656.177246 2951145.000000
2533.194092 2608519.000000
1180.195923 880218.000000
3791.319580 6085606.000000
2453.800781 2728158.000000
5722.148438 6302931.000000
1914.610229 2402519.000000
2078.251221 1537301.000000
3299.115234 4720397.000000
2112.120117 3152271.000000
1872.227905 1352365.000000
1966.426025 2599051.000000
5441.345215 5756349.000000
1836.464111 1953661.000000
2096.129639 1900536.000000
2127.040771 2392238.000000
1416.113647 1138726.000000
3667.034668 4659577.000000
5776.541992 6401181.000000
5868.920410 6314887.000000
1466.625488 456341.000000
2015.816895 2826186.000000
3480.128418 5766215.000000
2262.643555 2758374.000000
5920.777832 6369803.000000
2132.206787 1210845.000000
4283.924316 3135651.000000
3707.190430 6207321.000000
907.076111 458464.000000
2533.717773 3228904.000000
1129.517700 329289.000000
3646.734375 5465189.000000
1764.668457 2245879.000000
4145.661621 5659038.000000
5456.922852 5895526.000000
311.942291 20954.000000
1759.215332 1939198.000000
1781.501587 1891955.000000
3062.374512 4910353.000000
Query results end.
