Load A2A queries finished.
Load face weight finished.
100 random queries, inner ratio = 0.000, inter ratio = 1.000
Run Algorithm 0: Bisector-Fixed-Scheme
base graph |V| = 23289
Query results begin: 
5321.800293 15740.000000
3671.998291 11299.000000
1588.323853 4751.000000
4001.431152 9940.000000
3638.906982 13284.000000
4027.902344 16297.000000
2995.950684 12183.000000
4894.085938 17804.000000
4170.755371 12363.000000
4495.906738 9072.000000
2774.876709 7663.000000
3429.447266 9100.000000
1804.098999 5288.000000
3197.583740 12892.000000
1950.952881 4194.000000
2497.003174 9284.000000
3405.828125 11730.000000
4029.022949 13647.000000
2474.141846 5360.000000
2708.405518 10790.000000
2549.586914 3352.000000
3203.190186 12454.000000
2112.344238 4773.000000
1218.401245 1581.000000
3297.062256 5339.000000
6012.194336 12408.000000
2034.079468 5689.000000
5907.562012 13418.000000
1828.967529 3955.000000
3789.698975 12800.000000
1855.635742 2661.000000
1238.520752 696.000000
5103.774414 15445.000000
543.453491 321.000000
637.648865 697.000000
3469.790771 12841.000000
3477.660156 13335.000000
2555.869385 6646.000000
931.983948 1710.000000
2800.743896 11699.000000
1500.846436 3993.000000
3199.305908 5837.000000
1627.987549 2810.000000
2273.655273 2680.000000
3476.575439 7407.000000
423.731720 421.000000
3267.943359 7941.000000
2644.698486 10913.000000
2783.499023 13270.000000
4938.743164 10917.000000
4940.554199 11541.000000
1631.235962 4032.000000
5997.002930 14124.000000
1571.600098 3741.000000
2788.553223 11888.000000
1820.072388 5593.000000
2061.553223 7829.000000
1030.999146 1166.000000
2156.341064 6986.000000
2367.983887 6513.000000
3954.437500 13505.000000
3325.020264 10368.000000
3468.779053 8309.000000
310.086212 86.000000
4593.015625 12033.000000
2964.790039 12262.000000
3832.638184 14742.000000
3312.791260 12002.000000
154.182434 54.000000
5170.354004 13939.000000
5567.170898 13242.000000
3278.961670 8653.000000
3362.643066 12028.000000
2751.582031 6789.000000
3009.134033 7435.000000
3023.586914 9142.000000
1169.069214 1039.000000
4204.906738 9697.000000
1716.306763 2108.000000
3212.672607 11768.000000
2130.626709 3335.000000
4370.772949 10113.000000
874.720215 902.000000
6313.307617 13769.000000
716.582092 582.000000
967.795288 1149.000000
3862.965820 9933.000000
2377.092041 4815.000000
2290.467041 7758.000000
1118.843140 2118.000000
3174.263428 4743.000000
2787.630371 8340.000000
1400.530029 2769.000000
3883.699951 11166.000000
4172.099121 11105.000000
824.048889 1498.000000
1305.988403 2552.000000
2798.929199 12211.000000
2747.883057 5706.000000
765.263550 910.000000
Query results end.
