Load A2A queries finished.
Load face weight finished.
100 random queries, inner ratio = 0.000, inter ratio = 1.000
Run Algorithm 5: MMP-Algorithm
Query results begin: 
5140.246094 6517.000000
3571.664795 5733.000000
1514.290527 4890.000000
3824.386230 5741.000000
3544.833984 5331.000000
3970.586914 5539.000000
2914.635742 4689.000000
4797.587402 5042.000000
4020.072266 5889.000000
4351.542480 7049.000000
2679.415527 6338.000000
3389.608154 6118.000000
1720.583740 5205.000000
3045.772949 5349.000000
1823.514771 4992.000000
2428.118164 4888.000000
3330.393555 5151.000000
3881.520996 4813.000000
2370.452637 5122.000000
2597.419922 4805.000000
2438.163086 6004.000000
3134.603516 4805.000000
2066.321045 4974.000000
1164.618286 5492.000000
3089.806885 6947.000000
5810.240234 6393.000000
1934.809204 6369.000000
5822.566406 6214.000000
1783.763550 6192.000000
3722.631592 5663.000000
1781.787720 6282.000000
1104.297119 7061.000000
4968.362793 5295.000000
523.367432 5737.000000
554.242126 5393.000000
3407.028564 5837.000000
3361.070068 5780.000000
2449.737793 5979.000000
902.297424 4958.000000
2634.182129 4763.000000
1414.223999 5044.000000
3113.037354 6233.000000
1584.894775 5624.000000
2182.734375 6498.000000
3237.018066 6192.000000
349.553680 5534.000000
3102.577148 6052.000000
2531.816406 4987.000000
2685.055908 4754.000000
4866.601074 6315.000000
4695.765625 6105.000000
1550.187256 4844.000000
5888.059082 5707.000000
1511.418457 5295.000000
2699.658447 4630.000000
1766.816162 4829.000000
1922.871338 4808.000000
989.272583 5614.000000
2074.733154 4898.000000
2184.625488 5230.000000
3859.348145 5105.000000
3221.567627 5457.000000
3289.393799 5756.000000
230.645035 6192.000000
4498.122559 5710.000000
2811.149170 5063.000000
3734.557617 4711.000000
3152.886963 5344.000000
97.051697 4857.000000
5072.311523 5675.000000
5459.319824 5851.000000
3108.137451 5557.000000
3295.065186 4773.000000
2599.350098 5381.000000
2975.945557 5780.000000
2946.646973 5367.000000
1133.745972 6911.000000
4080.224121 6083.000000
1681.657715 5800.000000
3093.798096 5041.000000
2084.699463 5828.000000
4242.382324 5758.000000
772.709717 6131.000000
6165.570312 6442.000000
675.287415 6031.000000
911.547546 5494.000000
3732.127441 5770.000000
2260.833740 6218.000000
2238.456787 4984.000000
1039.901123 5177.000000
2964.708008 6067.000000
2698.111084 5571.000000
1369.453857 4797.000000
3774.831543 5422.000000
4109.216797 6611.000000
769.981628 5947.000000
1154.022339 5025.000000
2682.291016 4759.000000
2590.146240 5791.000000
650.802002 5459.000000
Query results end.
