Load A2A queries finished.
Load face weight finished.
100 random queries, inner ratio = 0.000, inter ratio = 1.000
Run Algorithm 3: SE-Oracle
base graph |V| = 23289
Begin to build partition tree...
level 1 has 2 nodes
max cover set size: 13792 min cover set size: 9497
level 2 has 10 nodes
max cover set size: 6392 min cover set size: 1
level 3 has 35 nodes
max cover set size: 2455 min cover set size: 2
level 4 has 135 nodes
max cover set size: 584 min cover set size: 1
level 5 has 597 nodes
max cover set size: 221 min cover set size: 1
level 6 has 2425 nodes
max cover set size: 77 min cover set size: 1
level 7 has 7283 nodes
max cover set size: 29 min cover set size: 1
level 8 has 15631 nodes
max cover set size: 18 min cover set size: 1
level 9 has 21006 nodes
max cover set size: 9 min cover set size: 1
level 10 has 22598 nodes
max cover set size: 5 min cover set size: 1
level 11 has 23101 nodes
max cover set size: 3 min cover set size: 1
level 12 has 23246 nodes
max cover set size: 3 min cover set size: 1
level 13 has 23281 nodes
max cover set size: 3 min cover set size: 1
level 14 has 23288 nodes
max cover set size: 2 min cover set size: 1
level 15 has 23288 nodes
max cover set size: 2 min cover set size: 1
level 16 has 23288 nodes
max cover set size: 2 min cover set size: 1
level 17 has 23288 nodes
max cover set size: 2 min cover set size: 1
level 18 has 23289 nodes
max cover set size: 1 min cover set size: 1
[Partition Tree] totally 255792 nodes 
Partition tree finished.
Node pair set size: 19567461
Node pair percentage: 0.036
[Index Time] SE-oracle: 638306.000000 ms
Index memory usage: 17738 MB
2051.644531 4056.000000
2551.221191 3623.000000
2488.989258 3974.000000
2559.030273 3613.000000
3500.947266 4005.000000
2664.172852 3911.000000
1215.781006 3861.000000
803.808960 3973.000000
3923.387207 3795.000000
748.574280 3376.000000
3322.768799 3792.000000
111.615204 3612.000000
3143.217773 3702.000000
5528.179199 3768.000000
2004.851196 3572.000000
2178.116455 3763.000000
5619.011230 3784.000000
1775.095459 3504.000000
3648.105957 3356.000000
980.348450 3747.000000
1727.340820 3623.000000
2266.965332 3755.000000
5243.888184 3761.000000
1986.803101 3564.000000
2057.178223 3606.000000
5061.607422 3239.000000
1770.330688 3623.000000
4724.524414 3459.000000
1081.367676 3623.000000
3125.652832 3190.000000
844.286987 3614.000000
1643.139648 3668.000000
1801.791016 3538.000000
3697.965088 3481.000000
3527.210449 3458.000000
3561.130371 3698.000000
2049.124756 3647.000000
3419.937500 3537.000000
1660.281982 3733.000000
2518.282227 3621.000000
2557.087402 3460.000000
3721.450439 3775.000000
1974.609131 3743.000000
3271.166992 3245.000000
4319.116211 3550.000000
5574.510254 3629.000000
1759.422363 3533.000000
1961.399902 3492.000000
1778.944702 3583.000000
5253.730957 3414.000000
1433.533447 3328.000000
3660.566162 3536.000000
5207.684570 3167.000000
2162.655518 3645.000000
272.098663 3544.000000
5419.157227 3292.000000
1981.095825 3553.000000
280.129059 3631.000000
1636.952637 3409.000000
5195.466309 3294.000000
5769.091797 3358.000000
3478.091553 3372.000000
2673.503174 3729.000000
1184.306641 3722.000000
3852.514404 3313.000000
2513.836914 3469.000000
5792.372070 3403.000000
1936.366699 3533.000000
2074.695312 3312.000000
3457.980469 3472.000000
2062.749756 3286.000000
1734.208374 3358.000000
1883.926880 3407.000000
5716.125488 3481.000000
1827.286743 3346.000000
2142.762695 3412.000000
2130.344482 3868.000000
1332.049072 3660.000000
3651.483643 3487.000000
5163.156738 3566.000000
5888.932617 4047.000000
1345.481445 3777.000000
2003.831665 3794.000000
3469.406738 3580.000000
2256.239746 3600.000000
5875.416016 3486.000000
2104.232910 3309.000000
4339.705566 3230.000000
3626.587402 3770.000000
899.534424 3379.000000
2434.648438 3650.000000
1154.458984 3607.000000
3570.554199 3486.000000
1672.922485 3650.000000
4117.396484 3500.000000
5244.268555 3495.000000
213.508301 3583.000000
1774.074829 3469.000000
1753.250366 3818.000000
2920.180420 3390.000000
Query results begin: 
2051.644531 4056.000000
2551.221191 3623.000000
2488.989258 3974.000000
2559.030273 3613.000000
3500.947266 4005.000000
2664.172852 3911.000000
1215.781006 3861.000000
803.808960 3973.000000
3923.387207 3795.000000
748.574280 3376.000000
3322.768799 3792.000000
111.615204 3612.000000
3143.217773 3702.000000
5528.179199 3768.000000
2004.851196 3572.000000
2178.116455 3763.000000
5619.011230 3784.000000
1775.095459 3504.000000
3648.105957 3356.000000
980.348450 3747.000000
1727.340820 3623.000000
2266.965332 3755.000000
5243.888184 3761.000000
1986.803101 3564.000000
2057.178223 3606.000000
5061.607422 3239.000000
1770.330688 3623.000000
4724.524414 3459.000000
1081.367676 3623.000000
3125.652832 3190.000000
844.286987 3614.000000
1643.139648 3668.000000
1801.791016 3538.000000
3697.965088 3481.000000
3527.210449 3458.000000
3561.130371 3698.000000
2049.124756 3647.000000
3419.937500 3537.000000
1660.281982 3733.000000
2518.282227 3621.000000
2557.087402 3460.000000
3721.450439 3775.000000
1974.609131 3743.000000
3271.166992 3245.000000
4319.116211 3550.000000
5574.510254 3629.000000
1759.422363 3533.000000
1961.399902 3492.000000
1778.944702 3583.000000
5253.730957 3414.000000
1433.533447 3328.000000
3660.566162 3536.000000
5207.684570 3167.000000
2162.655518 3645.000000
272.098663 3544.000000
5419.157227 3292.000000
1981.095825 3553.000000
280.129059 3631.000000
1636.952637 3409.000000
5195.466309 3294.000000
5769.091797 3358.000000
3478.091553 3372.000000
2673.503174 3729.000000
1184.306641 3722.000000
3852.514404 3313.000000
2513.836914 3469.000000
5792.372070 3403.000000
1936.366699 3533.000000
2074.695312 3312.000000
3457.980469 3472.000000
2062.749756 3286.000000
1734.208374 3358.000000
1883.926880 3407.000000
5716.125488 3481.000000
1827.286743 3346.000000
2142.762695 3412.000000
2130.344482 3868.000000
1332.049072 3660.000000
3651.483643 3487.000000
5163.156738 3566.000000
5888.932617 4047.000000
1345.481445 3777.000000
2003.831665 3794.000000
3469.406738 3580.000000
2256.239746 3600.000000
5875.416016 3486.000000
2104.232910 3309.000000
4339.705566 3230.000000
3626.587402 3770.000000
899.534424 3379.000000
2434.648438 3650.000000
1154.458984 3607.000000
3570.554199 3486.000000
1672.922485 3650.000000
4117.396484 3500.000000
5244.268555 3495.000000
213.508301 3583.000000
1774.074829 3469.000000
1753.250366 3818.000000
2920.180420 3390.000000
Query results end.
