Load A2A queries finished.
Load face weight finished.
100 random queries, inner ratio = 0.000, inter ratio = 1.000
Run Algorithm 1: Bisector-Unfixed-Scheme
Query results begin: 
2084.563477 4456552.000000
2646.929199 10063645.000000
2493.575684 6380773.000000
2575.644043 3754754.000000
3600.045898 11440302.000000
2803.019043 7408385.000000
1284.428955 1931582.000000
796.688782 926323.000000
4062.123291 12137892.000000
802.112671 879409.000000
3601.873779 10463706.000000
105.200729 25076.000000
3185.073730 6074488.000000
5547.452148 14805597.000000
2065.259277 6241474.000000
2247.600098 5099746.000000
5554.516113 14082104.000000
1966.181030 3077961.000000
3711.990723 11487096.000000
956.412354 1593776.000000
1884.641479 6308491.000000
2307.468262 8975542.000000
5468.208496 14981767.000000
1977.018433 4550611.000000
2017.918457 5395337.000000
5390.588867 11712092.000000
1779.491333 945288.000000
4746.899902 13744439.000000
1069.916870 1530489.000000
3222.277832 5328350.000000
867.364014 1273538.000000
1794.332642 4577192.000000
1794.001587 3837657.000000
3728.838867 12571165.000000
3723.392822 13484612.000000
3613.382324 14256264.000000
2039.473267 3864933.000000
3583.315674 14239300.000000
1759.907715 5831543.000000
2657.527588 7028766.000000
2575.098145 10239217.000000
3755.097168 13696125.000000
1976.284546 6309983.000000
3294.139893 6201456.000000
4355.271484 14758576.000000
5057.629395 13752119.000000
1866.963013 2811047.000000
1933.462280 5753827.000000
1906.363281 6039783.000000
5456.595703 14348395.000000
1482.783569 957299.000000
3859.157959 14516544.000000
5352.253906 11978364.000000
2253.545410 7792153.000000
271.826660 232794.000000
5532.904297 11485799.000000
1926.044678 5828546.000000
279.969971 11652.000000
1837.769653 1917979.000000
5457.734863 15687789.000000
6110.470703 13986269.000000
3714.863281 7133464.000000
2599.972900 6285002.000000
1201.952148 2417087.000000
3837.625732 15086523.000000
2494.046875 6606901.000000
5766.880371 15013135.000000
1952.501953 6088882.000000
2146.830811 4095591.000000
3405.770020 11280745.000000
2104.177490 8162597.000000
1878.438599 3443898.000000
1987.607300 6837282.000000
5518.518555 13930219.000000
1867.579102 4611228.000000
2097.136719 4194707.000000
2154.032959 5873679.000000
1329.166626 2652312.000000
3703.844727 10788909.000000
5849.467773 15306403.000000
5949.987793 15119908.000000
1328.426270 1014342.000000
1976.657471 7099512.000000
3430.611816 13345546.000000
2272.192139 6631558.000000
5978.301270 15344823.000000
2103.022705 2948492.000000
4387.013672 7749777.000000
3724.633545 15156157.000000
931.719421 1221015.000000
2538.559570 7874711.000000
1159.089111 1224404.000000
3673.932373 12886999.000000
1792.137451 5595204.000000
4177.093750 13451685.000000
5566.929688 13931500.000000
201.534760 97893.000000
1755.916626 4684477.000000
1807.405518 4521597.000000
3077.753662 11501713.000000
Query results end.
