Load A2A queries finished.
Load face weight finished.
100 random queries, inner ratio = 0.020, inter ratio = 0.980
Run Algorithm 4: EAR-oracle
base graph |V| = 23289
quad tree level = 2
Leaf maximum side length: 1732.000
V = 793 | EAR-Leaf = 352
maximum leaf node boundary vertices = 65
level 1 has 2 nodes
max cover set size: 188 min cover set size: 164
level 2 has 8 nodes
max cover set size: 122 min cover set size: 1
level 3 has 27 nodes
max cover set size: 35 min cover set size: 1
level 4 has 61 nodes
max cover set size: 16 min cover set size: 1
level 5 has 155 nodes
max cover set size: 7 min cover set size: 1
level 6 has 320 nodes
max cover set size: 3 min cover set size: 1
level 7 has 352 nodes
max cover set size: 1 min cover set size: 1
[Partition Tree] totally 926 nodes 
Node pair set size: 67806
Node pair percentage: 0.00
[Index Time] EAR-oracle: 14444.000000 ms
Index memory usage: 323 MB
Breakdown_construction: 212378.000000 ms
Breakdown_dijkstra: 51.000000 ms
Query results begin: 
978.232788 1257.000000
535.136902 405.000000
531.258118 492.000000
431.426147 124.000000
582.110779 584.000000
266.823364 130.000000
494.440735 420.000000
343.058228 194.000000
292.960266 87.000000
89.950653 39.000000
164.686325 60.000000
611.328430 722.000000
380.828766 185.000000
236.156647 148.000000
186.751053 50.000000
595.534851 445.000000
181.018829 46.000000
76.844559 27.000000
904.193848 616.000000
1155.285034 907.000000
277.123474 65.000000
331.274811 146.000000
747.778381 790.000000
247.959534 106.000000
790.671875 511.000000
74.561043 19.000000
207.855789 46.000000
29.654675 11.000000
149.360336 61.000000
454.042725 235.000000
327.797363 60.000000
835.222229 564.000000
355.082458 216.000000
251.103363 73.000000
802.581543 530.000000
143.005585 23.000000
136.164719 58.000000
1574.046509 3776.000000
146.970352 35.000000
498.143372 296.000000
128.191284 40.000000
696.960327 503.000000
281.602356 90.000000
434.876556 257.000000
275.205292 88.000000
456.543884 306.000000
125.061325 29.000000
355.729889 63.000000
105.221161 16.000000
764.409485 1182.000000
195.030121 59.000000
108.114929 21.000000
50.809757 21.000000
612.104675 283.000000
262.621887 147.000000
120.964241 35.000000
136.934967 36.000000
397.334869 146.000000
75.050308 17.000000
855.753723 929.000000
89.372414 20.000000
607.859375 559.000000
631.616516 468.000000
762.557922 895.000000
704.014038 783.000000
176.379547 35.000000
85.987801 18.000000
341.034271 141.000000
618.323608 300.000000
339.951996 120.000000
226.722565 71.000000
718.809814 646.000000
592.939148 258.000000
591.943970 537.000000
328.723267 90.000000
590.775269 503.000000
458.948669 292.000000
1376.367310 1461.000000
152.676605 39.000000
49.378777 25.000000
554.676270 397.000000
974.586060 988.000000
566.264771 532.000000
290.464508 112.000000
398.717377 147.000000
110.417625 39.000000
789.453003 580.000000
450.829773 326.000000
168.653137 44.000000
148.269073 16.000000
100.942810 11.000000
1816.557373 4554.000000
530.029114 239.000000
261.046143 122.000000
558.695740 695.000000
193.748016 69.000000
471.407928 409.000000
528.101013 570.000000
425.054993 201.000000
171.712204 60.000000
1885.647095 1017.000000
5515.375977 1291.000000
2379.263672 913.000000
2724.774902 840.000000
3876.821045 943.000000
3966.340820 1011.000000
2145.292725 650.000000
3695.683594 752.000000
2304.345215 457.000000
1626.015869 523.000000
2472.183105 826.000000
3710.423340 1498.000000
2458.439697 974.000000
5423.103027 1397.000000
1040.599243 383.000000
3721.818848 1199.000000
5437.411621 1328.000000
1746.432373 484.000000
2433.555908 646.000000
1561.403687 814.000000
961.086182 258.000000
1917.938721 723.000000
3246.758057 1398.000000
3102.649414 1122.000000
5164.658203 1253.000000
5349.347168 1215.000000
1813.228027 582.000000
3722.516602 1138.000000
2162.511475 826.000000
2497.217773 583.000000
2036.743530 529.000000
2035.393433 776.000000
2841.695068 660.000000
2084.455566 506.000000
3855.795898 1419.000000
3728.643066 1502.000000
1832.776855 914.000000
2135.156738 874.000000
2125.846680 933.000000
1904.106934 488.000000
3677.686035 1271.000000
5977.838379 1296.000000
2589.279297 1142.000000
3856.354004 1408.000000
1885.980469 586.000000
1102.280884 515.000000
3762.039307 843.000000
2115.285645 431.000000
2407.833984 1106.000000
2022.515625 873.000000
696.024170 386.000000
2178.491943 604.000000
4036.503174 1081.000000
3451.795898 1112.000000
1845.626709 474.000000
2709.378906 1046.000000
2112.446777 608.000000
1369.580322 390.000000
3625.143066 782.000000
2824.198486 1134.000000
5393.042969 1448.000000
2342.789062 1017.000000
2208.867432 775.000000
3569.019775 1231.000000
1805.100342 355.000000
5362.100586 1413.000000
969.225891 359.000000
3674.573975 1088.000000
2011.091187 708.000000
1174.919556 326.000000
3860.556396 1709.000000
2287.357422 777.000000
1201.172852 429.000000
1808.463257 882.000000
5518.194824 1292.000000
3522.064941 1272.000000
3681.000244 1005.000000
1971.394531 753.000000
3040.401123 672.000000
3648.445801 1325.000000
5533.564453 1279.000000
875.976196 401.000000
466.309509 251.000000
5570.551758 1669.000000
1094.501953 573.000000
2010.281128 904.000000
5393.325195 1196.000000
1861.614502 615.000000
6175.316895 1242.000000
4702.243164 1065.000000
3489.401855 1106.000000
379.264221 328.000000
2210.593018 1320.000000
2130.548340 785.000000
1779.470947 618.000000
5526.620117 1317.000000
3665.007324 916.000000
5694.379395 1223.000000
3817.224121 977.000000
3601.000000 1315.000000
2159.460938 745.000000
2224.419434 632.000000
3249.779053 1140.000000
396.069397 255.000000
3793.967773 1185.000000
1888.065186 927.000000
142.150864 41.000000
4089.184082 1132.000000
611.969055 479.000000
5467.689453 1302.000000
2324.629395 1212.000000
5533.633301 1599.000000
853.425171 422.000000
5478.570312 1382.000000
3955.211182 1042.000000
3971.154053 1208.000000
4163.164551 1479.000000
128.898376 34.000000
5609.056641 1327.000000
3817.494873 1359.000000
1963.412842 800.000000
4016.818848 1415.000000
3356.651367 1000.000000
3082.091309 1121.000000
5481.171387 1068.000000
5536.822266 1297.000000
2091.405273 624.000000
3679.503662 948.000000
1831.298340 665.000000
225.583847 96.000000
1947.938354 666.000000
5444.658203 1003.000000
3872.377686 1158.000000
3872.922607 1197.000000
59.567463 17.000000
2737.534912 860.000000
1986.993530 620.000000
3979.951904 1204.000000
6088.090820 1513.000000
2099.546387 892.000000
2473.364502 767.000000
2276.297119 612.000000
463.017822 284.000000
6264.449707 1382.000000
2526.898682 795.000000
2444.601807 935.000000
3846.414551 1352.000000
3748.961426 1275.000000
3766.281250 841.000000
1372.750000 519.000000
3663.749023 1048.000000
1999.301514 863.000000
1916.918701 501.000000
3670.853516 836.000000
2028.673828 857.000000
1943.429688 803.000000
1797.595947 642.000000
1918.177368 723.000000
4881.399414 1243.000000
5514.743164 1495.000000
3690.272705 838.000000
1903.611328 383.000000
501.130280 328.000000
1927.289551 767.000000
3137.688965 830.000000
853.098389 1128.000000
5446.132812 1469.000000
1567.083496 510.000000
2000.795898 1017.000000
787.620544 1463.000000
2666.467773 799.000000
1974.997681 951.000000
1127.270386 342.000000
433.487335 268.000000
2980.310547 1111.000000
2606.928711 1095.000000
3679.893555 998.000000
777.115601 275.000000
1650.096191 611.000000
2924.145996 1099.000000
642.629456 356.000000
2135.013184 947.000000
1343.946777 639.000000
5446.225586 1153.000000
2323.820801 774.000000
2054.465332 694.000000
792.528687 445.000000
959.367859 444.000000
1454.484009 556.000000
2045.574097 803.000000
5448.943359 1236.000000
3211.686768 1093.000000
1879.681763 658.000000
880.390991 373.000000
4247.735352 1278.000000
1912.786621 384.000000
2366.039795 803.000000
1211.013184 319.000000
1960.416748 883.000000
2013.095703 602.000000
Query results end.
