Load A2A queries finished.
Load face weight finished.
100 random queries, inner ratio = 0.000, inter ratio = 1.000
Run Algorithm 5: MMP-Algorithm
Query results begin: 
7015.294434 43309.000000
5271.629883 48120.000000
7783.003418 50110.000000
5752.815430 50786.000000
5607.812500 45543.000000
5101.501953 46448.000000
7534.320801 50237.000000
3418.824951 49143.000000
4217.081055 47134.000000
2791.143066 44776.000000
1447.290894 43486.000000
11197.688477 50993.000000
9390.321289 53606.000000
1787.873657 57743.000000
2624.622559 52759.000000
12209.919922 51930.000000
10000.519531 49239.000000
4616.533691 46294.000000
10264.664062 53940.000000
6084.791992 51972.000000
6495.583008 48228.000000
10271.183594 50829.000000
1570.896118 53180.000000
1783.152466 50156.000000
8429.318359 48159.000000
3519.313965 50818.000000
2110.399902 57104.000000
7927.216309 57093.000000
9168.850586 52306.000000
9887.064453 49366.000000
6541.807617 49253.000000
8255.537109 48393.000000
8976.811523 48543.000000
12826.039062 49795.000000
12274.511719 48550.000000
1021.473755 46850.000000
9497.004883 47736.000000
5277.112305 47975.000000
6021.801270 46590.000000
5240.416504 50997.000000
2019.498291 49286.000000
6171.987305 49614.000000
8304.100586 54574.000000
7808.669434 49511.000000
9707.928711 55333.000000
2484.070801 49850.000000
5815.474609 49235.000000
5392.757812 53130.000000
6148.899414 46932.000000
10938.373047 48584.000000
5435.774902 45995.000000
3072.684326 48636.000000
3654.862305 48174.000000
8203.875000 46537.000000
8262.653320 46550.000000
8032.071289 45016.000000
2131.072021 51226.000000
12865.891602 54915.000000
6987.106445 49090.000000
13917.273438 46637.000000
5607.857422 49703.000000
4967.869141 52431.000000
2331.215576 50110.000000
3945.339111 47281.000000
8820.509766 50486.000000
2066.466797 48348.000000
12502.834961 43670.000000
12017.652344 52514.000000
10819.779297 51183.000000
1544.077393 42930.000000
9290.563477 44228.000000
1511.872070 47942.000000
7364.579102 48740.000000
12036.672852 44838.000000
1459.527100 46476.000000
8721.390625 50155.000000
6647.316406 48295.000000
5162.491211 48301.000000
6081.060547 48847.000000
3641.640381 54061.000000
8286.289062 56536.000000
6938.810547 48086.000000
8970.528320 47564.000000
2428.698242 48566.000000
4521.847168 48084.000000
5342.427734 47350.000000
5223.936523 45963.000000
6627.991211 44532.000000
9249.228516 52841.000000
9434.636719 49126.000000
5093.384277 45693.000000
9375.281250 50497.000000
8020.496582 53858.000000
5941.461914 53929.000000
6012.036133 49731.000000
3014.715332 50143.000000
6752.968750 56168.000000
4766.260742 54440.000000
3618.872314 57030.000000
4391.807129 48115.000000
Query results end.
