Load A2A queries finished.
Load face weight finished.
100 random queries, inner ratio = 0.000, inter ratio = 1.000
Run Algorithm 0: Bisector-Fixed-Scheme
base graph |V| = 112949
Query results begin: 
7294.306641 115383.000000
5402.326660 19863.000000
8075.328613 58370.000000
6009.540527 29861.000000
6016.180664 49681.000000
5178.832520 30793.000000
7855.290527 59372.000000
3546.180908 18375.000000
4449.872070 21818.000000
2904.416260 10917.000000
1622.280029 2223.000000
11594.200195 72342.000000
9614.817383 60997.000000
1844.040649 5274.000000
2796.322266 9663.000000
12876.894531 69697.000000
10204.735352 49067.000000
4766.830078 32577.000000
10430.645508 60406.000000
6185.467285 57602.000000
6599.701660 44647.000000
11038.590820 75552.000000
1667.309448 2919.000000
1944.619629 4154.000000
8797.181641 66454.000000
3642.625244 13799.000000
2242.348877 3170.000000
8273.262695 40590.000000
9698.613281 69600.000000
10366.509766 65790.000000
6714.054199 54748.000000
8586.973633 35451.000000
9388.258789 55049.000000
13311.187500 83483.000000
12532.615234 85285.000000
1088.986328 1863.000000
9743.784180 80412.000000
5593.121094 28785.000000
6264.715820 35530.000000
5307.560059 13266.000000
2079.441650 5637.000000
6443.811523 52114.000000
8498.761719 32105.000000
7929.269531 62779.000000
10233.271484 55829.000000
2753.020020 10610.000000
6029.722168 53300.000000
5510.345215 31354.000000
6340.982422 60536.000000
11407.744141 75165.000000
5609.302734 44984.000000
3367.264160 12807.000000
3842.010010 19172.000000
8698.080078 68461.000000
8881.414062 55969.000000
8398.896484 45140.000000
2211.694580 3541.000000
13351.589844 76017.000000
7137.120117 53675.000000
14133.690430 91678.000000
5953.338379 25000.000000
5133.679199 24482.000000
2461.191406 7591.000000
4026.855713 25112.000000
9396.314453 58314.000000
2193.651855 8017.000000
12730.291016 98735.000000
12606.461914 78943.000000
11004.412109 61309.000000
1687.658447 3982.000000
9416.277344 50078.000000
1782.565796 3954.000000
7749.820801 54302.000000
12226.257812 86534.000000
1520.508423 2486.000000
8822.784180 42293.000000
6973.094727 69952.000000
5284.478027 43842.000000
6288.330078 39853.000000
3780.150879 8670.000000
8575.169922 29563.000000
7055.113770 57927.000000
9192.066406 90468.000000
2516.844238 10548.000000
4652.842285 21833.000000
5550.862305 45597.000000
5390.305176 44609.000000
6724.334473 43211.000000
9800.702148 71008.000000
9595.030273 56853.000000
5425.822266 33330.000000
9773.407227 94111.000000
8399.196289 76861.000000
6061.959473 49086.000000
6154.132812 32324.000000
3124.513184 14270.000000
6902.806641 39897.000000
4968.332031 39994.000000
3920.828369 13395.000000
4545.255859 30468.000000
Query results end.
