Load A2A queries finished.
Load face weight finished.
100 random queries, inner ratio = 0.000, inter ratio = 1.000
Run Algorithm 4: EAR-oracle
base graph |V| = 112949
quad tree level = 2
Leaf maximum side length: 3359.000
V = 3696 | EAR-Leaf = 769
maximum leaf node boundary vertices = 135
level 1 has 4 nodes
max cover set size: 358 min cover set size: 5
level 2 has 10 nodes
max cover set size: 193 min cover set size: 6
level 3 has 31 nodes
max cover set size: 70 min cover set size: 1
level 4 has 71 nodes
max cover set size: 29 min cover set size: 1
level 5 has 160 nodes
max cover set size: 12 min cover set size: 1
level 6 has 434 nodes
max cover set size: 7 min cover set size: 1
level 7 has 728 nodes
max cover set size: 3 min cover set size: 1
level 8 has 765 nodes
max cover set size: 2 min cover set size: 1
level 9 has 768 nodes
max cover set size: 2 min cover set size: 1
level 10 has 769 nodes
max cover set size: 1 min cover set size: 1
[Partition Tree] totally 3741 nodes 
Node pair set size: 130226
Node pair percentage: 0.00
[Index Time] EAR-oracle: 143989.000000 ms
Index memory usage: 2274 MB
Breakdown_construction: 57426.000000 ms
Breakdown_dijkstra: 211436.000000 ms
Query results begin: 
7286.166992 4793.000000
5402.656250 1509.000000
8074.291016 2805.000000
6010.355469 1642.000000
6013.111328 3032.000000
5176.887695 2494.000000
7849.874512 3215.000000
3539.064209 2063.000000
4453.710938 1827.000000
2902.287354 1379.000000
1622.280029 2925.000000
11591.007812 3646.000000
9620.222656 2694.000000
1840.943115 1050.000000
2797.398682 1099.000000
12874.727539 2847.000000
10204.279297 2056.000000
4765.212891 1991.000000
10450.002930 2928.000000
6184.143066 2738.000000
6608.921387 2234.000000
11031.978516 2740.000000
1667.309448 2628.000000
1944.364136 866.000000
8797.041016 3328.000000
3642.055420 939.000000
2238.459961 540.000000
8264.892578 2279.000000
9703.855469 2800.000000
10365.915039 2627.000000
6711.095703 2132.000000
8584.385742 1777.000000
9426.610352 2493.000000
13299.224609 3346.000000
12540.451172 3718.000000
1088.986328 1904.000000
9739.076172 3167.000000
5621.165039 1493.000000
6259.765625 3048.000000
5304.455078 1283.000000
2079.441650 5854.000000
6432.671387 3917.000000
8515.669922 1776.000000
7930.762695 2840.000000
10228.695312 3091.000000
2749.165039 1246.000000
6029.187988 2811.000000
5501.610352 1971.000000
6336.644043 5098.000000
11404.742188 3302.000000
5605.664062 4205.000000
3367.264160 17028.000000
3835.210449 3034.000000
8695.097656 4770.000000
9034.308594 3106.000000
8390.092773 2388.000000
2211.694580 4490.000000
13340.263672 3804.000000
7138.996094 3608.000000
14161.411133 3456.000000
5935.789551 1425.000000
5133.812988 1771.000000
2460.262695 1073.000000
4023.993164 2154.000000
9378.647461 2543.000000
2193.651855 7968.000000
12732.732422 3861.000000
12596.800781 3341.000000
11007.640625 2635.000000
1689.319824 630.000000
9412.525391 2198.000000
1782.565796 3817.000000
7747.279297 2710.000000
12234.583984 3119.000000
1520.440552 832.000000
8817.893555 1902.000000
6969.973633 2612.000000
5289.320312 2368.000000
6290.867188 2007.000000
3779.115723 901.000000
8565.430664 1607.000000
7046.530273 3036.000000
9178.714844 3169.000000
2517.685791 1196.000000
4651.114258 1196.000000
5548.689453 2143.000000
5384.036621 1656.000000
6717.577148 1848.000000
9798.410156 3150.000000
9585.367188 2407.000000
5426.834961 1354.000000
9768.758789 3983.000000
8388.441406 3738.000000
6058.141602 2488.000000
6151.064453 1707.000000
3136.219971 1329.000000
6901.466309 2066.000000
4965.827637 2093.000000
3911.355713 1090.000000
4545.630859 1869.000000
Query results end.
