Load A2A queries finished.
Load face weight finished.
100 random queries, inner ratio = 0.000, inter ratio = 1.000
Run Algorithm 3: SE-Oracle
base graph |V| = 51981
Begin to build partition tree...
level 1 has 6 nodes
max cover set size: 28882 min cover set size: 42
level 2 has 19 nodes
max cover set size: 10691 min cover set size: 1
level 3 has 65 nodes
max cover set size: 3250 min cover set size: 1
level 4 has 261 nodes
max cover set size: 1019 min cover set size: 1
level 5 has 1155 nodes
max cover set size: 299 min cover set size: 1
level 6 has 4658 nodes
max cover set size: 96 min cover set size: 1
level 7 has 13605 nodes
max cover set size: 34 min cover set size: 1
level 8 has 30695 nodes
max cover set size: 15 min cover set size: 1
level 9 has 45560 nodes
max cover set size: 10 min cover set size: 1
level 10 has 50421 nodes
max cover set size: 8 min cover set size: 1
level 11 has 51629 nodes
max cover set size: 5 min cover set size: 1
level 12 has 51907 nodes
max cover set size: 3 min cover set size: 1
level 13 has 51967 nodes
max cover set size: 3 min cover set size: 1
level 14 has 51977 nodes
max cover set size: 2 min cover set size: 1
level 15 has 51978 nodes
max cover set size: 2 min cover set size: 1
level 16 has 51980 nodes
max cover set size: 2 min cover set size: 1
level 17 has 51981 nodes
max cover set size: 1 min cover set size: 1
[Partition Tree] totally 509865 nodes 
Partition tree finished.
Node pair set size: 45200940
Node pair percentage: 0.017
[Index Time] SE-oracle: 2532682.000000 ms
Index memory usage: 59806 MB
3201.956055 6837.000000
6334.343750 6630.000000
3710.476318 6310.000000
1983.979614 6932.000000
1846.771729 6950.000000
2583.093994 7454.000000
973.244873 6556.000000
399.590637 6536.000000
6030.771484 6080.000000
6230.732910 6864.000000
5534.602539 6766.000000
2654.965088 7276.000000
3676.265869 7664.000000
5724.729980 7537.000000
3167.961670 7722.000000
5109.660156 7813.000000
2148.877930 8377.000000
4547.432617 7762.000000
1759.695557 7649.000000
2363.820801 7532.000000
2223.360107 7856.000000
8339.538086 8255.000000
2280.438965 7788.000000
4771.168945 7833.000000
2817.735107 7441.000000
3118.808594 7948.000000
4126.116699 7626.000000
2091.815186 7702.000000
7072.338379 7764.000000
5703.147461 7540.000000
2731.672607 8424.000000
3852.532715 8392.000000
354.578308 7931.000000
2121.914307 7910.000000
1890.710938 8360.000000
5256.118164 8114.000000
5712.048828 8284.000000
2025.899414 8145.000000
3828.152588 7609.000000
4118.423340 7765.000000
2832.582520 8253.000000
4914.515137 7691.000000
5696.448730 8709.000000
7268.929688 7320.000000
3307.519287 7620.000000
2685.462402 7766.000000
5964.421387 8034.000000
142.193985 8077.000000
532.249878 7437.000000
2053.172852 7629.000000
1844.531372 7411.000000
2639.773438 7579.000000
5885.738281 7160.000000
7930.518066 7444.000000
1893.796631 8109.000000
1914.748901 7671.000000
3314.160645 7729.000000
1095.354004 7970.000000
3776.641113 7806.000000
6825.348633 7512.000000
3895.654785 7488.000000
8015.499512 7639.000000
6068.156250 7883.000000
2258.922607 8804.000000
3824.218506 7770.000000
1950.186035 7650.000000
6451.891113 8580.000000
5046.960449 7523.000000
353.154846 7436.000000
2156.151855 8502.000000
3769.914307 7766.000000
3591.610596 7499.000000
2778.082275 7745.000000
2668.383057 8140.000000
1077.663574 7367.000000
5651.928711 7579.000000
4102.767578 8036.000000
5220.410156 7277.000000
5280.836914 7496.000000
4636.472656 7461.000000
3858.185547 7777.000000
5270.674805 7965.000000
5107.594727 8028.000000
870.680847 7374.000000
856.972351 7661.000000
696.160400 7641.000000
2243.851807 7984.000000
2230.310059 7946.000000
3900.847900 7925.000000
6519.011230 7175.000000
6152.700195 8486.000000
3476.370361 7588.000000
1415.774170 7913.000000
4845.038574 7966.000000
3834.573242 7787.000000
4960.493652 7699.000000
2243.937744 7857.000000
6806.028320 7615.000000
3835.063232 7408.000000
2448.278564 7847.000000
Query results begin: 
3201.956055 6837.000000
6334.343750 6630.000000
3710.476318 6310.000000
1983.979614 6932.000000
1846.771729 6950.000000
2583.093994 7454.000000
973.244873 6556.000000
399.590637 6536.000000
6030.771484 6080.000000
6230.732910 6864.000000
5534.602539 6766.000000
2654.965088 7276.000000
3676.265869 7664.000000
5724.729980 7537.000000
3167.961670 7722.000000
5109.660156 7813.000000
2148.877930 8377.000000
4547.432617 7762.000000
1759.695557 7649.000000
2363.820801 7532.000000
2223.360107 7856.000000
8339.538086 8255.000000
2280.438965 7788.000000
4771.168945 7833.000000
2817.735107 7441.000000
3118.808594 7948.000000
4126.116699 7626.000000
2091.815186 7702.000000
7072.338379 7764.000000
5703.147461 7540.000000
2731.672607 8424.000000
3852.532715 8392.000000
354.578308 7931.000000
2121.914307 7910.000000
1890.710938 8360.000000
5256.118164 8114.000000
5712.048828 8284.000000
2025.899414 8145.000000
3828.152588 7609.000000
4118.423340 7765.000000
2832.582520 8253.000000
4914.515137 7691.000000
5696.448730 8709.000000
7268.929688 7320.000000
3307.519287 7620.000000
2685.462402 7766.000000
5964.421387 8034.000000
142.193985 8077.000000
532.249878 7437.000000
2053.172852 7629.000000
1844.531372 7411.000000
2639.773438 7579.000000
5885.738281 7160.000000
7930.518066 7444.000000
1893.796631 8109.000000
1914.748901 7671.000000
3314.160645 7729.000000
1095.354004 7970.000000
3776.641113 7806.000000
6825.348633 7512.000000
3895.654785 7488.000000
8015.499512 7639.000000
6068.156250 7883.000000
2258.922607 8804.000000
3824.218506 7770.000000
1950.186035 7650.000000
6451.891113 8580.000000
5046.960449 7523.000000
353.154846 7436.000000
2156.151855 8502.000000
3769.914307 7766.000000
3591.610596 7499.000000
2778.082275 7745.000000
2668.383057 8140.000000
1077.663574 7367.000000
5651.928711 7579.000000
4102.767578 8036.000000
5220.410156 7277.000000
5280.836914 7496.000000
4636.472656 7461.000000
3858.185547 7777.000000
5270.674805 7965.000000
5107.594727 8028.000000
870.680847 7374.000000
856.972351 7661.000000
696.160400 7641.000000
2243.851807 7984.000000
2230.310059 7946.000000
3900.847900 7925.000000
6519.011230 7175.000000
6152.700195 8486.000000
3476.370361 7588.000000
1415.774170 7913.000000
4845.038574 7966.000000
3834.573242 7787.000000
4960.493652 7699.000000
2243.937744 7857.000000
6806.028320 7615.000000
3835.063232 7408.000000
2448.278564 7847.000000
Query results end.
