Load A2A queries finished.
Load face weight finished.
100 random queries, inner ratio = 0.000, inter ratio = 1.000
Run Algorithm 0: Bisector-Fixed-Scheme
base graph |V| = 34704
Query results begin: 
3072.745117 7440.000000
6534.675781 18798.000000
4016.385254 14168.000000
2110.217529 4950.000000
1943.272461 1322.000000
2643.215332 9056.000000
1017.375671 1451.000000
399.590637 53.000000
6117.141602 16661.000000
6316.370605 20430.000000
5710.992676 17249.000000
2703.533936 9274.000000
3826.252441 5202.000000
5909.813965 13897.000000
3304.908936 13213.000000
5049.695801 9237.000000
2223.700928 5260.000000
4605.655273 23878.000000
1800.837646 2570.000000
2357.613281 5844.000000
2259.348877 4928.000000
8593.834961 21973.000000
2420.565918 2021.000000
4943.640137 19582.000000
2857.468994 7527.000000
3349.916748 16005.000000
4318.970215 9108.000000
2175.721436 5819.000000
7232.471680 19060.000000
5689.194824 13101.000000
2848.307617 6180.000000
4101.350586 22535.000000
394.708649 67.000000
2181.096436 6848.000000
1996.477661 3073.000000
5461.199707 23041.000000
5840.614258 22951.000000
2188.166504 7317.000000
3919.571533 6041.000000
4311.267578 12066.000000
2881.919189 11470.000000
5078.539062 20995.000000
5831.683594 13973.000000
7058.789062 19305.000000
3366.170654 6180.000000
2804.739258 9649.000000
6183.246094 21713.000000
142.193985 45.000000
534.289429 283.000000
2118.425049 3331.000000
1893.259766 3398.000000
2767.382812 2710.000000
6063.392578 12980.000000
8299.593750 19978.000000
1996.458496 2896.000000
1973.537476 3862.000000
3626.596924 6020.000000
1125.030273 606.000000
3825.146484 9130.000000
7212.072266 20422.000000
4091.874268 13172.000000
8113.377441 20151.000000
6011.443848 15315.000000
2296.601807 7043.000000
4128.983887 7124.000000
2030.331909 4306.000000
7196.649902 22335.000000
5145.683105 22290.000000
353.046265 131.000000
2177.699219 4899.000000
3948.220215 18851.000000
3789.749756 11335.000000
2921.338135 6850.000000
2727.016113 8619.000000
1111.288452 1714.000000
5854.519043 16127.000000
4191.356934 14631.000000
5123.145020 12675.000000
5351.121094 11139.000000
4850.220215 18764.000000
3863.281738 7764.000000
5309.745117 16894.000000
5137.819336 22255.000000
943.191895 514.000000
901.604797 817.000000
719.966064 685.000000
2258.542969 5382.000000
2417.514404 7843.000000
3867.088379 7877.000000
6613.384277 15801.000000
6297.760742 20614.000000
3645.581055 14619.000000
1475.324341 1904.000000
5004.778320 23547.000000
3997.638672 12009.000000
5266.787109 19457.000000
2240.975586 6662.000000
6930.874512 20616.000000
3962.921143 12690.000000
2513.173340 7029.000000
Query results end.
