Load A2A queries finished.
Load face weight finished.
100 random queries, inner ratio = 0.000, inter ratio = 1.000
Run Algorithm 0: Bisector-Fixed-Scheme
base graph |V| = 43402
Query results begin: 
3067.859619 11185.000000
6525.367188 29039.000000
4043.643799 22704.000000
2076.141357 7559.000000
1924.848999 2066.000000
2641.059570 14436.000000
1028.720093 2324.000000
399.590637 71.000000
6157.788086 27641.000000
6321.355957 32702.000000
5699.648926 27937.000000
2693.281738 14766.000000
3825.487061 8543.000000
5896.229492 22272.000000
3289.510254 20857.000000
5041.399414 15030.000000
2223.614990 8447.000000
4609.964844 36116.000000
1809.083252 4117.000000
2385.809082 9640.000000
2258.632324 7754.000000
8589.137695 34597.000000
2412.135986 3175.000000
4971.244629 31796.000000
2862.670410 12201.000000
3345.216064 25852.000000
4322.783691 14784.000000
2174.521973 9486.000000
7221.738281 30673.000000
5655.142090 21378.000000
2842.262939 10534.000000
4092.388672 36196.000000
342.634521 84.000000
2190.110840 10961.000000
1994.449829 4956.000000
5451.207520 35940.000000
5835.952637 36126.000000
2186.959473 11532.000000
3920.678711 9799.000000
4342.048828 20058.000000
2893.939941 18084.000000
5076.607910 33369.000000
5820.962402 22391.000000
7071.820801 30807.000000
3354.412354 9778.000000
2815.247803 15947.000000
6152.937012 34393.000000
142.193985 62.000000
544.538635 451.000000
2109.836182 5131.000000
1902.111450 5500.000000
2742.636475 4201.000000
6090.936523 21005.000000
8313.643555 32094.000000
1973.499390 4608.000000
1977.419922 6018.000000
3629.284668 9421.000000
1132.091797 998.000000
3839.428467 14692.000000
7216.208984 33090.000000
4077.635986 20630.000000
8143.503418 32637.000000
6020.374512 23944.000000
2264.879150 11420.000000
4130.333008 11679.000000
2025.427979 6977.000000
7182.144531 34655.000000
5142.429199 34729.000000
332.072998 165.000000
2182.275146 7754.000000
3947.282471 29335.000000
3770.540771 18330.000000
2931.219971 11210.000000
2737.783691 13835.000000
1115.158936 2755.000000
5855.684082 26018.000000
4136.629883 23128.000000
5123.523926 19860.000000
5323.407227 17973.000000
4802.522949 28966.000000
3878.192871 12407.000000
5326.742676 27196.000000
5135.052246 34471.000000
923.063599 698.000000
915.388428 1329.000000
711.849487 1014.000000
2274.392334 8535.000000
2362.164795 11853.000000
3869.662109 12565.000000
6651.209473 25198.000000
6311.887207 33002.000000
3645.581055 23193.000000
1486.480713 3074.000000
5008.951660 37158.000000
4003.014893 19021.000000
5243.340820 30717.000000
2240.788574 10337.000000
6918.091309 32632.000000
3977.780518 20368.000000
2510.859131 11461.000000
Query results end.
