Load A2A queries finished.
Load face weight finished.
100 random queries, inner ratio = 0.000, inter ratio = 1.000
Run Algorithm 0: Bisector-Fixed-Scheme
base graph |V| = 61255
Query results begin: 
1900.255615 43498.000000
4568.242188 21247.000000
6710.129883 55117.000000
7636.026367 22530.000000
12699.552734 62264.000000
5561.036621 41411.000000
8470.479492 23020.000000
8641.393555 63319.000000
3986.455811 5608.000000
5096.329102 24980.000000
4055.517822 9865.000000
4289.928223 10396.000000
7707.049805 47620.000000
7529.380859 43148.000000
3755.503418 11958.000000
6134.004395 44763.000000
8969.588867 73204.000000
8597.811523 26033.000000
10526.736328 56971.000000
8332.544922 59717.000000
2777.904297 7264.000000
6236.812500 52424.000000
8803.794922 49810.000000
7995.434082 56021.000000
7540.041992 16691.000000
3965.311279 16220.000000
7572.497070 40395.000000
12612.946289 52585.000000
8097.263184 40264.000000
6220.458984 40577.000000
1912.814209 2240.000000
5237.494629 28594.000000
9405.768555 56834.000000
3910.074463 7118.000000
8796.977539 55811.000000
7502.400879 32265.000000
2667.535889 6833.000000
15555.946289 55188.000000
8668.142578 34577.000000
2652.818359 3820.000000
8604.043945 42314.000000
13710.431641 59984.000000
506.769897 272.000000
8091.113770 40920.000000
5806.260742 27195.000000
4553.263184 19373.000000
3631.436523 5780.000000
7227.765137 22313.000000
6776.815918 18940.000000
6090.926270 26186.000000
9967.964844 31102.000000
7964.269531 58473.000000
6947.468750 42783.000000
13077.057617 45527.000000
4198.698730 6084.000000
8830.400391 40275.000000
9402.368164 37611.000000
6684.550781 18477.000000
3267.947998 8120.000000
7670.625000 29147.000000
4129.175293 16009.000000
3243.241699 10671.000000
12934.734375 47092.000000
13602.576172 52492.000000
8740.360352 43936.000000
230.099747 135.000000
8156.407227 35044.000000
10490.413086 33755.000000
8330.128906 25101.000000
2438.942139 3686.000000
9465.822266 33145.000000
6886.361328 18674.000000
8015.525391 43963.000000
3354.238281 1163.000000
7636.404785 28685.000000
6799.690918 28731.000000
3698.191162 15989.000000
1128.814453 1045.000000
12052.681641 48431.000000
5718.751953 32578.000000
10730.785156 45068.000000
1052.700439 1058.000000
3391.420898 5596.000000
3309.218994 4540.000000
288.983002 76.000000
9767.422852 38864.000000
1631.949097 2294.000000
11071.007812 52282.000000
7374.095215 20513.000000
8507.496094 44875.000000
6971.056641 43261.000000
7107.768555 28321.000000
5254.975098 4524.000000
10973.445312 52161.000000
8242.113281 52586.000000
8079.693848 24642.000000
7762.682129 28934.000000
6906.348145 25659.000000
79.579338 40.000000
4726.340332 11874.000000
Query results end.
