Load A2A queries finished.
Load face weight finished.
100 random queries, inner ratio = 0.000, inter ratio = 1.000
Run Algorithm 4: EAR-oracle
base graph |V| = 61255
quad tree level = 1
Leaf maximum side length: 3600.000
V = 1440 | EAR-Leaf = 186
maximum leaf node boundary vertices = 108
level 1 has 4 nodes
max cover set size: 95 min cover set size: 21
level 2 has 8 nodes
max cover set size: 48 min cover set size: 4
level 3 has 19 nodes
max cover set size: 27 min cover set size: 1
level 4 has 40 nodes
max cover set size: 12 min cover set size: 1
level 5 has 92 nodes
max cover set size: 7 min cover set size: 1
level 6 has 170 nodes
max cover set size: 3 min cover set size: 1
level 7 has 186 nodes
max cover set size: 1 min cover set size: 1
[Partition Tree] totally 520 nodes 
Node pair set size: 16026
Node pair percentage: 0.00
[Index Time] EAR-oracle: 40293.000000 ms
Index memory usage: 1180 MB
Breakdown_construction: 43369.000000 ms
Breakdown_dijkstra: 395647.000000 ms
Query results begin: 
5157.934570 1282.000000
4067.592285 746.000000
3367.881592 578.000000
1557.574707 4826.000000
2320.858643 13823.000000
4765.215820 885.000000
3333.031738 1029.000000
2070.771484 793.000000
4105.557617 766.000000
2558.775879 584.000000
4197.927246 766.000000
2824.323730 589.000000
7428.209961 1047.000000
5736.055664 922.000000
5816.459961 886.000000
4928.613281 928.000000
904.348877 3394.000000
4100.061523 690.000000
3094.299072 36407.000000
3952.597656 761.000000
3896.526855 781.000000
5235.925781 887.000000
1218.419678 610.000000
1694.926392 11888.000000
896.744385 2937.000000
3721.856689 21570.000000
4674.493164 947.000000
1850.595215 4648.000000
1036.695190 954.000000
6631.338379 1087.000000
2873.280518 996.000000
4724.526855 824.000000
5167.142578 702.000000
5459.188965 903.000000
5228.535156 869.000000
2877.176758 774.000000
5224.652832 773.000000
2324.272949 718.000000
1020.506104 4463.000000
3709.668457 774.000000
785.610046 1048.000000
2503.827881 22065.000000
2482.847168 18117.000000
6820.531250 1117.000000
2470.134277 8676.000000
5271.153320 1042.000000
2660.615479 10227.000000
386.747314 686.000000
2971.013184 588.000000
7005.907227 902.000000
4272.151367 712.000000
5292.891602 762.000000
5649.140625 689.000000
5555.166992 814.000000
3845.734375 1053.000000
3460.184082 602.000000
2640.745361 27099.000000
4179.612305 30266.000000
5507.822754 1093.000000
3885.026367 26912.000000
179.656921 56.000000
2167.745117 10991.000000
4569.733398 1001.000000
2656.100342 15295.000000
2582.739502 14747.000000
2846.605957 918.000000
5888.125488 819.000000
2451.185059 693.000000
7326.522461 781.000000
2278.813721 725.000000
1925.566162 749.000000
5298.398926 719.000000
2007.517944 640.000000
4798.606445 799.000000
3799.500977 24830.000000
2491.538330 890.000000
3471.726074 791.000000
2655.280273 792.000000
2746.875244 672.000000
6550.766602 1002.000000
4217.621582 676.000000
3234.964600 572.000000
639.588928 564.000000
4026.201660 699.000000
3039.545654 605.000000
4053.742920 718.000000
5566.923828 725.000000
1628.562500 668.000000
4019.485596 826.000000
6978.559570 778.000000
1450.747437 5344.000000
2916.834717 11881.000000
2091.859863 13523.000000
1306.041992 4466.000000
6218.646973 918.000000
7423.670898 804.000000
3332.677734 11699.000000
1903.724609 9173.000000
4405.490234 896.000000
2397.502441 11294.000000
Query results end.
