Load A2A queries finished.
Load face weight finished.
100 random queries, inner ratio = 0.000, inter ratio = 1.000
Run Algorithm 4: EAR-oracle
base graph |V| = 43407
quad tree level = 1
Leaf maximum side length: 3600.000
V = 1440 | EAR-Leaf = 186
maximum leaf node boundary vertices = 108
level 1 has 4 nodes
max cover set size: 108 min cover set size: 13
level 2 has 8 nodes
max cover set size: 46 min cover set size: 1
level 3 has 18 nodes
max cover set size: 30 min cover set size: 1
level 4 has 40 nodes
max cover set size: 14 min cover set size: 1
level 5 has 86 nodes
max cover set size: 6 min cover set size: 1
level 6 has 164 nodes
max cover set size: 3 min cover set size: 1
level 7 has 186 nodes
max cover set size: 1 min cover set size: 1
[Partition Tree] totally 507 nodes 
Node pair set size: 15945
Node pair percentage: 0.00
[Index Time] EAR-oracle: 23200.000000 ms
Index memory usage: 772 MB
Breakdown_construction: 33789.000000 ms
Breakdown_dijkstra: 230987.000000 ms
Query results begin: 
5158.781738 987.000000
4072.438477 578.000000
3374.766846 480.000000
1572.558472 2968.000000
2330.400391 7327.000000
4782.574219 619.000000
3351.894287 747.000000
2080.760010 524.000000
4118.020508 618.000000
2583.707275 452.000000
4209.695312 522.000000
2836.644531 420.000000
7431.128906 625.000000
5757.977539 640.000000
5796.436523 611.000000
4934.024414 679.000000
911.630127 1858.000000
4117.220703 554.000000
3099.645996 16996.000000
3967.128662 702.000000
3905.019043 598.000000
5236.398926 676.000000
1231.830566 476.000000
1699.254639 6779.000000
897.530029 1486.000000
3733.020752 10488.000000
4677.291992 696.000000
1858.745117 2069.000000
1042.695068 720.000000
6643.273926 716.000000
2878.951660 644.000000
4727.223633 608.000000
5172.606934 583.000000
5470.762695 745.000000
5250.036133 684.000000
2881.415771 623.000000
5229.857422 614.000000
2341.498047 585.000000
1021.250854 2453.000000
3714.616943 517.000000
786.257019 526.000000
2508.796875 11072.000000
2485.021973 11486.000000
6833.423828 1210.000000
2479.590332 6955.000000
5284.253418 1354.000000
2696.532227 9022.000000
387.024780 614.000000
2982.412109 643.000000
7018.510742 953.000000
4288.668945 702.000000
5303.208984 716.000000
5662.666016 637.000000
5575.666992 691.000000
3856.977051 667.000000
3466.630127 489.000000
2645.513672 15445.000000
4190.199219 20249.000000
5531.003418 915.000000
3892.674316 17158.000000
179.656921 46.000000
2169.928223 6518.000000
4589.186035 1002.000000
2661.189697 8348.000000
2578.345947 9061.000000
2847.243896 788.000000
5912.966797 694.000000
2451.986084 524.000000
7373.577637 684.000000
2281.048584 605.000000
1931.128174 635.000000
5316.027344 633.000000
2006.616699 558.000000
4810.251953 738.000000
3820.342285 13968.000000
2521.745605 709.000000
3482.927734 660.000000
2674.098633 832.000000
2746.782227 486.000000
6566.545898 771.000000
4248.790527 601.000000
3274.701416 468.000000
641.160583 485.000000
4043.005859 615.000000
3063.983398 520.000000
4070.928467 567.000000
5571.017578 607.000000
1641.985107 518.000000
4053.466064 650.000000
7023.074219 631.000000
1462.756470 3131.000000
2927.375244 6636.000000
2090.934082 6194.000000
1316.051514 2503.000000
6231.893066 835.000000
7432.854492 697.000000
3340.218506 5766.000000
1903.423828 4226.000000
4426.521973 833.000000
2417.238037 6862.000000
Query results end.
