Load A2A queries finished.
Load face weight finished.
100 random queries, inner ratio = 0.000, inter ratio = 1.000
Run Algorithm 3: SE-Oracle
base graph |V| = 26690
Begin to build partition tree...
level 1 has 5 nodes
max cover set size: 15688 min cover set size: 16
level 2 has 16 nodes
max cover set size: 5367 min cover set size: 3
level 3 has 63 nodes
max cover set size: 1756 min cover set size: 1
level 4 has 254 nodes
max cover set size: 478 min cover set size: 1
level 5 has 1135 nodes
max cover set size: 135 min cover set size: 1
level 6 has 4357 nodes
max cover set size: 50 min cover set size: 1
level 7 has 11607 nodes
max cover set size: 15 min cover set size: 1
level 8 has 20547 nodes
max cover set size: 8 min cover set size: 1
level 9 has 23240 nodes
max cover set size: 5 min cover set size: 1
level 10 has 25684 nodes
max cover set size: 3 min cover set size: 1
level 11 has 26425 nodes
max cover set size: 3 min cover set size: 1
level 12 has 26628 nodes
max cover set size: 3 min cover set size: 1
level 13 has 26677 nodes
max cover set size: 3 min cover set size: 1
level 14 has 26686 nodes
max cover set size: 2 min cover set size: 1
level 15 has 26687 nodes
max cover set size: 2 min cover set size: 1
level 16 has 26689 nodes
max cover set size: 2 min cover set size: 1
level 17 has 26690 nodes
max cover set size: 1 min cover set size: 1
[Partition Tree] totally 273391 nodes 
Partition tree finished.
Node pair set size: 24563944
Node pair percentage: 0.034
[Index Time] SE-oracle: 674783.000000 ms
Index memory usage: 23046 MB
2856.341309 2950.000000
6449.427734 2877.000000
3962.880127 2852.000000
2058.934326 2769.000000
1882.144043 2808.000000
2601.177490 2967.000000
1037.978760 2731.000000
399.590637 2925.000000
6243.693359 2609.000000
6154.567383 3297.000000
5678.227051 2571.000000
2619.098877 2632.000000
3860.323486 3047.000000
5862.344238 2656.000000
3065.294434 2552.000000
4957.531250 2531.000000
2113.232910 2788.000000
4473.418945 2616.000000
1753.718994 2623.000000
2367.881836 2595.000000
2071.748779 2487.000000
8743.440430 2746.000000
2315.711914 2877.000000
4798.251465 2734.000000
2847.623779 2530.000000
3421.443604 2538.000000
4118.545898 2407.000000
2108.918945 2616.000000
6734.570312 2574.000000
5531.497559 2404.000000
2864.331055 2580.000000
4138.916504 2676.000000
356.028168 2488.000000
2183.715332 2637.000000
1970.640137 2601.000000
5310.075684 2576.000000
5732.812012 2734.000000
2165.547852 2666.000000
3840.249512 3119.000000
4254.788086 2623.000000
2863.602295 2612.000000
4852.052246 2668.000000
5558.315430 2455.000000
6993.488770 2765.000000
3197.618408 2450.000000
2657.755127 2380.000000
5712.933594 2569.000000
142.193985 2460.000000
530.589050 2573.000000
2154.249268 2481.000000
1775.212891 2530.000000
2695.594238 2441.000000
6178.333008 2499.000000
8508.910156 2396.000000
1973.171997 2499.000000
2007.469604 2546.000000
3665.678711 2457.000000
1116.349365 2557.000000
3674.524414 2477.000000
6786.440430 2495.000000
4010.208496 2552.000000
7837.189941 2728.000000
5927.077637 2493.000000
2334.982422 2599.000000
3946.437988 2292.000000
1921.334717 2390.000000
6823.030762 2498.000000
4930.127930 2548.000000
353.154846 2425.000000
2221.880615 2535.000000
3792.440674 2486.000000
3692.780273 2586.000000
2813.712891 2524.000000
2767.549805 2637.000000
1118.208252 2628.000000
6215.738770 2616.000000
4066.572754 2623.000000
5143.524902 2398.000000
5508.883301 2283.000000
4804.500000 2463.000000
3837.550537 2656.000000
5510.036621 2597.000000
5073.185547 2582.000000
934.574402 2549.000000
924.910400 2511.000000
711.125244 2619.000000
2278.858398 2583.000000
2449.904053 2481.000000
3720.084473 2492.000000
6383.844238 2316.000000
6042.145508 2541.000000
3515.511475 2549.000000
1436.433838 2513.000000
4873.759277 2573.000000
3966.200195 2541.000000
5146.399902 2640.000000
2397.312012 2826.000000
6608.967773 2452.000000
3985.170654 2572.000000
2406.572998 2494.000000
Query results begin: 
2856.341309 2950.000000
6449.427734 2877.000000
3962.880127 2852.000000
2058.934326 2769.000000
1882.144043 2808.000000
2601.177490 2967.000000
1037.978760 2731.000000
399.590637 2925.000000
6243.693359 2609.000000
6154.567383 3297.000000
5678.227051 2571.000000
2619.098877 2632.000000
3860.323486 3047.000000
5862.344238 2656.000000
3065.294434 2552.000000
4957.531250 2531.000000
2113.232910 2788.000000
4473.418945 2616.000000
1753.718994 2623.000000
2367.881836 2595.000000
2071.748779 2487.000000
8743.440430 2746.000000
2315.711914 2877.000000
4798.251465 2734.000000
2847.623779 2530.000000
3421.443604 2538.000000
4118.545898 2407.000000
2108.918945 2616.000000
6734.570312 2574.000000
5531.497559 2404.000000
2864.331055 2580.000000
4138.916504 2676.000000
356.028168 2488.000000
2183.715332 2637.000000
1970.640137 2601.000000
5310.075684 2576.000000
5732.812012 2734.000000
2165.547852 2666.000000
3840.249512 3119.000000
4254.788086 2623.000000
2863.602295 2612.000000
4852.052246 2668.000000
5558.315430 2455.000000
6993.488770 2765.000000
3197.618408 2450.000000
2657.755127 2380.000000
5712.933594 2569.000000
142.193985 2460.000000
530.589050 2573.000000
2154.249268 2481.000000
1775.212891 2530.000000
2695.594238 2441.000000
6178.333008 2499.000000
8508.910156 2396.000000
1973.171997 2499.000000
2007.469604 2546.000000
3665.678711 2457.000000
1116.349365 2557.000000
3674.524414 2477.000000
6786.440430 2495.000000
4010.208496 2552.000000
7837.189941 2728.000000
5927.077637 2493.000000
2334.982422 2599.000000
3946.437988 2292.000000
1921.334717 2390.000000
6823.030762 2498.000000
4930.127930 2548.000000
353.154846 2425.000000
2221.880615 2535.000000
3792.440674 2486.000000
3692.780273 2586.000000
2813.712891 2524.000000
2767.549805 2637.000000
1118.208252 2628.000000
6215.738770 2616.000000
4066.572754 2623.000000
5143.524902 2398.000000
5508.883301 2283.000000
4804.500000 2463.000000
3837.550537 2656.000000
5510.036621 2597.000000
5073.185547 2582.000000
934.574402 2549.000000
924.910400 2511.000000
711.125244 2619.000000
2278.858398 2583.000000
2449.904053 2481.000000
3720.084473 2492.000000
6383.844238 2316.000000
6042.145508 2541.000000
3515.511475 2549.000000
1436.433838 2513.000000
4873.759277 2573.000000
3966.200195 2541.000000
5146.399902 2640.000000
2397.312012 2826.000000
6608.967773 2452.000000
3985.170654 2572.000000
2406.572998 2494.000000
Query results end.
