Load A2A queries finished.
Load face weight finished.
100 random queries, inner ratio = 0.000, inter ratio = 1.000
Run Algorithm 4: EAR-oracle
base graph |V| = 26690
quad tree level = 1
Leaf maximum side length: 3600.000
V = 1440 | EAR-Leaf = 186
maximum leaf node boundary vertices = 108
level 1 has 7 nodes
max cover set size: 90 min cover set size: 1
level 2 has 16 nodes
max cover set size: 32 min cover set size: 1
level 3 has 36 nodes
max cover set size: 14 min cover set size: 1
level 4 has 74 nodes
max cover set size: 7 min cover set size: 1
level 5 has 133 nodes
max cover set size: 4 min cover set size: 1
level 6 has 181 nodes
max cover set size: 3 min cover set size: 1
level 7 has 186 nodes
max cover set size: 1 min cover set size: 1
[Partition Tree] totally 634 nodes 
Node pair set size: 15506
Node pair percentage: 0.00
[Index Time] EAR-oracle: 10684.000000 ms
Index memory usage: 422 MB
Breakdown_construction: 90657.000000 ms
Breakdown_dijkstra: 37.000000 ms
Query results begin: 
1897.529175 584.000000
4567.255859 608.000000
6709.464844 500.000000
7650.288086 467.000000
12809.031250 597.000000
5549.835449 494.000000
8496.126953 420.000000
8640.078125 558.000000
3994.978760 1291.000000
5125.961914 494.000000
4065.447510 2595.000000
4315.124512 2516.000000
7732.405273 521.000000
7554.242188 570.000000
3757.915527 2675.000000
6143.646484 8437.000000
8975.500000 647.000000
8609.614258 512.000000
10526.989258 587.000000
8357.583008 574.000000
2776.390137 386.000000
6222.095215 574.000000
8824.138672 546.000000
8022.464844 740.000000
7521.753418 430.000000
3963.855713 422.000000
7594.157227 538.000000
13011.835938 553.000000
8105.554199 517.000000
6275.215332 520.000000
1912.814209 735.000000
5237.314453 561.000000
9412.460938 612.000000
3911.243164 369.000000
8785.932617 642.000000
7525.574219 490.000000
2670.922363 545.000000
15619.269531 727.000000
8673.159180 586.000000
2659.636230 276.000000
8602.173828 474.000000
13699.385742 663.000000
511.000366 102.000000
8094.215820 542.000000
5842.291992 515.000000
4553.263184 4578.000000
3631.791260 1638.000000
7224.300293 704.000000
6870.571289 455.000000
6087.991211 572.000000
10017.166016 572.000000
8021.083496 684.000000
6963.584961 10656.000000
13103.244141 666.000000
4234.029785 1489.000000
8894.060547 597.000000
9405.744141 496.000000
6697.268555 537.000000
3267.947998 2237.000000
7694.318848 625.000000
4141.753418 404.000000
3274.462158 520.000000
13084.527344 614.000000
13613.889648 640.000000
8749.628906 574.000000
230.099747 42.000000
8179.242188 561.000000
10492.992188 555.000000
8412.901367 512.000000
2455.732422 1061.000000
9498.414062 607.000000
6939.424805 719.000000
8111.868652 692.000000
3354.238281 512.000000
7688.009766 623.000000
6823.250977 645.000000
3709.246338 462.000000
1128.814453 336.000000
12074.931641 698.000000
5715.943848 620.000000
10734.625000 615.000000
1052.700439 414.000000
3391.420898 1760.000000
3309.218994 1863.000000
288.983002 34.000000
9787.873047 661.000000
1631.949097 737.000000
11114.736328 685.000000
7426.496094 603.000000
8546.357422 586.000000
6996.506836 611.000000
7212.375000 630.000000
5243.589355 1466.000000
10973.952148 584.000000
8289.113281 797.000000
8151.091309 541.000000
7805.036133 533.000000
6945.764160 512.000000
90.006348 15.000000
4724.567383 432.000000
Query results end.
