Load A2A queries finished.
Load face weight finished.
100 random queries, inner ratio = 0.000, inter ratio = 1.000
Run Algorithm 0: Bisector-Fixed-Scheme
base graph |V| = 51979
Query results begin: 
1900.255615 2425.000000
4568.262207 15726.000000
6710.129883 35763.000000
7637.215820 15350.000000
12692.364258 44036.000000
5549.128418 29328.000000
8491.396484 19436.000000
8640.083984 45604.000000
3982.385498 3284.000000
5105.333984 17305.000000
4065.447510 6782.000000
4260.438965 6255.000000
7707.132324 32420.000000
7544.343750 30715.000000
3755.541504 8345.000000
6122.933594 32451.000000
8963.078125 54484.000000
8609.869141 18517.000000
10519.078125 37480.000000
8335.809570 39142.000000
2777.904297 5090.000000
6220.240723 35504.000000
8815.145508 35672.000000
7996.984375 38087.000000
7527.557617 12420.000000
3965.382568 12009.000000
7566.211914 26337.000000
12620.598633 36471.000000
8098.517090 28839.000000
6225.707031 30573.000000
1912.814209 1865.000000
5237.512207 21905.000000
9407.056641 43047.000000
3910.074463 5540.000000
8777.361328 46044.000000
7502.506348 24787.000000
2666.735107 5616.000000
15550.059570 42278.000000
8662.978516 24958.000000
2651.299072 2692.000000
8602.143555 34353.000000
13690.814453 46272.000000
501.797119 230.000000
8091.113770 31517.000000
5831.145508 20553.000000
4553.263184 13696.000000
3630.791016 4423.000000
7227.765137 14290.000000
6796.104492 13770.000000
6090.926270 18482.000000
9972.257812 22421.000000
7963.005859 50381.000000
6942.443848 33570.000000
13084.352539 37592.000000
4202.455566 5135.000000
8834.251953 35851.000000
9397.739258 31566.000000
6691.519531 17936.000000
3267.947998 6729.000000
7669.182129 21813.000000
4122.729004 13591.000000
3248.017578 10050.000000
12990.833984 37977.000000
13597.019531 41280.000000
8739.796875 33239.000000
230.099747 109.000000
8163.767090 26179.000000
10490.761719 25061.000000
8344.007812 18785.000000
2442.856934 2834.000000
9449.602539 26150.000000
6914.577637 15266.000000
8038.883789 32916.000000
3354.238281 920.000000
7654.133301 21883.000000
6805.270996 19657.000000
3693.585693 9004.000000
1128.814453 679.000000
12060.667969 34446.000000
5718.769531 25138.000000
10728.125000 37044.000000
1052.700439 914.000000
3391.420898 4565.000000
3309.218994 4120.000000
288.983002 72.000000
9739.991211 30997.000000
1631.949097 1766.000000
11073.566406 40868.000000
7397.293457 15135.000000
8519.226562 30805.000000
6971.710938 22151.000000
7129.710938 24542.000000
5243.589355 3793.000000
10973.884766 43084.000000
8253.051758 42803.000000
8096.849121 18697.000000
7751.281738 19430.000000
6891.050781 16470.000000
84.225967 41.000000
4726.340332 7147.000000
Query results end.
