Load A2A queries finished.
Load face weight finished.
100 random queries, inner ratio = 0.000, inter ratio = 1.000
Run Algorithm 0: Bisector-Fixed-Scheme
base graph |V| = 26690
Query results begin: 
1900.255615 1030.000000
4568.262207 5487.000000
6710.129883 10501.000000
7649.922852 4313.000000
12813.786133 11113.000000
5549.835938 6906.000000
8499.458984 4558.000000
8640.083984 10090.000000
3994.978760 878.000000
5128.924805 3995.000000
4065.447510 1802.000000
4315.124512 1697.000000
7730.687988 7632.000000
7552.457031 7046.000000
3757.915527 2111.000000
6143.646484 7166.000000
8976.518555 11208.000000
8609.869141 4445.000000
10534.658203 9009.000000
8358.144531 9269.000000
2777.904297 1242.000000
6222.095215 7611.000000
8824.638672 8603.000000
8023.025879 9524.000000
7527.557617 3201.000000
3965.382568 3077.000000
7597.686523 7328.000000
12689.256836 10348.000000
8109.271484 7976.000000
6280.213867 7275.000000
1912.814209 487.000000
5237.512207 5334.000000
9412.497070 11499.000000
3910.074463 1487.000000
8785.932617 11857.000000
7525.189453 5940.000000
2670.922363 1347.000000
15616.947266 11987.000000
8670.633789 5907.000000
2661.098877 711.000000
8606.453125 6946.000000
13699.384766 11334.000000
511.000366 70.000000
8091.113770 7602.000000
5841.731445 4711.000000
4553.263184 3175.000000
3631.791260 1240.000000
7227.765137 3693.000000
6871.485352 3408.000000
6090.926270 4414.000000
10022.316406 5614.000000
8021.526367 11172.000000
6963.584961 10357.000000
13103.504883 11372.000000
4234.029785 1769.000000
8895.486328 11076.000000
9403.019531 8990.000000
6693.282227 4219.000000
3267.947998 1756.000000
7706.945312 6634.000000
4158.634766 4223.000000
3269.198730 2928.000000
13078.899414 13157.000000
13615.338867 13459.000000
8749.290039 12289.000000
230.099747 46.000000
8178.555176 7897.000000
10496.643555 7453.000000
8415.389648 5760.000000
2455.732422 995.000000
9507.340820 7402.000000
6939.182129 3987.000000
8112.656250 9290.000000
3354.238281 275.000000
7687.734375 5951.000000
6823.264160 5593.000000
3708.373779 2515.000000
1128.814453 203.000000
12076.241211 9973.000000
5718.769531 7191.000000
10732.312500 10467.000000
1052.700439 299.000000
3391.420898 1457.000000
3309.218994 1057.000000
288.983002 37.000000
9789.271484 9132.000000
1631.949097 416.000000
11133.063477 10691.000000
7419.554199 4343.000000
8546.689453 7104.000000
6992.252930 5864.000000
7204.810547 6160.000000
5243.589355 912.000000
10975.232422 11610.000000
8293.129883 11093.000000
8149.943848 4949.000000
7806.998535 4994.000000
6946.125000 3711.000000
90.006348 15.000000
4726.340332 2185.000000
Query results end.
