Load A2A queries finished.
Load face weight finished.
100 random queries, inner ratio = 0.000, inter ratio = 1.000
Run Algorithm 4: EAR-oracle
base graph |V| = 34704
quad tree level = 1
Leaf maximum side length: 3600.000
V = 1440 | EAR-Leaf = 186
maximum leaf node boundary vertices = 108
level 1 has 4 nodes
max cover set size: 81 min cover set size: 4
level 2 has 8 nodes
max cover set size: 50 min cover set size: 2
level 3 has 16 nodes
max cover set size: 26 min cover set size: 1
level 4 has 36 nodes
max cover set size: 15 min cover set size: 1
level 5 has 81 nodes
max cover set size: 7 min cover set size: 1
level 6 has 155 nodes
max cover set size: 3 min cover set size: 1
level 7 has 186 nodes
max cover set size: 1 min cover set size: 1
[Partition Tree] totally 487 nodes 
Node pair set size: 16076
Node pair percentage: 0.00
[Index Time] EAR-oracle: 14393.000000 ms
Index memory usage: 595 MB
Breakdown_construction: 34240.000000 ms
Breakdown_dijkstra: 162305.000000 ms
Query results begin: 
5179.462402 1588.000000
4073.503906 633.000000
3384.305176 554.000000
1570.534668 2392.000000
2329.474609 5936.000000
4772.049316 732.000000
3346.992920 772.000000
2074.929199 600.000000
4110.097656 658.000000
2568.468994 485.000000
4200.437012 555.000000
2829.994629 450.000000
7422.245117 680.000000
5758.133301 626.000000
5811.902832 623.000000
4938.102539 686.000000
905.437744 1627.000000
4112.991211 631.000000
3112.598145 13547.000000
3961.388916 645.000000
3890.818359 593.000000
5240.666992 656.000000
1227.398926 427.000000
1716.300049 4893.000000
903.960083 1136.000000
3713.121582 7195.000000
4702.735352 738.000000
1858.735352 1808.000000
1048.442871 614.000000
6656.959473 716.000000
2885.767578 640.000000
4726.761719 606.000000
5205.123535 638.000000
5455.555176 656.000000
5232.218750 660.000000
2901.614746 588.000000
5234.109863 583.000000
2338.663574 519.000000
1025.207275 1988.000000
3711.725342 721.000000
777.939758 427.000000
2513.793701 8214.000000
2510.147949 6984.000000
6844.122070 1198.000000
2469.841309 3467.000000
5264.851562 814.000000
2677.278320 4389.000000
394.286255 506.000000
2969.896973 476.000000
7044.936035 729.000000
4318.079590 638.000000
5306.236328 587.000000
5666.567383 807.000000
5632.033691 693.000000
3871.020264 635.000000
3470.635010 454.000000
2658.786133 9376.000000
4168.933105 10781.000000
5515.260254 878.000000
3883.972900 11701.000000
179.656921 93.000000
2170.946289 4327.000000
4572.163086 926.000000
2646.267822 5509.000000
2570.380859 7326.000000
2851.333740 871.000000
5917.786133 807.000000
2463.934814 575.000000
7338.012695 722.000000
2286.814209 618.000000
1931.660034 573.000000
5321.846680 927.000000
2019.975586 635.000000
4811.565918 734.000000
3798.730469 10380.000000
2498.617676 741.000000
3480.231689 631.000000
2646.999512 623.000000
2754.079346 723.000000
6560.747559 916.000000
4240.172363 592.000000
3270.713379 658.000000
643.903381 556.000000
4034.437012 736.000000
3066.210693 540.000000
4059.279541 635.000000
5577.165527 664.000000
1651.272705 545.000000
4034.874023 703.000000
7004.713379 721.000000
1466.567749 2167.000000
2920.642090 4843.000000
2095.966064 4365.000000
1320.473999 2142.000000
6227.575195 857.000000
7423.612305 669.000000
3342.501465 4122.000000
1922.534546 2834.000000
4429.071289 776.000000
2395.060059 4214.000000
Query results end.
