Load A2A queries finished.
Load face weight finished.
100 random queries, inner ratio = 0.000, inter ratio = 1.000
Run Algorithm 3: SE-Oracle
base graph |V| = 34704
Begin to build partition tree...
level 1 has 5 nodes
max cover set size: 17428 min cover set size: 16
level 2 has 14 nodes
max cover set size: 9572 min cover set size: 9
level 3 has 46 nodes
max cover set size: 3413 min cover set size: 2
level 4 has 184 nodes
max cover set size: 889 min cover set size: 1
level 5 has 780 nodes
max cover set size: 222 min cover set size: 1
level 6 has 3417 nodes
max cover set size: 70 min cover set size: 1
level 7 has 10272 nodes
max cover set size: 29 min cover set size: 1
level 8 has 22627 nodes
max cover set size: 12 min cover set size: 1
level 9 has 30841 nodes
max cover set size: 8 min cover set size: 1
level 10 has 33963 nodes
max cover set size: 6 min cover set size: 1
level 11 has 34572 nodes
max cover set size: 3 min cover set size: 1
level 12 has 34684 nodes
max cover set size: 2 min cover set size: 1
level 13 has 34702 nodes
max cover set size: 2 min cover set size: 1
level 14 has 34703 nodes
max cover set size: 2 min cover set size: 1
level 15 has 34704 nodes
max cover set size: 1 min cover set size: 1
[Partition Tree] totally 275515 nodes 
Partition tree finished.
Node pair set size: 32907680
Node pair percentage: 0.027
[Index Time] SE-oracle: 1109529.000000 ms
Index memory usage: 34806 MB
3036.343018 3754.000000
6535.416992 3967.000000
3879.384766 3552.000000
1997.760986 4246.000000
2002.680908 3398.000000
2513.957275 3645.000000
1020.356812 3430.000000
399.590637 3447.000000
5889.683105 3106.000000
6187.512695 3535.000000
5687.580566 3227.000000
2558.258057 3311.000000
3734.705078 3297.000000
5487.838379 3216.000000
3279.289551 3172.000000
5018.793457 3045.000000
2149.062012 3476.000000
4398.277344 3299.000000
1752.812500 3111.000000
2311.191406 3247.000000
2088.152588 3293.000000
8155.352539 3243.000000
2369.792236 3238.000000
4770.754883 3231.000000
2720.254395 3290.000000
3422.105713 3340.000000
4007.029785 3032.000000
2184.981445 3289.000000
7656.691895 3233.000000
5511.779297 3092.000000
2726.964355 3245.000000
3931.101074 3306.000000
394.708618 3117.000000
2180.202393 3197.000000
1888.089600 3223.000000
5427.838867 3335.000000
5830.091797 3339.000000
2068.836670 3258.000000
3917.855225 3345.000000
4124.186035 3167.000000
2728.621338 3338.000000
4966.502441 3162.000000
5666.350098 3139.000000
6823.967773 3261.000000
3220.236084 3229.000000
2760.500244 3166.000000
5928.821289 3197.000000
142.193985 3318.000000
541.611328 3097.000000
2112.924072 3152.000000
1757.019653 2982.000000
2791.300293 2988.000000
5992.434570 3040.000000
8014.653809 2963.000000
1975.234741 3213.000000
2041.171143 3068.000000
3531.342529 3274.000000
1054.500610 3356.000000
3828.483154 2995.000000
6898.117188 3201.000000
3834.437988 3177.000000
8057.900391 3139.000000
5703.763672 3275.000000
2239.645508 3352.000000
3816.588379 2906.000000
1913.556885 3033.000000
6972.239746 3374.000000
4943.843262 2947.000000
353.046265 3099.000000
2178.424316 3228.000000
3709.662842 3102.000000
3808.597656 3219.000000
2808.081055 3184.000000
2584.254883 3202.000000
1091.952881 3168.000000
5741.488281 3081.000000
4028.766602 3191.000000
5366.628906 3038.000000
5050.467285 2925.000000
4587.523438 3101.000000
3929.138916 3175.000000
5045.144531 3256.000000
4954.833008 3191.000000
946.681641 3106.000000
857.210876 3221.000000
719.966064 3455.000000
2227.282959 3387.000000
2286.443848 3082.000000
3668.549316 3132.000000
6353.795410 2872.000000
6251.941895 3042.000000
3661.397217 3189.000000
1420.123413 3129.000000
4830.036133 3175.000000
3920.174561 3051.000000
5062.169922 3237.000000
2324.406006 3187.000000
6735.079102 3076.000000
3910.277832 3078.000000
2609.627686 3062.000000
Query results begin: 
3036.343018 3754.000000
6535.416992 3967.000000
3879.384766 3552.000000
1997.760986 4246.000000
2002.680908 3398.000000
2513.957275 3645.000000
1020.356812 3430.000000
399.590637 3447.000000
5889.683105 3106.000000
6187.512695 3535.000000
5687.580566 3227.000000
2558.258057 3311.000000
3734.705078 3297.000000
5487.838379 3216.000000
3279.289551 3172.000000
5018.793457 3045.000000
2149.062012 3476.000000
4398.277344 3299.000000
1752.812500 3111.000000
2311.191406 3247.000000
2088.152588 3293.000000
8155.352539 3243.000000
2369.792236 3238.000000
4770.754883 3231.000000
2720.254395 3290.000000
3422.105713 3340.000000
4007.029785 3032.000000
2184.981445 3289.000000
7656.691895 3233.000000
5511.779297 3092.000000
2726.964355 3245.000000
3931.101074 3306.000000
394.708618 3117.000000
2180.202393 3197.000000
1888.089600 3223.000000
5427.838867 3335.000000
5830.091797 3339.000000
2068.836670 3258.000000
3917.855225 3345.000000
4124.186035 3167.000000
2728.621338 3338.000000
4966.502441 3162.000000
5666.350098 3139.000000
6823.967773 3261.000000
3220.236084 3229.000000
2760.500244 3166.000000
5928.821289 3197.000000
142.193985 3318.000000
541.611328 3097.000000
2112.924072 3152.000000
1757.019653 2982.000000
2791.300293 2988.000000
5992.434570 3040.000000
8014.653809 2963.000000
1975.234741 3213.000000
2041.171143 3068.000000
3531.342529 3274.000000
1054.500610 3356.000000
3828.483154 2995.000000
6898.117188 3201.000000
3834.437988 3177.000000
8057.900391 3139.000000
5703.763672 3275.000000
2239.645508 3352.000000
3816.588379 2906.000000
1913.556885 3033.000000
6972.239746 3374.000000
4943.843262 2947.000000
353.046265 3099.000000
2178.424316 3228.000000
3709.662842 3102.000000
3808.597656 3219.000000
2808.081055 3184.000000
2584.254883 3202.000000
1091.952881 3168.000000
5741.488281 3081.000000
4028.766602 3191.000000
5366.628906 3038.000000
5050.467285 2925.000000
4587.523438 3101.000000
3929.138916 3175.000000
5045.144531 3256.000000
4954.833008 3191.000000
946.681641 3106.000000
857.210876 3221.000000
719.966064 3455.000000
2227.282959 3387.000000
2286.443848 3082.000000
3668.549316 3132.000000
6353.795410 2872.000000
6251.941895 3042.000000
3661.397217 3189.000000
1420.123413 3129.000000
4830.036133 3175.000000
3920.174561 3051.000000
5062.169922 3237.000000
2324.406006 3187.000000
6735.079102 3076.000000
3910.277832 3078.000000
2609.627686 3062.000000
Query results end.
