Load A2A queries finished.
Load face weight finished.
100 random queries, inner ratio = 0.000, inter ratio = 1.000
Run Algorithm 4: EAR-oracle
base graph |V| = 51979
quad tree level = 1
Leaf maximum side length: 3600.000
V = 1440 | EAR-Leaf = 186
maximum leaf node boundary vertices = 108
level 1 has 5 nodes
max cover set size: 94 min cover set size: 4
level 2 has 12 nodes
max cover set size: 32 min cover set size: 4
level 3 has 29 nodes
max cover set size: 22 min cover set size: 1
level 4 has 61 nodes
max cover set size: 9 min cover set size: 1
level 5 has 116 nodes
max cover set size: 4 min cover set size: 1
level 6 has 175 nodes
max cover set size: 3 min cover set size: 1
level 7 has 186 nodes
max cover set size: 1 min cover set size: 1
[Partition Tree] totally 585 nodes 
Node pair set size: 16739
Node pair percentage: 0.00
[Index Time] EAR-oracle: 32400.000000 ms
Index memory usage: 952 MB
Breakdown_construction: 185086.000000 ms
Breakdown_dijkstra: 117.000000 ms
Query results begin: 
1897.529175 984.000000
4567.255859 942.000000
6709.464844 696.000000
7638.993652 617.000000
12687.020508 725.000000
5549.127930 692.000000
8488.063477 518.000000
8640.078125 739.000000
3982.385498 3449.000000
5102.106445 711.000000
4065.447510 6672.000000
4260.438965 6372.000000
7708.583008 710.000000
7546.127930 756.000000
3755.541504 8129.000000
6122.933594 27552.000000
8962.060547 935.000000
8609.614258 694.000000
10512.202148 758.000000
8333.538086 729.000000
2776.390137 546.000000
6220.240723 724.000000
8814.703125 732.000000
7995.346680 712.000000
7521.045898 606.000000
3963.855713 624.000000
7570.750977 677.000000
12620.431641 799.000000
8094.286133 700.000000
6221.447754 741.000000
1912.814209 1988.000000
5237.314453 761.000000
9407.021484 770.000000
3911.243164 541.000000
8777.361328 760.000000
7503.458008 582.000000
2666.734863 671.000000
15553.742188 764.000000
8665.502930 762.000000
2649.465576 429.000000
8597.986328 697.000000
13690.815430 771.000000
501.797119 221.000000
8094.215820 711.000000
5831.196289 685.000000
4553.263184 12775.000000
3630.791016 4385.000000
7224.300293 955.000000
6795.543457 578.000000
6087.991211 718.000000
9967.781250 700.000000
7962.562988 804.000000
6942.443848 29790.000000
13163.602539 962.000000
4202.455566 4673.000000
8837.704102 772.000000
9405.460938 624.000000
6697.268555 727.000000
3267.947998 5638.000000
7669.325195 705.000000
4112.268066 506.000000
3253.963867 696.000000
12998.223633 859.000000
13600.449219 794.000000
8740.194336 711.000000
230.099747 108.000000
8163.183594 690.000000
10487.174805 808.000000
8341.520508 663.000000
2442.856934 2593.000000
9441.816406 685.000000
6914.819336 750.000000
8036.863770 733.000000
3354.238281 985.000000
7656.124023 583.000000
6804.951172 745.000000
3693.666504 585.000000
1128.814453 718.000000
12057.655273 804.000000
5715.943848 762.000000
10730.437500 746.000000
1052.700439 912.000000
3391.420898 3830.000000
3309.218994 3764.000000
288.983002 67.000000
9738.177734 878.000000
1631.949097 1527.000000
11061.395508 772.000000
7405.998047 814.000000
8518.893555 747.000000
6978.608398 732.000000
7136.968750 761.000000
5243.589355 3571.000000
10972.603516 674.000000
8253.050781 823.000000
8095.938965 709.000000
7749.248047 680.000000
6895.126953 689.000000
84.225967 28.000000
4724.567383 541.000000
Query results end.
