Load A2A queries finished.
Load face weight finished.
100 random queries, inner ratio = 0.000, inter ratio = 1.000
Run Algorithm 3: SE-Oracle
base graph |V| = 43402
Begin to build partition tree...
level 1 has 6 nodes
max cover set size: 25098 min cover set size: 33
level 2 has 19 nodes
max cover set size: 6241 min cover set size: 5
level 3 has 62 nodes
max cover set size: 2585 min cover set size: 1
level 4 has 267 nodes
max cover set size: 708 min cover set size: 1
level 5 has 1189 nodes
max cover set size: 223 min cover set size: 1
level 6 has 4716 nodes
max cover set size: 76 min cover set size: 1
level 7 has 13993 nodes
max cover set size: 30 min cover set size: 1
level 8 has 29221 nodes
max cover set size: 16 min cover set size: 1
level 9 has 39253 nodes
max cover set size: 10 min cover set size: 1
level 10 has 42105 nodes
max cover set size: 4 min cover set size: 1
level 11 has 43015 nodes
max cover set size: 3 min cover set size: 1
level 12 has 43304 nodes
max cover set size: 3 min cover set size: 1
level 13 has 43385 nodes
max cover set size: 3 min cover set size: 1
level 14 has 43400 nodes
max cover set size: 2 min cover set size: 1
level 15 has 43400 nodes
max cover set size: 2 min cover set size: 1
level 16 has 43400 nodes
max cover set size: 2 min cover set size: 1
level 17 has 43401 nodes
max cover set size: 2 min cover set size: 1
level 18 has 43401 nodes
max cover set size: 2 min cover set size: 1
level 19 has 43401 nodes
max cover set size: 2 min cover set size: 1
level 20 has 43402 nodes
max cover set size: 1 min cover set size: 1
[Partition Tree] totally 564341 nodes 
Partition tree finished.
Node pair set size: 39913686
Node pair percentage: 0.021
[Index Time] SE-oracle: 1841804.000000 ms
Index memory usage: 47519 MB
3005.706787 5280.000000
6390.816895 5383.000000
4063.868652 5153.000000
1902.999023 5063.000000
1887.222412 4814.000000
2658.698975 5402.000000
964.411804 5035.000000
399.590637 5320.000000
5563.861816 4591.000000
6074.378418 5196.000000
5788.221191 5191.000000
2711.140137 5290.000000
3915.069336 4801.000000
5372.253906 4775.000000
3360.268066 4877.000000
4879.693848 4688.000000
2125.973633 5097.000000
4292.223145 4916.000000
1709.354004 4950.000000
2480.792480 4762.000000
2155.860596 4968.000000
8337.951172 5299.000000
2376.214600 5045.000000
4841.731934 4839.000000
2686.236328 5127.000000
3488.828369 4930.000000
4031.700195 4508.000000
2059.807129 4888.000000
6917.876465 4788.000000
5348.320801 4538.000000
2703.114258 5210.000000
3946.497070 4882.000000
342.634521 4910.000000
2195.528809 4961.000000
1866.710938 4800.000000
5246.308594 5025.000000
5480.902344 5094.000000
2136.970459 5220.000000
3876.159912 4871.000000
4161.193359 4830.000000
2768.473633 5109.000000
5109.251953 5361.000000
5339.268066 5330.000000
7028.934570 5062.000000
3397.480225 4835.000000
2747.389404 4686.000000
6404.863281 4830.000000
142.193985 5148.000000
541.183044 5250.000000
2114.493164 4785.000000
1763.125122 4522.000000
2512.419434 4551.000000
5579.539551 4644.000000
7633.647461 4670.000000
1940.552490 5217.000000
1946.935059 4737.000000
3558.819092 4863.000000
1102.174072 5052.000000
3720.918701 4644.000000
7128.180664 5031.000000
4058.041748 4783.000000
7952.872559 4854.000000
5931.581055 5255.000000
2291.919678 5086.000000
4088.501953 4306.000000
1864.020264 4600.000000
7007.663574 4826.000000
4839.515625 4672.000000
332.072998 4686.000000
2133.391602 4945.000000
3839.580078 4798.000000
3494.481201 4978.000000
3086.854736 9675.000000
2703.775146 4710.000000
1076.296509 4813.000000
6125.166504 4623.000000
4105.987793 4888.000000
4857.512695 4645.000000
5286.166992 4520.000000
4567.542969 5129.000000
3702.038330 4874.000000
5609.365234 4836.000000
5096.276855 4954.000000
898.557190 5047.000000
861.896423 4555.000000
709.380127 5330.000000
2165.420410 4852.000000
2409.778076 4710.000000
3763.567383 4724.000000
6192.167480 4365.000000
6057.131836 4809.000000
3663.088623 4822.000000
1418.178467 4984.000000
4838.144043 4896.000000
3930.967285 4730.000000
5218.009766 5049.000000
2219.730713 5045.000000
7002.715820 4712.000000
3833.433594 4861.000000
2414.712158 4794.000000
Query results begin: 
3005.706787 5280.000000
6390.816895 5383.000000
4063.868652 5153.000000
1902.999023 5063.000000
1887.222412 4814.000000
2658.698975 5402.000000
964.411804 5035.000000
399.590637 5320.000000
5563.861816 4591.000000
6074.378418 5196.000000
5788.221191 5191.000000
2711.140137 5290.000000
3915.069336 4801.000000
5372.253906 4775.000000
3360.268066 4877.000000
4879.693848 4688.000000
2125.973633 5097.000000
4292.223145 4916.000000
1709.354004 4950.000000
2480.792480 4762.000000
2155.860596 4968.000000
8337.951172 5299.000000
2376.214600 5045.000000
4841.731934 4839.000000
2686.236328 5127.000000
3488.828369 4930.000000
4031.700195 4508.000000
2059.807129 4888.000000
6917.876465 4788.000000
5348.320801 4538.000000
2703.114258 5210.000000
3946.497070 4882.000000
342.634521 4910.000000
2195.528809 4961.000000
1866.710938 4800.000000
5246.308594 5025.000000
5480.902344 5094.000000
2136.970459 5220.000000
3876.159912 4871.000000
4161.193359 4830.000000
2768.473633 5109.000000
5109.251953 5361.000000
5339.268066 5330.000000
7028.934570 5062.000000
3397.480225 4835.000000
2747.389404 4686.000000
6404.863281 4830.000000
142.193985 5148.000000
541.183044 5250.000000
2114.493164 4785.000000
1763.125122 4522.000000
2512.419434 4551.000000
5579.539551 4644.000000
7633.647461 4670.000000
1940.552490 5217.000000
1946.935059 4737.000000
3558.819092 4863.000000
1102.174072 5052.000000
3720.918701 4644.000000
7128.180664 5031.000000
4058.041748 4783.000000
7952.872559 4854.000000
5931.581055 5255.000000
2291.919678 5086.000000
4088.501953 4306.000000
1864.020264 4600.000000
7007.663574 4826.000000
4839.515625 4672.000000
332.072998 4686.000000
2133.391602 4945.000000
3839.580078 4798.000000
3494.481201 4978.000000
3086.854736 9675.000000
2703.775146 4710.000000
1076.296509 4813.000000
6125.166504 4623.000000
4105.987793 4888.000000
4857.512695 4645.000000
5286.166992 4520.000000
4567.542969 5129.000000
3702.038330 4874.000000
5609.365234 4836.000000
5096.276855 4954.000000
898.557190 5047.000000
861.896423 4555.000000
709.380127 5330.000000
2165.420410 4852.000000
2409.778076 4710.000000
3763.567383 4724.000000
6192.167480 4365.000000
6057.131836 4809.000000
3663.088623 4822.000000
1418.178467 4984.000000
4838.144043 4896.000000
3930.967285 4730.000000
5218.009766 5049.000000
2219.730713 5045.000000
7002.715820 4712.000000
3833.433594 4861.000000
2414.712158 4794.000000
Query results end.
