Load A2A queries finished.
Load face weight finished.
100 random queries, inner ratio = 0.000, inter ratio = 1.000
Run Algorithm 3: SE-Oracle
base graph |V| = 61259
Begin to build partition tree...
level 1 has 4 nodes
max cover set size: 35320 min cover set size: 2350
level 2 has 15 nodes
max cover set size: 14201 min cover set size: 2
level 3 has 55 nodes
max cover set size: 4450 min cover set size: 1
level 4 has 210 nodes
max cover set size: 1309 min cover set size: 1
level 5 has 920 nodes
max cover set size: 357 min cover set size: 1
level 6 has 4019 nodes
max cover set size: 111 min cover set size: 1
level 7 has 12279 nodes
max cover set size: 48 min cover set size: 1
level 8 has 28357 nodes
max cover set size: 19 min cover set size: 1
level 9 has 50197 nodes
max cover set size: 11 min cover set size: 1
level 10 has 58399 nodes
max cover set size: 9 min cover set size: 1
level 11 has 60414 nodes
max cover set size: 6 min cover set size: 1
level 12 has 61068 nodes
max cover set size: 3 min cover set size: 1
level 13 has 61224 nodes
max cover set size: 3 min cover set size: 1
level 14 has 61249 nodes
max cover set size: 3 min cover set size: 1
level 15 has 61253 nodes
max cover set size: 3 min cover set size: 1
level 16 has 61255 nodes
max cover set size: 3 min cover set size: 1
level 17 has 61257 nodes
max cover set size: 2 min cover set size: 1
level 18 has 61258 nodes
max cover set size: 2 min cover set size: 1
level 19 has 61259 nodes
max cover set size: 1 min cover set size: 1
[Partition Tree] totally 704693 nodes 
Partition tree finished.
Node pair set size: 51652572
Node pair percentage: 0.014
[Index Time] SE-oracle: 3717745.000000 ms
Index memory usage: 74917 MB
2991.106689 8971.000000
6394.225586 8828.000000
4030.968262 9090.000000
2053.403809 8632.000000
1839.144165 8213.000000
2587.238770 8745.000000
963.981384 8461.000000
399.590637 8365.000000
5976.111328 7883.000000
6065.427246 8365.000000
5598.013184 8283.000000
2591.082520 8524.000000
3763.212891 7910.000000
5557.300781 8319.000000
3257.197510 8331.000000
4709.939941 7486.000000
2113.806152 8634.000000
4510.679688 8103.000000
1720.893799 8445.000000
2330.906494 7827.000000
2138.072510 8002.000000
8135.667969 7968.000000
2281.676025 8913.000000
4833.738770 10565.000000
2829.743652 7832.000000
3141.078613 8272.000000
4280.658203 7314.000000
2105.253174 7886.000000
6796.215332 8023.000000
5499.371582 7315.000000
2777.613037 8639.000000
3987.108398 8121.000000
333.399353 8322.000000
2054.397217 7950.000000
1870.553467 8279.000000
5427.291504 8154.000000
5776.210938 8080.000000
2169.586914 8398.000000
3670.229004 14942.000000
4140.022461 8251.000000
2705.157227 8995.000000
4769.440430 8495.000000
5958.328613 8168.000000
6983.070801 7964.000000
3356.300049 7968.000000
2796.328125 7378.000000
5937.752930 8496.000000
142.193985 8503.000000
540.766602 7857.000000
2141.392334 7883.000000
1843.995239 7671.000000
2794.597412 7265.000000
5868.707520 7614.000000
8213.796875 7654.000000
1988.548096 8008.000000
1987.287598 7602.000000
3597.230469 7712.000000
1074.826660 7981.000000
3525.377197 7482.000000
6875.098145 7420.000000
4052.747559 7737.000000
8201.076172 8053.000000
5871.232910 8226.000000
2241.631348 8365.000000
3962.129395 8575.000000
1879.564087 7770.000000
6955.005859 8191.000000
4927.477051 7500.000000
334.842438 7861.000000
2092.637451 8054.000000
3712.767822 8256.000000
3624.789795 7838.000000
2903.170166 7500.000000
2609.630127 8538.000000
1066.186401 7535.000000
5623.853516 7888.000000
3902.214600 7967.000000
4847.642578 7661.000000
5199.616699 7401.000000
4775.424805 7844.000000
3805.370117 14498.000000
5161.206543 8074.000000
4902.525391 8819.000000
866.200439 10508.000000
872.048279 7554.000000
693.223633 8312.000000
2219.163574 8136.000000
2281.572754 7502.000000
3675.706543 7591.000000
6226.673828 7601.000000
6021.365234 8206.000000
3804.157227 8160.000000
1417.402588 8427.000000
4674.775391 7984.000000
3863.260498 8076.000000
5109.694336 8171.000000
2358.631836 7826.000000
6570.023438 7935.000000
3915.677490 7574.000000
2499.612061 7545.000000
Query results begin: 
2991.106689 8971.000000
6394.225586 8828.000000
4030.968262 9090.000000
2053.403809 8632.000000
1839.144165 8213.000000
2587.238770 8745.000000
963.981384 8461.000000
399.590637 8365.000000
5976.111328 7883.000000
6065.427246 8365.000000
5598.013184 8283.000000
2591.082520 8524.000000
3763.212891 7910.000000
5557.300781 8319.000000
3257.197510 8331.000000
4709.939941 7486.000000
2113.806152 8634.000000
4510.679688 8103.000000
1720.893799 8445.000000
2330.906494 7827.000000
2138.072510 8002.000000
8135.667969 7968.000000
2281.676025 8913.000000
4833.738770 10565.000000
2829.743652 7832.000000
3141.078613 8272.000000
4280.658203 7314.000000
2105.253174 7886.000000
6796.215332 8023.000000
5499.371582 7315.000000
2777.613037 8639.000000
3987.108398 8121.000000
333.399353 8322.000000
2054.397217 7950.000000
1870.553467 8279.000000
5427.291504 8154.000000
5776.210938 8080.000000
2169.586914 8398.000000
3670.229004 14942.000000
4140.022461 8251.000000
2705.157227 8995.000000
4769.440430 8495.000000
5958.328613 8168.000000
6983.070801 7964.000000
3356.300049 7968.000000
2796.328125 7378.000000
5937.752930 8496.000000
142.193985 8503.000000
540.766602 7857.000000
2141.392334 7883.000000
1843.995239 7671.000000
2794.597412 7265.000000
5868.707520 7614.000000
8213.796875 7654.000000
1988.548096 8008.000000
1987.287598 7602.000000
3597.230469 7712.000000
1074.826660 7981.000000
3525.377197 7482.000000
6875.098145 7420.000000
4052.747559 7737.000000
8201.076172 8053.000000
5871.232910 8226.000000
2241.631348 8365.000000
3962.129395 8575.000000
1879.564087 7770.000000
6955.005859 8191.000000
4927.477051 7500.000000
334.842438 7861.000000
2092.637451 8054.000000
3712.767822 8256.000000
3624.789795 7838.000000
2903.170166 7500.000000
2609.630127 8538.000000
1066.186401 7535.000000
5623.853516 7888.000000
3902.214600 7967.000000
4847.642578 7661.000000
5199.616699 7401.000000
4775.424805 7844.000000
3805.370117 14498.000000
5161.206543 8074.000000
4902.525391 8819.000000
866.200439 10508.000000
872.048279 7554.000000
693.223633 8312.000000
2219.163574 8136.000000
2281.572754 7502.000000
3675.706543 7591.000000
6226.673828 7601.000000
6021.365234 8206.000000
3804.157227 8160.000000
1417.402588 8427.000000
4674.775391 7984.000000
3863.260498 8076.000000
5109.694336 8171.000000
2358.631836 7826.000000
6570.023438 7935.000000
3915.677490 7574.000000
2499.612061 7545.000000
Query results end.
