Load A2A queries finished.
Load face weight finished.
100 random queries, inner ratio = 0.000, inter ratio = 1.000
Run Algorithm 1: Bisector-Unfixed-Scheme
Query results begin: 
3358.416260 5703297.000000
8970.938477 23854774.000000
1518.767944 831202.000000
12338.493164 36596424.000000
4726.466309 15300283.000000
4575.220703 2964697.000000
8302.654297 23182116.000000
4940.287109 7726282.000000
4125.412598 6738051.000000
2780.514160 4868909.000000
170.685120 22536.000000
12444.834961 37642704.000000
3381.425781 6910220.000000
10058.953125 36716132.000000
12794.678711 37680168.000000
3986.035889 8182480.000000
10777.231445 43116068.000000
8774.367188 37146332.000000
12083.370117 39409572.000000
1746.640747 2283789.000000
7141.625977 26134748.000000
6852.294922 31273488.000000
9796.905273 22302888.000000
10901.918945 25017964.000000
10330.134766 33187908.000000
5016.982910 13768787.000000
5332.330078 7781428.000000
9296.742188 36644964.000000
11157.271484 31025076.000000
13326.358398 40061768.000000
10208.991211 19608744.000000
6626.208496 21492560.000000
6338.601074 26692356.000000
5475.141113 20566306.000000
11207.914062 38648004.000000
3826.563721 11863183.000000
12454.225586 39166212.000000
10834.925781 30434596.000000
7015.583496 19917310.000000
2704.721191 4626353.000000
3782.997070 8602542.000000
4032.635010 3854859.000000
3398.507812 2028689.000000
7663.388184 28567544.000000
830.837708 553929.000000
12173.490234 42312348.000000
5668.893066 12033417.000000
9960.944336 39317360.000000
6342.436035 19317810.000000
8392.000000 29640768.000000
10563.947266 31631352.000000
2534.160156 3748390.000000
11566.926758 35703352.000000
3472.223389 5680954.000000
7725.793945 23881464.000000
8626.162109 14848698.000000
6806.068359 28268742.000000
6186.853027 30399632.000000
10173.257812 28770540.000000
5730.161621 21748600.000000
10373.316406 36786416.000000
9809.916992 34116796.000000
4695.666016 14919917.000000
7408.660645 16834884.000000
10577.188477 36274408.000000
7239.316406 9851755.000000
12681.491211 41445224.000000
4272.222168 10206948.000000
7658.025879 21807408.000000
4163.944824 10414663.000000
4139.682617 13772267.000000
4153.269043 6006924.000000
3242.641602 7654532.000000
5376.900879 18399412.000000
11780.921875 41534348.000000
8585.850586 32702536.000000
11293.463867 41654224.000000
7910.599609 27690526.000000
6446.993164 19597514.000000
9730.963867 30981356.000000
9296.680664 39302500.000000
2474.885742 4814990.000000
10352.981445 27860116.000000
6816.569336 25917968.000000
6506.060547 25092148.000000
1063.057373 371236.000000
8050.142090 23544412.000000
3601.311523 9703447.000000
10640.322266 37967472.000000
4551.821289 12220827.000000
10171.205078 36331764.000000
3865.896973 9853963.000000
11155.489258 38050000.000000
13709.043945 41352580.000000
2301.504150 4842685.000000
8562.653320 20716446.000000
3405.344238 4636451.000000
6983.012695 19064904.000000
8075.305176 26253856.000000
979.422424 779600.000000
Query results end.
