Load A2A queries finished.
Load face weight finished.
100 random queries, inner ratio = 0.000, inter ratio = 1.000
Run Algorithm 4: EAR-oracle
base graph |V| = 43402
quad tree level = 2
Leaf maximum side length: 1800.000
V = 1440 | EAR-Leaf = 455
maximum leaf node boundary vertices = 100
level 1 has 4 nodes
max cover set size: 241 min cover set size: 3
level 2 has 14 nodes
max cover set size: 135 min cover set size: 1
level 3 has 39 nodes
max cover set size: 44 min cover set size: 1
level 4 has 104 nodes
max cover set size: 20 min cover set size: 1
level 5 has 218 nodes
max cover set size: 7 min cover set size: 1
level 6 has 377 nodes
max cover set size: 4 min cover set size: 1
level 7 has 452 nodes
max cover set size: 2 min cover set size: 1
level 8 has 455 nodes
max cover set size: 1 min cover set size: 1
[Partition Tree] totally 1664 nodes 
Node pair set size: 88596
Node pair percentage: 0.00
[Index Time] EAR-oracle: 56004.000000 ms
Index memory usage: 684 MB
Breakdown_construction: 197076.000000 ms
Breakdown_dijkstra: 96.000000 ms
Query results begin: 
3359.068359 2301.000000
8985.992188 4012.000000
1518.419678 687.000000
12356.216797 3290.000000
4722.390137 1721.000000
4659.574219 665.000000
8314.057617 1936.000000
4938.375488 1004.000000
4125.362305 957.000000
2814.106201 1024.000000
170.685120 67.000000
12522.746094 2652.000000
3489.450928 1318.000000
10075.124023 2665.000000
12831.185547 2869.000000
3983.777832 1162.000000
10796.654297 2860.000000
8768.912109 2843.000000
12121.375000 2708.000000
1745.094360 1861.000000
7160.828613 2328.000000
6871.641602 2710.000000
9839.610352 1838.000000
10938.249023 2146.000000
10328.666992 2503.000000
5021.840820 1652.000000
5349.755859 956.000000
9292.241211 2829.000000
11176.962891 2366.000000
13341.810547 2734.000000
10224.094727 1794.000000
6672.751953 2167.000000
6337.503906 2475.000000
5475.219238 2128.000000
11250.917969 2944.000000
3828.120605 1457.000000
12459.201172 2748.000000
10851.048828 2280.000000
7025.662109 1846.000000
2708.944824 854.000000
3780.947266 1448.000000
4029.008789 842.000000
3398.891846 746.000000
7665.298828 2279.000000
830.837708 483.000000
12198.781250 3013.000000
5663.548340 1331.000000
9971.945312 2673.000000
6394.931641 1876.000000
8414.957031 2537.000000
10572.566406 2572.000000
2532.395020 1078.000000
11629.727539 2895.000000
3482.763672 1087.000000
7756.764648 2143.000000
8619.696289 1427.000000
6804.830078 2427.000000
6209.282715 2538.000000
10240.678711 2269.000000
5730.269531 2056.000000
10376.906250 2723.000000
9821.882812 2703.000000
4696.163086 1780.000000
7413.637695 1595.000000
10589.382812 2693.000000
7248.253418 1122.000000
12711.349609 2892.000000
4314.445801 1189.000000
7659.628418 2096.000000
4184.826172 1424.000000
4140.084961 1533.000000
4185.216797 872.000000
3242.500977 1234.000000
5377.886719 1698.000000
11804.201172 2926.000000
8613.679688 2769.000000
11286.981445 2816.000000
7930.054688 2149.000000
6453.388672 1807.000000
9731.156250 2516.000000
9309.609375 3081.000000
2481.630859 781.000000
10369.270508 2481.000000
6866.682129 2552.000000
6526.434570 2110.000000
1062.886719 466.000000
8052.753418 2022.000000
3607.885010 1254.000000
10645.554688 2737.000000
4578.319824 1390.000000
10178.974609 2766.000000
3931.166504 1607.000000
11224.205078 2987.000000
13726.313477 2957.000000
2306.770508 1114.000000
8614.347656 1947.000000
3410.796387 786.000000
6994.141113 1850.000000
8091.630859 2049.000000
979.603149 621.000000
Query results end.
