Load A2A queries finished.
Load face weight finished.
100 random queries, inner ratio = 0.000, inter ratio = 1.000
Run Algorithm 0: Bisector-Fixed-Scheme
base graph |V| = 43402
Query results begin: 
3359.086670 5632.000000
8987.215820 22016.000000
1518.419678 568.000000
12357.905273 31887.000000
4726.725586 14145.000000
4657.312988 2562.000000
8320.048828 20588.000000
4940.410156 6265.000000
4125.362793 5381.000000
2814.106201 4612.000000
170.685120 57.000000
12531.716797 34568.000000
3487.481201 6779.000000
10070.775391 34512.000000
12831.943359 34921.000000
3987.612549 6714.000000
10802.766602 41923.000000
8773.326172 36372.000000
12129.005859 37019.000000
1745.094360 1733.000000
7162.420898 24902.000000
6871.499023 30688.000000
9840.226562 19511.000000
10940.420898 21353.000000
10330.159180 30172.000000
5025.367188 12521.000000
5352.344238 6102.000000
9298.768555 35616.000000
11180.336914 29042.000000
13355.968750 35833.000000
10237.175781 17755.000000
6669.758789 20426.000000
6338.639648 25934.000000
5477.990723 20570.000000
11252.510742 36087.000000
3826.931396 11320.000000
12466.488281 37287.000000
10859.271484 29609.000000
7032.832031 19076.000000
2709.624023 4142.000000
3783.740723 7443.000000
4032.912109 3493.000000
3399.175781 1704.000000
7667.022461 26893.000000
830.837708 401.000000
12203.436523 39151.000000
5665.706543 10020.000000
9971.945312 37696.000000
6390.492676 17441.000000
8415.772461 28104.000000
10571.845703 29421.000000
2533.680420 3102.000000
11632.191406 32451.000000
3483.114014 5077.000000
7762.748047 21790.000000
8629.995117 13372.000000
6806.224121 27239.000000
6211.101074 30272.000000
10240.679688 26542.000000
5728.690430 21511.000000
10379.388672 34020.000000
9823.673828 32260.000000
4692.811523 13328.000000
7417.313965 16105.000000
10589.382812 33364.000000
7244.054199 7984.000000
12711.578125 37789.000000
4314.276367 8690.000000
7660.897949 20688.000000
4187.746582 9493.000000
4139.716797 13014.000000
4167.317871 5190.000000
3242.132568 6757.000000
5377.887695 16820.000000
11807.012695 37307.000000
8617.501953 31827.000000
11296.552734 40035.000000
7931.311523 27608.000000
6453.388672 18661.000000
9733.752930 28131.000000
9312.819336 37660.000000
2482.072266 4518.000000
10380.311523 25426.000000
6872.851074 24364.000000
6532.501953 24551.000000
1062.886719 354.000000
8060.677246 22044.000000
3607.885010 9142.000000
10656.928711 35020.000000
4579.205566 11049.000000
10187.119141 34327.000000
3925.038574 10128.000000
11227.702148 35470.000000
13724.841797 38027.000000
2306.635742 4360.000000
8615.478516 18037.000000
3411.532715 3944.000000
6991.812988 17807.000000
8086.854980 24600.000000
979.196228 684.000000
Query results end.
