Load A2A queries finished.
Load face weight finished.
100 random queries, inner ratio = 0.000, inter ratio = 1.000
Run Algorithm 3: SE-Oracle
base graph |V| = 43402
Begin to build partition tree...
level 1 has 4 nodes
max cover set size: 19088 min cover set size: 384
level 2 has 15 nodes
max cover set size: 11492 min cover set size: 11
level 3 has 82 nodes
max cover set size: 3264 min cover set size: 1
level 4 has 485 nodes
max cover set size: 916 min cover set size: 1
level 5 has 2167 nodes
max cover set size: 229 min cover set size: 1
level 6 has 7186 nodes
max cover set size: 98 min cover set size: 1
level 7 has 17784 nodes
max cover set size: 32 min cover set size: 1
level 8 has 30387 nodes
max cover set size: 22 min cover set size: 1
level 9 has 38833 nodes
max cover set size: 12 min cover set size: 1
level 10 has 42025 nodes
max cover set size: 9 min cover set size: 1
level 11 has 42977 nodes
max cover set size: 3 min cover set size: 1
level 12 has 43290 nodes
max cover set size: 3 min cover set size: 1
level 13 has 43377 nodes
max cover set size: 3 min cover set size: 1
level 14 has 43396 nodes
max cover set size: 2 min cover set size: 1
level 15 has 43400 nodes
max cover set size: 2 min cover set size: 1
level 16 has 43401 nodes
max cover set size: 2 min cover set size: 1
level 17 has 43401 nodes
max cover set size: 2 min cover set size: 1
level 18 has 43401 nodes
max cover set size: 2 min cover set size: 1
level 19 has 43401 nodes
max cover set size: 2 min cover set size: 1
level 20 has 43402 nodes
max cover set size: 1 min cover set size: 1
[Partition Tree] totally 572415 nodes 
Partition tree finished.
Node pair set size: 66508446
Node pair percentage: 0.035
[Index Time] SE-oracle: 2964770.000000 ms
Index memory usage: 65615 MB
3346.758301 5643.000000
8732.040039 5760.000000
1518.419556 5522.000000
12352.429688 4911.000000
4614.124023 5191.000000
4797.669922 4636.000000
8484.330078 4294.000000
4803.158203 4941.000000
4110.712402 4780.000000
2742.092041 5615.000000
170.685120 5112.000000
13150.776367 4691.000000
3307.833984 4707.000000
10418.066406 4946.000000
12649.908203 4310.000000
3906.738037 4238.000000
10811.888672 5166.000000
8621.505859 4747.000000
11792.373047 4307.000000
1718.256348 5023.000000
7141.627930 4915.000000
7242.387695 6982.000000
9387.870117 4409.000000
10486.076172 4257.000000
10215.655273 5508.000000
4859.730957 4458.000000
5348.883789 4515.000000
9230.998047 4765.000000
11431.517578 4329.000000
14145.500000 4401.000000
9839.047852 4388.000000
6378.103027 4427.000000
6484.289062 4487.000000
5408.422363 4537.000000
10922.874023 4813.000000
3662.420898 4494.000000
12603.329102 4759.000000
10706.074219 4627.000000
6765.056152 5212.000000
2797.644043 4991.000000
3669.852051 4464.000000
4188.393066 4383.000000
3300.685059 5055.000000
7628.940430 4553.000000
830.837708 4826.000000
12074.156250 4526.000000
5617.660156 4447.000000
10050.647461 4225.000000
6455.641113 4754.000000
8864.392578 4716.000000
10623.197266 4717.000000
2439.357178 4878.000000
11553.813477 4277.000000
3623.820312 4192.000000
7873.624023 6645.000000
8929.986328 4274.000000
6668.020020 4153.000000
6258.620605 4246.000000
10107.738281 4585.000000
5649.452148 4885.000000
10010.001953 4696.000000
9225.786133 4897.000000
4727.499023 4020.000000
7145.763184 4517.000000
10516.822266 4158.000000
7784.364746 4073.000000
13379.906250 4692.000000
4080.765625 4492.000000
8127.554688 4187.000000
4340.234375 4470.000000
4353.300293 4293.000000
4333.390137 4568.000000
3129.296631 4944.000000
5378.830078 4744.000000
11414.120117 5154.000000
8732.448242 4423.000000
11531.533203 4714.000000
8027.526367 6286.000000
6487.123047 4479.000000
9400.690430 4595.000000
9008.133789 6633.000000
2376.928955 4879.000000
10294.260742 15799.000000
7201.921387 4405.000000
6355.069336 4602.000000
1062.886719 4678.000000
8018.732910 4254.000000
3698.159668 4873.000000
10809.037109 4180.000000
4688.796875 4575.000000
10434.448242 4364.000000
3736.043457 4459.000000
11431.874023 4350.000000
13640.124023 4597.000000
2215.103271 4763.000000
8848.805664 4337.000000
3441.731201 4517.000000
6993.975586 4860.000000
7839.502930 4192.000000
987.922119 4862.000000
Query results begin: 
3346.758301 5643.000000
8732.040039 5760.000000
1518.419556 5522.000000
12352.429688 4911.000000
4614.124023 5191.000000
4797.669922 4636.000000
8484.330078 4294.000000
4803.158203 4941.000000
4110.712402 4780.000000
2742.092041 5615.000000
170.685120 5112.000000
13150.776367 4691.000000
3307.833984 4707.000000
10418.066406 4946.000000
12649.908203 4310.000000
3906.738037 4238.000000
10811.888672 5166.000000
8621.505859 4747.000000
11792.373047 4307.000000
1718.256348 5023.000000
7141.627930 4915.000000
7242.387695 6982.000000
9387.870117 4409.000000
10486.076172 4257.000000
10215.655273 5508.000000
4859.730957 4458.000000
5348.883789 4515.000000
9230.998047 4765.000000
11431.517578 4329.000000
14145.500000 4401.000000
9839.047852 4388.000000
6378.103027 4427.000000
6484.289062 4487.000000
5408.422363 4537.000000
10922.874023 4813.000000
3662.420898 4494.000000
12603.329102 4759.000000
10706.074219 4627.000000
6765.056152 5212.000000
2797.644043 4991.000000
3669.852051 4464.000000
4188.393066 4383.000000
3300.685059 5055.000000
7628.940430 4553.000000
830.837708 4826.000000
12074.156250 4526.000000
5617.660156 4447.000000
10050.647461 4225.000000
6455.641113 4754.000000
8864.392578 4716.000000
10623.197266 4717.000000
2439.357178 4878.000000
11553.813477 4277.000000
3623.820312 4192.000000
7873.624023 6645.000000
8929.986328 4274.000000
6668.020020 4153.000000
6258.620605 4246.000000
10107.738281 4585.000000
5649.452148 4885.000000
10010.001953 4696.000000
9225.786133 4897.000000
4727.499023 4020.000000
7145.763184 4517.000000
10516.822266 4158.000000
7784.364746 4073.000000
13379.906250 4692.000000
4080.765625 4492.000000
8127.554688 4187.000000
4340.234375 4470.000000
4353.300293 4293.000000
4333.390137 4568.000000
3129.296631 4944.000000
5378.830078 4744.000000
11414.120117 5154.000000
8732.448242 4423.000000
11531.533203 4714.000000
8027.526367 6286.000000
6487.123047 4479.000000
9400.690430 4595.000000
9008.133789 6633.000000
2376.928955 4879.000000
10294.260742 15799.000000
7201.921387 4405.000000
6355.069336 4602.000000
1062.886719 4678.000000
8018.732910 4254.000000
3698.159668 4873.000000
10809.037109 4180.000000
4688.796875 4575.000000
10434.448242 4364.000000
3736.043457 4459.000000
11431.874023 4350.000000
13640.124023 4597.000000
2215.103271 4763.000000
8848.805664 4337.000000
3441.731201 4517.000000
6993.975586 4860.000000
7839.502930 4192.000000
987.922119 4862.000000
Query results end.
