Load A2A queries finished.
Load face weight finished.
100 random queries, inner ratio = 0.000, inter ratio = 1.000
Run Algorithm 0: Bisector-Fixed-Scheme
base graph |V| = 74562
Query results begin: 
1466.620972 1004.000000
770.763306 397.000000
263.026855 38.000000
441.737579 99.000000
637.567505 141.000000
97.868790 38.000000
1280.324829 481.000000
380.379944 61.000000
1106.878052 372.000000
2489.898438 1365.000000
1036.482422 328.000000
450.980286 41.000000
809.385620 408.000000
345.538208 66.000000
349.480469 92.000000
1916.895020 1309.000000
3862.920898 4024.000000
2855.495605 2669.000000
1679.301636 774.000000
2118.727295 1793.000000
156.786667 54.000000
3411.569092 5254.000000
1388.002686 623.000000
1056.848633 557.000000
1247.936523 317.000000
51.356026 20.000000
464.729553 104.000000
840.691223 302.000000
2716.418945 2140.000000
1834.026245 1638.000000
2860.357422 834.000000
433.877441 99.000000
2501.475830 2243.000000
1919.188599 1043.000000
2093.954590 1704.000000
3949.494385 2748.000000
1830.832886 1501.000000
2672.532715 2274.000000
4438.064453 9872.000000
3772.251953 7045.000000
1738.651611 1986.000000
2351.119141 1794.000000
331.008545 146.000000
3097.787598 2427.000000
347.839050 46.000000
2230.884766 2879.000000
942.819214 169.000000
589.410645 201.000000
1381.432007 1467.000000
2009.309814 921.000000
368.002502 65.000000
919.892578 380.000000
1039.024292 704.000000
391.111694 110.000000
1580.439331 407.000000
823.274170 212.000000
821.311035 64.000000
1150.624878 764.000000
2963.172363 4638.000000
1600.803101 1045.000000
915.170105 297.000000
2072.754150 1094.000000
858.699829 193.000000
612.744385 236.000000
2232.485352 946.000000
550.578125 228.000000
152.660187 25.000000
775.105347 107.000000
705.343628 60.000000
1087.559937 307.000000
2133.757812 3038.000000
2707.427979 538.000000
3246.473633 4374.000000
1163.814819 283.000000
2839.315674 4406.000000
1403.432617 1100.000000
192.193604 48.000000
293.931122 41.000000
2630.724609 2563.000000
688.705627 121.000000
177.093582 48.000000
1349.394043 1340.000000
511.764893 105.000000
1399.651978 587.000000
1982.362183 1477.000000
2828.743652 1113.000000
491.680634 134.000000
179.117035 38.000000
4350.085938 8242.000000
1028.949097 353.000000
1935.692871 2481.000000
895.122375 398.000000
1646.685913 1401.000000
1482.820312 253.000000
2552.960205 1906.000000
919.729980 271.000000
572.312927 89.000000
685.561707 166.000000
6301.686523 2218.000000
178.009476 38.000000
13949.947266 41860.000000
6514.467285 25891.000000
8073.859863 40347.000000
4675.483887 16466.000000
10166.903320 39793.000000
7604.552246 23667.000000
8573.030273 21835.000000
5955.690918 24603.000000
11317.060547 34985.000000
11140.796875 40704.000000
6188.175293 30441.000000
5958.168945 10644.000000
12134.500000 52980.000000
8718.021484 39970.000000
6456.751465 21390.000000
10506.453125 25044.000000
8679.571289 36496.000000
13625.526367 51086.000000
7051.429199 13444.000000
3976.965088 4628.000000
13676.811523 44987.000000
7883.160156 37955.000000
13764.244141 52137.000000
8998.765625 28295.000000
14445.205078 53294.000000
9619.858398 28173.000000
6268.971191 25343.000000
4079.119873 5401.000000
2745.736084 2917.000000
11267.743164 54780.000000
10664.837891 42772.000000
4167.218750 9681.000000
14505.666992 46320.000000
6906.023438 26599.000000
8379.849609 29229.000000
8890.092773 13129.000000
8740.203125 13247.000000
9456.860352 26774.000000
6979.349609 28725.000000
9099.596680 32137.000000
4859.230469 11808.000000
9849.200195 39674.000000
4412.134766 10425.000000
8169.908691 28780.000000
5583.056641 13292.000000
4783.246094 7891.000000
6086.664551 12451.000000
13695.239258 57192.000000
5520.874512 16790.000000
9230.859375 33205.000000
8769.483398 17798.000000
4985.987305 13211.000000
9665.441406 28922.000000
10986.252930 38365.000000
19174.941406 50871.000000
4603.262695 6878.000000
7158.168945 19096.000000
5433.888184 13197.000000
10745.744141 32752.000000
10632.838867 35647.000000
9342.908203 31193.000000
4861.014160 5805.000000
9050.333984 49391.000000
11206.555664 39049.000000
12578.746094 43822.000000
517.712524 75.000000
5121.659668 13508.000000
9941.518555 28198.000000
10389.458008 34127.000000
14036.158203 37069.000000
10131.125977 21123.000000
6508.683105 11084.000000
9063.620117 44688.000000
14333.989258 45604.000000
5783.284180 16391.000000
5281.439941 6461.000000
11934.152344 31705.000000
9257.041992 37904.000000
7529.378906 36647.000000
11451.151367 55489.000000
9306.894531 60063.000000
3968.576904 9974.000000
5712.089355 14003.000000
5197.691406 16604.000000
5337.358887 14357.000000
1763.951660 1007.000000
13300.934570 49483.000000
3275.051270 5048.000000
7272.816406 20190.000000
8640.886719 28398.000000
10750.153320 46327.000000
7997.445801 21329.000000
12918.185547 43821.000000
17404.724609 57192.000000
8376.891602 31175.000000
5865.348633 24984.000000
12104.074219 47807.000000
11089.056641 44668.000000
13564.969727 58597.000000
9053.423828 26243.000000
10612.706055 34944.000000
14011.962891 52379.000000
12012.885742 46083.000000
7933.706055 41138.000000
6434.390625 30744.000000
9457.232422 21922.000000
14084.552734 48449.000000
15249.789062 48893.000000
16706.050781 50264.000000
5438.830078 18197.000000
10154.225586 49774.000000
10169.642578 40755.000000
5178.177246 15561.000000
7191.686035 17029.000000
13306.682617 46800.000000
10580.171875 32417.000000
9231.534180 30675.000000
5471.948730 10620.000000
8200.593750 6680.000000
13693.551758 47621.000000
15344.039062 69282.000000
8943.023438 14046.000000
10207.973633 46920.000000
6151.065430 23885.000000
4337.124023 10827.000000
7588.855469 35174.000000
12440.643555 24755.000000
9178.318359 39742.000000
11147.318359 50909.000000
5963.254395 19741.000000
6736.672363 18936.000000
6240.619141 21723.000000
11282.319336 47731.000000
10821.553711 31222.000000
5602.744141 19704.000000
5276.096191 16799.000000
7681.290039 29951.000000
13958.572266 51494.000000
7972.017090 25916.000000
4770.636230 15076.000000
3867.887939 2411.000000
8908.541992 37165.000000
10291.160156 17528.000000
11217.128906 56303.000000
7731.372559 40873.000000
12487.973633 47940.000000
9843.058594 39557.000000
9900.122070 31321.000000
12797.724609 53361.000000
1055.246460 454.000000
8603.085938 32929.000000
4377.592285 12032.000000
14667.375000 46907.000000
14507.439453 42824.000000
6520.014160 29031.000000
14098.041016 53817.000000
11259.375977 49210.000000
8922.500977 31466.000000
9538.074219 24108.000000
4384.448242 6123.000000
13430.436523 30106.000000
8961.417969 26012.000000
11472.520508 44176.000000
6575.760742 16914.000000
10465.480469 54487.000000
8077.436523 42345.000000
9749.556641 37382.000000
13620.097656 47907.000000
11739.624023 51398.000000
9528.620117 33213.000000
8945.171875 17129.000000
5076.174805 10627.000000
7418.084473 7233.000000
9406.194336 37989.000000
5393.166504 17028.000000
11553.807617 39872.000000
13426.031250 35481.000000
18185.267578 65198.000000
11180.908203 20675.000000
4709.849609 8458.000000
13544.050781 44959.000000
8327.106445 20369.000000
17738.376953 58959.000000
494.397003 217.000000
1818.924316 2225.000000
6799.797363 19531.000000
7840.044434 42955.000000
16410.439453 66523.000000
10473.497070 34469.000000
15403.014648 50496.000000
10315.742188 49453.000000
8768.453125 34242.000000
3844.889648 10014.000000
9472.166992 43427.000000
11541.090820 62270.000000
14723.906250 65404.000000
1709.119873 951.000000
10949.290039 44871.000000
12057.345703 45625.000000
4192.130859 11048.000000
Query results end.
