Load A2A queries finished.
Load face weight finished.
100 random queries, inner ratio = 0.000, inter ratio = 1.000
Run Algorithm 4: EAR-oracle
base graph |V| = 74560
quad tree level = 2
Leaf maximum side length: 2304.000
V = 2470 | EAR-Leaf = 587
maximum leaf node boundary vertices = 127
level 1 has 5 nodes
max cover set size: 355 min cover set size: 7
level 2 has 17 nodes
max cover set size: 105 min cover set size: 2
level 3 has 46 nodes
max cover set size: 43 min cover set size: 1
level 4 has 105 nodes
max cover set size: 28 min cover set size: 1
level 5 has 237 nodes
max cover set size: 12 min cover set size: 1
level 6 has 449 nodes
max cover set size: 7 min cover set size: 1
level 7 has 563 nodes
max cover set size: 3 min cover set size: 1
level 8 has 586 nodes
max cover set size: 2 min cover set size: 1
level 9 has 587 nodes
max cover set size: 1 min cover set size: 1
[Partition Tree] totally 2596 nodes 
Node pair set size: 110727
Node pair percentage: 0.00
[Index Time] EAR-oracle: 120326.000000 ms
Index memory usage: 1299 MB
Breakdown_construction: 251475.000000 ms
Breakdown_dijkstra: 123.000000 ms
Query results begin: 
11457.157227 6218.000000
3442.559082 1338.000000
10330.819336 3737.000000
9035.310547 3834.000000
16534.005859 3764.000000
10887.816406 3573.000000
13623.277344 4034.000000
10725.066406 3712.000000
4490.041992 1558.000000
10767.012695 3842.000000
5146.132324 1462.000000
8915.654297 1993.000000
9330.118164 1662.000000
9361.980469 3563.000000
15893.573242 3775.000000
15148.093750 3578.000000
12178.096680 3670.000000
10015.815430 2315.000000
7729.159180 1568.000000
13698.853516 3675.000000
12845.054688 3196.000000
5431.075195 1545.000000
12280.281250 3125.000000
1933.714355 1451.000000
10792.609375 3944.000000
3792.615967 1139.000000
12181.219727 3088.000000
5162.389160 2262.000000
11941.067383 3790.000000
6095.904785 1173.000000
4742.575195 2196.000000
2006.989258 657.000000
4148.884766 1565.000000
5428.247070 990.000000
4231.170410 1432.000000
13484.023438 3381.000000
10416.849609 3649.000000
9564.347656 2561.000000
13507.064453 3372.000000
4974.045898 1143.000000
5540.889648 2341.000000
9879.225586 2610.000000
4235.425293 1066.000000
7914.117676 2606.000000
5042.038574 1268.000000
7152.182129 1496.000000
14225.683594 3695.000000
10996.213867 3832.000000
9201.856445 2184.000000
9617.535156 2374.000000
8063.754395 2627.000000
4499.882812 1094.000000
4548.198730 1417.000000
4561.854980 1994.000000
5394.106445 2248.000000
5504.329102 1536.000000
9404.727539 2793.000000
5994.882812 2590.000000
10508.396484 3986.000000
10880.591797 3136.000000
5238.050781 1608.000000
13712.035156 3394.000000
8749.588867 1934.000000
5490.298340 2114.000000
4347.994141 1389.000000
13431.195312 3669.000000
2854.486816 2665.000000
13309.630859 3055.000000
13258.932617 3148.000000
11303.526367 3590.000000
9757.573242 3123.000000
13829.302734 3539.000000
5968.868164 1290.000000
5646.307129 1666.000000
5663.313477 1278.000000
15364.445312 3672.000000
14655.783203 3857.000000
8497.875000 3486.000000
6607.332520 2078.000000
11633.929688 3767.000000
11277.907227 2770.000000
3515.315186 1023.000000
11892.660156 3662.000000
12170.203125 3940.000000
9951.280273 1724.000000
4477.227539 1485.000000
7656.821777 3263.000000
5661.040039 1496.000000
8639.702148 2258.000000
4578.974609 2047.000000
7689.387207 2095.000000
5125.643066 1437.000000
6623.285156 2260.000000
9445.783203 3659.000000
4985.625977 1003.000000
971.463257 236.000000
9680.344727 2949.000000
2420.792236 1343.000000
8950.907227 2177.000000
4621.568848 1026.000000
Query results end.
