Load A2A queries finished.
Load face weight finished.
100 random queries, inner ratio = 0.000, inter ratio = 1.000
Run Algorithm 1: Bisector-Unfixed-Scheme
Query results begin: 
11435.620117 50817624.000000
3442.926270 9183355.000000
10323.674805 53591092.000000
9024.990234 51739728.000000
16490.439453 74458168.000000
10869.953125 55578460.000000
13588.877930 73962632.000000
10708.205078 57787872.000000
4480.310547 14661749.000000
10772.914062 67779744.000000
5116.562988 13692478.000000
8893.014648 31425504.000000
9141.207031 17720558.000000
9325.167969 52577584.000000
15901.672852 72611192.000000
15076.556641 61206760.000000
12180.218750 60362368.000000
9780.431641 28541398.000000
7508.251953 17204084.000000
13626.382812 62955780.000000
12844.115234 55660208.000000
5403.196289 16023759.000000
12246.616211 57314984.000000
1913.052490 1921126.000000
10686.038086 66534016.000000
3770.292480 11466332.000000
12142.194336 53577688.000000
5111.250977 19018432.000000
11933.372070 62839276.000000
6090.170410 15815488.000000
4735.500977 18229778.000000
2004.977783 2500707.000000
4149.832031 13160192.000000
5427.432617 8172325.000000
4219.973145 12136291.000000
13395.234375 60289412.000000
10424.726562 61037840.000000
9507.359375 40102760.000000
13454.194336 57479424.000000
4963.852539 9520961.000000
5540.426270 25990600.000000
9828.928711 33740980.000000
4231.456055 8094047.000000
7897.754883 34364040.000000
5026.412109 13270881.000000
7148.637207 21984232.000000
14214.372070 66712212.000000
10988.902344 61095592.000000
9202.441406 28348668.000000
9592.585938 31590996.000000
7963.467285 31990576.000000
4500.376953 6297314.000000
4527.020020 13779758.000000
4549.550293 14870559.000000
5363.954102 21650872.000000
5439.994141 8476967.000000
9391.226562 41215236.000000
5989.420898 32129726.000000
10504.182617 67394632.000000
10825.579102 49501472.000000
5235.936523 16462665.000000
13697.855469 53562040.000000
8755.907227 26662112.000000
5480.529785 22132566.000000
4345.417480 9712337.000000
13400.556641 72401616.000000
2854.558594 2496814.000000
13316.401367 54057688.000000
13256.286133 53981680.000000
11276.303711 59186096.000000
9735.309570 49011024.000000
13804.539062 66967776.000000
5958.568848 15713052.000000
5631.123535 17407242.000000
5665.568359 15541007.000000
15248.125000 69167496.000000
14612.623047 71176160.000000
8466.909180 48895088.000000
6581.250488 30512706.000000
11627.226562 63517780.000000
11270.064453 35418564.000000
3516.102051 8542563.000000
11838.383789 60829792.000000
12149.804688 67601392.000000
9890.657227 18966960.000000
4470.762695 12084328.000000
7602.064453 43395872.000000
5659.113770 15571077.000000
8610.091797 33433362.000000
4577.000977 15363777.000000
7661.735352 24273048.000000
5121.593262 15649060.000000
6623.733887 27340362.000000
9401.696289 61301628.000000
4982.483887 6340460.000000
971.463257 214605.000000
9689.687500 44637992.000000
2421.693604 4054373.000000
8935.872070 29430668.000000
4597.685059 4777509.000000
Query results end.
