Load A2A queries finished.
Load face weight finished.
100 random queries, inner ratio = 0.000, inter ratio = 1.000
Run Algorithm 3: SE-Oracle
base graph |V| = 23289
Begin to build partition tree...
level 1 has 6 nodes
max cover set size: 15836 min cover set size: 14
level 2 has 22 nodes
max cover set size: 4022 min cover set size: 2
level 3 has 104 nodes
max cover set size: 1336 min cover set size: 1
level 4 has 577 nodes
max cover set size: 334 min cover set size: 1
level 5 has 2215 nodes
max cover set size: 123 min cover set size: 1
level 6 has 6446 nodes
max cover set size: 46 min cover set size: 1
level 7 has 13212 nodes
max cover set size: 22 min cover set size: 1
level 8 has 19120 nodes
max cover set size: 16 min cover set size: 1
level 9 has 22014 nodes
max cover set size: 9 min cover set size: 1
level 10 has 22921 nodes
max cover set size: 5 min cover set size: 1
level 11 has 23186 nodes
max cover set size: 4 min cover set size: 1
level 12 has 23265 nodes
max cover set size: 3 min cover set size: 1
level 13 has 23284 nodes
max cover set size: 3 min cover set size: 1
level 14 has 23288 nodes
max cover set size: 2 min cover set size: 1
level 15 has 23288 nodes
max cover set size: 2 min cover set size: 1
level 16 has 23288 nodes
max cover set size: 2 min cover set size: 1
level 17 has 23288 nodes
max cover set size: 2 min cover set size: 1
level 18 has 23289 nodes
max cover set size: 1 min cover set size: 1
[Partition Tree] totally 272814 nodes 
Partition tree finished.
Node pair set size: 30072502
Node pair percentage: 0.055
[Index Time] SE-oracle: 901508.000000 ms
Index memory usage: 22481 MB
5235.136230 3999.000000
8939.243164 4380.000000
9357.169922 4044.000000
6417.921875 4209.000000
10146.805664 3890.000000
10816.004883 3813.000000
4332.747070 4118.000000
3629.298096 3677.000000
3657.863037 3901.000000
5366.134277 4234.000000
8432.748047 3977.000000
4456.825195 3968.000000
7844.458984 3663.000000
2737.044922 3671.000000
6585.481445 3674.000000
2959.729248 4095.000000
3088.122070 3910.000000
4751.933105 8994.000000
2282.299072 3700.000000
6330.233887 3820.000000
10548.542969 4113.000000
5931.158691 3763.000000
408.394958 4095.000000
9408.421875 3731.000000
5175.335449 3635.000000
5313.532715 3910.000000
3598.611816 4089.000000
10527.139648 3535.000000
3962.659912 3709.000000
5341.116211 4137.000000
6237.056641 3825.000000
11423.721680 3659.000000
6104.369141 4077.000000
6303.814453 3944.000000
7927.489258 3716.000000
3808.951904 3660.000000
5177.240234 3976.000000
7144.683594 3667.000000
139.017029 3982.000000
8400.029297 3805.000000
6683.890625 3700.000000
3233.167969 4086.000000
3071.815674 4022.000000
4942.217285 3856.000000
2022.942383 4012.000000
955.046387 3858.000000
459.519531 3963.000000
6630.664551 3788.000000
6356.831543 3930.000000
3909.819336 3619.000000
9647.644531 4054.000000
6019.299805 3637.000000
7242.729980 3941.000000
1575.899414 3717.000000
7179.759766 3950.000000
1633.468140 4062.000000
467.288544 3971.000000
189.564240 3932.000000
6031.836914 4156.000000
7796.005859 3876.000000
8663.261719 3912.000000
5620.636230 4077.000000
10137.059570 3721.000000
6031.818848 3933.000000
6930.964844 3731.000000
7512.286133 3762.000000
3357.282715 3811.000000
3579.617188 3477.000000
10218.305664 3957.000000
1517.400513 4003.000000
1988.836060 3989.000000
3351.384521 3999.000000
7338.154785 3671.000000
10274.871094 3957.000000
3909.247803 3787.000000
3911.403076 3777.000000
5629.753418 4056.000000
6287.789062 3678.000000
6359.434082 3763.000000
3164.721191 3534.000000
6609.333984 3661.000000
4273.588379 3601.000000
3814.276611 3622.000000
7014.038086 3710.000000
3860.365234 3768.000000
6481.459473 4006.000000
5320.106445 3640.000000
8892.921875 3505.000000
1487.151245 4116.000000
3544.037354 3423.000000
3977.426758 3513.000000
815.705017 3860.000000
8298.357422 3906.000000
6919.802246 3813.000000
6740.375000 3792.000000
5244.384277 4051.000000
7186.384766 3472.000000
4047.866211 3701.000000
3653.627686 3751.000000
6026.630859 3994.000000
Query results begin: 
5235.136230 3999.000000
8939.243164 4380.000000
9357.169922 4044.000000
6417.921875 4209.000000
10146.805664 3890.000000
10816.004883 3813.000000
4332.747070 4118.000000
3629.298096 3677.000000
3657.863037 3901.000000
5366.134277 4234.000000
8432.748047 3977.000000
4456.825195 3968.000000
7844.458984 3663.000000
2737.044922 3671.000000
6585.481445 3674.000000
2959.729248 4095.000000
3088.122070 3910.000000
4751.933105 8994.000000
2282.299072 3700.000000
6330.233887 3820.000000
10548.542969 4113.000000
5931.158691 3763.000000
408.394958 4095.000000
9408.421875 3731.000000
5175.335449 3635.000000
5313.532715 3910.000000
3598.611816 4089.000000
10527.139648 3535.000000
3962.659912 3709.000000
5341.116211 4137.000000
6237.056641 3825.000000
11423.721680 3659.000000
6104.369141 4077.000000
6303.814453 3944.000000
7927.489258 3716.000000
3808.951904 3660.000000
5177.240234 3976.000000
7144.683594 3667.000000
139.017029 3982.000000
8400.029297 3805.000000
6683.890625 3700.000000
3233.167969 4086.000000
3071.815674 4022.000000
4942.217285 3856.000000
2022.942383 4012.000000
955.046387 3858.000000
459.519531 3963.000000
6630.664551 3788.000000
6356.831543 3930.000000
3909.819336 3619.000000
9647.644531 4054.000000
6019.299805 3637.000000
7242.729980 3941.000000
1575.899414 3717.000000
7179.759766 3950.000000
1633.468140 4062.000000
467.288544 3971.000000
189.564240 3932.000000
6031.836914 4156.000000
7796.005859 3876.000000
8663.261719 3912.000000
5620.636230 4077.000000
10137.059570 3721.000000
6031.818848 3933.000000
6930.964844 3731.000000
7512.286133 3762.000000
3357.282715 3811.000000
3579.617188 3477.000000
10218.305664 3957.000000
1517.400513 4003.000000
1988.836060 3989.000000
3351.384521 3999.000000
7338.154785 3671.000000
10274.871094 3957.000000
3909.247803 3787.000000
3911.403076 3777.000000
5629.753418 4056.000000
6287.789062 3678.000000
6359.434082 3763.000000
3164.721191 3534.000000
6609.333984 3661.000000
4273.588379 3601.000000
3814.276611 3622.000000
7014.038086 3710.000000
3860.365234 3768.000000
6481.459473 4006.000000
5320.106445 3640.000000
8892.921875 3505.000000
1487.151245 4116.000000
3544.037354 3423.000000
3977.426758 3513.000000
815.705017 3860.000000
8298.357422 3906.000000
6919.802246 3813.000000
6740.375000 3792.000000
5244.384277 4051.000000
7186.384766 3472.000000
4047.866211 3701.000000
3653.627686 3751.000000
6026.630859 3994.000000
Query results end.
