Load A2A queries finished.
Load face weight finished.
100 random queries, inner ratio = 0.000, inter ratio = 1.000
Run Algorithm 4: EAR-oracle
base graph |V| = 23289
quad tree level = 2
Leaf maximum side length: 1732.000
V = 793 | EAR-Leaf = 352
maximum leaf node boundary vertices = 65
level 1 has 6 nodes
max cover set size: 197 min cover set size: 3
level 2 has 19 nodes
max cover set size: 63 min cover set size: 1
level 3 has 56 nodes
max cover set size: 20 min cover set size: 1
level 4 has 132 nodes
max cover set size: 9 min cover set size: 1
level 5 has 256 nodes
max cover set size: 5 min cover set size: 1
level 6 has 340 nodes
max cover set size: 3 min cover set size: 1
level 7 has 352 nodes
max cover set size: 1 min cover set size: 1
[Partition Tree] totally 1162 nodes 
Node pair set size: 62987
Node pair percentage: 0.00
[Index Time] EAR-oracle: 21286.000000 ms
Index memory usage: 320 MB
Breakdown_construction: 128407.000000 ms
Breakdown_dijkstra: 49.000000 ms
Query results begin: 
5431.887695 2616.000000
8503.619141 2542.000000
9323.404297 2033.000000
6520.286133 1704.000000
9893.118164 1709.000000
10636.661133 1834.000000
4489.432617 1095.000000
3664.974609 939.000000
3839.522705 861.000000
5247.793945 1123.000000
9018.217773 1888.000000
4445.821289 1505.000000
8392.851562 1626.000000
2754.078613 896.000000
6499.156738 1206.000000
2907.672119 1175.000000
3314.307617 975.000000
4752.583984 1180.000000
2341.793701 830.000000
6554.856445 1800.000000
11072.939453 1965.000000
6213.586914 1435.000000
408.394958 250.000000
9339.912109 1697.000000
5578.368164 949.000000
5601.078125 1273.000000
3646.315918 776.000000
10924.565430 1733.000000
3986.874756 880.000000
5666.588867 1597.000000
6243.639648 1802.000000
11200.979492 1876.000000
5966.259277 1604.000000
6319.239258 1110.000000
7767.808105 1648.000000
3851.283447 984.000000
5208.625000 1588.000000
7508.809570 1871.000000
139.017029 49.000000
8004.346680 1584.000000
6552.193359 1503.000000
3330.819336 1029.000000
3022.710449 972.000000
4702.672852 783.000000
1980.312744 486.000000
980.774963 420.000000
459.519531 341.000000
6676.445312 1509.000000
6521.672852 1471.000000
3923.916016 1047.000000
9604.479492 1817.000000
6217.594238 1749.000000
7522.294434 1553.000000
1575.899414 505.000000
7258.465820 1709.000000
1631.922974 415.000000
467.288544 393.000000
189.564240 61.000000
6219.586914 1795.000000
7582.242676 1366.000000
8789.237305 1635.000000
5556.822754 1586.000000
9989.627930 2056.000000
5851.278320 1284.000000
6842.238770 1763.000000
7157.848633 1661.000000
3477.349609 624.000000
3637.926758 484.000000
10111.848633 1691.000000
1490.755371 515.000000
2065.610352 645.000000
3394.350586 962.000000
7419.955078 1921.000000
9711.373047 1778.000000
3976.673340 839.000000
3940.690674 899.000000
6152.972656 1324.000000
6267.497070 1459.000000
6137.328125 1248.000000
3387.695068 887.000000
6372.486816 1187.000000
4068.736816 1040.000000
3644.861328 1059.000000
7117.276367 1896.000000
3968.620117 1358.000000
6512.375488 1609.000000
5118.475586 946.000000
8818.515625 1608.000000
1529.047119 721.000000
3507.706543 1051.000000
4203.721680 1102.000000
813.558167 623.000000
7921.387207 1792.000000
7000.407227 1406.000000
6608.611328 1328.000000
5132.204590 1667.000000
6960.542969 1528.000000
4068.230225 1414.000000
3654.679932 858.000000
6184.545898 1870.000000
Query results end.
