Load A2A queries finished.
Load face weight finished.
100 random queries, inner ratio = 0.000, inter ratio = 1.000
Run Algorithm 1: Bisector-Unfixed-Scheme
Query results begin: 
5415.414551 9836934.000000
8492.293945 19598776.000000
9328.964844 21293282.000000
6488.564941 15382623.000000
9888.385742 17803796.000000
10620.017578 19873760.000000
4476.653320 7731240.000000
3637.536377 5872825.000000
3827.674805 4550781.000000
5250.170410 7463439.000000
9000.293945 19208092.000000
4445.250977 13597421.000000
8347.185547 17094844.000000
2755.895508 4512298.000000
6471.641113 7679265.000000
2903.469482 5254094.000000
3310.532715 4014942.000000
4753.365234 8236246.000000
2342.615967 2644305.000000
6544.181152 16833584.000000
10917.525391 21748444.000000
6209.445801 13866868.000000
408.394958 179998.000000
9180.209961 16709716.000000
5576.534180 5894895.000000
5583.374023 11319296.000000
3641.809814 5010562.000000
10874.265625 16632186.000000
3984.260986 5355807.000000
5657.112305 13784373.000000
6244.007812 17339724.000000
11166.929688 21730704.000000
5961.104492 14137433.000000
6309.539062 9066861.000000
7758.435059 15100715.000000
3784.267090 5977757.000000
5207.137207 13702353.000000
7502.672852 18147544.000000
139.017029 23771.000000
7987.621582 16878500.000000
6542.728027 13070545.000000
3321.199463 7029670.000000
3020.734131 5974738.000000
4671.593750 4614322.000000
1979.181885 1569745.000000
981.303101 431530.000000
459.519531 88790.000000
6678.584473 13863643.000000
6516.511230 13514909.000000
3920.202637 6397841.000000
9608.644531 20687156.000000
6206.918945 15535753.000000
7510.142090 16670703.000000
1575.899414 664366.000000
7247.281250 15897098.000000
1633.468262 384761.000000
467.288544 39860.000000
189.564240 43313.000000
6230.393555 16374395.000000
7580.126465 11197248.000000
8623.179688 15210566.000000
5536.234863 12029939.000000
10006.201172 21618986.000000
5812.161133 10673548.000000
6832.889160 16032272.000000
7166.553223 14863841.000000
3476.134521 3380998.000000
3637.305908 1842485.000000
10099.214844 18696496.000000
1487.501587 974122.000000
2065.919189 2536850.000000
3393.858643 6012127.000000
7410.163574 19597514.000000
9717.746094 18221032.000000
3909.302490 4912856.000000
3940.581055 4786412.000000
6010.506836 11073822.000000
6258.031738 12382950.000000
6128.355957 10871403.000000
3392.729736 5749060.000000
6363.790527 10481608.000000
4047.043457 8429718.000000
3642.224854 7679905.000000
7094.004883 17951984.000000
3962.719971 10243862.000000
6514.877441 15899923.000000
5076.827148 6536883.000000
8659.013672 15778983.000000
1527.608276 1930561.000000
3513.954102 5695086.000000
4197.113770 6318335.000000
815.705017 474340.000000
7926.715820 16974502.000000
7002.330078 12193326.000000
6594.152344 11579809.000000
5127.500488 14710485.000000
6957.420898 14350650.000000
4046.809326 11237521.000000
3588.532715 4808785.000000
6165.885254 19655512.000000
Query results end.
