Load A2A queries finished.
Load face weight finished.
100 random queries, inner ratio = 0.010, inter ratio = 0.990
Run Algorithm 0: Bisector-Fixed-Scheme
base graph |V| = 23289
Query results begin: 
2232.904785 2102.000000
83.794899 14.000000
691.337219 146.000000
775.375244 225.000000
545.474854 159.000000
1085.553345 424.000000
95.400162 32.000000
245.683670 39.000000
267.766541 40.000000
442.223083 51.000000
188.754471 51.000000
75.311722 13.000000
450.480774 122.000000
125.283661 26.000000
2762.804688 2090.000000
401.199005 68.000000
727.146362 86.000000
53.009819 14.000000
1603.805420 1434.000000
54.758274 10.000000
35.122353 11.000000
590.548218 147.000000
1260.617920 268.000000
931.846924 340.000000
772.695618 186.000000
340.663391 46.000000
444.822205 84.000000
997.271240 268.000000
136.118576 19.000000
173.741104 20.000000
1039.511353 543.000000
233.526062 13.000000
212.880554 32.000000
103.905037 27.000000
564.494080 115.000000
304.532837 47.000000
732.855957 148.000000
1113.861694 532.000000
1169.236572 295.000000
638.672424 169.000000
185.358612 27.000000
1444.550537 419.000000
260.762543 25.000000
91.347885 14.000000
342.630127 65.000000
46.435951 8.000000
311.098755 34.000000
370.317841 62.000000
1827.091797 437.000000
88.346901 11.000000
262.367310 16.000000
333.416199 54.000000
530.781677 118.000000
233.133148 25.000000
123.771461 21.000000
261.296997 28.000000
888.966309 180.000000
260.221710 28.000000
946.095703 266.000000
340.439270 44.000000
513.234497 126.000000
123.544182 18.000000
793.370483 180.000000
66.266724 11.000000
289.010925 42.000000
558.307495 123.000000
39.896740 8.000000
227.990723 30.000000
1618.434082 438.000000
677.701355 163.000000
457.993896 69.000000
203.468109 32.000000
1045.989990 377.000000
541.781616 134.000000
711.225952 183.000000
283.115112 35.000000
1473.694458 536.000000
2714.505371 1317.000000
457.069458 28.000000
852.852173 215.000000
193.302368 35.000000
185.955811 32.000000
312.547333 49.000000
1345.328491 589.000000
419.711792 84.000000
530.108215 109.000000
918.799561 265.000000
455.372284 86.000000
1483.540161 295.000000
196.142761 23.000000
641.708862 85.000000
121.288330 16.000000
235.900589 30.000000
116.901855 20.000000
49.760529 11.000000
299.310852 52.000000
2972.683105 2943.000000
580.498047 97.000000
98.543289 17.000000
1007.687317 299.000000
3353.298584 4678.000000
10057.951172 11250.000000
3008.192627 3070.000000
6672.922363 12303.000000
3500.501953 2765.000000
4338.445312 2857.000000
3557.210693 3287.000000
3334.588623 2940.000000
3564.592285 4600.000000
4835.333496 6338.000000
7066.051270 6389.000000
462.560791 76.000000
6844.658203 11028.000000
6884.628418 10054.000000
4156.207520 4180.000000
3323.451416 3766.000000
6427.455078 6965.000000
6062.719727 9689.000000
6284.266113 6875.000000
2717.549805 1457.000000
6011.619141 10882.000000
3173.536133 4754.000000
10048.047852 9073.000000
5232.924805 6886.000000
10496.578125 9409.000000
6602.970215 6886.000000
6805.113281 5752.000000
5575.533203 10452.000000
10188.549805 12166.000000
4581.475586 6444.000000
6371.131836 7338.000000
6627.104004 6539.000000
7305.740234 10681.000000
4731.512207 6929.000000
7024.434570 5893.000000
3423.993164 1925.000000
3686.932129 3670.000000
6955.522949 7133.000000
3689.724121 3882.000000
3150.915771 3229.000000
7600.549316 9467.000000
3357.921143 4185.000000
9757.635742 8723.000000
3304.138672 3015.000000
6853.568848 11275.000000
6249.359375 8026.000000
9195.017578 11067.000000
5298.424805 8079.000000
3922.405029 2786.000000
6530.018555 5814.000000
3775.159912 2118.000000
6334.059082 10989.000000
6897.534180 9926.000000
10100.505859 10138.000000
5069.338379 5271.000000
5824.515625 4799.000000
5863.218750 7281.000000
6074.908203 8255.000000
6330.781250 5214.000000
199.091675 45.000000
6698.604492 9634.000000
6543.958496 10969.000000
8302.205078 7397.000000
9672.768555 13798.000000
9171.374023 11236.000000
3883.750244 6294.000000
10412.103516 14769.000000
9665.004883 13233.000000
6805.145020 7242.000000
10965.400391 13352.000000
3949.516357 3142.000000
6549.920898 10706.000000
2037.364258 1169.000000
9397.127930 13554.000000
6813.931641 10390.000000
3208.104492 2559.000000
243.560562 28.000000
9839.203125 15240.000000
7024.005371 10464.000000
3431.165039 5108.000000
6706.849121 12866.000000
11477.244141 14886.000000
3597.893311 7562.000000
9703.137695 14673.000000
5086.407715 4793.000000
7743.300293 9054.000000
3564.621582 3095.000000
3404.630371 5014.000000
6026.639648 7764.000000
7173.444824 14613.000000
2977.611084 1887.000000
3181.105469 4686.000000
4438.347656 5960.000000
3989.443604 7217.000000
4046.966309 7933.000000
8399.075195 13849.000000
9523.839844 12695.000000
7753.645508 8981.000000
10343.339844 15180.000000
6265.321289 6203.000000
7602.330566 14397.000000
5498.674805 4459.000000
6939.421387 15060.000000
10605.683594 15964.000000
1552.749023 1221.000000
4519.873047 8745.000000
2835.217041 2296.000000
2769.887695 3807.000000
8193.495117 8327.000000
3895.124023 4162.000000
1903.593262 1394.000000
9267.757812 9854.000000
5225.537109 9198.000000
3639.008301 2822.000000
6697.368652 12204.000000
6413.250488 6918.000000
3124.153564 4021.000000
4910.129883 6315.000000
9322.363281 15246.000000
394.679382 60.000000
4122.092773 3356.000000
10028.392578 14130.000000
6972.142090 8122.000000
12955.395508 15433.000000
9595.731445 12659.000000
3121.589111 4025.000000
6387.355957 10047.000000
3551.868164 4692.000000
10316.934570 13326.000000
7265.138672 13242.000000
3911.174072 3856.000000
117.464203 15.000000
5997.370117 13332.000000
6693.612305 10839.000000
4482.206055 6129.000000
9719.978516 10379.000000
3875.113525 2573.000000
3800.115967 3527.000000
3920.652588 2838.000000
10361.312500 8521.000000
6770.161133 9291.000000
1736.509644 434.000000
7117.408691 6697.000000
3769.137451 5300.000000
6475.715820 7333.000000
1339.394897 719.000000
6426.793457 8542.000000
6665.699219 5690.000000
3706.664551 6105.000000
10010.212891 10973.000000
2705.579590 2018.000000
4864.578125 4850.000000
7333.647949 7813.000000
3890.922363 4001.000000
10244.313477 10325.000000
6724.378418 8411.000000
3571.592285 4060.000000
8519.341797 12534.000000
6540.373535 4784.000000
9077.617188 9286.000000
2808.639893 1800.000000
6498.865723 12195.000000
8816.115234 11811.000000
4166.983398 5480.000000
6092.874512 11435.000000
6658.604492 8885.000000
3601.198242 3306.000000
9878.726562 12257.000000
2060.576660 1454.000000
5864.322266 3950.000000
7355.276855 8974.000000
2644.321777 2141.000000
1571.108643 440.000000
480.801300 55.000000
9865.507812 11858.000000
4867.578125 2839.000000
10224.261719 12421.000000
1321.956787 408.000000
1434.350586 606.000000
4030.809326 2831.000000
10871.504883 11600.000000
1492.100586 737.000000
3730.568848 3969.000000
10006.759766 9951.000000
6552.001465 5888.000000
6658.599609 10524.000000
7008.090820 11058.000000
4465.215332 9324.000000
472.344147 122.000000
3076.025146 4231.000000
6584.243652 11925.000000
3787.526855 4635.000000
6197.166992 10762.000000
2742.750488 1860.000000
8506.599609 13287.000000
3306.747070 2079.000000
7101.582031 11275.000000
6788.277832 6544.000000
8343.567383 14834.000000
3006.477539 1151.000000
Query results end.
