Load A2A queries finished.
Load face weight finished.
100 random queries, inner ratio = 0.000, inter ratio = 1.000
Run Algorithm 0: Bisector-Fixed-Scheme
base graph |V| = 112949
Query results begin: 
2509.709473 63175.000000
694.003296 151.000000
3689.477051 2434.000000
2965.316650 2340.000000
429.824707 82.000000
4175.954102 4724.000000
3301.541504 3423.000000
1058.920532 311.000000
1326.920776 393.000000
219.671738 48.000000
2925.256836 2235.000000
340.122284 49.000000
4761.119629 3106.000000
597.525146 154.000000
3181.513428 2080.000000
3048.810791 2680.000000
3673.474121 2092.000000
6018.606934 13611.000000
5427.995605 9734.000000
2954.751221 3718.000000
1582.415039 932.000000
4603.365723 7590.000000
2170.611816 1069.000000
5531.111328 7727.000000
1060.495361 299.000000
1684.600586 424.000000
64.151321 28.000000
2761.191895 2648.000000
2119.413086 1435.000000
4775.817383 5486.000000
1091.623901 220.000000
331.736115 75.000000
183.572540 45.000000
1008.199768 170.000000
1450.610840 280.000000
1537.574585 772.000000
1559.085571 895.000000
721.504700 155.000000
1367.383423 574.000000
231.435822 58.000000
95.999672 21.000000
4413.525391 5521.000000
2104.232178 1468.000000
64.216042 28.000000
2481.388184 956.000000
4267.442871 3123.000000
6360.747559 12194.000000
2243.915527 842.000000
3789.091797 2729.000000
1658.703125 519.000000
83.888718 42.000000
154.681671 30.000000
4018.701660 3582.000000
1297.513672 656.000000
3395.740967 2486.000000
5154.349609 4252.000000
754.871399 178.000000
3631.296387 2513.000000
2698.830322 1358.000000
3056.677490 1626.000000
1942.197998 1529.000000
240.787964 44.000000
3841.943604 5157.000000
4796.350586 7927.000000
1498.284668 320.000000
233.317352 31.000000
1655.789062 489.000000
3073.390625 3006.000000
684.921570 140.000000
70.601227 27.000000
3148.072266 2421.000000
257.978424 62.000000
1350.927734 283.000000
3041.934082 3185.000000
1196.542236 438.000000
4232.353027 5320.000000
1432.283447 808.000000
2543.355957 2553.000000
2797.759033 1551.000000
222.377380 60.000000
5205.124512 8645.000000
3063.935303 3410.000000
1506.190918 369.000000
5198.617188 8262.000000
1075.115356 366.000000
1335.967773 569.000000
311.051697 63.000000
1653.725708 924.000000
2608.385254 1702.000000
4052.196533 2087.000000
1393.604736 650.000000
1110.490356 631.000000
262.882141 77.000000
334.558136 52.000000
2573.041504 1048.000000
3501.219971 3999.000000
2517.001465 1593.000000
1408.859131 904.000000
2787.716797 2089.000000
2908.048828 2524.000000
4170.525879 3945.000000
14617.391602 48853.000000
11783.567383 60927.000000
24467.798828 76816.000000
8647.916992 30509.000000
17223.828125 63766.000000
10349.517578 36301.000000
19187.800781 64110.000000
13547.007812 62073.000000
5602.364258 13090.000000
16511.664062 90368.000000
18097.347656 51347.000000
19418.865234 58121.000000
12510.059570 34027.000000
13464.013672 35090.000000
10600.127930 18655.000000
20479.541016 72382.000000
15697.708008 38533.000000
12626.250000 59149.000000
13506.918945 42424.000000
12972.194336 30766.000000
13820.423828 63898.000000
6653.146973 15558.000000
24853.199219 81352.000000
15599.872070 57508.000000
12368.650391 49057.000000
12741.316406 45130.000000
12926.902344 64512.000000
22821.777344 79969.000000
13514.407227 54482.000000
12233.352539 53417.000000
17867.494141 54400.000000
19360.271484 59139.000000
19539.224609 53893.000000
6439.527344 14862.000000
8023.264160 19794.000000
17249.927734 58770.000000
25316.236328 81138.000000
25489.613281 82807.000000
4530.212891 6194.000000
18887.869141 68304.000000
5963.687500 9194.000000
15249.507812 57293.000000
14126.157227 41999.000000
12196.984375 24770.000000
19126.511719 61164.000000
13886.543945 56578.000000
21616.578125 74972.000000
22207.462891 80815.000000
14375.226562 68368.000000
13215.014648 30007.000000
7495.150879 14521.000000
20458.701172 76721.000000
11179.354492 17933.000000
22552.177734 67710.000000
11081.948242 48712.000000
19415.320312 76519.000000
17896.898438 77256.000000
9655.424805 37494.000000
10741.253906 55559.000000
14666.550781 39215.000000
18699.498047 49067.000000
13364.854492 25686.000000
4960.623535 7623.000000
14185.703125 49317.000000
9965.492188 42209.000000
18921.921875 62196.000000
10114.179688 34888.000000
9705.786133 29447.000000
13453.701172 33031.000000
6782.080566 14922.000000
5955.711914 11397.000000
14570.434570 46977.000000
13938.428711 32293.000000
12481.904297 69259.000000
4958.154297 5496.000000
14251.601562 72876.000000
23162.136719 65412.000000
7321.478516 15019.000000
16205.906250 49144.000000
14770.375977 64966.000000
18901.232422 53919.000000
18623.013672 76380.000000
12379.478516 34969.000000
17808.982422 47709.000000
15280.730469 69766.000000
12821.797852 29133.000000
7626.479492 21920.000000
12930.482422 50003.000000
8634.263672 28681.000000
18561.085938 49906.000000
8077.867676 25281.000000
6105.078125 11542.000000
25659.732422 90820.000000
14349.724609 82737.000000
13337.189453 56297.000000
11031.261719 53749.000000
17015.058594 30477.000000
12204.508789 67856.000000
6571.854980 18881.000000
8697.078125 20626.000000
17179.232422 56578.000000
11544.598633 55888.000000
8818.952148 16927.000000
12220.809570 34544.000000
10063.185547 32996.000000
6978.158203 12789.000000
7103.016602 9712.000000
143.292694 58.000000
15912.087891 63816.000000
21912.195312 74411.000000
15423.250000 46834.000000
2933.252686 2439.000000
16414.822266 87401.000000
18320.462891 42607.000000
16206.326172 64013.000000
13239.451172 36411.000000
6499.335938 16373.000000
16889.880859 54030.000000
16748.453125 56145.000000
14505.919922 33906.000000
12024.330078 35332.000000
12458.765625 29268.000000
7607.094238 12883.000000
21145.564453 61168.000000
15811.365234 89715.000000
19007.828125 66049.000000
16087.616211 52655.000000
7722.602539 22248.000000
10048.826172 38605.000000
12375.454102 66506.000000
17833.695312 57701.000000
23564.066406 71835.000000
14890.916016 73765.000000
6381.691406 7293.000000
6976.479980 11941.000000
20056.371094 64218.000000
12910.470703 64953.000000
17481.154297 58491.000000
12929.904297 43789.000000
14893.021484 74788.000000
19926.017578 51700.000000
16129.945312 44415.000000
18014.722656 82857.000000
18175.939453 61922.000000
22897.457031 79346.000000
20189.515625 86466.000000
18571.548828 36374.000000
11829.211914 54260.000000
6640.341309 7467.000000
15282.692383 44097.000000
24998.720703 82535.000000
24794.660156 77529.000000
13945.385742 63087.000000
11619.736328 21859.000000
12894.907227 60637.000000
22200.238281 84719.000000
3858.490967 3116.000000
23806.001953 72974.000000
7665.730957 19321.000000
2025.437744 1017.000000
18510.515625 56499.000000
18671.716797 51906.000000
6837.122559 17413.000000
18937.791016 70592.000000
7907.859863 26383.000000
6183.256836 6820.000000
26625.316406 79544.000000
22770.685547 74404.000000
9208.519531 25720.000000
14371.010742 55430.000000
14903.910156 81226.000000
9444.325195 13988.000000
740.700623 191.000000
6289.583984 13493.000000
20266.617188 67633.000000
3413.010254 3299.000000
18443.076172 61119.000000
13883.960938 67372.000000
12774.545898 48325.000000
2944.340332 1875.000000
8089.131836 25850.000000
2997.412598 2174.000000
9191.943359 11061.000000
21223.023438 62634.000000
14858.324219 46873.000000
9541.175781 43094.000000
13534.677734 49508.000000
12784.133789 36570.000000
17165.462891 60304.000000
25858.642578 80628.000000
12959.589844 30822.000000
875.382019 296.000000
14603.532227 73247.000000
22714.589844 82169.000000
1538.687866 478.000000
18802.292969 64601.000000
8593.681641 29030.000000
18591.273438 54687.000000
7586.397949 19435.000000
Query results end.
