Load A2A queries finished.
Load face weight finished.
100 random queries, inner ratio = 0.000, inter ratio = 1.000
Run Algorithm 0: Bisector-Fixed-Scheme
base graph |V| = 43407
Query results begin: 
1900.177246 2182.000000
4568.262207 15131.000000
6710.129883 29004.000000
7642.084473 12816.000000
12708.730469 33312.000000
5553.614746 22181.000000
8479.925781 12957.000000
8643.657227 33318.000000
4009.092285 3013.000000
5102.917969 11198.000000
4070.479492 5564.000000
4300.505371 5434.000000
7709.273438 23545.000000
7538.889648 24218.000000
3755.458984 6988.000000
6138.209961 25506.000000
8976.518555 38549.000000
8614.525391 14405.000000
10525.626953 28775.000000
8336.831055 30612.000000
2777.904297 4252.000000
6247.587402 29003.000000
8826.132812 29640.000000
7996.397949 33307.000000
7532.536133 9885.000000
3965.382568 8909.000000
7571.576172 26756.000000
12628.433594 29863.000000
8075.125000 21545.000000
6213.083008 20115.000000
1912.814209 1227.000000
5237.512207 15082.000000
9409.761719 31650.000000
3910.074463 4175.000000
8803.899414 32037.000000
7503.803223 18483.000000
2668.161377 3857.000000
15553.837891 34126.000000
8660.405273 19241.000000
2658.571533 2101.000000
8603.842773 22735.000000
13717.352539 36144.000000
501.736023 188.000000
8091.113770 28920.000000
5810.275879 17954.000000
4553.263184 12178.000000
3631.498535 4080.000000
7227.765137 12084.000000
6777.012695 10987.000000
6090.926270 14927.000000
9980.000000 20829.000000
7955.464844 39843.000000
6948.730469 24863.000000
13120.943359 26074.000000
4176.730469 3620.000000
8845.265625 23356.000000
9403.019531 21460.000000
6687.610352 11519.000000
3267.947998 4344.000000
7672.585449 15899.000000
4121.557129 8510.000000
3238.502930 5694.000000
12971.849609 27236.000000
13611.309570 30530.000000
8749.132812 26058.000000
230.099747 85.000000
8169.212891 19419.000000
10505.859375 19557.000000
8316.387695 13698.000000
2442.960449 2146.000000
9427.661133 17985.000000
6938.162109 10186.000000
8021.222168 24648.000000
3354.238281 677.000000
7644.211426 15593.000000
6802.520996 15422.000000
3698.312744 7169.000000
1128.814453 521.000000
12086.552734 26321.000000
5718.769531 18463.000000
10729.541016 23653.000000
1052.700439 629.000000
3391.420898 2929.000000
3309.218994 2634.000000
288.983002 52.000000
9789.271484 20000.000000
1631.949097 1137.000000
11069.979492 24791.000000
7392.830566 10663.000000
8529.134766 18173.000000
6969.723633 14336.000000
7116.461914 15885.000000
5273.376465 2744.000000
10973.408203 30103.000000
8250.473633 29676.000000
8097.736816 12658.000000
7766.642090 13407.000000
6921.698730 10545.000000
80.468964 26.000000
4726.340332 5394.000000
Query results end.
