Load A2A queries finished.
Load face weight finished.
100 random queries, inner ratio = 0.000, inter ratio = 1.000
Run Algorithm 2: K-Algo
theta_m = 6.921
Query results begin: 
2998.477783 4099968.000000
6458.087891 11276421.000000
3987.137451 8618485.000000
2059.492676 2456604.000000
1917.841064 857413.000000
2549.721436 4653916.000000
985.666687 662637.000000
399.590637 211.000000
5963.053711 10290715.000000
6164.696777 12434823.000000
5547.985352 10578170.000000
2636.952881 4611744.000000
3707.793213 3622632.000000
5734.458496 8905734.000000
3217.638428 7679500.000000
4844.517578 5526509.000000
2170.269287 2836049.000000
4493.616699 11825406.000000
1734.498047 1365162.000000
2343.254395 3035362.000000
2240.182373 2647111.000000
8388.520508 13052301.000000
2395.627930 1141872.000000
4872.291992 11147176.000000
2768.572021 4278894.000000
3243.694580 8120467.000000
4199.058594 5561286.000000
2159.692627 3621870.000000
7035.372070 11834061.000000
5736.228516 8900848.000000
2817.458252 3996879.000000
3983.990967 11870812.000000
405.666809 2845.000000
2162.257812 3695840.000000
1893.224609 1445391.000000
5374.637207 12772987.000000
5685.509277 12797587.000000
2159.098145 3889133.000000
3836.409424 4055124.000000
4174.627930 8020641.000000
2759.937012 5801451.000000
5000.987305 11901129.000000
5417.151367 8481798.000000
6900.714355 11700747.000000
3219.790283 3879688.000000
2721.649414 4967462.000000
6011.109863 12576815.000000
142.193985 233.000000
520.590088 85962.000000
2052.191650 1999637.000000
1887.196289 2083386.000000
2659.873535 1860282.000000
6004.078125 8634998.000000
8093.302734 12553819.000000
1966.338989 1788252.000000
1954.813232 2246896.000000
3516.897461 4110024.000000
1336.662109 375662.000000
3736.334717 5448599.000000
7061.278809 12866677.000000
3895.845947 7857626.000000
7947.854004 12671992.000000
5785.882812 9517718.000000
2180.347168 4016697.000000
4089.464355 4803575.000000
1998.736206 2308874.000000
6981.376465 13035756.000000
4981.665039 12068778.000000
353.332703 10350.000000
2188.473389 2357921.000000
3847.990479 9935704.000000
3719.149658 6383751.000000
2774.853271 4125247.000000
2760.776611 4721069.000000
1067.618408 659524.000000
5625.362305 9953481.000000
4160.209473 8664526.000000
5021.362305 8186826.000000
5255.418457 6731827.000000
4682.283691 10331104.000000
3811.793701 4899775.000000
5223.393555 10440076.000000
5015.003418 12372022.000000
947.533508 213046.000000
824.780640 358891.000000
717.118469 293881.000000
2215.371826 3566142.000000
2299.666504 4297951.000000
3796.595947 4807542.000000
6465.234375 9842352.000000
6159.847168 12574926.000000
3571.822998 8515891.000000
1460.056152 980552.000000
4939.606445 12556865.000000
3921.946045 7571777.000000
5136.448730 11564290.000000
2166.241699 3700394.000000
6739.426758 12636199.000000
3864.720947 7840391.000000
2451.315430 4196993.000000
Query results end.
