Load A2A queries finished.
Load face weight finished.
100 random queries, inner ratio = 0.000, inter ratio = 1.000
Run Algorithm 0: Bisector-Fixed-Scheme
base graph |V| = 43407
Query results begin: 
1900.177246 1936.000000
4568.262207 13174.000000
6710.129883 29917.000000
7642.084473 12900.000000
12708.730469 33866.000000
5553.614746 21885.000000
8479.925781 13537.000000
8643.657227 33668.000000
4009.092285 2822.000000
5102.917969 12801.000000
4070.479492 5835.000000
4300.505371 4765.000000
7709.273438 23957.000000
7538.889648 22651.000000
3755.458984 6727.000000
6138.209961 24015.000000
8976.518555 35721.000000
8614.525391 12634.000000
10525.626953 25929.000000
8336.831055 29673.000000
2777.904297 3252.000000
6247.587402 26716.000000
8826.132812 26150.000000
7996.397949 31454.000000
7532.536133 10435.000000
3965.382568 8646.000000
7571.576172 23055.000000
12628.433594 27540.000000
8075.125000 22044.000000
6213.083008 21834.000000
1912.814209 1232.000000
5237.512207 15231.000000
9409.761719 54627.000000
3910.074463 5796.000000
8803.899414 38918.000000
7503.803223 20110.000000
2668.161377 4483.000000
15553.837891 32464.000000
8660.405273 18482.000000
2658.571533 2203.000000
8603.842773 22615.000000
13717.352539 34228.000000
501.736023 175.000000
8091.113770 22888.000000
5810.275879 14783.000000
4553.263184 9444.000000
3631.498535 3281.000000
7227.765137 10516.000000
6777.012695 10039.000000
6090.926270 12603.000000
9980.000000 18122.000000
7955.464844 36739.000000
6948.730469 26908.000000
13120.943359 26439.000000
4176.730469 3911.000000
8845.265625 27967.000000
9403.019531 26088.000000
6687.610352 11843.000000
3267.947998 5090.000000
7672.585449 16065.000000
4121.557129 9660.000000
3238.502930 7180.000000
12971.849609 29403.000000
13611.309570 35861.000000
8749.132812 44475.000000
230.099747 99.000000
8169.212891 27738.000000
10505.859375 24490.000000
8316.387695 17896.000000
2442.960449 2544.000000
9427.661133 23147.000000
6938.162109 12363.000000
8021.222168 27492.000000
3354.238281 828.000000
7644.211426 19151.000000
6802.520996 18833.000000
3698.312744 8903.000000
1128.814453 528.000000
12086.552734 28035.000000
5718.769531 23556.000000
10729.541016 28165.000000
1052.700439 645.000000
3391.420898 3568.000000
3309.218994 3238.000000
288.983002 70.000000
9789.271484 22967.000000
1631.949097 1472.000000
11069.979492 28761.000000
7392.830566 11241.000000
8529.134766 22835.000000
6969.723633 15714.000000
7116.461914 17479.000000
5273.376465 2840.000000
10973.408203 37600.000000
8250.473633 37726.000000
8097.736816 14998.000000
7766.642090 16587.000000
6921.698730 14858.000000
80.468964 30.000000
4726.340332 7120.000000
Query results end.
