Load A2A queries finished.
Load face weight finished.
100 random queries, inner ratio = 0.000, inter ratio = 1.000
Run Algorithm 2: K-Algo
theta_m = 6.921
Query results begin: 
2998.358643 3852675.000000
6458.042969 10571517.000000
3987.093018 8097476.000000
2059.492676 2329492.000000
1917.841064 832367.000000
2549.726562 4335900.000000
985.804016 610677.000000
399.590637 209.000000
5963.286133 9660919.000000
6164.695801 11783049.000000
5548.080078 9948679.000000
2636.952881 4393608.000000
3707.814453 3545018.000000
5734.430664 8435426.000000
3217.615723 6380070.000000
4844.519531 5322845.000000
2170.310791 2624873.000000
4493.637695 11095664.000000
1734.587524 1241468.000000
2343.361816 2904383.000000
2240.250244 2510987.000000
8388.454102 12192069.000000
2395.627930 1115925.000000
4872.386230 10478690.000000
2768.574707 3927531.000000
3243.689209 7688368.000000
4199.088867 5115142.000000
2159.712402 2980031.000000
7035.456055 11142037.000000
5736.237305 8318583.000000
2817.458252 3670832.000000
3984.029053 11090091.000000
405.666809 2837.000000
2162.346436 3075913.000000
1893.224609 1425417.000000
5374.638184 11882991.000000
5685.533203 12106302.000000
2159.213379 3575098.000000
3836.437744 3860048.000000
4174.683105 6706142.000000
2759.903809 5323583.000000
5000.996582 11222821.000000
5417.151367 8042677.000000
6900.833496 11009987.000000
3219.790283 3765371.000000
2721.695557 4705040.000000
6011.129883 11858257.000000
142.193985 237.000000
520.590088 83199.000000
2052.164551 1903665.000000
1887.229736 1914275.000000
2659.992432 1727358.000000
6004.114258 8166457.000000
8093.290039 11789983.000000
1966.400269 1693072.000000
1954.837036 2144130.000000
3516.928955 3860602.000000
1336.662109 358677.000000
3736.356445 5242473.000000
7061.230957 11979073.000000
3895.898926 6644971.000000
7947.812500 11860653.000000
5785.925781 8997698.000000
2180.309570 3696259.000000
4089.453125 4395278.000000
1998.733154 2192367.000000
6981.438477 12188238.000000
4981.708496 11268472.000000
353.332703 9911.000000
2188.461182 2271505.000000
3847.990479 9225235.000000
3719.272705 5934242.000000
2774.868408 3787196.000000
2760.776611 4534498.000000
1067.618408 621605.000000
5625.321289 9341628.000000
4160.258301 8106047.000000
5021.489746 7689533.000000
5255.501465 6223329.000000
4682.280762 9655306.000000
3811.800049 4605174.000000
5223.393066 9832373.000000
5015.112305 11550937.000000
947.547363 210108.000000
824.780640 299384.000000
717.122925 272131.000000
2215.439697 2968374.000000
2299.683350 4019930.000000
3796.762939 4651531.000000
6465.265625 9302563.000000
6159.885254 11818452.000000
3571.844727 7976379.000000
1460.062866 975709.000000
4939.662109 11803095.000000
3921.995361 6341560.000000
5136.599609 10919799.000000
2166.224609 3081960.000000
6739.435059 11756473.000000
3864.713867 6563990.000000
2451.303711 3929587.000000
Query results end.
