Load A2A queries finished.
Load face weight finished.
100 random queries, inner ratio = 0.000, inter ratio = 1.000
Run Algorithm 1: Bisector-Unfixed-Scheme
Query results begin: 
3062.827881 12351459.000000
6500.043457 32527740.000000
4006.564941 23556076.000000
2050.808594 8210857.000000
1911.987793 2550680.000000
2623.525635 15651911.000000
1012.169373 2796739.000000
399.590637 50776.000000
6085.608887 30478248.000000
6271.365234 36072368.000000
5673.397949 30507942.000000
2687.223145 15284135.000000
3789.352783 10335677.000000
5863.729492 25149240.000000
3266.939697 22166876.000000
4964.557617 16756284.000000
2214.561523 9387544.000000
4565.938965 35898236.000000
1776.315552 4890017.000000
2340.747559 9825166.000000
2248.440674 8342211.000000
8569.459961 38027140.000000
2396.982910 3587087.000000
4920.839355 32527848.000000
2854.875000 13890384.000000
3315.511719 24465428.000000
4291.919434 16314868.000000
2157.847412 10552580.000000
7146.682129 34394476.000000
5647.098145 23601002.000000
2829.936035 11719377.000000
4072.692139 34670940.000000
332.018372 93901.000000
2180.555664 11177438.000000
1969.446777 5397165.000000
5384.467285 37423992.000000
5813.090820 37296524.000000
2185.523193 11589352.000000
3869.179443 11579210.000000
4291.610840 22470214.000000
2856.875977 18805178.000000
5028.043945 34403464.000000
5791.824219 25329202.000000
7023.232422 34008368.000000
3298.969482 11247509.000000
2798.647217 16220670.000000
6138.572754 36950000.000000
142.193985 62678.000000
526.496033 485929.000000
2073.536621 6199320.000000
1884.144165 6343992.000000
2740.952393 5548876.000000
6008.961426 24429768.000000
8254.771484 36857752.000000
1916.330078 5098492.000000
1972.139893 7034651.000000
3609.562744 12024965.000000
1103.036377 1073362.000000
3818.261475 16635988.000000
7142.546387 36632000.000000
4055.055664 23229104.000000
8083.418945 37701628.000000
5971.013184 27248476.000000
2214.931641 11961264.000000
4127.822266 13760979.000000
2011.019775 7357990.000000
7108.592773 37423220.000000
5103.243652 34459844.000000
327.807068 184169.000000
2135.874756 7353849.000000
3934.983398 29530840.000000
3759.856689 19681380.000000
2875.301270 12517784.000000
2691.127441 13352693.000000
1074.278564 2737165.000000
5813.089355 29484244.000000
4113.847656 24657868.000000
5109.504883 22614456.000000
5315.932129 19801366.000000
4776.613281 29915540.000000
3843.798828 14419468.000000
5287.224609 29558124.000000
5080.955078 35403644.000000
909.825073 811685.000000
878.578186 1545317.000000
702.835388 1363070.000000
2249.991211 9950434.000000
2354.573975 12983922.000000
3857.169678 14488630.000000
6575.507812 28247774.000000
6279.083008 37821544.000000
3637.004395 24145316.000000
1466.076050 3476393.000000
4947.994629 36737332.000000
3967.412354 21004490.000000
5204.298828 32745476.000000
2222.485352 11157396.000000
6864.527344 35904124.000000
3943.220947 21503864.000000
2503.844971 12455658.000000
Query results end.
