Load A2A queries finished.
Load face weight finished.
100 random queries, inner ratio = 0.000, inter ratio = 1.000
Run Algorithm 3: SE-Oracle
base graph |V| = 43402
Begin to build partition tree...
level 1 has 5 nodes
max cover set size: 22188 min cover set size: 8
level 2 has 19 nodes
max cover set size: 8576 min cover set size: 3
level 3 has 66 nodes
max cover set size: 2948 min cover set size: 1
level 4 has 270 nodes
max cover set size: 755 min cover set size: 1
level 5 has 1191 nodes
max cover set size: 204 min cover set size: 1
level 6 has 4745 nodes
max cover set size: 83 min cover set size: 1
level 7 has 14030 nodes
max cover set size: 21 min cover set size: 1
level 8 has 29271 nodes
max cover set size: 12 min cover set size: 1
level 9 has 39239 nodes
max cover set size: 9 min cover set size: 1
level 10 has 42100 nodes
max cover set size: 7 min cover set size: 1
level 11 has 43016 nodes
max cover set size: 4 min cover set size: 1
level 12 has 43306 nodes
max cover set size: 3 min cover set size: 1
level 13 has 43386 nodes
max cover set size: 3 min cover set size: 1
level 14 has 43400 nodes
max cover set size: 2 min cover set size: 1
level 15 has 43400 nodes
max cover set size: 2 min cover set size: 1
level 16 has 43400 nodes
max cover set size: 2 min cover set size: 1
level 17 has 43401 nodes
max cover set size: 2 min cover set size: 1
level 18 has 43401 nodes
max cover set size: 2 min cover set size: 1
level 19 has 43401 nodes
max cover set size: 2 min cover set size: 1
level 20 has 43402 nodes
max cover set size: 1 min cover set size: 1
[Partition Tree] totally 564450 nodes 
Partition tree finished.
Node pair set size: 39983127
Node pair percentage: 0.021
[Index Time] SE-oracle: 1883499.000000 ms
Index memory usage: 47568 MB
2921.462891 5805.000000
6144.470703 5834.000000
3910.670898 6028.000000
1981.489258 5512.000000
1892.592285 5488.000000
2541.697266 5925.000000
978.727295 5505.000000
399.590637 5679.000000
5892.454590 5408.000000
5710.909180 5853.000000
5412.596191 5362.000000
2590.908691 5875.000000
3612.721191 5564.000000
5370.611816 5396.000000
3236.531250 5286.000000
4824.345215 5378.000000
2135.697021 5583.000000
4531.105957 5531.000000
1852.764038 5398.000000
2371.006836 5268.000000
2047.691528 5682.000000
8586.026367 5969.000000
2337.507080 5787.000000
4886.701172 5308.000000
2726.177490 5651.000000
3327.604248 5420.000000
4054.074707 5178.000000
2046.176270 5398.000000
7006.670410 5308.000000
5726.687500 5059.000000
2837.647461 6019.000000
4057.916504 5677.000000
342.634521 5560.000000
2122.333496 5425.000000
1867.551636 5578.000000
5302.221680 5668.000000
5985.043945 5740.000000
2114.210693 5908.000000
3839.992676 5594.000000
4153.673340 5590.000000
2717.325928 5570.000000
5138.627441 6038.000000
5369.928711 5944.000000
6786.628418 5497.000000
3271.475830 5500.000000
2710.707031 5181.000000
5988.827148 5317.000000
142.193985 5582.000000
521.330933 5686.000000
2153.176270 5385.000000
1760.602661 5221.000000
2620.419678 5221.000000
6041.285156 5304.000000
8095.355469 5367.000000
1992.497070 5572.000000
2049.962158 5407.000000
3540.984863 5230.000000
1106.881348 5737.000000
3664.442383 5426.000000
7118.541992 5705.000000
3916.528076 5297.000000
7772.604980 5709.000000
5982.558594 5767.000000
2237.970215 5638.000000
4141.306641 4927.000000
1917.857178 5290.000000
7107.659668 5527.000000
4830.140137 5407.000000
332.072998 5275.000000
2161.979980 5809.000000
3671.197998 5375.000000
3573.523926 5302.000000
2917.887939 5338.000000
2576.067627 5524.000000
1096.965088 5562.000000
5346.910645 5374.000000
4119.969238 5403.000000
5164.374023 5217.000000
5437.059082 5245.000000
4548.665039 6002.000000
3595.619873 5537.000000
5284.220215 5582.000000
5062.494629 5773.000000
898.598694 5864.000000
890.662964 5321.000000
709.380127 5861.000000
2333.021729 5586.000000
2336.441162 5344.000000
3699.803223 5399.000000
6768.781738 5292.000000
6151.089355 5397.000000
3714.518555 5403.000000
1427.436523 5698.000000
4887.159668 5597.000000
3996.011230 5106.000000
5037.405762 5678.000000
2173.616211 5667.000000
6654.073242 5536.000000
3914.639893 5446.000000
2555.651611 5341.000000
Query results begin: 
2921.462891 5805.000000
6144.470703 5834.000000
3910.670898 6028.000000
1981.489258 5512.000000
1892.592285 5488.000000
2541.697266 5925.000000
978.727295 5505.000000
399.590637 5679.000000
5892.454590 5408.000000
5710.909180 5853.000000
5412.596191 5362.000000
2590.908691 5875.000000
3612.721191 5564.000000
5370.611816 5396.000000
3236.531250 5286.000000
4824.345215 5378.000000
2135.697021 5583.000000
4531.105957 5531.000000
1852.764038 5398.000000
2371.006836 5268.000000
2047.691528 5682.000000
8586.026367 5969.000000
2337.507080 5787.000000
4886.701172 5308.000000
2726.177490 5651.000000
3327.604248 5420.000000
4054.074707 5178.000000
2046.176270 5398.000000
7006.670410 5308.000000
5726.687500 5059.000000
2837.647461 6019.000000
4057.916504 5677.000000
342.634521 5560.000000
2122.333496 5425.000000
1867.551636 5578.000000
5302.221680 5668.000000
5985.043945 5740.000000
2114.210693 5908.000000
3839.992676 5594.000000
4153.673340 5590.000000
2717.325928 5570.000000
5138.627441 6038.000000
5369.928711 5944.000000
6786.628418 5497.000000
3271.475830 5500.000000
2710.707031 5181.000000
5988.827148 5317.000000
142.193985 5582.000000
521.330933 5686.000000
2153.176270 5385.000000
1760.602661 5221.000000
2620.419678 5221.000000
6041.285156 5304.000000
8095.355469 5367.000000
1992.497070 5572.000000
2049.962158 5407.000000
3540.984863 5230.000000
1106.881348 5737.000000
3664.442383 5426.000000
7118.541992 5705.000000
3916.528076 5297.000000
7772.604980 5709.000000
5982.558594 5767.000000
2237.970215 5638.000000
4141.306641 4927.000000
1917.857178 5290.000000
7107.659668 5527.000000
4830.140137 5407.000000
332.072998 5275.000000
2161.979980 5809.000000
3671.197998 5375.000000
3573.523926 5302.000000
2917.887939 5338.000000
2576.067627 5524.000000
1096.965088 5562.000000
5346.910645 5374.000000
4119.969238 5403.000000
5164.374023 5217.000000
5437.059082 5245.000000
4548.665039 6002.000000
3595.619873 5537.000000
5284.220215 5582.000000
5062.494629 5773.000000
898.598694 5864.000000
890.662964 5321.000000
709.380127 5861.000000
2333.021729 5586.000000
2336.441162 5344.000000
3699.803223 5399.000000
6768.781738 5292.000000
6151.089355 5397.000000
3714.518555 5403.000000
1427.436523 5698.000000
4887.159668 5597.000000
3996.011230 5106.000000
5037.405762 5678.000000
2173.616211 5667.000000
6654.073242 5536.000000
3914.639893 5446.000000
2555.651611 5341.000000
Query results end.
