Load A2A queries finished.
Load face weight finished.
100 random queries, inner ratio = 0.000, inter ratio = 1.000
Run Algorithm 1: Bisector-Unfixed-Scheme
Query results begin: 
3062.873779 9243353.000000
6504.268066 24797634.000000
4008.000732 18791912.000000
2052.198730 6201377.000000
1914.132080 1909190.000000
2624.940430 11810505.000000
1008.750977 2021973.000000
399.590637 43626.000000
6089.530762 22461856.000000
6276.459473 26974196.000000
5673.977539 22647210.000000
2689.188721 11438175.000000
3794.332520 7762454.000000
5864.321289 18630880.000000
3275.591553 16314071.000000
4966.943359 12409938.000000
2215.188477 6913604.000000
4565.462891 26773876.000000
1782.634155 3644642.000000
2347.385498 7314481.000000
2252.958496 6224966.000000
8577.916992 28355524.000000
2397.297119 2721571.000000
4924.406738 24306882.000000
2854.661621 10459056.000000
3317.264893 18154472.000000
4294.137207 12178258.000000
2157.806396 7804199.000000
7148.763672 25590630.000000
5648.745605 17444324.000000
2829.224365 8672391.000000
4072.345215 26128192.000000
332.018616 59649.000000
2183.159424 8306148.000000
1970.536621 4100059.000000
5396.400391 28178142.000000
5814.600098 28036936.000000
2186.192383 8756993.000000
3868.659424 8575533.000000
4301.059082 16709252.000000
2857.658203 14080959.000000
5027.361328 25734128.000000
5795.789062 18974800.000000
7030.893066 25644360.000000
3304.025879 8485316.000000
2800.962646 12149478.000000
6141.332520 27533624.000000
142.193985 28780.000000
532.571533 404146.000000
2075.954102 4650286.000000
1889.483887 4761924.000000
2750.432373 4187168.000000
6017.607422 18114766.000000
8258.544922 27732332.000000
1917.672119 3777642.000000
1974.447266 5340239.000000
3611.550049 9083869.000000
1103.036377 819969.000000
3819.387939 12892880.000000
7147.322754 27920650.000000
4054.605469 16407896.000000
8088.331543 27765400.000000
5972.711914 20466804.000000
2215.319824 8968522.000000
4128.852539 10352584.000000
2009.802368 5563049.000000
7120.926270 28137168.000000
5115.466309 26423400.000000
329.823303 140206.000000
2138.031250 5615391.000000
3937.382812 22116418.000000
3761.856201 14807882.000000
2874.687988 9370212.000000
2693.515869 10027208.000000
1071.443604 2010970.000000
5817.464844 22133944.000000
4123.424316 18607864.000000
5112.782715 16869186.000000
5315.613770 15016051.000000
4782.755371 22815376.000000
3849.196777 10915094.000000
5287.631836 22435902.000000
5090.377930 26716964.000000
913.044556 629177.000000
877.695068 1164788.000000
703.690735 989584.000000
2251.517578 7411881.000000
2356.740723 9755993.000000
3863.187256 10855348.000000
6581.893066 20823092.000000
6282.147461 27063922.000000
3637.922607 18214656.000000
1469.166870 2667852.000000
4946.205566 28167656.000000
3973.165039 15690949.000000
5210.205566 24734512.000000
2226.718994 8392726.000000
6872.866699 27071464.000000
3949.874512 16220732.000000
2504.862061 9337637.000000
Query results end.
