Load A2A queries finished.
Load face weight finished.
100 random queries, inner ratio = 0.000, inter ratio = 1.000
Run Algorithm 3: SE-Oracle
base graph |V| = 43402
Begin to build partition tree...
level 1 has 7 nodes
max cover set size: 22690 min cover set size: 3
level 2 has 20 nodes
max cover set size: 8251 min cover set size: 19
level 3 has 79 nodes
max cover set size: 2318 min cover set size: 1
level 4 has 319 nodes
max cover set size: 645 min cover set size: 1
level 5 has 1412 nodes
max cover set size: 226 min cover set size: 1
level 6 has 5373 nodes
max cover set size: 68 min cover set size: 1
level 7 has 15514 nodes
max cover set size: 26 min cover set size: 1
level 8 has 30860 nodes
max cover set size: 12 min cover set size: 1
level 9 has 39762 nodes
max cover set size: 9 min cover set size: 1
level 10 has 42242 nodes
max cover set size: 4 min cover set size: 1
level 11 has 43090 nodes
max cover set size: 3 min cover set size: 1
level 12 has 43320 nodes
max cover set size: 3 min cover set size: 1
level 13 has 43386 nodes
max cover set size: 3 min cover set size: 1
level 14 has 43400 nodes
max cover set size: 2 min cover set size: 1
level 15 has 43400 nodes
max cover set size: 2 min cover set size: 1
level 16 has 43401 nodes
max cover set size: 2 min cover set size: 1
level 17 has 43401 nodes
max cover set size: 2 min cover set size: 1
level 18 has 43401 nodes
max cover set size: 2 min cover set size: 1
level 19 has 43401 nodes
max cover set size: 2 min cover set size: 1
level 20 has 43402 nodes
max cover set size: 1 min cover set size: 1
[Partition Tree] totally 569191 nodes 
Partition tree finished.
Node pair set size: 28224203
Node pair percentage: 0.015
[Index Time] SE-oracle: 1530032.000000 ms
Index memory usage: 39257 MB
3075.090332 5135.000000
6190.648438 4899.000000
4002.370850 5225.000000
1937.207764 4962.000000
1880.051636 4650.000000
2648.497803 5116.000000
960.344788 4894.000000
399.590637 5083.000000
5676.812988 4647.000000
6254.125977 4832.000000
5516.870117 4575.000000
2660.167480 4923.000000
3782.988281 4778.000000
5479.609375 4721.000000
3232.931641 4681.000000
4849.217285 4506.000000
2194.438477 4813.000000
4331.361816 4710.000000
1852.123413 4586.000000
2282.486328 4537.000000
2116.259277 4775.000000
8081.506836 5203.000000
2307.094971 4984.000000
4834.510254 4564.000000
2696.363281 4899.000000
3289.035400 4754.000000
4114.170898 4553.000000
2120.052734 4734.000000
6767.707520 4692.000000
5496.123535 4477.000000
2727.310303 4882.000000
3994.857910 4875.000000
342.634521 4834.000000
2189.522949 4566.000000
1862.627075 4789.000000
5014.140137 4785.000000
5647.161621 4766.000000
2182.031006 5018.000000
3904.100830 4854.000000
4317.986816 4758.000000
2689.961670 4878.000000
4862.386719 5069.000000
5559.885742 4807.000000
6537.022949 4901.000000
3398.718262 4661.000000
2880.175781 4495.000000
5858.417969 4724.000000
142.193985 4817.000000
544.564331 4804.000000
2124.122803 4604.000000
1768.192993 4493.000000
2564.967285 4551.000000
5776.760254 4557.000000
8402.696289 4749.000000
1912.721680 4767.000000
2000.775024 4682.000000
3487.230713 4584.000000
1102.174072 5106.000000
3764.729004 4622.000000
7020.175293 4911.000000
4022.185791 4666.000000
8542.714844 4747.000000
5927.015625 4996.000000
2219.093750 4785.000000
4022.075928 4355.000000
1943.890869 4500.000000
6762.962891 4843.000000
4715.679199 4619.000000
332.072998 4796.000000
2035.507690 5003.000000
3751.569824 4613.000000
3545.556641 4442.000000
2856.094238 4589.000000
2574.940186 4656.000000
1073.739868 4556.000000
5706.539551 4580.000000
4108.181152 4836.000000
4834.522461 4477.000000
5612.591797 4439.000000
4443.937500 5099.000000
3630.162598 4748.000000
5039.899902 4745.000000
4679.270020 4838.000000
888.492310 4890.000000
885.914307 4602.000000
640.464478 4984.000000
2113.487793 4811.000000
2436.777344 4587.000000
3853.547119 4465.000000
6340.113770 4494.000000
5906.955566 4580.000000
3476.369385 4664.000000
1440.733398 4836.000000
4538.172852 4878.000000
3884.487793 4516.000000
5620.679199 4880.000000
2392.303223 4671.000000
6834.150879 4694.000000
3712.820801 4549.000000
2392.965332 4686.000000
Query results begin: 
3075.090332 5135.000000
6190.648438 4899.000000
4002.370850 5225.000000
1937.207764 4962.000000
1880.051636 4650.000000
2648.497803 5116.000000
960.344788 4894.000000
399.590637 5083.000000
5676.812988 4647.000000
6254.125977 4832.000000
5516.870117 4575.000000
2660.167480 4923.000000
3782.988281 4778.000000
5479.609375 4721.000000
3232.931641 4681.000000
4849.217285 4506.000000
2194.438477 4813.000000
4331.361816 4710.000000
1852.123413 4586.000000
2282.486328 4537.000000
2116.259277 4775.000000
8081.506836 5203.000000
2307.094971 4984.000000
4834.510254 4564.000000
2696.363281 4899.000000
3289.035400 4754.000000
4114.170898 4553.000000
2120.052734 4734.000000
6767.707520 4692.000000
5496.123535 4477.000000
2727.310303 4882.000000
3994.857910 4875.000000
342.634521 4834.000000
2189.522949 4566.000000
1862.627075 4789.000000
5014.140137 4785.000000
5647.161621 4766.000000
2182.031006 5018.000000
3904.100830 4854.000000
4317.986816 4758.000000
2689.961670 4878.000000
4862.386719 5069.000000
5559.885742 4807.000000
6537.022949 4901.000000
3398.718262 4661.000000
2880.175781 4495.000000
5858.417969 4724.000000
142.193985 4817.000000
544.564331 4804.000000
2124.122803 4604.000000
1768.192993 4493.000000
2564.967285 4551.000000
5776.760254 4557.000000
8402.696289 4749.000000
1912.721680 4767.000000
2000.775024 4682.000000
3487.230713 4584.000000
1102.174072 5106.000000
3764.729004 4622.000000
7020.175293 4911.000000
4022.185791 4666.000000
8542.714844 4747.000000
5927.015625 4996.000000
2219.093750 4785.000000
4022.075928 4355.000000
1943.890869 4500.000000
6762.962891 4843.000000
4715.679199 4619.000000
332.072998 4796.000000
2035.507690 5003.000000
3751.569824 4613.000000
3545.556641 4442.000000
2856.094238 4589.000000
2574.940186 4656.000000
1073.739868 4556.000000
5706.539551 4580.000000
4108.181152 4836.000000
4834.522461 4477.000000
5612.591797 4439.000000
4443.937500 5099.000000
3630.162598 4748.000000
5039.899902 4745.000000
4679.270020 4838.000000
888.492310 4890.000000
885.914307 4602.000000
640.464478 4984.000000
2113.487793 4811.000000
2436.777344 4587.000000
3853.547119 4465.000000
6340.113770 4494.000000
5906.955566 4580.000000
3476.369385 4664.000000
1440.733398 4836.000000
4538.172852 4878.000000
3884.487793 4516.000000
5620.679199 4880.000000
2392.303223 4671.000000
6834.150879 4694.000000
3712.820801 4549.000000
2392.965332 4686.000000
Query results end.
