Load A2A queries finished.
Load face weight finished.
100 random queries, inner ratio = 0.000, inter ratio = 1.000
Run Algorithm 0: Bisector-Fixed-Scheme
base graph |V| = 43407
Query results begin: 
1900.177246 1945.000000
4568.262207 12109.000000
6710.129883 27219.000000
7642.084473 11299.000000
12708.730469 30856.000000
5553.614746 22463.000000
8479.925781 13095.000000
8643.657227 31757.000000
4009.092285 2398.000000
5102.917969 11296.000000
4070.479492 4863.000000
4300.505371 4933.000000
7709.273438 21525.000000
7538.889648 20483.000000
3755.458984 5999.000000
6138.209961 21219.000000
8976.518555 31849.000000
8614.525391 12375.000000
10525.626953 24694.000000
8336.831055 26635.000000
2777.904297 3738.000000
6247.587402 22779.000000
8826.132812 25607.000000
7996.397949 30368.000000
7532.536133 9854.000000
3965.382568 9272.000000
7571.576172 22090.000000
12628.433594 29051.000000
8075.125000 23437.000000
6213.083008 23788.000000
1912.814209 1408.000000
5237.512207 19330.000000
9409.761719 38030.000000
3910.074463 4592.000000
8803.899414 38277.000000
7503.803223 18294.000000
2668.161377 4711.000000
15553.837891 30261.000000
8660.405273 16497.000000
2658.571533 1832.000000
8603.842773 23970.000000
13717.352539 34749.000000
501.736023 171.000000
8091.113770 23418.000000
5810.275879 14061.000000
4553.263184 9244.000000
3631.498535 3190.000000
7227.765137 11076.000000
6777.012695 10644.000000
6090.926270 12385.000000
9980.000000 15781.000000
7955.464844 32298.000000
6948.730469 25703.000000
13120.943359 27409.000000
4176.730469 3547.000000
8845.265625 24709.000000
9403.019531 22820.000000
6687.610352 12332.000000
3267.947998 4816.000000
7672.585449 18327.000000
4121.557129 9535.000000
3238.502930 6751.000000
12971.849609 28630.000000
13611.309570 31165.000000
8749.132812 28234.000000
230.099747 97.000000
8169.212891 22856.000000
10505.859375 21011.000000
8316.387695 15947.000000
2442.960449 2566.000000
9427.661133 21335.000000
6938.162109 12053.000000
8021.222168 28959.000000
3354.238281 688.000000
7644.211426 18403.000000
6802.520996 17637.000000
3698.312744 8498.000000
1128.814453 585.000000
12086.552734 28110.000000
5718.769531 22031.000000
10729.541016 26270.000000
1052.700439 741.000000
3391.420898 3630.000000
3309.218994 2477.000000
288.983002 84.000000
9789.271484 22189.000000
1631.949097 1131.000000
11069.979492 28223.000000
7392.830566 13110.000000
8529.134766 23060.000000
6969.723633 16624.000000
7116.461914 18239.000000
5273.376465 2457.000000
10973.408203 32525.000000
8250.473633 33109.000000
8097.736816 14033.000000
7766.642090 15111.000000
6921.698730 13323.000000
80.468964 27.000000
4726.340332 5839.000000
Query results end.
