Load A2A queries finished.
Load face weight finished.
100 random queries, inner ratio = 0.000, inter ratio = 1.000
Run Algorithm 4: EAR-oracle
base graph |V| = 43407
quad tree level = 1
Leaf maximum side length: 3600.000
V = 1440 | EAR-Leaf = 186
maximum leaf node boundary vertices = 108
level 1 has 4 nodes
max cover set size: 70 min cover set size: 19
level 2 has 9 nodes
max cover set size: 42 min cover set size: 1
level 3 has 16 nodes
max cover set size: 31 min cover set size: 1
level 4 has 37 nodes
max cover set size: 14 min cover set size: 1
level 5 has 82 nodes
max cover set size: 7 min cover set size: 1
level 6 has 161 nodes
max cover set size: 3 min cover set size: 1
level 7 has 186 nodes
max cover set size: 1 min cover set size: 1
[Partition Tree] totally 496 nodes 
Node pair set size: 27331
Node pair percentage: 0.00
[Index Time] EAR-oracle: 25831.000000 ms
Index memory usage: 773 MB
Breakdown_construction: 38391.000000 ms
Breakdown_dijkstra: 240562.000000 ms
Query results begin: 
5158.781738 1223.000000
4072.438477 685.000000
3374.766846 708.000000
1572.558472 3273.000000
2330.400391 8279.000000
4782.574219 1024.000000
3351.894287 1044.000000
2080.760010 728.000000
4118.020508 896.000000
2583.707275 688.000000
4209.695312 659.000000
2836.644531 570.000000
7431.128906 866.000000
5757.977539 815.000000
5810.619141 873.000000
4934.024414 1206.000000
911.630127 2160.000000
4117.220703 1023.000000
3099.645996 18746.000000
3967.128662 1027.000000
3905.019043 845.000000
5236.398926 882.000000
1231.830566 569.000000
1699.254639 7359.000000
897.530029 1551.000000
3733.020752 10530.000000
4677.291992 931.000000
1858.745117 2062.000000
1042.695068 741.000000
6643.273926 1417.000000
2878.951660 742.000000
4727.223633 803.000000
5172.606934 780.000000
5470.762695 926.000000
5250.036133 916.000000
2881.230713 780.000000
5229.857422 736.000000
2341.498047 683.000000
1021.250854 2542.000000
3714.616943 1003.000000
786.257019 567.000000
2508.796875 12319.000000
2485.021973 9699.000000
6833.423828 1118.000000
2479.590332 4778.000000
5284.253418 1302.000000
2696.532227 6308.000000
387.024780 604.000000
2982.412109 663.000000
7018.510742 990.000000
4288.668945 1165.000000
5303.208984 1038.000000
5662.666016 1041.000000
5575.666992 956.000000
3856.977051 901.000000
3466.630127 670.000000
2645.513672 16089.000000
4190.199219 17590.000000
5531.003418 1022.000000
3892.674316 16865.000000
179.656921 40.000000
2169.928223 6734.000000
4589.186035 1092.000000
2661.189697 8076.000000
2578.345947 8307.000000
2847.243896 1143.000000
5912.966797 983.000000
2451.986084 658.000000
7373.577637 1235.000000
2281.048584 831.000000
1931.128174 750.000000
5316.027344 860.000000
2006.616699 685.000000
4810.251953 781.000000
3820.342285 15244.000000
2521.745605 898.000000
3482.927734 827.000000
2674.098633 776.000000
2746.782227 578.000000
6566.545898 944.000000
4248.790527 761.000000
3274.701416 607.000000
641.160583 517.000000
4043.005859 826.000000
3063.983398 894.000000
4070.928467 899.000000
5571.017578 869.000000
1641.985107 660.000000
4053.466064 918.000000
7023.074219 1063.000000
1462.756470 3095.000000
2927.375244 7039.000000
2090.934082 6867.000000
1316.051514 2610.000000
6231.893066 1147.000000
7432.854492 960.000000
3340.218506 5746.000000
1903.423828 4441.000000
4426.521973 1136.000000
2417.238037 7480.000000
Query results end.
