Load A2A queries finished.
Load face weight finished.
100 random queries, inner ratio = 0.000, inter ratio = 1.000
Run Algorithm 2: K-Algo
theta_m = 6.921
Query results begin: 
2998.477783 4084565.000000
6458.087891 11248047.000000
3987.137451 8583967.000000
2059.492676 2449790.000000
1917.841064 841461.000000
2549.721436 4624662.000000
985.666687 663220.000000
399.590637 203.000000
5963.288086 10277808.000000
6164.696777 12461744.000000
5547.985352 10621234.000000
2636.952881 4633143.000000
3707.793213 3602612.000000
5734.458496 8891432.000000
3217.638428 7673955.000000
4844.517578 5532678.000000
2170.269287 2823029.000000
4493.616699 11838825.000000
1734.498047 1368791.000000
2343.254395 3037150.000000
2240.182373 2649523.000000
8388.520508 13130113.000000
2395.627930 1132835.000000
4872.291992 11140312.000000
2768.572021 4259990.000000
3243.694580 8124282.000000
4199.058594 5566672.000000
2159.692627 3609809.000000
7035.372070 11836883.000000
5736.305664 8871915.000000
2817.458252 3993415.000000
3983.990967 11868674.000000
405.666809 2857.000000
2162.257812 3705282.000000
1893.224609 1450665.000000
5374.637207 12762950.000000
5685.509277 12747939.000000
2159.098145 3884345.000000
3836.409424 4060676.000000
4174.627930 7972426.000000
2759.934814 5752350.000000
5000.987305 11917520.000000
5417.151367 8490486.000000
6900.714355 11679651.000000
3219.790283 3894476.000000
2721.649414 4947923.000000
6011.114746 12655324.000000
142.193985 242.000000
520.590088 85667.000000
2052.191650 2006139.000000
1887.196289 2082077.000000
2659.889160 1861129.000000
6004.078125 8641661.000000
8093.302734 12548162.000000
1966.338989 1796620.000000
1954.813232 2245744.000000
3516.897461 4105354.000000
1336.662109 376000.000000
3736.334717 5458542.000000
7061.278809 12831256.000000
3895.845947 7835918.000000
7947.755859 12645332.000000
5785.882812 9616980.000000
2180.347168 3987553.000000
4089.464355 4782197.000000
1998.736206 2325031.000000
6981.376465 12988947.000000
4981.665039 12019801.000000
353.332703 10339.000000
2188.473389 2357636.000000
3847.990479 9792311.000000
3719.149658 6408924.000000
2774.853271 4116749.000000
2760.776611 4742958.000000
1067.618408 660732.000000
5625.362305 9947532.000000
4160.209473 8632612.000000
5021.362305 8206231.000000
5255.418457 6732915.000000
4682.283691 10256479.000000
3811.793701 4909346.000000
5223.393555 10444254.000000
5015.003418 12346888.000000
947.533508 213016.000000
824.780640 359352.000000
717.118469 292752.000000
2215.371826 3564094.000000
2299.666504 4312700.000000
3796.595947 4837441.000000
6465.234375 9893246.000000
6159.847168 12760861.000000
3571.822998 8494686.000000
1460.056152 979485.000000
4939.606445 12605118.000000
3921.946045 7564770.000000
5136.448730 11541599.000000
2166.241699 3686248.000000
6739.426758 12579099.000000
3864.720947 7847701.000000
2451.315430 4198690.000000
Query results end.
