Load A2A queries finished.
Load face weight finished.
100 random queries, inner ratio = 0.000, inter ratio = 1.000
Run Algorithm 1: Bisector-Unfixed-Scheme
Query results begin: 
3062.488525 8129841.000000
6505.151367 21566200.000000
4009.271729 15590183.000000
2055.733643 5565988.000000
1914.602783 1709828.000000
2626.092529 10482885.000000
1012.015991 1815868.000000
399.590637 54430.000000
6090.064453 19931140.000000
6278.486816 24069172.000000
5682.125977 19943590.000000
2691.097412 10194545.000000
3797.129639 6914832.000000
5867.755859 16501133.000000
3268.248535 14543188.000000
4976.501465 11129785.000000
2215.210693 6134176.000000
4570.260254 23666284.000000
1783.116211 3209144.000000
2345.537354 6487300.000000
2251.728027 5522384.000000
8577.797852 25323956.000000
2398.868652 2416364.000000
4923.451172 21317346.000000
2855.990967 9169281.000000
3316.348633 16169533.000000
4294.666504 10786164.000000
2159.984375 6965915.000000
7154.711426 22809020.000000
5650.397949 15444535.000000
2831.770264 7715591.000000
4073.483887 23524576.000000
332.342651 55298.000000
2179.509033 7322924.000000
1973.476074 3669250.000000
5388.236328 24669600.000000
5812.940918 25075816.000000
2186.354492 7740721.000000
3878.169189 7630684.000000
4298.996582 14826665.000000
2857.599854 12576814.000000
5034.502930 22955126.000000
5800.380371 16910236.000000
7031.152832 22984944.000000
3303.530273 7541950.000000
2802.387939 10876865.000000
6139.937500 24520858.000000
142.193985 25899.000000
532.345032 337956.000000
2074.957520 4123164.000000
1889.083984 4194897.000000
2747.100586 3686039.000000
6017.304688 15659025.000000
8260.175781 24575086.000000
1919.559570 3348622.000000
1971.674316 4683615.000000
3612.722656 7950741.000000
1110.308350 730593.000000
3819.312256 11150826.000000
7146.889648 24389576.000000
4057.188232 14665965.000000
8089.098145 24770020.000000
5976.730957 18219084.000000
2219.588379 8000206.000000
4128.589844 9213610.000000
2012.491455 4974581.000000
7127.044434 24966364.000000
5111.575195 23404276.000000
331.753387 132565.000000
2138.930664 5001255.000000
3935.896240 19489022.000000
3764.607178 13108754.000000
2879.756592 8428785.000000
2696.929199 8959597.000000
1079.408569 1799953.000000
5813.049805 18986276.000000
4114.466797 16282143.000000
5115.208496 14803775.000000
5324.701172 13320297.000000
4785.251465 19966172.000000
3847.740234 9544772.000000
5289.511719 19599876.000000
5096.431641 23694804.000000
912.852722 564672.000000
878.272339 1059453.000000
702.927185 871573.000000
2252.370117 6590902.000000
2354.821777 8690463.000000
3865.445557 9752513.000000
6583.474609 18499364.000000
6286.460938 24178218.000000
3640.254150 16114811.000000
1466.622925 2350867.000000
4950.916504 24743452.000000
3973.416016 14092802.000000
5210.339844 22088620.000000
2226.481689 7386962.000000
6867.157227 23962914.000000
3945.767334 14331314.000000
2502.833496 8303080.000000
Query results end.
