Load A2A queries finished.
Load face weight finished.
100 random queries, inner ratio = 0.000, inter ratio = 1.000
Run Algorithm 3: SE-Oracle
base graph |V| = 43402
Begin to build partition tree...
level 1 has 3 nodes
max cover set size: 24443 min cover set size: 2965
level 2 has 15 nodes
max cover set size: 10868 min cover set size: 65
level 3 has 54 nodes
max cover set size: 3836 min cover set size: 3
level 4 has 208 nodes
max cover set size: 959 min cover set size: 1
level 5 has 893 nodes
max cover set size: 284 min cover set size: 1
level 6 has 3816 nodes
max cover set size: 94 min cover set size: 1
level 7 has 11762 nodes
max cover set size: 40 min cover set size: 1
level 8 has 26408 nodes
max cover set size: 13 min cover set size: 1
level 9 has 38162 nodes
max cover set size: 9 min cover set size: 1
level 10 has 41834 nodes
max cover set size: 8 min cover set size: 1
level 11 has 42901 nodes
max cover set size: 4 min cover set size: 1
level 12 has 43292 nodes
max cover set size: 3 min cover set size: 1
level 13 has 43385 nodes
max cover set size: 3 min cover set size: 1
level 14 has 43400 nodes
max cover set size: 2 min cover set size: 1
level 15 has 43400 nodes
max cover set size: 2 min cover set size: 1
level 16 has 43400 nodes
max cover set size: 2 min cover set size: 1
level 17 has 43401 nodes
max cover set size: 2 min cover set size: 1
level 18 has 43401 nodes
max cover set size: 2 min cover set size: 1
level 19 has 43401 nodes
max cover set size: 2 min cover set size: 1
level 20 has 43402 nodes
max cover set size: 1 min cover set size: 1
[Partition Tree] totally 556539 nodes 
Partition tree finished.
Node pair set size: 337951649
Node pair percentage: 0.179
[Index Time] SE-oracle: 6750030.000000 ms
Index memory usage: 119991 MB
3032.098877 7808.000000
6467.682617 7344.000000
4023.653320 7556.000000
2076.141357 6995.000000
1924.849121 6684.000000
2641.059814 7405.000000
1028.720093 6559.000000
399.590637 6966.000000
6052.138184 6278.000000
6267.761719 7181.000000
5617.753418 6829.000000
2652.773193 7084.000000
3790.886475 6511.000000
5777.626953 6764.000000
3251.382812 6627.000000
4992.683105 6101.000000
2216.474365 7203.000000
4591.352539 6767.000000
1813.946777 6694.000000
2385.809326 6664.000000
2249.241699 6829.000000
8556.055664 7418.000000
2392.784424 7023.000000
4951.735352 6336.000000
2837.957031 6620.000000
3333.052979 6877.000000
4318.006348 6510.000000
2173.025146 6681.000000
7163.024414 6337.000000
5648.703613 6028.000000
2842.263184 7472.000000
4031.901855 6844.000000
342.634521 6780.000000
2174.441162 6804.000000
1983.226562 6724.000000
5433.111328 6762.000000
5796.000000 7050.000000
2186.959229 7105.000000
3920.086914 6923.000000
4344.850586 6609.000000
2861.441406 6873.000000
5074.491699 7192.000000
5757.116699 7372.000000
7031.577637 6818.000000
3323.795898 6489.000000
2790.124023 6229.000000
6064.171875 6811.000000
142.193985 6917.000000
544.538635 6681.000000
2086.681641 6271.000000
1883.892944 6074.000000
2739.370605 6297.000000
6039.911621 6403.000000
8245.291992 6443.000000
1958.031006 6994.000000
1969.443481 6500.000000
3592.595459 6538.000000
1132.091797 7000.000000
3822.816895 6433.000000
7110.019531 6895.000000
4059.227051 6631.000000
8024.884277 7040.000000
5884.600098 7216.000000
2265.073486 7122.000000
4119.860840 5830.000000
2019.507935 6231.000000
7246.688965 6683.000000
5093.358398 6181.000000
332.072998 6329.000000
2182.275146 7043.000000
3906.260498 6469.000000
3737.812500 6852.000000
2960.602539 6418.000000
2752.802979 6752.000000
1115.158936 11931.000000
5752.121094 6586.000000
4109.790527 6445.000000
5062.913086 6350.000000
5299.541504 6405.000000
4825.020508 7111.000000
3837.015625 6698.000000
5306.708984 6668.000000
5142.513184 6748.000000
923.063599 6691.000000
909.319702 6462.000000
711.849487 7011.000000
2290.184570 6901.000000
2356.265869 6239.000000
3807.196777 6578.000000
6698.012207 6013.000000
6202.356934 6639.000000
3658.550781 6945.000000
1469.885376 6586.000000
4996.642090 6554.000000
3957.941650 6618.000000
5261.289062 6856.000000
2217.395508 6955.000000
6978.006348 6630.000000
3933.252197 6327.000000
2495.881592 6725.000000
Query results begin: 
3032.098877 7808.000000
6467.682617 7344.000000
4023.653320 7556.000000
2076.141357 6995.000000
1924.849121 6684.000000
2641.059814 7405.000000
1028.720093 6559.000000
399.590637 6966.000000
6052.138184 6278.000000
6267.761719 7181.000000
5617.753418 6829.000000
2652.773193 7084.000000
3790.886475 6511.000000
5777.626953 6764.000000
3251.382812 6627.000000
4992.683105 6101.000000
2216.474365 7203.000000
4591.352539 6767.000000
1813.946777 6694.000000
2385.809326 6664.000000
2249.241699 6829.000000
8556.055664 7418.000000
2392.784424 7023.000000
4951.735352 6336.000000
2837.957031 6620.000000
3333.052979 6877.000000
4318.006348 6510.000000
2173.025146 6681.000000
7163.024414 6337.000000
5648.703613 6028.000000
2842.263184 7472.000000
4031.901855 6844.000000
342.634521 6780.000000
2174.441162 6804.000000
1983.226562 6724.000000
5433.111328 6762.000000
5796.000000 7050.000000
2186.959229 7105.000000
3920.086914 6923.000000
4344.850586 6609.000000
2861.441406 6873.000000
5074.491699 7192.000000
5757.116699 7372.000000
7031.577637 6818.000000
3323.795898 6489.000000
2790.124023 6229.000000
6064.171875 6811.000000
142.193985 6917.000000
544.538635 6681.000000
2086.681641 6271.000000
1883.892944 6074.000000
2739.370605 6297.000000
6039.911621 6403.000000
8245.291992 6443.000000
1958.031006 6994.000000
1969.443481 6500.000000
3592.595459 6538.000000
1132.091797 7000.000000
3822.816895 6433.000000
7110.019531 6895.000000
4059.227051 6631.000000
8024.884277 7040.000000
5884.600098 7216.000000
2265.073486 7122.000000
4119.860840 5830.000000
2019.507935 6231.000000
7246.688965 6683.000000
5093.358398 6181.000000
332.072998 6329.000000
2182.275146 7043.000000
3906.260498 6469.000000
3737.812500 6852.000000
2960.602539 6418.000000
2752.802979 6752.000000
1115.158936 11931.000000
5752.121094 6586.000000
4109.790527 6445.000000
5062.913086 6350.000000
5299.541504 6405.000000
4825.020508 7111.000000
3837.015625 6698.000000
5306.708984 6668.000000
5142.513184 6748.000000
923.063599 6691.000000
909.319702 6462.000000
711.849487 7011.000000
2290.184570 6901.000000
2356.265869 6239.000000
3807.196777 6578.000000
6698.012207 6013.000000
6202.356934 6639.000000
3658.550781 6945.000000
1469.885376 6586.000000
4996.642090 6554.000000
3957.941650 6618.000000
5261.289062 6856.000000
2217.395508 6955.000000
6978.006348 6630.000000
3933.252197 6327.000000
2495.881592 6725.000000
Query results end.
