Load A2A queries finished.
Load face weight finished.
100 random queries, inner ratio = 0.000, inter ratio = 1.000
Run Algorithm 3: SE-Oracle
base graph |V| = 43402
Begin to build partition tree...
level 1 has 4 nodes
max cover set size: 21478 min cover set size: 838
level 2 has 13 nodes
max cover set size: 11141 min cover set size: 7
level 3 has 48 nodes
max cover set size: 3544 min cover set size: 1
level 4 has 199 nodes
max cover set size: 1029 min cover set size: 1
level 5 has 870 nodes
max cover set size: 297 min cover set size: 1
level 6 has 3679 nodes
max cover set size: 100 min cover set size: 1
level 7 has 11418 nodes
max cover set size: 32 min cover set size: 1
level 8 has 25924 nodes
max cover set size: 19 min cover set size: 1
level 9 has 37902 nodes
max cover set size: 9 min cover set size: 1
level 10 has 41773 nodes
max cover set size: 8 min cover set size: 1
level 11 has 42892 nodes
max cover set size: 3 min cover set size: 1
level 12 has 43289 nodes
max cover set size: 3 min cover set size: 1
level 13 has 43384 nodes
max cover set size: 3 min cover set size: 1
level 14 has 43400 nodes
max cover set size: 2 min cover set size: 1
level 15 has 43400 nodes
max cover set size: 2 min cover set size: 1
level 16 has 43400 nodes
max cover set size: 2 min cover set size: 1
level 17 has 43401 nodes
max cover set size: 2 min cover set size: 1
level 18 has 43401 nodes
max cover set size: 2 min cover set size: 1
level 19 has 43401 nodes
max cover set size: 2 min cover set size: 1
level 20 has 43402 nodes
max cover set size: 1 min cover set size: 1
[Partition Tree] totally 555201 nodes 
Partition tree finished.
Node pair set size: 120912669
Node pair percentage: 0.064
[Index Time] SE-oracle: 3796971.000000 ms
Index memory usage: 81182 MB
3051.937744 6860.000000
6310.740723 6273.000000
3971.464844 6522.000000
2063.524170 6119.000000
1906.410889 5865.000000
2619.315918 6418.000000
988.758728 5759.000000
399.590637 6182.000000
6097.955566 5884.000000
6075.881836 6489.000000
5569.797852 5980.000000
2655.511230 6324.000000
3681.261230 5910.000000
5768.336914 5922.000000
3206.203857 5875.000000
4947.342285 5567.000000
2163.873047 6037.000000
4476.155762 5993.000000
1768.980469 5825.000000
2349.798340 5779.000000
2241.406006 5851.000000
8311.782227 6342.000000
2346.934082 6126.000000
4806.473145 5774.000000
2805.125000 5760.000000
3275.257568 6053.000000
4250.743652 5471.000000
2092.475342 5895.000000
7155.700195 5727.000000
5759.383301 5381.000000
2796.528320 6506.000000
3973.166992 5761.000000
342.634521 5862.000000
2158.492920 5761.000000
1916.094604 6057.000000
5390.424316 5903.000000
5736.681152 6112.000000
2162.443359 6354.000000
3968.505615 5736.000000
4256.365234 5898.000000
2864.690674 5921.000000
5083.748047 6437.000000
5824.246094 6260.000000
6998.470215 5753.000000
3339.068604 5790.000000
2784.247559 5600.000000
6148.701660 5810.000000
142.193985 5919.000000
540.221252 6116.000000
2081.738037 5720.000000
1847.344727 5331.000000
2678.781006 22793.000000
5925.848633 5529.000000
8268.178711 5797.000000
1957.573242 6122.000000
2056.606689 5541.000000
3488.821289 5608.000000
1132.091797 5901.000000
3665.709717 5458.000000
6874.302734 6267.000000
4041.239990 5723.000000
8010.854980 6017.000000
5785.804688 6321.000000
2293.225098 6168.000000
4072.475098 5036.000000
1941.126343 5507.000000
7110.959961 5781.000000
5003.565430 5450.000000
332.072998 5541.000000
2181.080811 6121.000000
3744.137939 5662.000000
3743.437988 5759.000000
2989.964600 5502.000000
2730.441650 5610.000000
1094.621826 5935.000000
5585.678711 5824.000000
4052.883301 5856.000000
5133.589355 5538.000000
5198.577148 5325.000000
4725.444336 6119.000000
3783.682617 5786.000000
5330.278320 6057.000000
5128.545898 5794.000000
923.063599 5810.000000
887.802917 5460.000000
711.849487 6165.000000
2225.994629 5847.000000
2356.956543 5559.000000
3740.547363 5399.000000
6388.741699 5297.000000
6091.617188 5773.000000
3650.221680 5867.000000
1440.328491 5935.000000
5005.090332 5788.000000
3989.767578 5558.000000
5167.040527 6103.000000
2178.988525 6030.000000
6719.297852 5747.000000
3869.821533 5610.000000
2511.210693 5836.000000
Query results begin: 
3051.937744 6860.000000
6310.740723 6273.000000
3971.464844 6522.000000
2063.524170 6119.000000
1906.410889 5865.000000
2619.315918 6418.000000
988.758728 5759.000000
399.590637 6182.000000
6097.955566 5884.000000
6075.881836 6489.000000
5569.797852 5980.000000
2655.511230 6324.000000
3681.261230 5910.000000
5768.336914 5922.000000
3206.203857 5875.000000
4947.342285 5567.000000
2163.873047 6037.000000
4476.155762 5993.000000
1768.980469 5825.000000
2349.798340 5779.000000
2241.406006 5851.000000
8311.782227 6342.000000
2346.934082 6126.000000
4806.473145 5774.000000
2805.125000 5760.000000
3275.257568 6053.000000
4250.743652 5471.000000
2092.475342 5895.000000
7155.700195 5727.000000
5759.383301 5381.000000
2796.528320 6506.000000
3973.166992 5761.000000
342.634521 5862.000000
2158.492920 5761.000000
1916.094604 6057.000000
5390.424316 5903.000000
5736.681152 6112.000000
2162.443359 6354.000000
3968.505615 5736.000000
4256.365234 5898.000000
2864.690674 5921.000000
5083.748047 6437.000000
5824.246094 6260.000000
6998.470215 5753.000000
3339.068604 5790.000000
2784.247559 5600.000000
6148.701660 5810.000000
142.193985 5919.000000
540.221252 6116.000000
2081.738037 5720.000000
1847.344727 5331.000000
2678.781006 22793.000000
5925.848633 5529.000000
8268.178711 5797.000000
1957.573242 6122.000000
2056.606689 5541.000000
3488.821289 5608.000000
1132.091797 5901.000000
3665.709717 5458.000000
6874.302734 6267.000000
4041.239990 5723.000000
8010.854980 6017.000000
5785.804688 6321.000000
2293.225098 6168.000000
4072.475098 5036.000000
1941.126343 5507.000000
7110.959961 5781.000000
5003.565430 5450.000000
332.072998 5541.000000
2181.080811 6121.000000
3744.137939 5662.000000
3743.437988 5759.000000
2989.964600 5502.000000
2730.441650 5610.000000
1094.621826 5935.000000
5585.678711 5824.000000
4052.883301 5856.000000
5133.589355 5538.000000
5198.577148 5325.000000
4725.444336 6119.000000
3783.682617 5786.000000
5330.278320 6057.000000
5128.545898 5794.000000
923.063599 5810.000000
887.802917 5460.000000
711.849487 6165.000000
2225.994629 5847.000000
2356.956543 5559.000000
3740.547363 5399.000000
6388.741699 5297.000000
6091.617188 5773.000000
3650.221680 5867.000000
1440.328491 5935.000000
5005.090332 5788.000000
3989.767578 5558.000000
5167.040527 6103.000000
2178.988525 6030.000000
6719.297852 5747.000000
3869.821533 5610.000000
2511.210693 5836.000000
Query results end.
