Load A2A queries finished.
Load face weight finished.
100 random queries, inner ratio = 0.000, inter ratio = 1.000
Run Algorithm 1: Bisector-Unfixed-Scheme
Query results begin: 
1900.278931 1638851.000000
4570.280762 9900902.000000
6710.012207 21369256.000000
7631.809082 9658975.000000
12651.547852 26138316.000000
5536.932129 14345676.000000
8462.009766 10236461.000000
8629.995117 23788204.000000
3972.455566 2065668.000000
5084.163086 8919909.000000
4053.954834 3946769.000000
4254.193359 3765969.000000
7698.915527 16521791.000000
7528.181152 15791707.000000
3754.776855 4707047.000000
6117.010742 16894414.000000
8958.700195 24825248.000000
8594.088867 10175207.000000
10508.922852 20468184.000000
8321.196289 20409150.000000
2776.502686 2918915.000000
6206.366211 18043144.000000
8797.439453 19445596.000000
7980.224121 21073272.000000
7514.026367 7606856.000000
3964.663818 7358709.000000
7555.154297 17673880.000000
12579.362305 21965192.000000
8049.616211 16632905.000000
6202.588867 16073149.000000
1912.814209 1238753.000000
5236.702637 12258576.000000
9401.396484 25521060.000000
3912.455566 3598302.000000
8737.795898 24668220.000000
7492.023926 13582918.000000
2666.303467 3300175.000000
15513.463867 25522676.000000
8652.487305 14518973.000000
2639.422607 1551171.000000
8599.252930 16115359.000000
13651.326172 25177542.000000
501.402527 101829.000000
8090.738281 17479276.000000
5788.953613 10846795.000000
4552.323730 7630320.000000
3630.301270 2941897.000000
7227.959473 8885444.000000
6753.520996 7922469.000000
6089.462402 9652881.000000
9943.639648 13750129.000000
7941.217773 25720268.000000
6925.113281 17035260.000000
13057.592773 19734816.000000
4183.373535 2830844.000000
8815.481445 17755318.000000
9396.409180 17745248.000000
6682.459961 8919213.000000
3266.913330 3382404.000000
7655.676758 13505687.000000
4114.699219 7122730.000000
3234.810059 5106204.000000
12889.313477 22808092.000000
13586.119141 23751740.000000
8738.876953 19855118.000000
230.005875 39878.000000
8137.979492 16639747.000000
10441.367188 16183943.000000
8307.612305 11891723.000000
2432.578857 1845432.000000
9371.870117 15628921.000000
6886.910156 9048788.000000
7988.875977 19518300.000000
3354.238281 554064.000000
7616.934570 13280378.000000
6794.379395 12845574.000000
3678.575439 6027294.000000
1128.079346 414755.000000
12024.234375 20983880.000000
5717.107422 13502804.000000
10727.755859 19115124.000000
1052.672607 490067.000000
3390.293945 2347697.000000
3307.350342 2248113.000000
288.983002 22328.000000
9730.577148 15708766.000000
1631.747803 910090.000000
11044.263672 20003144.000000
7360.235840 8487383.000000
8479.435547 16128616.000000
6966.300293 11728300.000000
7077.083008 12910707.000000
5220.131348 2062056.000000
10967.204102 24933468.000000
8232.538086 22706624.000000
8064.425781 10429400.000000
7750.489746 11615857.000000
6880.217773 9362767.000000
79.898468 6984.000000
4725.687012 4269492.000000
Query results end.
