Load A2A queries finished.
Load face weight finished.
100 random queries, inner ratio = 0.000, inter ratio = 1.000
Run Algorithm 4: EAR-oracle
base graph |V| = 43407
quad tree level = 1
Leaf maximum side length: 3600.000
V = 1440 | EAR-Leaf = 186
maximum leaf node boundary vertices = 108
level 1 has 5 nodes
max cover set size: 96 min cover set size: 1
level 2 has 10 nodes
max cover set size: 47 min cover set size: 1
level 3 has 19 nodes
max cover set size: 26 min cover set size: 1
level 4 has 42 nodes
max cover set size: 12 min cover set size: 1
level 5 has 92 nodes
max cover set size: 6 min cover set size: 1
level 6 has 171 nodes
max cover set size: 3 min cover set size: 1
level 7 has 186 nodes
max cover set size: 1 min cover set size: 1
[Partition Tree] totally 526 nodes 
Node pair set size: 33950
Node pair percentage: 0.00
[Index Time] EAR-oracle: 28010.000000 ms
Index memory usage: 775 MB
Breakdown_construction: 33497.000000 ms
Breakdown_dijkstra: 232658.000000 ms
Query results begin: 
5158.781738 1462.000000
4072.438477 672.000000
3374.766846 649.000000
1572.558472 3019.000000
2330.400391 7759.000000
4782.574219 989.000000
3351.894287 969.000000
2080.760010 658.000000
4118.020508 863.000000
2583.707275 569.000000
4209.695312 690.000000
2836.644531 476.000000
7431.128906 925.000000
5757.977539 838.000000
5796.436523 858.000000
4934.024414 917.000000
911.630127 2028.000000
4117.220703 938.000000
3099.645996 17105.000000
3967.128662 958.000000
3905.019043 836.000000
5236.398926 893.000000
1231.830566 514.000000
1699.254639 6483.000000
897.530029 1421.000000
3733.020752 10599.000000
4677.291992 1002.000000
1858.745117 1960.000000
1042.695068 747.000000
6643.273926 903.000000
2878.951660 777.000000
4727.223633 794.000000
5172.606934 783.000000
5470.762695 944.000000
5250.036133 867.000000
2881.230713 764.000000
5229.857422 857.000000
2341.498047 1081.000000
1021.250854 2667.000000
3714.616943 809.000000
786.257019 544.000000
2508.796875 11364.000000
2485.021973 9110.000000
6833.423828 1353.000000
2479.590332 5239.000000
5284.253418 1285.000000
2696.532227 6418.000000
387.024780 576.000000
2982.412109 625.000000
7018.510742 1077.000000
4288.668945 919.000000
5303.208984 895.000000
5662.666016 777.000000
5575.666992 923.000000
3856.977051 795.000000
3466.630127 595.000000
2645.513672 15099.000000
4190.199219 17270.000000
5531.003418 1123.000000
3892.674316 14506.000000
179.656921 63.000000
2169.928223 6701.000000
4589.186035 1222.000000
2661.189697 7829.000000
2578.345947 9266.000000
2847.243896 1047.000000
5912.966797 951.000000
2451.986084 602.000000
7373.577637 946.000000
2281.048584 767.000000
1931.128174 721.000000
5316.027344 1005.000000
2006.616699 632.000000
4810.251953 844.000000
3820.342285 14674.000000
2521.745605 978.000000
3482.927734 853.000000
2674.098633 805.000000
2746.782227 577.000000
6566.545898 973.000000
4248.790527 699.000000
3274.701416 598.000000
641.160583 502.000000
4043.005859 918.000000
3063.983398 676.000000
4070.928467 770.000000
5571.017578 845.000000
1641.985107 607.000000
4053.466064 848.000000
7023.074219 899.000000
1462.756470 2899.000000
2927.375244 6540.000000
2090.934082 7047.000000
1316.051514 2593.000000
6231.893066 1158.000000
7432.854492 959.000000
3340.218506 5368.000000
1903.423828 4099.000000
4426.521973 1145.000000
2417.238037 5993.000000
Query results end.
