Load A2A queries finished.
Load face weight finished.
100 random queries, inner ratio = 0.000, inter ratio = 1.000
Run Algorithm 0: Bisector-Fixed-Scheme
base graph |V| = 43407
Query results begin: 
1900.177246 2347.000000
4568.262207 13576.000000
6710.129883 33512.000000
7642.084473 13024.000000
12708.730469 37749.000000
5553.614746 24744.000000
8479.925781 12941.000000
8643.657227 35960.000000
4009.092285 2536.000000
5102.917969 17212.000000
4070.479492 7672.000000
4300.505371 6042.000000
7709.273438 27986.000000
7538.889648 25503.000000
3755.458984 6737.000000
6138.209961 27542.000000
8976.518555 37272.000000
8614.525391 14649.000000
10525.626953 27356.000000
8336.831055 30466.000000
2777.904297 4167.000000
6247.587402 25945.000000
8826.132812 26943.000000
7996.397949 31513.000000
7532.536133 9437.000000
3965.382568 9080.000000
7571.576172 22549.000000
12628.433594 26865.000000
8075.125000 21756.000000
6213.083008 20708.000000
1912.814209 1210.000000
5237.512207 14945.000000
9409.761719 30514.000000
3910.074463 3879.000000
8803.899414 30648.000000
7503.803223 15486.000000
2668.161377 3288.000000
15553.837891 28963.000000
8660.405273 17355.000000
2658.571533 1997.000000
8603.842773 19921.000000
13717.352539 29542.000000
501.736023 178.000000
8091.113770 20371.000000
5810.275879 12896.000000
4553.263184 8709.000000
3631.498535 3274.000000
7227.765137 9875.000000
6777.012695 9090.000000
6090.926270 12168.000000
9980.000000 14960.000000
7955.464844 29259.000000
6948.730469 23320.000000
13120.943359 28283.000000
4176.730469 3677.000000
8845.265625 26498.000000
9403.019531 26675.000000
6687.610352 13358.000000
3267.947998 4562.000000
7672.585449 17643.000000
4121.557129 10042.000000
3238.502930 7283.000000
12971.849609 31930.000000
13611.309570 33829.000000
8749.132812 28201.000000
230.099747 89.000000
8169.212891 21292.000000
10505.859375 21429.000000
8316.387695 15372.000000
2442.960449 2458.000000
9427.661133 20575.000000
6938.162109 11789.000000
8021.222168 27523.000000
3354.238281 718.000000
7644.211426 17760.000000
6802.520996 15800.000000
3698.312744 6951.000000
1128.814453 667.000000
12086.552734 27055.000000
5718.769531 20176.000000
10729.541016 24655.000000
1052.700439 623.000000
3391.420898 2883.000000
3309.218994 2435.000000
288.983002 60.000000
9789.271484 19410.000000
1631.949097 1085.000000
11069.979492 24855.000000
7392.830566 10899.000000
8529.134766 19589.000000
6969.723633 14255.000000
7116.461914 16621.000000
5273.376465 2498.000000
10973.408203 29936.000000
8250.473633 29945.000000
8097.736816 12645.000000
7766.642090 13523.000000
6921.698730 11027.000000
80.468964 26.000000
4726.340332 5461.000000
Query results end.
