Load A2A queries finished.
Load face weight finished.
100 random queries, inner ratio = 0.000, inter ratio = 1.000
Run Algorithm 2: K-Algo
theta_m = 6.921
Query results begin: 
2998.406250 3160124.000000
6457.978516 9871103.000000
3987.216309 6760235.000000
2059.492676 2207130.000000
1917.845825 806491.000000
2549.725098 4073628.000000
985.766663 557732.000000
399.590637 217.000000
5963.296387 8961698.000000
6164.831055 10890902.000000
5548.112305 9288520.000000
2636.984619 4145376.000000
3707.762207 2973193.000000
5734.538574 7969281.000000
3217.651611 5898977.000000
4844.569824 5020453.000000
2170.274414 2412407.000000
4493.631836 10355097.000000
1734.563354 1133653.000000
2343.381592 2721518.000000
2240.236816 2330172.000000
8388.400391 11386230.000000
2395.587646 1077649.000000
4872.474121 9786804.000000
2768.608398 3619767.000000
3243.709229 6381842.000000
4199.109863 4652544.000000
2159.775146 2753399.000000
7035.407227 10366554.000000
5736.333984 6922340.000000
2817.458252 2981199.000000
3984.001465 10289710.000000
405.666809 2883.000000
2162.469971 2775814.000000
1893.226074 1388780.000000
5374.849609 11199496.000000
5685.574707 11261711.000000
2159.221680 2893986.000000
3836.392822 3191086.000000
4174.628906 6212818.000000
2759.968506 4901548.000000
5001.009766 10440472.000000
5417.151367 6646188.000000
6900.806641 10278863.000000
3219.790283 3606278.000000
2721.793213 4438170.000000
6011.068848 11044993.000000
142.193985 237.000000
520.588013 80755.000000
2052.151855 1788012.000000
1887.366699 1761698.000000
2660.023682 1398439.000000
6004.090820 7681952.000000
8093.319336 10969123.000000
1966.460327 1366978.000000
1954.804199 2015528.000000
3516.922363 3197189.000000
1336.662109 286825.000000
3736.392090 4936386.000000
7061.330566 11147068.000000
3895.850098 6239443.000000
7947.884766 11080523.000000
5785.942383 8380299.000000
2180.335449 2999382.000000
4089.318359 4038713.000000
1998.738037 2066596.000000
6981.586914 11526231.000000
4981.687500 10687046.000000
353.332703 10168.000000
2188.461182 2219828.000000
3847.989746 8763660.000000
3719.181641 5534055.000000
2774.914795 3089339.000000
2760.792969 4293217.000000
1067.612915 575795.000000
5625.226562 8739549.000000
4160.198242 7550900.000000
5021.591309 6298522.000000
5255.503418 5686710.000000
4682.329590 9018858.000000
3811.771729 4289620.000000
5223.388184 9245865.000000
5015.200195 10726954.000000
947.549805 207180.000000
824.780640 285508.000000
717.140747 237963.000000
2215.495850 2729926.000000
2299.710449 3749243.000000
3796.857422 4375901.000000
6465.349121 8702729.000000
6159.839844 11011826.000000
3571.866699 6692010.000000
1460.086182 937851.000000
4939.717773 11042048.000000
3921.968506 5890193.000000
5136.671875 10150451.000000
2166.269775 2877203.000000
6739.511230 11116029.000000
3864.760986 6070532.000000
2451.411133 3658628.000000
Query results end.
