Load A2A queries finished.
Load face weight finished.
100 random queries, inner ratio = 0.000, inter ratio = 1.000
Run Algorithm 1: Bisector-Unfixed-Scheme
Query results begin: 
3062.626709 10513252.000000
6500.705566 27983334.000000
4005.212402 20110584.000000
2054.891113 7177308.000000
1912.680298 2203507.000000
2623.333496 13664488.000000
1012.167847 2371627.000000
399.590637 46079.000000
6088.118164 26627462.000000
6274.615234 31156820.000000
5682.255859 26140132.000000
2691.434082 13196524.000000
3790.435791 8882467.000000
5866.872070 21877992.000000
3267.683838 18953070.000000
4968.262695 14411445.000000
2216.613770 8061565.000000
4567.503418 30669706.000000
1780.341553 4175164.000000
2344.651855 8472336.000000
2249.703857 7132543.000000
8571.920898 32484772.000000
2396.796875 3131207.000000
4921.956543 27947154.000000
2856.374268 12023631.000000
3315.448486 21075348.000000
4292.572266 14103705.000000
2158.654541 9073455.000000
7148.369629 29574540.000000
5647.368652 20108526.000000
2829.117188 10080825.000000
4072.755371 29988088.000000
332.018372 75114.000000
2179.978760 9617297.000000
1968.933838 4693662.000000
5393.344238 31859462.000000
5813.481445 32501624.000000
2186.243896 10045865.000000
3871.881592 10036238.000000
4297.109863 19087704.000000
2857.193115 16169940.000000
5028.181152 29566164.000000
5794.352539 21762110.000000
7025.135254 29227624.000000
3299.345947 9673844.000000
2794.911377 13959994.000000
6134.413086 31358860.000000
142.193985 31606.000000
526.553467 429055.000000
2074.263184 5357816.000000
1885.197388 5434987.000000
2741.121582 4739449.000000
6013.330078 21449720.000000
8257.456055 31633076.000000
1916.144165 4325273.000000
1972.021240 6056208.000000
3610.276611 10343933.000000
1103.036377 935063.000000
3818.869385 14278533.000000
7145.215332 31273000.000000
4053.834717 18667356.000000
8084.770996 31624384.000000
5972.929688 23498648.000000
2215.204102 10318888.000000
4128.537109 11897741.000000
2010.157593 6363931.000000
7109.993652 32183724.000000
5106.559082 29994028.000000
330.490936 159975.000000
2136.367188 6437348.000000
3937.099121 25568372.000000
3762.401367 17065156.000000
2877.593262 10813229.000000
2691.220215 11562939.000000
1073.636963 2345855.000000
5810.218750 24611416.000000
4115.060547 21186472.000000
5111.267090 19031124.000000
5317.557617 17070764.000000
4776.639160 25627004.000000
3844.429199 12356167.000000
5287.094238 25501292.000000
5085.919922 31116714.000000
909.906616 707479.000000
877.694946 1315766.000000
703.317444 1134138.000000
2251.202148 8468928.000000
2354.314453 11134316.000000
3858.923828 12383039.000000
6578.065918 23945156.000000
6278.334961 31000188.000000
3639.762207 20608948.000000
1466.603394 3017226.000000
4954.303223 31670240.000000
3976.047607 18070672.000000
5207.702148 28347000.000000
2223.341309 9583833.000000
6862.013184 30815004.000000
3944.417725 18252730.000000
2504.322021 10682281.000000
Query results end.
