Load A2A queries finished.
Load face weight finished.
100 random queries, inner ratio = 0.000, inter ratio = 1.000
Run Algorithm 3: SE-Oracle
base graph |V| = 43402
Begin to build partition tree...
level 1 has 5 nodes
max cover set size: 25987 min cover set size: 10
level 2 has 17 nodes
max cover set size: 9585 min cover set size: 4
level 3 has 62 nodes
max cover set size: 3020 min cover set size: 1
level 4 has 244 nodes
max cover set size: 881 min cover set size: 1
level 5 has 1075 nodes
max cover set size: 214 min cover set size: 1
level 6 has 4367 nodes
max cover set size: 72 min cover set size: 1
level 7 has 13115 nodes
max cover set size: 34 min cover set size: 1
level 8 has 28192 nodes
max cover set size: 12 min cover set size: 1
level 9 has 38831 nodes
max cover set size: 8 min cover set size: 1
level 10 has 41988 nodes
max cover set size: 7 min cover set size: 1
level 11 has 42986 nodes
max cover set size: 3 min cover set size: 1
level 12 has 43304 nodes
max cover set size: 3 min cover set size: 1
level 13 has 43385 nodes
max cover set size: 3 min cover set size: 1
level 14 has 43400 nodes
max cover set size: 2 min cover set size: 1
level 15 has 43400 nodes
max cover set size: 2 min cover set size: 1
level 16 has 43400 nodes
max cover set size: 2 min cover set size: 1
level 17 has 43401 nodes
max cover set size: 2 min cover set size: 1
level 18 has 43401 nodes
max cover set size: 2 min cover set size: 1
level 19 has 43401 nodes
max cover set size: 2 min cover set size: 1
level 20 has 43402 nodes
max cover set size: 1 min cover set size: 1
[Partition Tree] totally 561377 nodes 
Partition tree finished.
Node pair set size: 63509126
Node pair percentage: 0.034
[Index Time] SE-oracle: 2453614.000000 ms
Index memory usage: 60754 MB
2955.908203 6373.000000
6445.055664 6194.000000
3855.435059 6136.000000
2030.984497 5881.000000
1902.554810 5695.000000
2558.024414 6084.000000
991.134033 5397.000000
399.590637 5850.000000
5999.496094 5273.000000
6249.134277 5845.000000
5740.641113 7240.000000
2597.643799 5696.000000
3631.019775 5534.000000
5589.152832 5480.000000
3260.695312 5503.000000
4835.418457 5272.000000
2085.790771 5913.000000
4444.812500 5415.000000
1757.637085 5508.000000
2415.858643 5274.000000
2138.720947 5287.000000
8398.083008 5984.000000
2397.119141 5512.000000
4780.652344 5318.000000
2740.667480 5542.000000
3212.739014 5256.000000
4038.227783 5099.000000
2076.677734 5529.000000
7144.938965 5344.000000
5557.525391 5144.000000
2776.178467 5957.000000
3906.329834 5370.000000
342.634521 5376.000000
2145.148193 5316.000000
1897.772461 5656.000000
5408.340332 5783.000000
5763.749023 5655.000000
2143.317383 5769.000000
3987.213379 5434.000000
4205.126953 5634.000000
2783.836426 5609.000000
5106.574219 5805.000000
5668.783203 5857.000000
7092.625977 5617.000000
3368.990967 5416.000000
2667.431152 5409.000000
6079.209961 5442.000000
142.193985 5520.000000
536.356750 5552.000000
2089.644043 5236.000000
1796.272583 5080.000000
2667.165527 5245.000000
6102.742676 5150.000000
8755.362305 5194.000000
1982.618042 5467.000000
1914.314575 5238.000000
3487.411133 5090.000000
1132.091797 7320.000000
3837.562500 5121.000000
6955.939453 5566.000000
3988.022705 5082.000000
8127.876465 5563.000000
5844.690430 5700.000000
2186.882324 7293.000000
4105.053711 4874.000000
1925.507690 4962.000000
6998.434082 5482.000000
5066.534668 5294.000000
332.072998 5194.000000
2159.768555 5426.000000
3911.479980 5183.000000
3555.625488 10448.000000
2878.773438 5245.000000
2739.845703 5357.000000
1068.929443 5472.000000
5760.365234 5239.000000
3892.890869 5379.000000
5087.111328 5155.000000
5208.606445 5220.000000
4714.819336 5829.000000
3659.805664 5335.000000
5259.339844 5443.000000
4900.370605 5544.000000
923.063599 5520.000000
902.023560 5161.000000
703.428833 5724.000000
2222.138184 5882.000000
2353.445312 5181.000000
3798.811035 5137.000000
6554.425781 4981.000000
6050.734375 7170.000000
3734.907227 5179.000000
1427.436523 5296.000000
4867.828613 5554.000000
3939.651611 5073.000000
5000.490234 5444.000000
2335.564453 5426.000000
6737.416992 5435.000000
3929.373047 5303.000000
2382.229980 5353.000000
Query results begin: 
2955.908203 6373.000000
6445.055664 6194.000000
3855.435059 6136.000000
2030.984497 5881.000000
1902.554810 5695.000000
2558.024414 6084.000000
991.134033 5397.000000
399.590637 5850.000000
5999.496094 5273.000000
6249.134277 5845.000000
5740.641113 7240.000000
2597.643799 5696.000000
3631.019775 5534.000000
5589.152832 5480.000000
3260.695312 5503.000000
4835.418457 5272.000000
2085.790771 5913.000000
4444.812500 5415.000000
1757.637085 5508.000000
2415.858643 5274.000000
2138.720947 5287.000000
8398.083008 5984.000000
2397.119141 5512.000000
4780.652344 5318.000000
2740.667480 5542.000000
3212.739014 5256.000000
4038.227783 5099.000000
2076.677734 5529.000000
7144.938965 5344.000000
5557.525391 5144.000000
2776.178467 5957.000000
3906.329834 5370.000000
342.634521 5376.000000
2145.148193 5316.000000
1897.772461 5656.000000
5408.340332 5783.000000
5763.749023 5655.000000
2143.317383 5769.000000
3987.213379 5434.000000
4205.126953 5634.000000
2783.836426 5609.000000
5106.574219 5805.000000
5668.783203 5857.000000
7092.625977 5617.000000
3368.990967 5416.000000
2667.431152 5409.000000
6079.209961 5442.000000
142.193985 5520.000000
536.356750 5552.000000
2089.644043 5236.000000
1796.272583 5080.000000
2667.165527 5245.000000
6102.742676 5150.000000
8755.362305 5194.000000
1982.618042 5467.000000
1914.314575 5238.000000
3487.411133 5090.000000
1132.091797 7320.000000
3837.562500 5121.000000
6955.939453 5566.000000
3988.022705 5082.000000
8127.876465 5563.000000
5844.690430 5700.000000
2186.882324 7293.000000
4105.053711 4874.000000
1925.507690 4962.000000
6998.434082 5482.000000
5066.534668 5294.000000
332.072998 5194.000000
2159.768555 5426.000000
3911.479980 5183.000000
3555.625488 10448.000000
2878.773438 5245.000000
2739.845703 5357.000000
1068.929443 5472.000000
5760.365234 5239.000000
3892.890869 5379.000000
5087.111328 5155.000000
5208.606445 5220.000000
4714.819336 5829.000000
3659.805664 5335.000000
5259.339844 5443.000000
4900.370605 5544.000000
923.063599 5520.000000
902.023560 5161.000000
703.428833 5724.000000
2222.138184 5882.000000
2353.445312 5181.000000
3798.811035 5137.000000
6554.425781 4981.000000
6050.734375 7170.000000
3734.907227 5179.000000
1427.436523 5296.000000
4867.828613 5554.000000
3939.651611 5073.000000
5000.490234 5444.000000
2335.564453 5426.000000
6737.416992 5435.000000
3929.373047 5303.000000
2382.229980 5353.000000
Query results end.
