Load A2A queries finished.
Load face weight finished.
100 random queries, inner ratio = 0.000, inter ratio = 1.000
Run Algorithm 2: K-Algo
theta_m = 6.921
Query results begin: 
2998.459473 4076840.000000
6458.099121 11105252.000000
3987.136963 8761568.000000
2059.492676 2517910.000000
1917.841064 864467.000000
2549.715576 4665441.000000
985.756165 667529.000000
399.590637 219.000000
5963.289062 10406917.000000
6164.691406 12684847.000000
5548.001953 10787017.000000
2636.952881 4694059.000000
3707.784912 3678718.000000
5734.452637 9059920.000000
3217.638428 7746614.000000
4844.523438 5609109.000000
2170.258301 2857715.000000
4493.615723 12034229.000000
1734.500366 1389747.000000
2343.254395 3091099.000000
2240.182861 2687572.000000
8388.520508 13249675.000000
2395.627930 1160217.000000
4872.291992 11254197.000000
2768.572021 4278817.000000
3243.686279 8234046.000000
4199.058594 5604501.000000
2159.691406 3643077.000000
7035.363281 11961336.000000
5736.201172 8970259.000000
2817.458252 4036114.000000
3983.923828 11998243.000000
405.666809 2897.000000
2162.254639 3729549.000000
1893.224609 1500369.000000
5374.684082 12902250.000000
5685.514648 13062791.000000
2159.098633 3920936.000000
3836.409424 4108417.000000
4174.627930 8157238.000000
2759.925049 5804589.000000
5000.987305 12090235.000000
5417.151367 8591611.000000
6900.669434 11814164.000000
3219.790283 3954099.000000
2721.649414 5016739.000000
6011.110840 12712100.000000
142.193985 246.000000
520.590088 87407.000000
2052.191650 2026484.000000
1887.196289 2095916.000000
2659.898682 1882547.000000
6004.082031 8733258.000000
8093.302734 12680272.000000
1966.338989 1812476.000000
1954.829712 2280437.000000
3516.897461 4163350.000000
1336.662109 384985.000000
3736.334717 5547340.000000
7061.263184 12953283.000000
3895.845947 7986853.000000
7947.833008 12850711.000000
5785.882812 9721660.000000
2180.283936 4020001.000000
4089.459961 4850364.000000
1998.736206 2353451.000000
6981.374023 13211233.000000
4981.675293 12226496.000000
353.332703 10424.000000
2188.473389 2402702.000000
3847.990479 9959875.000000
3719.227295 6477643.000000
2774.870850 4155673.000000
2760.776611 4783168.000000
1067.618408 669060.000000
5625.362305 10069873.000000
4160.202637 8733792.000000
5021.348633 8248113.000000
5255.473145 6818614.000000
4682.283691 10412571.000000
3811.793701 4959690.000000
5223.391602 10555430.000000
5015.035645 12546575.000000
947.533508 217298.000000
824.780640 366220.000000
717.132996 294416.000000
2215.381348 3611839.000000
2299.675293 4343087.000000
3796.584229 4890583.000000
6465.234375 9949600.000000
6159.847168 12684880.000000
3571.829590 8656607.000000
1460.056152 997211.000000
4939.589844 12745959.000000
3921.946045 7706330.000000
5136.475098 11718715.000000
2166.243896 3735380.000000
6739.426758 12798927.000000
3864.720947 7996758.000000
2451.315430 4250958.000000
Query results end.
