Load A2A queries finished.
Load face weight finished.
100 random queries, inner ratio = 0.000, inter ratio = 1.000
Run Algorithm 4: EAR-oracle
base graph |V| = 43407
quad tree level = 1
Leaf maximum side length: 3600.000
V = 1440 | EAR-Leaf = 186
maximum leaf node boundary vertices = 108
level 1 has 5 nodes
max cover set size: 113 min cover set size: 2
level 2 has 11 nodes
max cover set size: 40 min cover set size: 4
level 3 has 21 nodes
max cover set size: 23 min cover set size: 1
level 4 has 45 nodes
max cover set size: 12 min cover set size: 1
level 5 has 104 nodes
max cover set size: 6 min cover set size: 1
level 6 has 177 nodes
max cover set size: 2 min cover set size: 1
level 7 has 186 nodes
max cover set size: 1 min cover set size: 1
[Partition Tree] totally 550 nodes 
Node pair set size: 16242
Node pair percentage: 0.00
[Index Time] EAR-oracle: 22836.000000 ms
Index memory usage: 772 MB
Breakdown_construction: 32924.000000 ms
Breakdown_dijkstra: 212927.000000 ms
Query results begin: 
5158.781738 1060.000000
4072.438477 565.000000
3374.766846 502.000000
1572.558472 3148.000000
2330.400391 7471.000000
4782.574219 644.000000
3351.894287 743.000000
2080.760010 523.000000
4118.020508 634.000000
2583.707275 434.000000
4209.695312 534.000000
2836.644531 405.000000
7431.128906 733.000000
5757.977539 671.000000
5810.640625 649.000000
4934.024414 704.000000
911.630127 1712.000000
4117.220703 544.000000
3099.645996 16377.000000
3967.128662 605.000000
3905.019043 614.000000
5236.398926 687.000000
1231.830566 470.000000
1699.254639 5700.000000
897.530029 1334.000000
3733.020752 9816.000000
4677.291992 634.000000
1858.745117 1867.000000
1042.695068 654.000000
6643.273926 674.000000
2878.951660 643.000000
4727.223633 596.000000
5172.606934 592.000000
5470.762695 731.000000
5250.036133 650.000000
2881.230713 636.000000
5229.857422 614.000000
2341.498047 591.000000
1021.250854 2482.000000
3714.616943 530.000000
786.257019 513.000000
2508.796875 10693.000000
2485.021973 8798.000000
6833.423828 915.000000
2479.590332 4961.000000
5284.253418 732.000000
2696.532227 5733.000000
387.024780 526.000000
2982.412109 479.000000
7018.510742 715.000000
4288.668945 640.000000
5303.208984 648.000000
5662.666016 589.000000
5575.666992 706.000000
3856.977051 607.000000
3466.630127 454.000000
2645.513672 14024.000000
4190.199219 17656.000000
5531.003418 838.000000
3892.674316 16882.000000
179.656921 45.000000
2169.928223 6202.000000
4589.186035 915.000000
2661.189697 7237.000000
2578.345947 8683.000000
2847.243896 798.000000
5912.966797 708.000000
2451.986084 549.000000
7373.577637 667.000000
2281.048584 629.000000
1931.128174 644.000000
5316.027344 617.000000
2006.616699 540.000000
4810.251953 628.000000
3820.342285 14206.000000
2521.745605 707.000000
3482.927734 704.000000
2674.098633 671.000000
2746.782227 484.000000
6566.545898 748.000000
4248.790527 580.000000
3274.701416 472.000000
641.160583 495.000000
4043.005859 610.000000
3063.983398 517.000000
4070.928467 556.000000
5571.017578 586.000000
1641.985107 602.000000
4053.466064 843.000000
7023.074219 743.000000
1462.756470 2979.000000
2927.375244 6799.000000
2090.934082 6474.000000
1316.051514 2595.000000
6231.893066 795.000000
7432.854492 731.000000
3340.218506 5772.000000
1903.423828 4045.000000
4426.521973 746.000000
2417.238037 6247.000000
Query results end.
