Load A2A queries finished.
Load face weight finished.
100 random queries, inner ratio = 0.000, inter ratio = 1.000
Run Algorithm 0: Bisector-Fixed-Scheme
base graph |V| = 43407
Query results begin: 
1900.177246 2216.000000
4568.262207 13132.000000
6710.129883 28487.000000
7642.084473 12333.000000
12708.730469 33371.000000
5553.614746 24070.000000
8479.925781 13559.000000
8643.657227 31016.000000
4009.092285 2439.000000
5102.917969 11321.000000
4070.479492 4784.000000
4300.505371 5404.000000
7709.273438 23600.000000
7538.889648 21346.000000
3755.458984 6958.000000
6138.209961 22816.000000
8976.518555 32814.000000
8614.525391 12466.000000
10525.626953 23884.000000
8336.831055 25582.000000
2777.904297 3724.000000
6247.587402 22697.000000
8826.132812 23807.000000
7996.397949 25998.000000
7532.536133 8358.000000
3965.382568 8385.000000
7571.576172 18709.000000
12628.433594 23904.000000
8075.125000 18919.000000
6213.083008 18575.000000
1912.814209 1140.000000
5237.512207 14969.000000
9409.761719 30077.000000
3910.074463 3747.000000
8803.899414 29237.000000
7503.803223 15398.000000
2668.161377 3287.000000
15553.837891 27439.000000
8660.405273 14755.000000
2658.571533 1841.000000
8603.842773 17943.000000
13717.352539 28626.000000
501.736023 166.000000
8091.113770 19304.000000
5810.275879 12113.000000
4553.263184 8203.000000
3631.498535 3169.000000
7227.765137 9481.000000
6777.012695 8453.000000
6090.926270 11129.000000
9980.000000 14248.000000
7955.464844 28765.000000
6948.730469 22251.000000
13120.943359 27909.000000
4176.730469 4049.000000
8845.265625 26529.000000
9403.019531 22818.000000
6687.610352 10415.000000
3267.947998 4594.000000
7672.585449 15610.000000
4121.557129 8459.000000
3238.502930 5664.000000
12971.849609 26172.000000
13611.309570 36593.000000
8749.132812 45033.000000
230.099747 100.000000
8169.212891 25744.000000
10505.859375 22235.000000
8316.387695 16441.000000
2442.960449 2345.000000
9427.661133 20593.000000
6938.162109 10554.000000
8021.222168 23996.000000
3354.238281 674.000000
7644.211426 15049.000000
6802.520996 14083.000000
3698.312744 6418.000000
1128.814453 516.000000
12086.552734 28966.000000
5718.769531 20720.000000
10729.541016 31423.000000
1052.700439 732.000000
3391.420898 3703.000000
3309.218994 2762.000000
288.983002 54.000000
9789.271484 24793.000000
1631.949097 1402.000000
11069.979492 32955.000000
7392.830566 11743.000000
8529.134766 22371.000000
6969.723633 16864.000000
7116.461914 17282.000000
5273.376465 2692.000000
10973.408203 35212.000000
8250.473633 34635.000000
8097.736816 13935.000000
7766.642090 16548.000000
6921.698730 12249.000000
80.468964 26.000000
4726.340332 5323.000000
Query results end.
