Load A2A queries finished.
Load face weight finished.
100 random queries, inner ratio = 0.000, inter ratio = 1.000
Run Algorithm 4: EAR-oracle
base graph |V| = 43407
quad tree level = 1
Leaf maximum side length: 3600.000
V = 1440 | EAR-Leaf = 186
maximum leaf node boundary vertices = 108
level 1 has 4 nodes
max cover set size: 92 min cover set size: 1
level 2 has 9 nodes
max cover set size: 54 min cover set size: 1
level 3 has 16 nodes
max cover set size: 33 min cover set size: 1
level 4 has 35 nodes
max cover set size: 14 min cover set size: 1
level 5 has 84 nodes
max cover set size: 7 min cover set size: 1
level 6 has 157 nodes
max cover set size: 4 min cover set size: 1
level 7 has 186 nodes
max cover set size: 1 min cover set size: 1
[Partition Tree] totally 492 nodes 
Node pair set size: 21148
Node pair percentage: 0.00
[Index Time] EAR-oracle: 23428.000000 ms
Index memory usage: 773 MB
Breakdown_construction: 32745.000000 ms
Breakdown_dijkstra: 208290.000000 ms
Query results begin: 
5158.781738 1047.000000
4072.438477 577.000000
3374.766846 516.000000
1572.558472 2811.000000
2330.400391 7209.000000
4782.574219 665.000000
3351.894287 953.000000
2080.760010 545.000000
4118.020508 684.000000
2583.707275 480.000000
4209.695312 574.000000
2836.644531 420.000000
7431.128906 712.000000
5757.977539 689.000000
5796.437012 677.000000
4934.024414 769.000000
911.630127 1657.000000
4117.220703 587.000000
3099.645996 15993.000000
3967.128662 683.000000
3905.019043 651.000000
5236.398926 717.000000
1231.830566 473.000000
1699.254639 6092.000000
897.530029 1409.000000
3733.020752 9800.000000
4677.291992 718.000000
1858.745117 1857.000000
1042.695068 710.000000
6643.273926 741.000000
2878.951660 666.000000
4727.223633 678.000000
5172.606934 613.000000
5470.762695 865.000000
5250.036133 739.000000
2881.230713 668.000000
5229.857422 673.000000
2341.498047 627.000000
1021.250854 2366.000000
3714.616943 544.000000
786.257019 520.000000
2508.796875 10662.000000
2485.021973 9395.000000
6833.423828 1011.000000
2479.590332 4715.000000
5284.253418 805.000000
2696.532227 5554.000000
387.024780 508.000000
2982.412109 470.000000
7018.510742 804.000000
4288.668945 668.000000
5303.208984 699.000000
5662.666016 651.000000
5575.666992 763.000000
3856.977051 719.000000
3466.630127 471.000000
2645.513672 13443.000000
4190.199219 18140.000000
5531.003418 934.000000
3892.674316 14548.000000
179.656921 60.000000
2169.928223 6013.000000
4589.186035 970.000000
2661.189697 7546.000000
2578.345947 8107.000000
2847.243896 861.000000
5912.966797 788.000000
2451.986084 569.000000
7373.577637 746.000000
2281.048584 703.000000
1931.128174 640.000000
5316.027344 741.000000
2006.616699 555.000000
4810.251953 715.000000
3820.342285 12276.000000
2521.745605 763.000000
3482.927734 722.000000
2674.098633 690.000000
2746.782227 558.000000
6566.545898 827.000000
4248.790527 613.000000
3274.701416 509.000000
641.160583 475.000000
4043.005859 665.000000
3063.983398 540.000000
4070.928467 592.000000
5571.017578 681.000000
1641.985107 521.000000
4053.466064 697.000000
7023.074219 706.000000
1462.756470 2760.000000
2927.375244 6436.000000
2090.934082 6143.000000
1316.051514 2524.000000
6231.893066 837.000000
7432.854492 767.000000
3340.218506 5166.000000
1903.423828 3595.000000
4426.521973 735.000000
2417.238037 5888.000000
Query results end.
