Load A2A queries finished.
Load face weight finished.
100 random queries, inner ratio = 0.000, inter ratio = 1.000
Run Algorithm 4: EAR-oracle
base graph |V| = 43407
quad tree level = 1
Leaf maximum side length: 3600.000
V = 1440 | EAR-Leaf = 186
maximum leaf node boundary vertices = 108
level 1 has 4 nodes
max cover set size: 97 min cover set size: 24
level 2 has 9 nodes
max cover set size: 44 min cover set size: 3
level 3 has 21 nodes
max cover set size: 22 min cover set size: 1
level 4 has 49 nodes
max cover set size: 11 min cover set size: 1
level 5 has 99 nodes
max cover set size: 6 min cover set size: 1
level 6 has 177 nodes
max cover set size: 2 min cover set size: 1
level 7 has 186 nodes
max cover set size: 1 min cover set size: 1
[Partition Tree] totally 546 nodes 
Node pair set size: 13094
Node pair percentage: 0.00
[Index Time] EAR-oracle: 21368.000000 ms
Index memory usage: 772 MB
Breakdown_construction: 38073.000000 ms
Breakdown_dijkstra: 232491.000000 ms
Query results begin: 
5158.781738 1038.000000
4072.438477 578.000000
3374.766846 623.000000
1572.558472 3025.000000
2330.400391 8215.000000
4782.574219 834.000000
3351.894287 865.000000
2080.760010 730.000000
4118.020508 704.000000
2583.707275 520.000000
4209.695312 545.000000
2836.644531 484.000000
7431.128906 651.000000
5757.977539 615.000000
5796.458008 612.000000
4934.024414 743.000000
911.630127 2089.000000
4117.220703 648.000000
3099.645996 18391.000000
3967.128662 516.000000
3905.019043 623.000000
5236.398926 627.000000
1231.830566 514.000000
1699.254639 6562.000000
897.530029 1843.000000
3733.020752 11341.000000
4677.291992 722.000000
1858.745117 2425.000000
1042.695068 818.000000
6643.273926 799.000000
2878.951660 614.000000
4727.223633 668.000000
5172.606934 651.000000
5470.762695 763.000000
5250.036133 678.000000
2881.230713 746.000000
5229.857422 1140.000000
2341.498047 638.000000
1021.250854 2786.000000
3714.616943 574.000000
786.257019 578.000000
2508.796875 12337.000000
2485.021973 9500.000000
6833.423828 891.000000
2479.590332 5149.000000
5284.253418 820.000000
2696.532227 6257.000000
387.024780 611.000000
2982.412109 595.000000
7018.510742 817.000000
4288.668945 716.000000
5303.208984 687.000000
5662.666016 712.000000
5575.666992 924.000000
3856.977051 716.000000
3466.630127 566.000000
2645.513672 15727.000000
4190.199219 19564.000000
5531.003418 825.000000
3892.674316 19038.000000
179.656921 55.000000
2169.928223 6587.000000
4589.186035 940.000000
2661.189697 8198.000000
2578.345947 9422.000000
2847.243896 786.000000
5912.966797 717.000000
2451.986084 551.000000
7373.577637 691.000000
2281.048584 715.000000
1931.128174 646.000000
5316.027344 656.000000
2006.616699 565.000000
4810.251953 694.000000
3820.342285 15142.000000
2521.745605 776.000000
3482.927734 778.000000
2674.098633 770.000000
2746.782227 561.000000
6566.545898 815.000000
4248.790527 603.000000
3274.701416 494.000000
641.160583 511.000000
4043.005859 660.000000
3063.983398 517.000000
4070.928467 545.000000
5571.017578 603.000000
1641.985107 535.000000
4053.466064 699.000000
7023.074219 683.000000
1462.756470 3300.000000
2927.375244 7203.000000
2090.934082 7131.000000
1316.051514 2594.000000
6231.893066 786.000000
7432.854492 718.000000
3340.218506 6169.000000
1903.423828 4643.000000
4426.521973 762.000000
2417.238037 6355.000000
Query results end.
