Load A2A queries finished.
Load face weight finished.
100 random queries, inner ratio = 0.000, inter ratio = 1.000
Run Algorithm 4: EAR-oracle
base graph |V| = 112949
quad tree level = 2
Leaf maximum side length: 3359.000
V = 3696 | EAR-Leaf = 769
maximum leaf node boundary vertices = 135
level 1 has 4 nodes
max cover set size: 471 min cover set size: 5
level 2 has 16 nodes
max cover set size: 182 min cover set size: 5
level 3 has 37 nodes
max cover set size: 65 min cover set size: 1
level 4 has 76 nodes
max cover set size: 29 min cover set size: 1
level 5 has 179 nodes
max cover set size: 11 min cover set size: 1
level 6 has 471 nodes
max cover set size: 6 min cover set size: 1
level 7 has 736 nodes
max cover set size: 2 min cover set size: 1
level 8 has 766 nodes
max cover set size: 2 min cover set size: 1
level 9 has 768 nodes
max cover set size: 2 min cover set size: 1
level 10 has 769 nodes
max cover set size: 1 min cover set size: 1
[Partition Tree] totally 3823 nodes 
Node pair set size: 132124
Node pair percentage: 0.00
[Index Time] EAR-oracle: 137534.000000 ms
Index memory usage: 2279 MB
Breakdown_construction: 880795.000000 ms
Breakdown_dijkstra: 522.000000 ms
Query results begin: 
2003.008789 5069.000000
505.921387 279.000000
1375.189697 2442.000000
904.089539 1294.000000
2766.901855 5212.000000
1339.291138 1127.000000
455.864594 160.000000
1336.580566 2198.000000
1501.882935 1300.000000
962.940613 1208.000000
546.144653 496.000000
1210.770020 1594.000000
1088.198975 1382.000000
891.694763 817.000000
1816.494019 3365.000000
2725.613281 6423.000000
1170.009888 2026.000000
2704.141602 8919.000000
719.165161 631.000000
1827.390259 3052.000000
2036.031860 3401.000000
594.156738 378.000000
599.774902 521.000000
517.483337 237.000000
663.609985 569.000000
935.890320 1302.000000
1319.742065 1803.000000
743.507935 564.000000
2721.809082 10892.000000
401.457367 158.000000
797.750488 630.000000
2117.248535 6606.000000
2591.598389 8300.000000
1010.540161 646.000000
68.726196 45.000000
847.612793 584.000000
250.182678 124.000000
1727.892456 3405.000000
1069.130493 878.000000
994.911194 1609.000000
2678.971191 9156.000000
405.389954 125.000000
1836.853516 3479.000000
1603.065918 4240.000000
1236.230591 974.000000
1166.560791 586.000000
2000.327637 2560.000000
1236.374268 1631.000000
1833.518799 2831.000000
340.108704 195.000000
982.379028 665.000000
1353.217651 1221.000000
1999.516235 3178.000000
1763.128296 2166.000000
61.788956 55.000000
1476.545532 1947.000000
639.635010 666.000000
2234.753662 6120.000000
859.325989 1010.000000
622.785217 443.000000
1456.134888 2318.000000
146.301392 40.000000
1224.804321 2364.000000
425.164337 120.000000
814.411987 1184.000000
481.334595 281.000000
1039.171753 957.000000
884.919189 1008.000000
893.194702 754.000000
1559.827515 2701.000000
1486.406494 3235.000000
2114.223389 4206.000000
2336.397217 6334.000000
893.359192 1319.000000
866.131714 975.000000
1994.746460 5181.000000
275.323456 128.000000
223.109436 118.000000
546.925964 323.000000
200.659454 110.000000
724.904663 497.000000
213.402954 110.000000
737.331177 675.000000
1770.919678 4008.000000
2140.739258 6069.000000
2176.014160 2605.000000
783.564758 919.000000
1970.819824 4036.000000
687.258911 515.000000
1600.219482 2769.000000
1236.092651 1773.000000
834.848755 1015.000000
1127.091675 1267.000000
2738.369141 10980.000000
2557.660889 8614.000000
1686.138062 2454.000000
1017.309326 1114.000000
222.146515 83.000000
1668.934570 2849.000000
1695.238525 3691.000000
4804.124512 6711.000000
4003.913086 2965.000000
2632.935547 820.000000
5832.227539 2779.000000
7489.157227 4641.000000
11555.731445 5694.000000
3544.485352 1574.000000
1464.546997 1094.000000
4442.452148 4565.000000
4849.155273 2768.000000
3715.069824 4152.000000
7079.655762 4892.000000
3650.725830 2690.000000
3763.448242 1126.000000
4725.457031 1854.000000
10796.497070 5434.000000
8899.860352 4261.000000
8248.436523 4192.000000
7712.499512 3427.000000
8180.095215 2120.000000
6918.520508 2363.000000
5271.543945 3197.000000
4796.891113 2878.000000
3996.814209 2148.000000
11393.069336 4739.000000
8077.826660 4765.000000
6151.321777 3585.000000
4284.353516 2177.000000
8008.104492 3877.000000
9205.381836 3920.000000
4087.028809 2677.000000
4469.674316 3968.000000
3738.164551 1121.000000
5720.265625 17571.000000
7035.755859 3850.000000
4037.951660 2107.000000
5348.245605 4895.000000
8879.937500 4683.000000
6207.199219 3867.000000
7004.414062 3911.000000
8079.553711 5229.000000
3516.773682 2188.000000
7387.049316 4512.000000
6316.372559 3997.000000
4424.392090 1614.000000
4136.593262 1773.000000
4209.278320 2378.000000
13790.976562 4388.000000
4895.206055 1218.000000
11129.997070 4561.000000
8363.315430 3178.000000
7320.352539 1907.000000
1219.940430 640.000000
7514.228027 3021.000000
8996.572266 3623.000000
1929.480469 1121.000000
3855.909424 1939.000000
4334.342773 4893.000000
3237.006348 1060.000000
2056.560547 1515.000000
4296.525391 1896.000000
6561.384766 2748.000000
3921.735107 2433.000000
4074.374023 1334.000000
7224.005859 2456.000000
10862.151367 6206.000000
9317.807617 4237.000000
4918.810059 2812.000000
6361.061523 3674.000000
4237.375000 3603.000000
7342.244141 3145.000000
9476.316406 4560.000000
8968.768555 4443.000000
8879.955078 2998.000000
10897.242188 3302.000000
4684.823242 1597.000000
5663.563477 2935.000000
8669.952148 3160.000000
15613.615234 4642.000000
8371.375000 3496.000000
3661.468750 2974.000000
3595.663574 2012.000000
10909.293945 4258.000000
12932.864258 3870.000000
8379.514648 2827.000000
3741.015869 2212.000000
9304.755859 3527.000000
12808.781250 4888.000000
11301.913086 4202.000000
4719.287109 1208.000000
10584.450195 4098.000000
10918.005859 3227.000000
6506.111816 2716.000000
12194.473633 5914.000000
7353.144043 2263.000000
3769.538086 1916.000000
6465.581055 3880.000000
8550.218750 2969.000000
9437.534180 3959.000000
11063.693359 3171.000000
12910.267578 4209.000000
3795.963623 1646.000000
6230.483398 3214.000000
5776.700195 2195.000000
7510.125000 5935.000000
7774.859863 4804.000000
5046.730957 1307.000000
4864.918457 2776.000000
9472.530273 2514.000000
477.352509 257.000000
4100.093750 3113.000000
4039.558838 3073.000000
7889.750488 3053.000000
6662.266113 1903.000000
9520.613281 4508.000000
4465.789551 2257.000000
6626.438477 4104.000000
5136.462891 1968.000000
9285.429688 2763.000000
2816.130371 758.000000
7515.263184 3722.000000
14398.643555 3382.000000
5942.988281 5564.000000
15813.478516 6109.000000
3707.896973 1160.000000
7372.883789 3688.000000
11135.068359 3619.000000
7204.754883 2001.000000
9698.359375 5380.000000
10645.648438 7552.000000
5338.741699 2607.000000
12492.541992 5459.000000
7487.288086 4827.000000
5962.968750 2238.000000
10852.610352 2630.000000
7283.027344 3614.000000
10669.604492 2508.000000
3826.961670 1741.000000
12593.490234 3093.000000
11781.199219 4972.000000
8316.046875 2242.000000
6190.487305 3177.000000
7400.647461 3878.000000
10408.613281 4396.000000
4135.373047 3413.000000
5328.759766 1964.000000
3889.787109 3328.000000
3195.072998 2946.000000
3639.600342 1816.000000
4067.663818 2653.000000
1375.479614 1630.000000
3743.335938 1709.000000
7208.569336 3285.000000
9619.048828 3899.000000
14214.299805 4301.000000
9275.449219 4208.000000
11698.675781 3831.000000
7074.083008 1821.000000
7828.384766 4267.000000
14651.120117 3444.000000
7509.428223 2101.000000
10775.477539 3588.000000
11153.327148 3218.000000
7549.621094 2659.000000
10735.740234 5142.000000
7490.516113 2961.000000
4316.180176 1358.000000
1731.482300 2417.000000
3678.954590 2952.000000
12803.766602 4832.000000
1722.253662 1031.000000
11491.046875 5376.000000
8285.669922 3464.000000
1271.146362 2110.000000
3129.394531 2099.000000
9053.475586 4457.000000
7415.058105 2582.000000
12421.474609 3689.000000
9317.231445 4965.000000
7205.983398 2323.000000
4199.065918 1546.000000
2408.444092 7768.000000
5749.000488 4191.000000
8614.455078 3425.000000
4156.994141 1794.000000
5926.606445 2043.000000
4601.435059 851.000000
7268.379883 4570.000000
4428.071777 2312.000000
10612.487305 4834.000000
8483.429688 1749.000000
7621.643555 4449.000000
5063.635254 1799.000000
10524.078125 5409.000000
13655.464844 4588.000000
9320.872070 3691.000000
7664.166992 2864.000000
8113.641113 1628.000000
10802.906250 2092.000000
3446.975098 785.000000
Query results end.
