Load A2A queries finished.
Load face weight finished.
100 random queries, inner ratio = 0.000, inter ratio = 1.000
Run Algorithm 0: Bisector-Fixed-Scheme
base graph |V| = 3140721
Query results begin: 
9833.150391 8085359.000000
9613.851562 85944.000000
9828.690430 86329.000000
9451.601562 83968.000000
9648.337891 85285.000000
9902.675781 88722.000000
9807.950195 87856.000000
9837.412109 86585.000000
9748.064453 86767.000000
9619.542969 84809.000000
9842.508789 47811.000000
9904.815430 51708.000000
9548.428711 46453.000000
9840.597656 48768.000000
9988.666992 50182.000000
9959.867188 52496.000000
9924.906250 50435.000000
9460.596680 46046.000000
9599.722656 47099.000000
9903.170898 51820.000000
9870.586914 80794.000000
9856.643555 83171.000000
9986.065430 85642.000000
9724.895508 79462.000000
9753.839844 81339.000000
9749.983398 82690.000000
9686.087891 80161.000000
9473.917969 78147.000000
9792.459961 81399.000000
9765.372070 80304.000000
9993.858398 85579.000000
9965.775391 86793.000000
9901.855469 85866.000000
9868.916016 85078.000000
9916.659180 85945.000000
9564.506836 81096.000000
9929.417969 86327.000000
9807.770508 85408.000000
9886.567383 84080.000000
9877.052734 87022.000000
9922.154297 83983.000000
9977.387695 87665.000000
9639.676758 83460.000000
9714.501953 84738.000000
9405.541016 80963.000000
9715.663086 84427.000000
9792.291016 85910.000000
9236.992188 77716.000000
9656.413086 82065.000000
9844.561523 86651.000000
9984.347656 73900.000000
9915.693359 76129.000000
9987.761719 78423.000000
9986.247070 75877.000000
9931.377930 75015.000000
9833.400391 75135.000000
9901.808594 75950.000000
9699.651367 72854.000000
9727.067383 75136.000000
9756.674805 72884.000000
9946.430664 83769.000000
9984.577148 87518.000000
9656.136719 81259.000000
9659.507812 82764.000000
9989.441406 87290.000000
9717.815430 84126.000000
9989.253906 95384.000000
9410.296875 76343.000000
9591.566406 80534.000000
9702.062500 79768.000000
9934.054688 88977.000000
9685.591797 86351.000000
9887.268555 89898.000000
9749.106445 89029.000000
9827.585938 88892.000000
9436.373047 82776.000000
9525.277344 82009.000000
9905.660156 90243.000000
9578.221680 84458.000000
8882.487305 71993.000000
9951.043945 51995.000000
9960.092773 51075.000000
9871.011719 50025.000000
9990.413086 52186.000000
9738.199219 51157.000000
9637.869141 48249.000000
9787.576172 49070.000000
9904.266602 51364.000000
9684.175781 49223.000000
9852.268555 52126.000000
9972.696289 57193.000000
9581.505859 53430.000000
9763.725586 57471.000000
9269.538086 49606.000000
9529.151367 52643.000000
8880.386719 44691.000000
9246.379883 49108.000000
8989.071289 47627.000000
10021.305664 58822.000000
8967.802734 45735.000000
19948.929688 276108.000000
19915.029297 282475.000000
19831.972656 279032.000000
19988.871094 281010.000000
19952.525391 284138.000000
19703.789062 278042.000000
19882.195312 283991.000000
19653.089844 274402.000000
19568.794922 269001.000000
19871.525391 282858.000000
19811.957031 266469.000000
19457.689453 257054.000000
19817.017578 272224.000000
19870.398438 272489.000000
19977.582031 280105.000000
19418.197266 259526.000000
19694.904297 271727.000000
19557.589844 263989.000000
19368.390625 252250.000000
19827.113281 274069.000000
19640.882812 316413.000000
19848.978516 337919.000000
19832.619141 332143.000000
19569.929688 322678.000000
19547.394531 319290.000000
19273.792969 315403.000000
19970.681641 335657.000000
19610.023438 323450.000000
18666.650391 292825.000000
19498.882812 319772.000000
18682.912109 253611.000000
18547.160156 253843.000000
16888.890625 230350.000000
16685.162109 227345.000000
16617.220703 222175.000000
15792.556641 217337.000000
15323.449219 230301.000000
15206.911133 208568.000000
15407.884766 162073.000000
15533.308594 153371.000000
19816.779297 346919.000000
19996.822266 369813.000000
19913.478516 408513.000000
19580.816406 393244.000000
19713.115234 302463.000000
19700.060547 265516.000000
19811.615234 265085.000000
19850.162109 284244.000000
19615.570312 256284.000000
19977.703125 270523.000000
19946.712891 300663.000000
19991.654297 186812.000000
19718.695312 162886.000000
19877.708984 163742.000000
19884.060547 165688.000000
19836.496094 164854.000000
19841.365234 172260.000000
19846.949219 163952.000000
19765.890625 162215.000000
19859.837891 165515.000000
19946.652344 393981.000000
19855.396484 287009.000000
19967.226562 281867.000000
19497.492188 276158.000000
19824.166016 276741.000000
19660.447266 281388.000000
19508.841797 270720.000000
19685.255859 281502.000000
19475.353516 269299.000000
19879.730469 287160.000000
19953.357422 521749.000000
19952.671875 284490.000000
19563.582031 282295.000000
19718.556641 280353.000000
19614.234375 283833.000000
19989.654297 286887.000000
19967.244141 291263.000000
19953.066406 286791.000000
19447.300781 278326.000000
19743.283203 279734.000000
19928.072266 257261.000000
19741.945312 149172.000000
19836.554688 150309.000000
19913.025391 164346.000000
19889.789062 151499.000000
19929.849609 153751.000000
19852.093750 152086.000000
19541.214844 157195.000000
19775.421875 149762.000000
19834.179688 150299.000000
19541.287109 312692.000000
19950.890625 215211.000000
19905.080078 229723.000000
19428.429688 199585.000000
19530.988281 203416.000000
19289.123047 197487.000000
19111.119141 192506.000000
19841.218750 230314.000000
19760.404297 208293.000000
18893.572266 189348.000000
29936.441406 436690.000000
29913.837891 423441.000000
29990.634766 423700.000000
29728.669922 410564.000000
29836.054688 416743.000000
29702.550781 413923.000000
29967.527344 423755.000000
29898.724609 411939.000000
29839.345703 418020.000000
29585.140625 411762.000000
29906.416016 771648.000000
29717.599609 547376.000000
29844.923828 555481.000000
29969.607422 561116.000000
29441.064453 534804.000000
29078.925781 524947.000000
29491.871094 544605.000000
29586.906250 538429.000000
29847.757812 557611.000000
29872.384766 551036.000000
29867.470703 883045.000000
29745.453125 501836.000000
29561.279297 512554.000000
29513.253906 494722.000000
29596.843750 504587.000000
29305.115234 488770.000000
29108.683594 486749.000000
29889.773438 513627.000000
29371.736328 497674.000000
29912.537109 513449.000000
20012.470703 248669.000000
20119.521484 216073.000000
20254.117188 212962.000000
20437.091797 215276.000000
20170.794922 214322.000000
20702.205078 217758.000000
20377.951172 217429.000000
20332.828125 212449.000000
20715.103516 217422.000000
20335.023438 217934.000000
29774.310547 660685.000000
29519.435547 556316.000000
29638.294922 558099.000000
29768.269531 563270.000000
29397.101562 558524.000000
29982.501953 568054.000000
29487.732422 555117.000000
29164.052734 536217.000000
29873.367188 563259.000000
28824.546875 543995.000000
29919.060547 295502.000000
29987.183594 317867.000000
29922.287109 296101.000000
29846.007812 292525.000000
29681.205078 289139.000000
29888.521484 303249.000000
29743.001953 290523.000000
29708.960938 299007.000000
29808.408203 291211.000000
29864.052734 301307.000000
29784.707031 497611.000000
29797.751953 479362.000000
29555.826172 479104.000000
29817.656250 484408.000000
29894.746094 483612.000000
29730.451172 485679.000000
29878.962891 486814.000000
29901.681641 480903.000000
29502.933594 481968.000000
29620.972656 480458.000000
29871.234375 912992.000000
30003.998047 675186.000000
29321.476562 624517.000000
29609.718750 650983.000000
30013.974609 676581.000000
29736.294922 647411.000000
29423.513672 651016.000000
29961.279297 662404.000000
29761.351562 655197.000000
29408.167969 639828.000000
29700.626953 379300.000000
29811.976562 344408.000000
29686.337891 337347.000000
29790.781250 335511.000000
29631.771484 336892.000000
29852.953125 335498.000000
29349.025391 329173.000000
29737.546875 335873.000000
29334.994141 332046.000000
29755.787109 338712.000000
29734.783203 561060.000000
29404.179688 534250.000000
29620.664062 547731.000000
29273.177734 534410.000000
29893.339844 564922.000000
29983.195312 575380.000000
29672.455078 554598.000000
29227.718750 522541.000000
29225.349609 527113.000000
29981.021484 578253.000000
39975.437500 641326.000000
39900.761719 654968.000000
39986.218750 641563.000000
39910.929688 635736.000000
39900.207031 645709.000000
39830.664062 637153.000000
39912.605469 643035.000000
39890.199219 637576.000000
39494.847656 633424.000000
39648.593750 630798.000000
39589.148438 1170867.000000
39811.144531 1111947.000000
39947.699219 1132411.000000
39498.281250 1090010.000000
39896.800781 1122309.000000
39360.593750 1092323.000000
39777.339844 1102823.000000
39802.464844 1112887.000000
39451.773438 1091165.000000
38966.101562 1063099.000000
39806.707031 837170.000000
39712.503906 757563.000000
39843.558594 753017.000000
39784.082031 748031.000000
39431.996094 747900.000000
39606.078125 756026.000000
40013.566406 756535.000000
39422.156250 757882.000000
39778.335938 763830.000000
39703.671875 744238.000000
30317.371094 442986.000000
30169.273438 369476.000000
30204.960938 374768.000000
30555.136719 383432.000000
30564.714844 372670.000000
30128.568359 374742.000000
30783.103516 386395.000000
30106.714844 368171.000000
30119.566406 372058.000000
30672.931641 384129.000000
39810.957031 959142.000000
39963.226562 948780.000000
39624.312500 926063.000000
39985.246094 947957.000000
39861.335938 944066.000000
40008.097656 941885.000000
39865.636719 944108.000000
39821.746094 944731.000000
40007.187500 939542.000000
39903.316406 936190.000000
39908.500000 464254.000000
39506.109375 461753.000000
39943.898438 461151.000000
39866.636719 462363.000000
39978.003906 468178.000000
39873.109375 462588.000000
39888.859375 462070.000000
39900.332031 461070.000000
39882.218750 466658.000000
39687.718750 463492.000000
39983.242188 660543.000000
39734.753906 660241.000000
39992.492188 661892.000000
39861.582031 672339.000000
39374.187500 651519.000000
39878.945312 656837.000000
39591.066406 663750.000000
39670.597656 650258.000000
39877.570312 670768.000000
39634.738281 660775.000000
39451.597656 1257246.000000
38808.121094 1089351.000000
38143.308594 1050415.000000
37687.457031 1038372.000000
37434.074219 1020974.000000
38564.437500 1076398.000000
38481.585938 1073202.000000
39038.937500 1109183.000000
37853.054688 1048436.000000
39699.140625 1149553.000000
39838.851562 601770.000000
39852.109375 611724.000000
39817.996094 610160.000000
39781.015625 611288.000000
39860.222656 609728.000000
39756.800781 611079.000000
39437.027344 601326.000000
39499.839844 602202.000000
39769.832031 607037.000000
39570.070312 604251.000000
39766.953125 1070887.000000
39626.207031 1065121.000000
39348.535156 1051813.000000
39922.195312 1072577.000000
39013.449219 1036044.000000
39894.753906 1087588.000000
39514.652344 1051740.000000
38989.894531 1029781.000000
38666.566406 1008696.000000
38965.945312 1018899.000000
49801.507812 864988.000000
49901.117188 857224.000000
49981.214844 865181.000000
49831.812500 862388.000000
49949.792969 876716.000000
49888.996094 848238.000000
49854.136719 858810.000000
49945.726562 874662.000000
49761.625000 869309.000000
49668.578125 852127.000000
49540.503906 1729733.000000
49582.398438 1739271.000000
49530.195312 1734961.000000
49690.019531 1746173.000000
49453.679688 1736495.000000
49844.097656 1766275.000000
49189.289062 1711005.000000
49248.417969 1716726.000000
49840.480469 1752795.000000
49548.773438 1738956.000000
49386.667969 1092366.000000
49343.312500 1008315.000000
49296.039062 1009016.000000
49961.339844 1026165.000000
49910.484375 1029043.000000
49325.175781 1009103.000000
49247.117188 1000491.000000
48905.949219 995662.000000
49172.585938 1002322.000000
49709.953125 1010157.000000
40073.296875 553474.000000
40154.644531 556945.000000
40158.941406 557589.000000
40447.343750 559723.000000
40145.144531 559738.000000
40178.613281 557836.000000
40218.855469 561170.000000
40770.121094 583906.000000
39980.070312 550318.000000
40479.191406 568153.000000
49952.585938 1377618.000000
49888.824219 1378724.000000
49612.011719 1350834.000000
49942.191406 1363116.000000
49244.335938 1342945.000000
48759.273438 1307842.000000
49344.792969 1338502.000000
49673.062500 1359502.000000
49123.445312 1324983.000000
47828.750000 1272439.000000
49849.164062 639945.000000
49740.140625 611951.000000
49923.226562 623374.000000
49501.109375 616207.000000
49880.316406 620824.000000
49424.660156 615649.000000
49776.347656 617725.000000
49584.390625 619856.000000
49952.031250 620887.000000
49871.398438 629762.000000
49831.511719 873455.000000
49851.140625 882371.000000
49731.132812 877278.000000
49809.816406 882573.000000
49830.957031 877093.000000
49503.910156 879069.000000
49607.812500 888822.000000
49156.585938 864057.000000
49963.203125 877668.000000
49316.613281 870034.000000
49991.546875 1801321.000000
49916.339844 1680086.000000
50022.054688 1692648.000000
49640.589844 1679888.000000
49670.253906 1678994.000000
49449.652344 1661564.000000
49604.585938 1674313.000000
49852.019531 1684065.000000
49134.000000 1645653.000000
49675.347656 1665288.000000
49862.101562 933354.000000
49742.570312 927318.000000
49590.015625 915505.000000
49679.289062 928134.000000
49405.101562 922348.000000
49433.527344 909203.000000
49938.054688 930747.000000
49828.484375 924265.000000
49578.886719 918655.000000
49541.382812 916321.000000
49910.175781 1580046.000000
49655.007812 1558449.000000
49875.644531 1582957.000000
49048.460938 1551976.000000
49806.347656 1583724.000000
49900.925781 1569576.000000
49668.273438 1564644.000000
49090.355469 1535831.000000
49823.992188 1573328.000000
49701.843750 1569057.000000
59967.730469 1152408.000000
59871.441406 1149704.000000
59918.304688 1155897.000000
59969.722656 1137362.000000
59820.648438 1140188.000000
59987.855469 1150523.000000
60010.367188 1145825.000000
59941.046875 1143489.000000
59618.085938 1133206.000000
59795.089844 1139341.000000
59828.585938 2290890.000000
59775.070312 2296455.000000
59781.464844 2288220.000000
59712.882812 2283957.000000
59488.613281 2266970.000000
59039.417969 2251539.000000
59400.875000 2280558.000000
58744.023438 2227570.000000
59700.648438 2282092.000000
58992.855469 2243248.000000
59902.054688 1404984.000000
59504.179688 1326423.000000
59996.324219 1332368.000000
59987.683594 1331178.000000
59613.535156 1316999.000000
59982.558594 1335377.000000
59594.414062 1315489.000000
59962.332031 1327189.000000
59981.089844 1325833.000000
59730.367188 1324526.000000
49977.656250 792119.000000
50152.929688 791105.000000
50310.976562 800345.000000
50380.140625 808110.000000
50112.867188 775905.000000
50272.902344 802662.000000
50487.886719 793275.000000
50191.546875 792643.000000
50068.562500 791283.000000
50024.234375 780874.000000
59836.992188 1793456.000000
60010.324219 1801206.000000
59748.085938 1793797.000000
60002.128906 1814280.000000
59520.917969 1772883.000000
59580.937500 1778476.000000
59896.218750 1793631.000000
59646.589844 1782431.000000
59627.093750 1796711.000000
59615.511719 1794019.000000
59785.414062 844149.000000
59718.585938 829042.000000
59985.792969 844430.000000
59978.699219 839399.000000
59787.765625 841316.000000
59931.238281 835398.000000
59995.953125 836930.000000
59823.535156 842228.000000
59813.636719 834400.000000
59681.570312 841962.000000
59860.449219 1196031.000000
59911.472656 1177118.000000
59953.976562 1187870.000000
59854.863281 1192799.000000
59845.542969 1183537.000000
59831.832031 1179817.000000
59869.527344 1182305.000000
59571.906250 1167917.000000
59405.363281 1170718.000000
59827.363281 1181563.000000
59489.121094 2333031.000000
58569.773438 2218453.000000
57120.843750 2108620.000000
56414.589844 2061572.000000
55828.996094 2032339.000000
54770.796875 1975203.000000
54437.703125 1947835.000000
54221.718750 1952610.000000
53655.203125 1896323.000000
52117.660156 1813826.000000
59723.957031 1238515.000000
59749.796875 1237272.000000
59794.296875 1243763.000000
59785.699219 1258995.000000
59839.644531 1232975.000000
59746.777344 1249730.000000
59649.214844 1248373.000000
59498.746094 1238638.000000
59725.429688 1242213.000000
59120.886719 1216483.000000
59961.824219 2019298.000000
59737.554688 2014410.000000
59288.359375 1995874.000000
59645.160156 2022866.000000
58992.964844 1978188.000000
59745.976562 2013576.000000
59237.140625 1990921.000000
59860.773438 2004471.000000
59967.656250 2029836.000000
59552.886719 2021690.000000
69959.140625 1509229.000000
69924.453125 1506906.000000
69900.156250 1509359.000000
69948.843750 1507710.000000
69871.031250 1502584.000000
69970.335938 1522267.000000
69728.929688 1508880.000000
69778.617188 1510645.000000
69919.031250 1507583.000000
69676.828125 1501916.000000
69674.281250 2849064.000000
69875.054688 2866199.000000
69940.632812 2878506.000000
69850.226562 2856435.000000
69780.671875 2853008.000000
69510.476562 2851082.000000
68987.656250 2820999.000000
69084.281250 2809372.000000
69544.445312 2835547.000000
69842.414062 2858218.000000
69903.320312 1721369.000000
69909.796875 1684064.000000
69663.703125 1647931.000000
69953.859375 1666820.000000
69721.242188 1662950.000000
69483.703125 1644417.000000
69682.796875 1658711.000000
69799.351562 1664046.000000
69774.273438 1675332.000000
69536.796875 1650975.000000
60076.726562 1035878.000000
60430.511719 1054401.000000
60045.945312 1042699.000000
60314.914062 1046916.000000
60261.554688 1047019.000000
60374.402344 1046171.000000
60193.093750 1058859.000000
60041.128906 1039996.000000
60219.832031 1047669.000000
60721.511719 1068994.000000
69790.687500 2278656.000000
70018.203125 2294291.000000
69816.531250 2288021.000000
69477.906250 2277115.000000
70024.039062 2315460.000000
69764.265625 2284847.000000
69899.648438 2289527.000000
68673.640625 2220131.000000
69747.859375 2292544.000000
69530.382812 2277406.000000
69963.164062 1107059.000000
69843.289062 1099775.000000
69817.921875 1102484.000000
69895.507812 1104813.000000
69972.593750 1100705.000000
69876.000000 1097681.000000
69845.406250 1106193.000000
69589.750000 1083535.000000
69958.242188 1118920.000000
69563.312500 1085372.000000
69954.875000 1573707.000000
69855.289062 1541241.000000
69812.085938 1546189.000000
69953.898438 1555705.000000
69376.296875 1522231.000000
69625.945312 1535733.000000
69743.835938 1549235.000000
69736.796875 1552418.000000
69813.601562 1547183.000000
69498.695312 1528707.000000
67302.789062 2724400.000000
67113.187500 2695889.000000
64732.351562 2575433.000000
63787.843750 2530547.000000
63617.964844 2510213.000000
61680.257812 2410470.000000
60143.199219 2316517.000000
65052.734375 2585458.000000
64424.460938 2570619.000000
62884.234375 2466859.000000
68107.390625 1581895.000000
68189.609375 1587348.000000
68750.515625 1603074.000000
68954.773438 1627013.000000
68889.062500 1628699.000000
69201.750000 1628108.000000
69554.945312 1642068.000000
69526.242188 1636416.000000
69819.781250 1656395.000000
68736.257812 1607832.000000
69481.703125 2485762.000000
69578.328125 2475592.000000
69157.992188 2449016.000000
69914.421875 2488551.000000
69937.109375 2493284.000000
69490.234375 2482758.000000
69891.992188 2502437.000000
69838.078125 2486394.000000
68885.820312 2432040.000000
69817.679688 2496792.000000
79928.117188 1945838.000000
79910.773438 1945563.000000
79907.515625 1937892.000000
79790.953125 1937254.000000
79763.812500 1930306.000000
79769.531250 1941731.000000
79857.898438 1947207.000000
79878.968750 1946338.000000
79867.046875 1938255.000000
79946.898438 1943354.000000
79803.546875 3478711.000000
79973.359375 3513930.000000
79351.304688 3445331.000000
79664.031250 3469759.000000
79299.835938 3447052.000000
79741.195312 3488618.000000
79560.789062 3461736.000000
79767.867188 3486093.000000
79087.484375 3437390.000000
79890.789062 3480457.000000
79780.765625 2068172.000000
78850.242188 1999246.000000
79672.867188 2036582.000000
79394.343750 2020046.000000
79989.125000 2050419.000000
79318.023438 2018888.000000
79868.132812 2027578.000000
79302.523438 2017746.000000
78937.695312 2004523.000000
79505.898438 2020955.000000
70018.898438 1341248.000000
70018.734375 1335677.000000
70023.960938 1337226.000000
70129.882812 1348567.000000
70004.953125 1342396.000000
70405.812500 1351234.000000
70239.398438 1361608.000000
70120.781250 1334325.000000
70123.437500 1344018.000000
70325.507812 1350998.000000
79859.882812 2826612.000000
79707.906250 2807963.000000
79843.648438 2837656.000000
79971.835938 2845281.000000
79683.726562 2818218.000000
79999.218750 2841121.000000
79586.085938 2805203.000000
79535.109375 2819795.000000
79898.437500 2826894.000000
79694.609375 2815416.000000
79973.117188 1451465.000000
79910.578125 1452941.000000
79982.906250 1473050.000000
79988.476562 1443834.000000
79739.875000 1455896.000000
79649.539062 1460774.000000
79777.585938 1442464.000000
79514.703125 1437602.000000
79780.203125 1445285.000000
79967.742188 1460461.000000
79788.492188 1968634.000000
79963.390625 1959459.000000
79776.203125 1958238.000000
79795.125000 1952083.000000
79593.335938 1948419.000000
79916.945312 1957976.000000
79627.257812 1954045.000000
79890.242188 1969618.000000
79248.523438 1935235.000000
79414.507812 1935051.000000
70170.335938 2870753.000000
70478.578125 2894123.000000
70114.273438 2873639.000000
70631.500000 2891090.000000
70309.718750 2870703.000000
70331.375000 2869098.000000
70922.476562 2924808.000000
70777.742188 2909060.000000
71105.875000 2916859.000000
70769.421875 2899375.000000
70119.390625 1677548.000000
69924.898438 1658652.000000
69987.687500 1666732.000000
70097.734375 1668758.000000
70005.937500 1661036.000000
70100.617188 1658989.000000
70150.289062 1663519.000000
70877.429688 1705806.000000
70012.507812 1663931.000000
70069.617188 1670583.000000
79779.164062 3056498.000000
79964.015625 3077193.000000
79992.437500 3080033.000000
79908.843750 3079181.000000
79771.757812 3052868.000000
79674.046875 3058213.000000
79694.250000 3064726.000000
79548.554688 3060657.000000
79972.359375 3070136.000000
79591.398438 3048185.000000
82796.859375 2089585.000000
82879.078125 2083405.000000
83213.742188 2105260.000000
83229.835938 2103751.000000
83164.125000 2095251.000000
83086.164062 2099168.000000
83173.921875 2108152.000000
83098.429688 2107222.000000
83391.968750 2112150.000000
83503.132812 2106932.000000
89941.234375 3966898.000000
89668.757812 3975761.000000
89459.437500 3942007.000000
88981.210938 3932283.000000
88688.804688 3941990.000000
88572.867188 3920127.000000
88274.554688 3899350.000000
87510.234375 3895260.000000
89834.351562 3957440.000000
89414.296875 3947799.000000
89661.687500 2452255.000000
89826.898438 2433831.000000
89426.273438 2403314.000000
89667.078125 2411707.000000
88718.679688 2380780.000000
89348.984375 2400123.000000
89006.382812 2394451.000000
89255.140625 2396244.000000
88817.164062 2380725.000000
89605.382812 2426988.000000
80063.539062 1690936.000000
79970.890625 1675884.000000
80080.265625 1691684.000000
80080.812500 1684412.000000
80210.062500 1682888.000000
80098.062500 1685125.000000
80063.562500 1680444.000000
80158.312500 1688010.000000
79972.296875 1682861.000000
80144.093750 1696512.000000
89834.625000 3435302.000000
89852.429688 3439917.000000
89972.867188 3464092.000000
89642.359375 3434612.000000
89635.164062 3429945.000000
89630.664062 3429928.000000
89413.000000 3431340.000000
89854.585938 3439363.000000
89432.773438 3411189.000000
89520.546875 3438338.000000
89925.976562 1868695.000000
89820.781250 1859851.000000
90005.000000 1863475.000000
89736.375000 1852147.000000
89928.578125 1860363.000000
89593.546875 1848559.000000
89698.828125 1878566.000000
89925.460938 1865678.000000
89755.539062 1848630.000000
89800.414062 1857963.000000
89926.468750 2417295.000000
89829.539062 2436301.000000
89732.289062 2399732.000000
89749.671875 2404962.000000
89851.023438 2404527.000000
89846.914062 2410514.000000
89831.804688 2423738.000000
89670.468750 2406746.000000
89694.796875 2401618.000000
89641.437500 2401410.000000
80135.851562 3440769.000000
80358.820312 3450600.000000
80484.304688 3450654.000000
80012.765625 3430087.000000
80235.960938 3441675.000000
80777.867188 3469192.000000
80561.023438 3458443.000000
80179.984375 3443667.000000
80057.820312 3449580.000000
80936.648438 3479576.000000
80433.976562 2031792.000000
81183.687500 2056383.000000
81986.960938 2094253.000000
83055.390625 2138037.000000
83357.250000 2129050.000000
83976.625000 2151336.000000
84637.437500 2176091.000000
85584.000000 2206498.000000
85813.000000 2209809.000000
87075.937500 2250119.000000
89946.359375 3620169.000000
89730.289062 3613920.000000
89727.531250 3641507.000000
89653.898438 3607070.000000
89304.453125 3591183.000000
89208.375000 3602062.000000
89462.632812 3597957.000000
89244.617188 3585825.000000
89996.968750 3630486.000000
89014.460938 3590470.000000
90586.054688 2361382.000000
90926.398438 2374949.000000
91552.398438 2400224.000000
92093.367188 2416453.000000
92830.617188 2453562.000000
93065.429688 2440578.000000
93580.023438 2457056.000000
93992.179688 2472186.000000
94592.507812 2478240.000000
94688.742188 2395600.000000
95308.656250 3945139.000000
95172.914062 3945320.000000
93594.984375 3910720.000000
93391.265625 3897775.000000
93323.343750 3904921.000000
92013.132812 3874232.000000
91429.679688 3852292.000000
91090.445312 3843958.000000
90637.375000 3840232.000000
93710.320312 3902992.000000
99794.789062 2645916.000000
99553.976562 2657361.000000
99544.804688 2648767.000000
99013.773438 2626861.000000
99741.171875 2639767.000000
98667.078125 2626368.000000
99200.187500 2645332.000000
99841.242188 2654876.000000
99331.210938 2630170.000000
100006.539062 2666894.000000
89957.140625 1997434.000000
89937.039062 1977560.000000
90002.351562 1989112.000000
90026.773438 1981129.000000
90395.664062 2000187.000000
90038.515625 1984041.000000
90058.039062 1993022.000000
90067.304688 1998217.000000
89992.718750 1985131.000000
90230.726562 1994600.000000
99677.890625 3830734.000000
99564.328125 3847069.000000
99814.320312 3849363.000000
99863.750000 3842655.000000
99277.742188 3835231.000000
99997.132812 3855346.000000
98878.023438 3804003.000000
99507.437500 3836158.000000
99077.031250 3824974.000000
99567.007812 3828530.000000
99834.203125 2232999.000000
99916.421875 2234827.000000
99842.140625 2240481.000000
99622.070312 2212904.000000
99704.460938 2217254.000000
99771.710938 2230547.000000
99931.445312 2239950.000000
99851.429688 2234115.000000
99895.148438 2233719.000000
99774.804688 2220414.000000
98916.390625 2783464.000000
98998.609375 2786778.000000
98614.554688 2781482.000000
98630.664062 2765058.000000
98564.953125 2763423.000000
98202.484375 2746062.000000
97853.710938 2742807.000000
97737.187500 2741822.000000
97642.273438 2723992.000000
97219.148438 2688889.000000
90211.851562 3817516.000000
90076.132812 3811691.000000
90487.460938 3821228.000000
90656.906250 3838256.000000
90221.851562 3810288.000000
90179.226562 3798076.000000
90009.101562 3805966.000000
90949.921875 3844316.000000
90685.609375 3826347.000000
90426.484375 3823081.000000
90106.593750 2249453.000000
90439.890625 2244130.000000
91293.109375 2271154.000000
92111.875000 2295388.000000
92320.648438 2308304.000000
92390.414062 2325729.000000
92863.679688 2319217.000000
93146.507812 2328474.000000
94043.414062 2340401.000000
94912.984375 2373682.000000
95557.593750 3711535.000000
95421.851562 3690411.000000
93843.921875 3634156.000000
93640.203125 3652935.000000
93572.281250 3630270.000000
92296.648438 3572922.000000
91713.195312 3568396.000000
91584.492188 3557592.000000
91185.164062 3532018.000000
90663.656250 3514726.000000
Query results end.
