1440 4211 2772
Load A2A queries finished.
[Partition Tree] Current level radius is: 3482.92
[Partition Tree] Current level radius is: 1741.46
[Partition Tree] Current level radius is: 870.731
[Partition Tree] Current level radius is: 435.365
[Partition Tree] Current level radius is: 217.683
[Partition Tree] Current level radius is: 108.841
[Partition Tree] Current level radius is: 54.4207
query-0 is finished.
query-1 is finished.
query-2 is finished.
query-3 is finished.
query-4 is finished.
query-5 is finished.
query-6 is finished.
query-7 is finished.
query-8 is finished.
query-9 is finished.
query-10 is finished.
query-11 is finished.
query-12 is finished.
query-13 is finished.
query-14 is finished.
query-15 is finished.
query-16 is finished.
query-17 is finished.
query-18 is finished.
query-19 is finished.
query-20 is finished.
query-21 is finished.
query-22 is finished.
query-23 is finished.
query-24 is finished.
query-25 is finished.
query-26 is finished.
query-27 is finished.
query-28 is finished.
query-29 is finished.
query-30 is finished.
query-31 is finished.
query-32 is finished.
query-33 is finished.
query-34 is finished.
query-35 is finished.
query-36 is finished.
query-37 is finished.
query-38 is finished.
query-39 is finished.
query-40 is finished.
query-41 is finished.
query-42 is finished.
query-43 is finished.
query-44 is finished.
query-45 is finished.
query-46 is finished.
query-47 is finished.
query-48 is finished.
query-49 is finished.
query-50 is finished.
query-51 is finished.
query-52 is finished.
query-53 is finished.
query-54 is finished.
query-55 is finished.
query-56 is finished.
query-57 is finished.
query-58 is finished.
query-59 is finished.
query-60 is finished.
query-61 is finished.
query-62 is finished.
query-63 is finished.
query-64 is finished.
query-65 is finished.
query-66 is finished.
query-67 is finished.
query-68 is finished.
query-69 is finished.
query-70 is finished.
query-71 is finished.
query-72 is finished.
query-73 is finished.
query-74 is finished.
query-75 is finished.
query-76 is finished.
query-77 is finished.
query-78 is finished.
query-79 is finished.
query-80 is finished.
query-81 is finished.
query-82 is finished.
query-83 is finished.
query-84 is finished.
query-85 is finished.
query-86 is finished.
query-87 is finished.
query-88 is finished.
query-89 is finished.
query-90 is finished.
query-91 is finished.
query-92 is finished.
query-93 is finished.
query-94 is finished.
query-95 is finished.
query-96 is finished.
query-97 is finished.
query-98 is finished.
query-99 is finished.
output file is written as: ../exp/spnum//BigMount.off-EAR-sp3.cln
clean [../exp/spnum//BigMount.off-EAR-sp3.log] finished
1440 4211 2772
Load A2A queries finished.
[Partition Tree] Current level radius is: 4134.49
[Partition Tree] Current level radius is: 2067.25
[Partition Tree] Current level radius is: 1033.62
[Partition Tree] Current level radius is: 516.811
[Partition Tree] Current level radius is: 258.406
[Partition Tree] Current level radius is: 129.203
[Partition Tree] Current level radius is: 64.6014
query-0 is finished.
query-1 is finished.
query-2 is finished.
query-3 is finished.
query-4 is finished.
query-5 is finished.
query-6 is finished.
query-7 is finished.
query-8 is finished.
query-9 is finished.
query-10 is finished.
query-11 is finished.
query-12 is finished.
query-13 is finished.
query-14 is finished.
query-15 is finished.
query-16 is finished.
query-17 is finished.
query-18 is finished.
query-19 is finished.
query-20 is finished.
query-21 is finished.
query-22 is finished.
query-23 is finished.
query-24 is finished.
query-25 is finished.
query-26 is finished.
query-27 is finished.
query-28 is finished.
query-29 is finished.
query-30 is finished.
query-31 is finished.
query-32 is finished.
query-33 is finished.
query-34 is finished.
query-35 is finished.
query-36 is finished.
query-37 is finished.
query-38 is finished.
query-39 is finished.
query-40 is finished.
query-41 is finished.
query-42 is finished.
query-43 is finished.
query-44 is finished.
query-45 is finished.
query-46 is finished.
query-47 is finished.
query-48 is finished.
query-49 is finished.
query-50 is finished.
query-51 is finished.
query-52 is finished.
query-53 is finished.
query-54 is finished.
query-55 is finished.
query-56 is finished.
query-57 is finished.
query-58 is finished.
query-59 is finished.
query-60 is finished.
query-61 is finished.
query-62 is finished.
query-63 is finished.
query-64 is finished.
query-65 is finished.
query-66 is finished.
query-67 is finished.
query-68 is finished.
query-69 is finished.
query-70 is finished.
query-71 is finished.
query-72 is finished.
query-73 is finished.
query-74 is finished.
query-75 is finished.
query-76 is finished.
query-77 is finished.
query-78 is finished.
query-79 is finished.
query-80 is finished.
query-81 is finished.
query-82 is finished.
query-83 is finished.
query-84 is finished.
query-85 is finished.
query-86 is finished.
query-87 is finished.
query-88 is finished.
query-89 is finished.
query-90 is finished.
query-91 is finished.
query-92 is finished.
query-93 is finished.
query-94 is finished.
query-95 is finished.
query-96 is finished.
query-97 is finished.
query-98 is finished.
query-99 is finished.
output file is written as: ../exp/spnum//BigMount.off-EAR-sp4.cln
clean [../exp/spnum//BigMount.off-EAR-sp4.log] finished
1440 4211 2772
Load A2A queries finished.
[Partition Tree] Current level radius is: 3795.88
[Partition Tree] Current level radius is: 1897.94
[Partition Tree] Current level radius is: 948.971
[Partition Tree] Current level radius is: 474.485
[Partition Tree] Current level radius is: 237.243
[Partition Tree] Current level radius is: 118.621
[Partition Tree] Current level radius is: 59.3107
query-0 is finished.
query-1 is finished.
query-2 is finished.
query-3 is finished.
query-4 is finished.
query-5 is finished.
query-6 is finished.
query-7 is finished.
query-8 is finished.
query-9 is finished.
query-10 is finished.
query-11 is finished.
query-12 is finished.
query-13 is finished.
query-14 is finished.
query-15 is finished.
query-16 is finished.
query-17 is finished.
query-18 is finished.
query-19 is finished.
query-20 is finished.
query-21 is finished.
query-22 is finished.
query-23 is finished.
query-24 is finished.
query-25 is finished.
query-26 is finished.
query-27 is finished.
query-28 is finished.
query-29 is finished.
query-30 is finished.
query-31 is finished.
query-32 is finished.
query-33 is finished.
query-34 is finished.
query-35 is finished.
query-36 is finished.
query-37 is finished.
query-38 is finished.
query-39 is finished.
query-40 is finished.
query-41 is finished.
query-42 is finished.
query-43 is finished.
query-44 is finished.
query-45 is finished.
query-46 is finished.
query-47 is finished.
query-48 is finished.
query-49 is finished.
query-50 is finished.
query-51 is finished.
query-52 is finished.
query-53 is finished.
query-54 is finished.
query-55 is finished.
query-56 is finished.
query-57 is finished.
query-58 is finished.
query-59 is finished.
query-60 is finished.
query-61 is finished.
query-62 is finished.
query-63 is finished.
query-64 is finished.
query-65 is finished.
query-66 is finished.
query-67 is finished.
query-68 is finished.
query-69 is finished.
query-70 is finished.
query-71 is finished.
query-72 is finished.
query-73 is finished.
query-74 is finished.
query-75 is finished.
query-76 is finished.
query-77 is finished.
query-78 is finished.
query-79 is finished.
query-80 is finished.
query-81 is finished.
query-82 is finished.
query-83 is finished.
query-84 is finished.
query-85 is finished.
query-86 is finished.
query-87 is finished.
query-88 is finished.
query-89 is finished.
query-90 is finished.
query-91 is finished.
query-92 is finished.
query-93 is finished.
query-94 is finished.
query-95 is finished.
query-96 is finished.
query-97 is finished.
query-98 is finished.
query-99 is finished.
output file is written as: ../exp/spnum//BigMount.off-EAR-sp5.cln
clean [../exp/spnum//BigMount.off-EAR-sp5.log] finished
1440 4211 2772
Load A2A queries finished.
[Partition Tree] Current level radius is: 3740.29
[Partition Tree] Current level radius is: 1870.14
[Partition Tree] Current level radius is: 935.072
[Partition Tree] Current level radius is: 467.536
[Partition Tree] Current level radius is: 233.768
[Partition Tree] Current level radius is: 116.884
[Partition Tree] Current level radius is: 58.442
query-0 is finished.
query-1 is finished.
query-2 is finished.
query-3 is finished.
query-4 is finished.
query-5 is finished.
query-6 is finished.
query-7 is finished.
query-8 is finished.
query-9 is finished.
query-10 is finished.
query-11 is finished.
query-12 is finished.
query-13 is finished.
query-14 is finished.
query-15 is finished.
query-16 is finished.
query-17 is finished.
query-18 is finished.
query-19 is finished.
query-20 is finished.
query-21 is finished.
query-22 is finished.
query-23 is finished.
query-24 is finished.
query-25 is finished.
query-26 is finished.
query-27 is finished.
query-28 is finished.
query-29 is finished.
query-30 is finished.
query-31 is finished.
query-32 is finished.
query-33 is finished.
query-34 is finished.
query-35 is finished.
query-36 is finished.
query-37 is finished.
query-38 is finished.
query-39 is finished.
query-40 is finished.
query-41 is finished.
query-42 is finished.
query-43 is finished.
query-44 is finished.
query-45 is finished.
query-46 is finished.
query-47 is finished.
query-48 is finished.
query-49 is finished.
query-50 is finished.
query-51 is finished.
query-52 is finished.
query-53 is finished.
query-54 is finished.
query-55 is finished.
query-56 is finished.
query-57 is finished.
query-58 is finished.
query-59 is finished.
query-60 is finished.
query-61 is finished.
query-62 is finished.
query-63 is finished.
query-64 is finished.
query-65 is finished.
query-66 is finished.
query-67 is finished.
query-68 is finished.
query-69 is finished.
query-70 is finished.
query-71 is finished.
query-72 is finished.
query-73 is finished.
query-74 is finished.
query-75 is finished.
query-76 is finished.
query-77 is finished.
query-78 is finished.
query-79 is finished.
query-80 is finished.
query-81 is finished.
query-82 is finished.
query-83 is finished.
query-84 is finished.
query-85 is finished.
query-86 is finished.
query-87 is finished.
query-88 is finished.
query-89 is finished.
query-90 is finished.
query-91 is finished.
query-92 is finished.
query-93 is finished.
query-94 is finished.
query-95 is finished.
query-96 is finished.
query-97 is finished.
query-98 is finished.
query-99 is finished.
output file is written as: ../exp/spnum//BigMount.off-EAR-sp6.cln
clean [../exp/spnum//BigMount.off-EAR-sp6.log] finished
1440 4211 2772
Load A2A queries finished.
[Partition Tree] Current level radius is: 3566.9
[Partition Tree] Current level radius is: 1783.45
[Partition Tree] Current level radius is: 891.724
[Partition Tree] Current level radius is: 445.862
[Partition Tree] Current level radius is: 222.931
[Partition Tree] Current level radius is: 111.466
[Partition Tree] Current level radius is: 55.7328
query-0 is finished.
query-1 is finished.
query-2 is finished.
query-3 is finished.
query-4 is finished.
query-5 is finished.
query-6 is finished.
query-7 is finished.
query-8 is finished.
query-9 is finished.
query-10 is finished.
query-11 is finished.
query-12 is finished.
query-13 is finished.
query-14 is finished.
query-15 is finished.
query-16 is finished.
query-17 is finished.
query-18 is finished.
query-19 is finished.
query-20 is finished.
query-21 is finished.
query-22 is finished.
query-23 is finished.
query-24 is finished.
query-25 is finished.
query-26 is finished.
query-27 is finished.
query-28 is finished.
query-29 is finished.
query-30 is finished.
query-31 is finished.
query-32 is finished.
query-33 is finished.
query-34 is finished.
query-35 is finished.
query-36 is finished.
query-37 is finished.
query-38 is finished.
query-39 is finished.
query-40 is finished.
query-41 is finished.
query-42 is finished.
query-43 is finished.
query-44 is finished.
query-45 is finished.
query-46 is finished.
query-47 is finished.
query-48 is finished.
query-49 is finished.
query-50 is finished.
query-51 is finished.
query-52 is finished.
query-53 is finished.
query-54 is finished.
query-55 is finished.
query-56 is finished.
query-57 is finished.
query-58 is finished.
query-59 is finished.
query-60 is finished.
query-61 is finished.
query-62 is finished.
query-63 is finished.
query-64 is finished.
query-65 is finished.
query-66 is finished.
query-67 is finished.
query-68 is finished.
query-69 is finished.
query-70 is finished.
query-71 is finished.
query-72 is finished.
query-73 is finished.
query-74 is finished.
query-75 is finished.
query-76 is finished.
query-77 is finished.
query-78 is finished.
query-79 is finished.
query-80 is finished.
query-81 is finished.
query-82 is finished.
query-83 is finished.
query-84 is finished.
query-85 is finished.
query-86 is finished.
query-87 is finished.
query-88 is finished.
query-89 is finished.
query-90 is finished.
query-91 is finished.
query-92 is finished.
query-93 is finished.
query-94 is finished.
query-95 is finished.
query-96 is finished.
query-97 is finished.
query-98 is finished.
query-99 is finished.
output file is written as: ../exp/spnum//BigMount.off-EAR-sp7.cln
clean [../exp/spnum//BigMount.off-EAR-sp7.log] finished
Steiner points number only influences [FixedS, SE-Oracle and EAR-Oracle]. Experiment for  UnfixedS  is skipped.
Steiner points number only influences [FixedS, SE-Oracle and EAR-Oracle]. Experiment for  KAlgo  is skipped.
Steiner points number only influences [FixedS, SE-Oracle and EAR-Oracle]. Experiment for  MMP  is skipped.
