1440 4211 2772
100 A2A queries generate finished.
face weight generate finished.
1440 4211 2772
100 A2A queries generate finished.
face weight generate finished.
2470 7240 4771
100 A2A queries generate finished.
face weight generate finished.
2470 7240 4771
100 A2A queries generate finished.
face weight generate finished.
793 2280 1488
100 A2A queries generate finished.
face weight generate finished.
793 2280 1488
100 A2A queries generate finished.
face weight generate finished.
3696 10895 7200
100 A2A queries generate finished.
face weight generate finished.
3696 10895 7200
100 A2A queries generate finished.
face weight generate finished.
1440 4211 2772
100 A2A queries generate finished.
face weight generate finished.
1440 4211 2772
100 A2A queries generate finished.
face weight generate finished.
2470 7240 4771
100 A2A queries generate finished.
face weight generate finished.
2470 7240 4771
100 A2A queries generate finished.
face weight generate finished.
793 2280 1488
100 A2A queries generate finished.
face weight generate finished.
793 2280 1488
100 A2A queries generate finished.
face weight generate finished.
3696 10895 7200
100 A2A queries generate finished.
face weight generate finished.
3696 10895 7200
100 A2A queries generate finished.
face weight generate finished.
1440 4211 2772
Load A2A queries finished.
output file is written as: ../exp/epsilon//BigMount.off-FixedS-eps005.cln
clean [../exp/epsilon//BigMount.off-FixedS-eps005.log] finished
1440 4211 2772
Load A2A queries finished.
output file is written as: ../exp/epsilon//BigMount.off-FixedS-eps010.cln
clean [../exp/epsilon//BigMount.off-FixedS-eps010.log] finished
1440 4211 2772
Load A2A queries finished.
output file is written as: ../exp/epsilon//BigMount.off-FixedS-eps015.cln
clean [../exp/epsilon//BigMount.off-FixedS-eps015.log] finished
1440 4211 2772
Load A2A queries finished.
output file is written as: ../exp/epsilon//BigMount.off-FixedS-eps020.cln
clean [../exp/epsilon//BigMount.off-FixedS-eps020.log] finished
1440 4211 2772
Load A2A queries finished.
output file is written as: ../exp/epsilon//BigMount.off-FixedS-eps025.cln
clean [../exp/epsilon//BigMount.off-FixedS-eps025.log] finished
1440 4211 2772
Load A2A queries finished.
output file is written as: ../exp/epsilon//BigMount.off-UnfixedS-eps005.cln
clean [../exp/epsilon//BigMount.off-UnfixedS-eps005.log] finished
1440 4211 2772
Load A2A queries finished.
1440 4211 2772
Load A2A queries finished.
1440 4211 2772
Load A2A queries finished.
1440 4211 2772
Load A2A queries finished.
1440 4211 2772
Load A2A queries finished.
eps = 0.05, K = 21
1440 4211 2772
Load A2A queries finished.
eps = 0.10, K = 11
1440 4211 2772
Load A2A queries finished.
eps = 0.15, K = 8
1440 4211 2772
Load A2A queries finished.
eps = 0.20, K = 6
1440 4211 2772
Load A2A queries finished.
eps = 0.25, K = 5
1440 4211 2772
Load A2A queries finished.
1440 4211 2772
Load A2A queries finished.
1440 4211 2772
Load A2A queries finished.
1440 4211 2772
Load A2A queries finished.
1440 4211 2772
Load A2A queries finished.
1440 4211 2772
Load A2A queries finished.
1440 4211 2772
Load A2A queries finished.
1440 4211 2772
Load A2A queries finished.
1440 4211 2772
Load A2A queries finished.
1440 4211 2772
Load A2A queries finished.
1440 4211 2772
Load A2A queries finished.
1440 4211 2772
Load A2A queries finished.
1440 4211 2772
Load A2A queries finished.
1440 4211 2772
Load A2A queries finished.
1440 4211 2772
Load A2A queries finished.
default query generate finished
weighted query generate finished
