1440 4211 2772
Load A2A queries finished.
output file is written as: ../exp/weighted//BigMount.off-FixedS-weighted.cln
clean [../exp/weighted//BigMount.off-FixedS-weighted.log] finished
2470 7240 4771
Load A2A queries finished.
output file is written as: ../exp/weighted//HeadlightMount.off-FixedS-weighted.cln
clean [../exp/weighted//HeadlightMount.off-FixedS-weighted.log] finished
793 2280 1488
Load A2A queries finished.
output file is written as: ../exp/weighted//HorseMount.off-FixedS-weighted.cln
clean [../exp/weighted//HorseMount.off-FixedS-weighted.log] finished
3696 10895 7200
Load A2A queries finished.
output file is written as: ../exp/weighted//RobinsonMountain.off-FixedS-weighted.cln
clean [../exp/weighted//RobinsonMountain.off-FixedS-weighted.log] finished
1440 4211 2772
Load A2A queries finished.
1440 4211 2772
Load A2A queries finished.
eps = 0.20, K = 6
1440 4211 2772
Load A2A queries finished.
1440 4211 2772
Load A2A queries finished.
