Load A2A queries finished.
Load face weight finished.
100 random queries, inner ratio = 0.000, inter ratio = 1.000
Run Algorithm 4: EAR-oracle
base graph |V| = 3140721
quad tree level = 2
Leaf maximum side length: 36781.000
V = 100511 | EAR-Leaf = 4131
maximum leaf node boundary vertices = 719
level 1 has 4 nodes
max cover set size: 2378 min cover set size: 24
level 2 has 12 nodes
max cover set size: 1184 min cover set size: 1
level 3 has 34 nodes
max cover set size: 344 min cover set size: 4
level 4 has 66 nodes
max cover set size: 185 min cover set size: 1
level 5 has 143 nodes
max cover set size: 101 min cover set size: 1
level 6 has 295 nodes
max cover set size: 47 min cover set size: 1
level 7 has 623 nodes
max cover set size: 18 min cover set size: 1
level 8 has 1553 nodes
max cover set size: 8 min cover set size: 1
level 9 has 3420 nodes
max cover set size: 3 min cover set size: 1
level 10 has 4115 nodes
max cover set size: 2 min cover set size: 1
level 11 has 4131 nodes
max cover set size: 1 min cover set size: 1
[Partition Tree] totally 14397 nodes 
Node pair set size: 418035
Node pair percentage: 0.00
[Index Time] EAR-oracle: 16886520.000000 ms
Index memory usage: 227314 MB
Breakdown_construction: 5781085.000000 ms
Breakdown_dijkstra: 4064.000000 ms
Query results begin: 
75168.078125 74518.000000
85531.390625 38487.000000
138168.468750 32314.000000
47724.906250 16821.000000
68903.789062 26131.000000
75113.593750 31956.000000
34211.066406 23241.000000
26684.419922 15364.000000
80438.820312 38314.000000
121677.515625 40652.000000
63063.273438 31950.000000
55193.437500 42777.000000
25081.234375 544214.000000
43715.031250 28264.000000
79324.281250 33447.000000
44214.109375 26726.000000
30935.777344 792692.000000
53666.804688 26113.000000
30043.855469 17528.000000
108435.976562 37183.000000
67602.656250 40274.000000
22059.693359 32685.000000
58721.652344 32761.000000
75537.859375 49938.000000
21095.376953 368781.000000
17044.302734 209081.000000
130989.132812 44513.000000
62853.820312 38491.000000
72991.031250 41150.000000
58289.636719 25950.000000
33433.281250 28291.000000
14057.887695 77794.000000
29039.755859 29598.000000
122368.718750 44280.000000
79973.101562 27089.000000
42996.144531 32215.000000
71676.078125 39190.000000
50361.121094 17136.000000
130430.382812 34236.000000
7674.220215 66550.000000
26956.623047 319721.000000
78343.125000 28681.000000
89331.476562 39795.000000
47782.710938 30330.000000
92380.625000 40384.000000
58671.941406 43550.000000
111089.921875 33094.000000
58631.187500 34296.000000
78420.726562 40914.000000
47486.355469 22252.000000
23884.859375 13357.000000
116185.046875 36076.000000
79535.507812 36159.000000
65901.351562 43784.000000
114154.812500 37807.000000
89126.750000 38642.000000
100629.875000 33320.000000
24245.664062 14276.000000
145114.703125 34612.000000
68873.812500 30680.000000
100746.750000 42691.000000
48053.460938 13799.000000
28851.648438 17174.000000
24555.093750 467950.000000
71256.796875 53669.000000
26922.152344 13550.000000
33876.996094 16035.000000
61777.187500 23343.000000
98728.562500 31001.000000
80210.734375 35518.000000
38953.820312 29466.000000
40442.839844 34074.000000
83478.359375 36641.000000
58926.925781 17244.000000
11559.481445 98375.000000
58138.324219 20567.000000
119578.398438 41488.000000
107479.515625 34367.000000
68354.937500 22040.000000
74324.554688 35977.000000
37450.273438 20084.000000
51659.531250 41473.000000
87935.875000 33918.000000
50735.757812 34166.000000
68545.937500 25409.000000
469.209961 3167.000000
157210.140625 38846.000000
74829.414062 29114.000000
126073.351562 23246.000000
26076.947266 27008.000000
116756.992188 49482.000000
129311.445312 30767.000000
47824.406250 11003.000000
50138.464844 31841.000000
90340.750000 31360.000000
14993.128906 11019.000000
41671.570312 36362.000000
39579.132812 34641.000000
78763.609375 26411.000000
38949.851562 10438.000000
Query results end.
