Load A2A queries finished.
Load face weight finished.
100 random queries, inner ratio = 0.000, inter ratio = 1.000
Run Algorithm 4: EAR-oracle
base graph |V| = 3140721
quad tree level = 4
Leaf maximum side length: 9195.000
V = 100511 | EAR-Leaf = 19928
maximum leaf node boundary vertices = 207
level 1 has 4 nodes
max cover set size: 10271 min cover set size: 1129
level 2 has 15 nodes
max cover set size: 3712 min cover set size: 4
level 3 has 52 nodes
max cover set size: 1037 min cover set size: 4
level 4 has 201 nodes
max cover set size: 299 min cover set size: 1
level 5 has 600 nodes
max cover set size: 95 min cover set size: 1
level 6 has 1399 nodes
max cover set size: 49 min cover set size: 1
level 7 has 3310 nodes
max cover set size: 22 min cover set size: 1
level 8 has 8506 nodes
max cover set size: 8 min cover set size: 1
level 9 has 17581 nodes
max cover set size: 4 min cover set size: 1
level 10 has 19862 nodes
max cover set size: 2 min cover set size: 1
level 11 has 19928 nodes
max cover set size: 1 min cover set size: 1
[Partition Tree] totally 71459 nodes 
Node pair set size: 4788061
Node pair percentage: 0.00
[Index Time] EAR-oracle: 21982304.000000 ms
Index memory usage: 93563 MB
Breakdown_construction: 24154092.000000 ms
Breakdown_dijkstra: 23703.000000 ms
Query results begin: 
75182.421875 605029.000000
85479.273438 447455.000000
138066.843750 420611.000000
47813.421875 104996.000000
68823.695312 361934.000000
74965.617188 263665.000000
34027.148438 105793.000000
26685.171875 45698.000000
80394.757812 229874.000000
121475.773438 425086.000000
63051.906250 375396.000000
54982.781250 318301.000000
25108.275391 51397.000000
43684.679688 203318.000000
79152.125000 254906.000000
44177.640625 143314.000000
30964.871094 99807.000000
53661.578125 213347.000000
30042.523438 68609.000000
108389.054688 401726.000000
67572.476562 214439.000000
22061.388672 52707.000000
58524.000000 143696.000000
75375.953125 411415.000000
21079.566406 30843.000000
17040.029297 29902.000000
130822.875000 432274.000000
62700.632812 361201.000000
72861.703125 359813.000000
58284.378906 128008.000000
33260.007812 81541.000000
14054.352539 11791.000000
29044.941406 78575.000000
121909.132812 492594.000000
79772.164062 236544.000000
42530.597656 193998.000000
71635.117188 414753.000000
50394.203125 114175.000000
130331.125000 479202.000000
7674.496094 7637.000000
26950.146484 37307.000000
78018.875000 332466.000000
89303.984375 293004.000000
47779.070312 137430.000000
92354.835938 347392.000000
58586.695312 338906.000000
110893.140625 341950.000000
58419.328125 323329.000000
78404.203125 408342.000000
47490.261719 191712.000000
23964.937500 29032.000000
116098.914062 466944.000000
79514.585938 339013.000000
65739.234375 366806.000000
114126.382812 481965.000000
89111.804688 448358.000000
100556.726562 323098.000000
24284.716797 58575.000000
145071.203125 418241.000000
68932.531250 193366.000000
100704.593750 463752.000000
48045.703125 77250.000000
28851.003906 63065.000000
24542.554688 42073.000000
71120.445312 460051.000000
26954.968750 48082.000000
33873.378906 93634.000000
61768.617188 273813.000000
98635.750000 344740.000000
80398.984375 281930.000000
38947.050781 73071.000000
40440.707031 144319.000000
83499.250000 305298.000000
58924.617188 179310.000000
11558.039062 14237.000000
58117.410156 177320.000000
119141.593750 410964.000000
107275.140625 370728.000000
68341.984375 162599.000000
74318.218750 361645.000000
37457.386719 138495.000000
51628.570312 279848.000000
87780.515625 285125.000000
50732.824219 222588.000000
67975.078125 121093.000000
469.209961 12967.000000
157022.046875 471902.000000
74763.554688 429498.000000
125911.601562 415376.000000
26076.937500 71552.000000
116333.585938 451033.000000
129257.992188 390061.000000
47873.050781 79248.000000
50142.128906 113022.000000
90086.507812 287121.000000
14992.679688 16633.000000
41608.667969 152511.000000
39572.070312 161779.000000
78602.500000 392857.000000
38951.453125 44602.000000
Query results end.
