Load A2A queries finished.
Load face weight finished.
100 random queries, inner ratio = 0.000, inter ratio = 1.000
Run Algorithm 4: EAR-oracle
base graph |V| = 3140721
quad tree level = 3
Leaf maximum side length: 18391.000
V = 100511 | EAR-Leaf = 9494
maximum leaf node boundary vertices = 388
level 1 has 5 nodes
max cover set size: 5738 min cover set size: 6
level 2 has 15 nodes
max cover set size: 1834 min cover set size: 40
level 3 has 54 nodes
max cover set size: 463 min cover set size: 1
level 4 has 153 nodes
max cover set size: 169 min cover set size: 1
level 5 has 352 nodes
max cover set size: 81 min cover set size: 1
level 6 has 747 nodes
max cover set size: 39 min cover set size: 1
level 7 has 1711 nodes
max cover set size: 18 min cover set size: 1
level 8 has 4338 nodes
max cover set size: 8 min cover set size: 1
level 9 has 8603 nodes
max cover set size: 3 min cover set size: 1
level 10 has 9472 nodes
max cover set size: 2 min cover set size: 1
level 11 has 9494 nodes
max cover set size: 1 min cover set size: 1
[Partition Tree] totally 34945 nodes 
Node pair set size: 1363284
Node pair percentage: 0.00
[Index Time] EAR-oracle: 16704150.000000 ms
Index memory usage: 145147 MB
Breakdown_construction: 7042561.000000 ms
Breakdown_dijkstra: 5783.000000 ms
Query results begin: 
75188.273438 163754.000000
85517.281250 109511.000000
138033.390625 100631.000000
47943.085938 23169.000000
68992.968750 89694.000000
74976.656250 79167.000000
34189.925781 39041.000000
26684.417969 24209.000000
80406.960938 62750.000000
121604.578125 122490.000000
63111.699219 96309.000000
55129.523438 89164.000000
25078.703125 26261.000000
43703.781250 62160.000000
79193.164062 68816.000000
44177.800781 48118.000000
30934.515625 34617.000000
53667.742188 59519.000000
30048.939453 30528.000000
108404.687500 99087.000000
67642.796875 61471.000000
22059.695312 25344.000000
58659.777344 41785.000000
75416.062500 117988.000000
21081.037109 15703.000000
17044.302734 229579.000000
130976.367188 110465.000000
62728.988281 92516.000000
73013.375000 94258.000000
58400.851562 44943.000000
33262.988281 29467.000000
14054.352539 14304.000000
29039.755859 33111.000000
122122.968750 117846.000000
79785.445312 75133.000000
42559.687500 58424.000000
71681.593750 106778.000000
50406.683594 41314.000000
130462.859375 112378.000000
7674.220215 64648.000000
26951.830078 22592.000000
78011.625000 85418.000000
89292.078125 79023.000000
47936.324219 45266.000000
92422.187500 99288.000000
58760.800781 85726.000000
110899.000000 87467.000000
58453.574219 87863.000000
78524.460938 100778.000000
47592.585938 58108.000000
23884.859375 25513.000000
116133.562500 112998.000000
79612.414062 82531.000000
65874.343750 97366.000000
114294.664062 108269.000000
89194.867188 115918.000000
100646.187500 78088.000000
24245.664062 24398.000000
145112.734375 112197.000000
68990.843750 53444.000000
100751.085938 111000.000000
48245.363281 28493.000000
28956.826172 25570.000000
24577.390625 29740.000000
71211.226562 113433.000000
26921.009766 24952.000000
33876.992188 35214.000000
61772.683594 76268.000000
98663.585938 88397.000000
80246.804688 71042.000000
39028.851562 26384.000000
40460.656250 53108.000000
83564.117188 73042.000000
58960.601562 49499.000000
11559.481445 168520.000000
58161.132812 44401.000000
119192.921875 97728.000000
107380.468750 95080.000000
68461.273438 48746.000000
74321.257812 86238.000000
37480.023438 41836.000000
51588.246094 71135.000000
87892.328125 76761.000000
50733.347656 63072.000000
68086.945312 36332.000000
469.209961 3212.000000
157202.343750 118327.000000
74976.914062 108515.000000
125894.734375 106818.000000
26115.873047 25437.000000
116582.250000 110585.000000
129342.984375 101467.000000
48112.617188 19994.000000
50212.363281 38310.000000
90191.773438 73914.000000
14993.128906 12399.000000
41680.769531 55646.000000
39575.242188 46579.000000
78608.937500 93628.000000
38975.921875 18821.000000
Query results end.
