Load A2A queries finished.
Load face weight finished.
100 random queries, inner ratio = 0.000, inter ratio = 1.000
Run Algorithm 4: EAR-oracle
base graph |V| = 3140721
quad tree level = 6
Leaf maximum side length: 2299.000
V = 100511 | EAR-Leaf = 68752
maximum leaf node boundary vertices = 63
level 1 has 9 nodes
max cover set size: 30683 min cover set size: 29
level 2 has 25 nodes
max cover set size: 7563 min cover set size: 1
level 3 has 90 nodes
max cover set size: 2065 min cover set size: 4
level 4 has 336 nodes
max cover set size: 546 min cover set size: 1
level 5 has 1262 nodes
max cover set size: 152 min cover set size: 1
level 6 has 4659 nodes
max cover set size: 43 min cover set size: 1
level 7 has 14185 nodes
max cover set size: 17 min cover set size: 1
level 8 has 38237 nodes
max cover set size: 8 min cover set size: 1
level 9 has 65765 nodes
max cover set size: 4 min cover set size: 1
level 10 has 68686 nodes
max cover set size: 2 min cover set size: 1
level 11 has 68747 nodes
max cover set size: 2 min cover set size: 1
level 12 has 68752 nodes
max cover set size: 1 min cover set size: 1
[Partition Tree] totally 330754 nodes 
Node pair set size: 43556655
Node pair percentage: 0.00
[Index Time] EAR-oracle: 45922492.000000 ms
Index memory usage: 76551 MB
Breakdown_construction: 254780832.000000 ms
Breakdown_dijkstra: 254924.000000 ms
Query results begin: 
75131.929688 4122724.000000
85399.289062 4543241.000000
137914.265625 4679627.000000
47701.082031 1147231.000000
68773.609375 3752731.000000
74933.179688 2886911.000000
33991.683594 1131287.000000
26671.828125 480133.000000
80359.960938 2455963.000000
121435.492188 4794290.000000
62986.152344 3781949.000000
54950.957031 3107535.000000
25076.359375 576721.000000
43664.144531 1991567.000000
79126.476562 2909244.000000
44170.699219 1526676.000000
30915.076172 982991.000000
53642.718750 2044373.000000
30032.310547 717536.000000
108322.796875 4515758.000000
67540.507812 2392719.000000
22054.109375 514176.000000
58512.609375 1583354.000000
75327.390625 4224625.000000
21083.601562 334294.000000
17037.410156 289190.000000
130748.562500 4629764.000000
62678.945312 3610829.000000
72817.687500 3781165.000000
58225.843750 1380094.000000
33250.949219 850087.000000
14054.205078 58753.000000
29028.904297 822922.000000
121840.578125 5354867.000000
79742.656250 2729830.000000
42518.941406 1870086.000000
71615.406250 4247615.000000
50338.355469 1321584.000000
130184.367188 5362206.000000
7671.027344 35605.000000
26939.708984 434933.000000
77923.632812 3453174.000000
89206.093750 3279847.000000
47762.902344 1520333.000000
92323.507812 3749565.000000
58568.910156 3371505.000000
110850.234375 3759429.000000
58402.609375 3367040.000000
78370.765625 4176024.000000
47453.445312 1948401.000000
23864.707031 306898.000000
116046.953125 5167285.000000
79453.851562 3582166.000000
65663.125000 3709928.000000
114066.296875 5140100.000000
89064.351562 4802494.000000
100437.718750 3508908.000000
24241.521484 595648.000000
145010.718750 4648723.000000
68840.375000 2124820.000000
100621.757812 4866992.000000
48036.285156 947740.000000
28838.728516 693275.000000
24535.402344 498039.000000
71043.328125 4566121.000000
26909.343750 539869.000000
33863.695312 1054791.000000
61735.464844 2810180.000000
98611.664062 3791037.000000
80146.601562 3002743.000000
38928.027344 753283.000000
40431.968750 1484180.000000
83444.031250 3165474.000000
58892.832031 1961644.000000
11551.353516 121148.000000
58095.792969 1902319.000000
119090.460938 4431031.000000
107104.617188 3969659.000000
68320.882812 1913499.000000
74294.445312 3553969.000000
37438.625000 1443697.000000
51572.476562 2782870.000000
87707.648438 3263188.000000
50726.808594 2280390.000000
67885.750000 1469319.000000
469.209961 13122.000000
156962.500000 5298566.000000
74650.546875 4400945.000000
125785.242188 4729948.000000
26044.962891 660725.000000
116264.257812 4932888.000000
129210.757812 4216409.000000
47795.429688 836252.000000
50127.902344 1297694.000000
90029.867188 3136294.000000
14990.933594 171199.000000
41561.000000 1619884.000000
39564.929688 1591535.000000
78525.937500 4132484.000000
38937.449219 541875.000000
Query results end.
