Load A2A queries finished.
Load face weight finished.
100 random queries, inner ratio = 0.000, inter ratio = 1.000
Run Algorithm 4: EAR-oracle
base graph |V| = 3140721
quad tree level = 5
Leaf maximum side length: 4597.000
V = 100511 | EAR-Leaf = 38547
maximum leaf node boundary vertices = 110
level 1 has 6 nodes
max cover set size: 21069 min cover set size: 1255
level 2 has 19 nodes
max cover set size: 5695 min cover set size: 11
level 3 has 71 nodes
max cover set size: 1488 min cover set size: 2
level 4 has 261 nodes
max cover set size: 412 min cover set size: 1
level 5 has 973 nodes
max cover set size: 107 min cover set size: 1
level 6 has 2877 nodes
max cover set size: 40 min cover set size: 1
level 7 has 7445 nodes
max cover set size: 17 min cover set size: 1
level 8 has 19321 nodes
max cover set size: 8 min cover set size: 1
level 9 has 35818 nodes
max cover set size: 4 min cover set size: 1
level 10 has 38490 nodes
max cover set size: 2 min cover set size: 1
level 11 has 38545 nodes
max cover set size: 2 min cover set size: 1
level 12 has 38547 nodes
max cover set size: 1 min cover set size: 1
[Partition Tree] totally 182374 nodes 
Node pair set size: 16171171
Node pair percentage: 0.00
[Index Time] EAR-oracle: 33155714.000000 ms
Index memory usage: 71094 MB
Breakdown_construction: 90336056.000000 ms
Breakdown_dijkstra: 90267.000000 ms
Query results begin: 
75144.640625 1484205.000000
85419.531250 1633908.000000
137946.500000 1635572.000000
47708.726562 390874.000000
68805.734375 1356446.000000
74948.070312 1006006.000000
34011.078125 392359.000000
26678.091797 169838.000000
80380.648438 869006.000000
121460.828125 1663411.000000
62994.898438 1365990.000000
54961.421875 1139064.000000
25077.060547 200299.000000
43674.187500 719626.000000
79142.375000 1005584.000000
44172.281250 525849.000000
30919.181641 359440.000000
53646.851562 726856.000000
30037.505859 253225.000000
108345.687500 1585688.000000
67560.640625 828491.000000
22054.130859 180024.000000
58518.964844 538120.000000
75334.015625 1528861.000000
21079.406250 106031.000000
17039.808594 98639.000000
130774.000000 1629002.000000
62694.429688 1324044.000000
72825.507812 1351349.000000
58236.054688 473855.000000
33256.652344 292100.000000
14054.352539 22917.000000
29031.955078 282870.000000
121865.429688 1888360.000000
79751.234375 959903.000000
42524.945312 685259.000000
71623.687500 1542544.000000
50345.015625 457538.000000
130202.671875 1883963.000000
7673.753418 11715.000000
26942.261719 148133.000000
77931.562500 1237209.000000
89230.125000 1143758.000000
47771.441406 535901.000000
92337.320312 1323755.000000
58571.621094 1227370.000000
110868.132812 1317326.000000
58409.789062 1208865.000000
78374.156250 1513043.000000
47454.218750 710917.000000
23867.640625 102027.000000
116067.398438 1815630.000000
79471.101562 1277800.000000
65701.335938 1360761.000000
114086.062500 1807859.000000
89073.531250 1705719.000000
100462.789062 1252966.000000
24245.119141 207569.000000
145033.968750 1618180.000000
68851.156250 740286.000000
100642.453125 1739040.000000
48039.441406 325848.000000
28842.660156 235878.000000
24539.382812 171356.000000
71065.234375 1655178.000000
26911.435547 188840.000000
33866.144531 372762.000000
61775.597656 1020219.000000
98622.890625 1337266.000000
80168.742188 1067941.000000
38933.808594 255959.000000
40435.437500 529056.000000
83465.523438 1133648.000000
58897.718750 694796.000000
11557.379883 42768.000000
58110.253906 681160.000000
119112.226562 1576782.000000
107121.398438 1397252.000000
68327.304688 665198.000000
74300.968750 1269396.000000
37442.328125 521710.000000
51577.066406 1012121.000000
87767.515625 1142240.000000
50730.843750 819156.000000
67923.210938 488447.000000
469.209961 13363.000000
156991.937500 1846218.000000
74662.343750 1591366.000000
125804.640625 1647428.000000
26049.710938 232023.000000
116284.859375 1749847.000000
129233.007812 1488513.000000
47808.250000 284181.000000
50132.957031 432803.000000
90048.312500 1110917.000000
14992.681641 59680.000000
41573.347656 564007.000000
39567.523438 566743.000000
78543.406250 1492047.000000
38939.398438 179259.000000
Query results end.
